[0.032s] Invoking command in '/home/kentaro/mid360-simulation/build/go2_config': CMAKE_PREFIX_PATH=${CMAKE_PREFIX_PATH}:/opt/ros/humble /usr/bin/cmake /home/kentaro/mid360-simulation/src/unitree-go2-ros2/robots/configs/go2_config -DAMENT_CMAKE_SYMLINK_INSTALL=1 -DCMAKE_INSTALL_PREFIX=/home/kentaro/mid360-simulation/install/go2_config
[1.118s] -- The C compiler identification is GNU 11.4.0
[1.119s] -- The CXX compiler identification is GNU 11.4.0
[1.119s] -- Detecting C compiler ABI info
[1.119s] -- Detecting C compiler ABI info - done
[1.119s] -- Check for working C compiler: /usr/bin/cc - skipped
[1.120s] -- Detecting C compile features
[1.120s] -- Detecting C compile features - done
[1.120s] -- Detecting CXX compiler ABI info
[1.120s] -- Detecting CXX compiler ABI info - done
[1.120s] -- Check for working CXX compiler: /usr/bin/c++ - skipped
[1.121s] -- Detecting CXX compile features
[1.121s] -- Detecting CXX compile features - done
[1.122s] -- Found ament_cmake: 1.3.12 (/opt/ros/humble/share/ament_cmake/cmake)
[1.122s] -- Found Python3: /usr/bin/python3 (found version "3.10.12") found components: Interpreter 
[1.122s] -- Override CMake install command with custom implementation using symlinks instead of copying resources
[1.122s] -- Configuring done
[1.122s] -- Generating done
[1.122s] -- Build files have been written to: /home/kentaro/mid360-simulation/build/go2_config
[1.129s] Invoked command in '/home/kentaro/mid360-simulation/build/go2_config' returned '0': CMAKE_PREFIX_PATH=${CMAKE_PREFIX_PATH}:/opt/ros/humble /usr/bin/cmake /home/kentaro/mid360-simulation/src/unitree-go2-ros2/robots/configs/go2_config -DAMENT_CMAKE_SYMLINK_INSTALL=1 -DCMAKE_INSTALL_PREFIX=/home/kentaro/mid360-simulation/install/go2_config
[1.130s] Invoking command in '/home/kentaro/mid360-simulation/build/go2_config': CMAKE_PREFIX_PATH=${CMAKE_PREFIX_PATH}:/opt/ros/humble /usr/bin/cmake --build /home/kentaro/mid360-simulation/build/go2_config -- -j8 -l8
[1.189s] Invoked command in '/home/kentaro/mid360-simulation/build/go2_config' returned '0': CMAKE_PREFIX_PATH=${CMAKE_PREFIX_PATH}:/opt/ros/humble /usr/bin/cmake --build /home/kentaro/mid360-simulation/build/go2_config -- -j8 -l8
[1.194s] Invoking command in '/home/kentaro/mid360-simulation/build/go2_config': CMAKE_PREFIX_PATH=${CMAKE_PREFIX_PATH}:/opt/ros/humble /usr/bin/cmake --install /home/kentaro/mid360-simulation/build/go2_config
[1.446s] -- Install configuration: ""
[1.446s] -- Execute custom install script
[1.446s] -- Symlinking: /home/kentaro/mid360-simulation/install/go2_config/share/go2_config/launch/bringup.launch.py
[1.446s] -- Symlinking: /home/kentaro/mid360-simulation/install/go2_config/share/go2_config/launch/gazebo.launch.py
[1.446s] -- Symlinking: /home/kentaro/mid360-simulation/install/go2_config/share/go2_config/launch/gazebo_velodyne.launch.py
[1.447s] -- Symlinking: /home/kentaro/mid360-simulation/install/go2_config/share/go2_config/launch/navigate.launch.py
[1.447s] -- Symlinking: /home/kentaro/mid360-simulation/install/go2_config/share/go2_config/launch/slam.launch.py
[1.447s] -- Symlinking: /home/kentaro/mid360-simulation/install/go2_config/share/go2_config/config/autonomy/navigation.yaml
[1.447s] -- Symlinking: /home/kentaro/mid360-simulation/install/go2_config/share/go2_config/config/autonomy/slam.yaml
[1.447s] -- Symlinking: /home/kentaro/mid360-simulation/install/go2_config/share/go2_config/config/gait/gait.yaml
[1.447s] -- Symlinking: /home/kentaro/mid360-simulation/install/go2_config/share/go2_config/config/joints/joints.yaml
[1.447s] -- Symlinking: /home/kentaro/mid360-simulation/install/go2_config/share/go2_config/config/links/links.yaml
[1.447s] -- Symlinking: /home/kentaro/mid360-simulation/install/go2_config/share/go2_config/config/ros_control/ros_control.yaml
[1.447s] -- Symlinking: /home/kentaro/mid360-simulation/install/go2_config/share/go2_config/maps/map.pgm
[1.454s] -- Symlinking: /home/kentaro/mid360-simulation/install/go2_config/share/go2_config/maps/map.yaml
[1.454s] -- Symlinking: /home/kentaro/mid360-simulation/install/go2_config/share/go2_config/maps/playground.pgm
[1.454s] -- Symlinking: /home/kentaro/mid360-simulation/install/go2_config/share/go2_config/maps/playground.yaml
[1.454s] -- Symlinking: /home/kentaro/mid360-simulation/install/go2_config/share/go2_config/worlds/default.world
[1.458s] -- Symlinking: /home/kentaro/mid360-simulation/install/go2_config/share/go2_config/worlds/outdoor.world
[1.473s] -- Symlinking: /home/kentaro/mid360-simulation/install/go2_config/share/go2_config/worlds/playground.world
[1.488s] -- Symlinking: /home/kentaro/mid360-simulation/install/go2_config/share/ament_index/resource_index/package_run_dependencies/go2_config
[1.497s] -- Symlinking: /home/kentaro/mid360-simulation/install/go2_config/share/ament_index/resource_index/parent_prefix_path/go2_config
[1.510s] -- Symlinking: /home/kentaro/mid360-simulation/install/go2_config/share/go2_config/environment/ament_prefix_path.sh
[1.523s] -- Symlinking: /home/kentaro/mid360-simulation/install/go2_config/share/go2_config/environment/ament_prefix_path.dsv
[1.534s] -- Symlinking: /home/kentaro/mid360-simulation/install/go2_config/share/go2_config/environment/path.sh
[1.545s] -- Symlinking: /home/kentaro/mid360-simulation/install/go2_config/share/go2_config/environment/path.dsv
[1.557s] -- Symlinking: /home/kentaro/mid360-simulation/install/go2_config/share/go2_config/local_setup.bash
[1.572s] -- Symlinking: /home/kentaro/mid360-simulation/install/go2_config/share/go2_config/local_setup.sh
[1.583s] -- Symlinking: /home/kentaro/mid360-simulation/install/go2_config/share/go2_config/local_setup.zsh
[1.597s] -- Symlinking: /home/kentaro/mid360-simulation/install/go2_config/share/go2_config/local_setup.dsv
[1.609s] -- Symlinking: /home/kentaro/mid360-simulation/install/go2_config/share/go2_config/package.dsv
[1.622s] -- Symlinking: /home/kentaro/mid360-simulation/install/go2_config/share/ament_index/resource_index/packages/go2_config
[1.635s] -- Symlinking: /home/kentaro/mid360-simulation/install/go2_config/share/go2_config/cmake/go2_configConfig.cmake
[1.647s] -- Symlinking: /home/kentaro/mid360-simulation/install/go2_config/share/go2_config/cmake/go2_configConfig-version.cmake
[1.660s] -- Symlinking: /home/kentaro/mid360-simulation/install/go2_config/share/go2_config/package.xml
[1.675s] Invoked command in '/home/kentaro/mid360-simulation/build/go2_config' returned '0': CMAKE_PREFIX_PATH=${CMAKE_PREFIX_PATH}:/opt/ros/humble /usr/bin/cmake --install /home/kentaro/mid360-simulation/build/go2_config
