-- Found ament_cmake: 1.3.12 (/opt/ros/humble/share/ament_cmake/cmake)
-- Override CMake install command with custom implementation using symlinks instead of copying resources
-- Found rclcpp: 16.0.15 (/opt/ros/humble/share/rclcpp/cmake)
-- Found rosidl_generator_c: 3.1.7 (/opt/ros/humble/share/rosidl_generator_c/cmake)
-- Found rosidl_adapter: 3.1.7 (/opt/ros/humble/share/rosidl_adapter/cmake)
-- Found rosidl_generator_cpp: 3.1.7 (/opt/ros/humble/share/rosidl_generator_cpp/cmake)
-- Using all available rosidl_typesupport_c: rosidl_typesupport_fastrtps_c;rosidl_typesupport_introspection_c
-- Using all available rosidl_typesupport_cpp: rosidl_typesupport_fastrtps_cpp;rosidl_typesupport_introspection_cpp
-- Found rmw_implementation_cmake: 6.1.2 (/opt/ros/humble/share/rmw_implementation_cmake/cmake)
-- Found rmw_fastrtps_cpp: 6.2.9 (/opt/ros/humble/share/rmw_fastrtps_cpp/cmake)
-- Using RMW implementation 'rmw_fastrtps_cpp' as default
-- Found urdf: 2.6.1 (/opt/ros/humble/share/urdf/cmake)
-- Found champ: 0.1.0 (/home/kentaro/mid360-simulation/install/champ/share/champ/cmake)
-- Found champ_msgs: 0.1.0 (/home/kentaro/mid360-simulation/install/champ_msgs/share/champ_msgs/cmake)
-- Found gazebo_ros2_control: 0.4.10 (/opt/ros/humble/share/gazebo_ros2_control/cmake)
-- Found DART: /usr/include (Required is at least version "6.6") found components: dart 
-- Found Protobuf: /usr/lib/x86_64-linux-gnu/libprotobuf.so (found version "3.12.4") 
-- Looking for ignition-math6 -- found version 6.15.1
-- Searching for dependencies of ignition-math6
-- Looking for OGRE...
-- Found Ogre Ghadamon (1.9.0)
-- Found OGRE: optimized;/usr/lib/x86_64-linux-gnu/libOgreMain.so;debug;/usr/lib/x86_64-linux-gnu/libOgreMain.so
-- Looking for OGRE_Paging...
-- Found OGRE_Paging: optimized;/usr/lib/x86_64-linux-gnu/libOgrePaging.so;debug;/usr/lib/x86_64-linux-gnu/libOgrePaging.so
-- Looking for OGRE_Terrain...
-- Found OGRE_Terrain: optimized;/usr/lib/x86_64-linux-gnu/libOgreTerrain.so;debug;/usr/lib/x86_64-linux-gnu/libOgreTerrain.so
-- Looking for OGRE_Property...
-- Found OGRE_Property: optimized;/usr/lib/x86_64-linux-gnu/libOgreProperty.so;debug;/usr/lib/x86_64-linux-gnu/libOgreProperty.so
-- Looking for OGRE_RTShaderSystem...
-- Found OGRE_RTShaderSystem: optimized;/usr/lib/x86_64-linux-gnu/libOgreRTShaderSystem.so;debug;/usr/lib/x86_64-linux-gnu/libOgreRTShaderSystem.so
-- Looking for OGRE_Volume...
-- Found OGRE_Volume: optimized;/usr/lib/x86_64-linux-gnu/libOgreVolume.so;debug;/usr/lib/x86_64-linux-gnu/libOgreVolume.so
-- Looking for OGRE_Overlay...
-- Found OGRE_Overlay: optimized;/usr/lib/x86_64-linux-gnu/libOgreOverlay.so;debug;/usr/lib/x86_64-linux-gnu/libOgreOverlay.so
-- Looking for ignition-math6 -- found version 6.15.1
-- Looking for ignition-transport8 -- found version 8.2.1
-- Searching for dependencies of ignition-transport8
-- Found Protobuf: /usr/lib/x86_64-linux-gnu/libprotobuf.so (found suitable version "3.12.4", minimum required is "3") 
-- Config-file not installed for ZeroMQ -- checking for pkg-config
-- Checking for module 'libzmq >= 4'
--   Found libzmq , version 4.3.4
-- Checking for module 'uuid'
--   Found uuid, version 2.37.2
-- Looking for ignition-msgs5 -- found version 5.8.1
-- Searching for dependencies of ignition-msgs5
-- Looking for ignition-math6 -- found version 6.15.1
-- Looking for ignition-msgs5 -- found version 5.8.1
-- Looking for ignition-common3 -- found version 3.14.0
-- Searching for dependencies of ignition-common3
-- Looking for dlfcn.h - found
-- Looking for libdl - found
-- Searching for <ignition-common3> component [graphics]
-- Looking for ignition-common3-graphics -- found version 3.14.0
-- Searching for dependencies of ignition-common3-graphics
-- Looking for ignition-math6 -- found version 6.15.1
-- Looking for ignition-fuel_tools4 -- found version 4.4.0
-- Searching for dependencies of ignition-fuel_tools4
-- Checking for module 'jsoncpp'
--   Found jsoncpp, version 1.9.5
-- Checking for module 'libzip'
--   Found libzip, version 1.7.3
-- Looking for ignition-common3 -- found version 3.14.0
-- Looking for ignition-math6 -- found version 6.15.1
-- Looking for ignition-msgs5 -- found version 5.8.1
-- Gazebo version: 11.10
-- Configuring done
-- Generating done
-- Build files have been written to: /home/kentaro/mid360-simulation/build/champ_gazebo
[35m[1mConsolidate compiler generated dependencies of target contact_sensor[0m
[100%] Built target contact_sensor
-- Install configuration: ""
-- Execute custom install script
-- Up-to-date symlink: /home/kentaro/mid360-simulation/install/champ_gazebo/bin/imu_sensor.py
-- Up-to-date symlink: /home/kentaro/mid360-simulation/install/champ_gazebo/bin/odometry_tf.py
-- Up-to-date symlink: /home/kentaro/mid360-simulation/install/champ_gazebo/bin/odometry.py
-- Up-to-date symlink: /home/kentaro/mid360-simulation/install/champ_gazebo/lib/champ_gazebo/contact_sensor
-- Up-to-date symlink: /home/kentaro/mid360-simulation/install/champ_gazebo/share/champ_gazebo/launch/gazebo.launch
-- Up-to-date symlink: /home/kentaro/mid360-simulation/install/champ_gazebo/share/champ_gazebo/launch/gazebo.launch.py
-- Up-to-date symlink: /home/kentaro/mid360-simulation/install/champ_gazebo/share/champ_gazebo/launch/spawn_robot.launch
-- Up-to-date symlink: /home/kentaro/mid360-simulation/install/champ_gazebo/share/champ_gazebo/launch/spawn_world.launch
-- Up-to-date symlink: /home/kentaro/mid360-simulation/install/champ_gazebo/share/champ_gazebo/config/gazebo.yaml
-- Up-to-date symlink: /home/kentaro/mid360-simulation/install/champ_gazebo/share/champ_gazebo/config/ros_control.yaml
-- Up-to-date symlink: /home/kentaro/mid360-simulation/install/champ_gazebo/share/champ_gazebo/worlds/default.world
-- Up-to-date symlink: /home/kentaro/mid360-simulation/install/champ_gazebo/share/champ_gazebo/worlds/outdoor.world
-- Up-to-date symlink: /home/kentaro/mid360-simulation/install/champ_gazebo/share/champ_gazebo/worlds/playground.world
-- Up-to-date symlink: /home/kentaro/mid360-simulation/install/champ_gazebo/share/ament_index/resource_index/package_run_dependencies/champ_gazebo
-- Up-to-date symlink: /home/kentaro/mid360-simulation/install/champ_gazebo/share/ament_index/resource_index/parent_prefix_path/champ_gazebo
-- Up-to-date symlink: /home/kentaro/mid360-simulation/install/champ_gazebo/share/champ_gazebo/environment/ament_prefix_path.sh
-- Up-to-date symlink: /home/kentaro/mid360-simulation/install/champ_gazebo/share/champ_gazebo/environment/ament_prefix_path.dsv
-- Up-to-date symlink: /home/kentaro/mid360-simulation/install/champ_gazebo/share/champ_gazebo/environment/path.sh
-- Up-to-date symlink: /home/kentaro/mid360-simulation/install/champ_gazebo/share/champ_gazebo/environment/path.dsv
-- Up-to-date symlink: /home/kentaro/mid360-simulation/install/champ_gazebo/share/champ_gazebo/local_setup.bash
-- Up-to-date symlink: /home/kentaro/mid360-simulation/install/champ_gazebo/share/champ_gazebo/local_setup.sh
-- Up-to-date symlink: /home/kentaro/mid360-simulation/install/champ_gazebo/share/champ_gazebo/local_setup.zsh
-- Up-to-date symlink: /home/kentaro/mid360-simulation/install/champ_gazebo/share/champ_gazebo/local_setup.dsv
-- Symlinking: /home/kentaro/mid360-simulation/install/champ_gazebo/share/champ_gazebo/package.dsv
-- Up-to-date symlink: /home/kentaro/mid360-simulation/install/champ_gazebo/share/ament_index/resource_index/packages/champ_gazebo
-- Up-to-date symlink: /home/kentaro/mid360-simulation/install/champ_gazebo/share/champ_gazebo/cmake/ament_cmake_export_include_directories-extras.cmake
-- Up-to-date symlink: /home/kentaro/mid360-simulation/install/champ_gazebo/share/champ_gazebo/cmake/ament_cmake_export_dependencies-extras.cmake
-- Up-to-date symlink: /home/kentaro/mid360-simulation/install/champ_gazebo/share/champ_gazebo/cmake/champ_gazeboConfig.cmake
-- Up-to-date symlink: /home/kentaro/mid360-simulation/install/champ_gazebo/share/champ_gazebo/cmake/champ_gazeboConfig-version.cmake
-- Up-to-date symlink: /home/kentaro/mid360-simulation/install/champ_gazebo/share/champ_gazebo/package.xml
