[0.012s] Invoking command in '/home/kentaro/mid360-simulation/build/champ_gazebo': AMENT_PREFIX_PATH=/home/kentaro/mid360-simulation/install/champ_msgs:/home/kentaro/mid360-simulation/install/champ:${AMENT_PREFIX_PATH} CMAKE_PREFIX_PATH=/home/kentaro/mid360-simulation/install/champ_msgs:/home/kentaro/mid360-simulation/install/champ:/opt/ros/humble LD_LIBRARY_PATH=/home/kentaro/mid360-simulation/install/champ_msgs/lib:${LD_LIBRARY_PATH} PYTHONPATH=/home/kentaro/mid360-simulation/install/champ_msgs/local/lib/python3.10/dist-packages:${PYTHONPATH} /usr/bin/cmake /home/kentaro/mid360-simulation/src/unitree-go2-ros2/champ/champ_gazebo -DAMENT_CMAKE_SYMLINK_INSTALL=1 -DCMAKE_INSTALL_PREFIX=/home/kentaro/mid360-simulation/install/champ_gazebo
[0.030s] -- Found ament_cmake: 1.3.12 (/opt/ros/humble/share/ament_cmake/cmake)
[0.158s] -- Override CMake install command with custom implementation using symlinks instead of copying resources
[0.168s] -- Found rclcpp: 16.0.15 (/opt/ros/humble/share/rclcpp/cmake)
[0.204s] -- Found rosidl_generator_c: 3.1.7 (/opt/ros/humble/share/rosidl_generator_c/cmake)
[0.207s] -- Found rosidl_adapter: 3.1.7 (/opt/ros/humble/share/rosidl_adapter/cmake)
[0.213s] -- Found rosidl_generator_cpp: 3.1.7 (/opt/ros/humble/share/rosidl_generator_cpp/cmake)
[0.225s] -- Using all available rosidl_typesupport_c: rosidl_typesupport_fastrtps_c;rosidl_typesupport_introspection_c
[0.238s] -- Using all available rosidl_typesupport_cpp: rosidl_typesupport_fastrtps_cpp;rosidl_typesupport_introspection_cpp
[0.285s] -- Found rmw_implementation_cmake: 6.1.2 (/opt/ros/humble/share/rmw_implementation_cmake/cmake)
[0.287s] -- Found rmw_fastrtps_cpp: 6.2.9 (/opt/ros/humble/share/rmw_fastrtps_cpp/cmake)
[0.403s] -- Using RMW implementation 'rmw_fastrtps_cpp' as default
[0.469s] -- Found urdf: 2.6.1 (/opt/ros/humble/share/urdf/cmake)
[0.495s] -- Found champ: 0.1.0 (/home/kentaro/mid360-simulation/install/champ/share/champ/cmake)
[0.496s] -- Found champ_msgs: 0.1.0 (/home/kentaro/mid360-simulation/install/champ_msgs/share/champ_msgs/cmake)
[0.526s] -- Found gazebo_ros2_control: 0.4.10 (/opt/ros/humble/share/gazebo_ros2_control/cmake)
[0.750s] -- Found DART: /usr/include (Required is at least version "6.6") found components: dart 
[0.785s] -- Found Protobuf: /usr/lib/x86_64-linux-gnu/libprotobuf.so (found version "3.12.4") 
[0.787s] -- Looking for ignition-math6 -- found version 6.15.1
[0.795s] -- Searching for dependencies of ignition-math6
[0.797s] -- Looking for OGRE...
[0.804s] -- Found Ogre Ghadamon (1.9.0)
[0.805s] -- Found OGRE: optimized;/usr/lib/x86_64-linux-gnu/libOgreMain.so;debug;/usr/lib/x86_64-linux-gnu/libOgreMain.so
[0.819s] -- Looking for OGRE_Paging...
[0.819s] -- Found OGRE_Paging: optimized;/usr/lib/x86_64-linux-gnu/libOgrePaging.so;debug;/usr/lib/x86_64-linux-gnu/libOgrePaging.so
[0.819s] -- Looking for OGRE_Terrain...
[0.819s] -- Found OGRE_Terrain: optimized;/usr/lib/x86_64-linux-gnu/libOgreTerrain.so;debug;/usr/lib/x86_64-linux-gnu/libOgreTerrain.so
[0.819s] -- Looking for OGRE_Property...
[0.819s] -- Found OGRE_Property: optimized;/usr/lib/x86_64-linux-gnu/libOgreProperty.so;debug;/usr/lib/x86_64-linux-gnu/libOgreProperty.so
[0.819s] -- Looking for OGRE_RTShaderSystem...
[0.820s] -- Found OGRE_RTShaderSystem: optimized;/usr/lib/x86_64-linux-gnu/libOgreRTShaderSystem.so;debug;/usr/lib/x86_64-linux-gnu/libOgreRTShaderSystem.so
[0.820s] -- Looking for OGRE_Volume...
[0.820s] -- Found OGRE_Volume: optimized;/usr/lib/x86_64-linux-gnu/libOgreVolume.so;debug;/usr/lib/x86_64-linux-gnu/libOgreVolume.so
[0.820s] -- Looking for OGRE_Overlay...
[0.820s] -- Found OGRE_Overlay: optimized;/usr/lib/x86_64-linux-gnu/libOgreOverlay.so;debug;/usr/lib/x86_64-linux-gnu/libOgreOverlay.so
[1.003s] -- Looking for ignition-math6 -- found version 6.15.1
[1.004s] -- Looking for ignition-transport8 -- found version 8.2.1
[1.004s] -- Searching for dependencies of ignition-transport8
[1.021s] -- Found Protobuf: /usr/lib/x86_64-linux-gnu/libprotobuf.so (found suitable version "3.12.4", minimum required is "3") 
[1.032s] -- Config-file not installed for ZeroMQ -- checking for pkg-config
[1.038s] -- Checking for module 'libzmq >= 4'
[1.054s] --   Found libzmq , version 4.3.4
[1.115s] -- Checking for module 'uuid'
[1.134s] --   Found uuid, version 2.37.2
[1.180s] -- Looking for ignition-msgs5 -- found version 5.8.1
[1.181s] -- Searching for dependencies of ignition-msgs5
[1.205s] -- Looking for ignition-math6 -- found version 6.15.1
[1.213s] -- Looking for ignition-msgs5 -- found version 5.8.1
[1.213s] -- Looking for ignition-common3 -- found version 3.14.0
[1.214s] -- Searching for dependencies of ignition-common3
[1.214s] -- Looking for dlfcn.h - found
[1.214s] -- Looking for libdl - found
[1.226s] -- Searching for <ignition-common3> component [graphics]
[1.227s] -- Looking for ignition-common3-graphics -- found version 3.14.0
[1.228s] -- Searching for dependencies of ignition-common3-graphics
[1.228s] -- Looking for ignition-math6 -- found version 6.15.1
[1.230s] -- Looking for ignition-fuel_tools4 -- found version 4.4.0
[1.230s] -- Searching for dependencies of ignition-fuel_tools4
[1.271s] -- Checking for module 'jsoncpp'
[1.284s] --   Found jsoncpp, version 1.9.5
[1.320s] -- Checking for module 'libzip'
[1.334s] --   Found libzip, version 1.7.3
[1.369s] -- Looking for ignition-common3 -- found version 3.14.0
[1.369s] -- Looking for ignition-math6 -- found version 6.15.1
[1.369s] -- Looking for ignition-msgs5 -- found version 5.8.1
[1.372s] -- Gazebo version: 11.10
[1.478s] -- Configuring done
[1.524s] -- Generating done
[1.532s] -- Build files have been written to: /home/kentaro/mid360-simulation/build/champ_gazebo
[1.549s] Invoked command in '/home/kentaro/mid360-simulation/build/champ_gazebo' returned '0': AMENT_PREFIX_PATH=/home/kentaro/mid360-simulation/install/champ_msgs:/home/kentaro/mid360-simulation/install/champ:${AMENT_PREFIX_PATH} CMAKE_PREFIX_PATH=/home/kentaro/mid360-simulation/install/champ_msgs:/home/kentaro/mid360-simulation/install/champ:/opt/ros/humble LD_LIBRARY_PATH=/home/kentaro/mid360-simulation/install/champ_msgs/lib:${LD_LIBRARY_PATH} PYTHONPATH=/home/kentaro/mid360-simulation/install/champ_msgs/local/lib/python3.10/dist-packages:${PYTHONPATH} /usr/bin/cmake /home/kentaro/mid360-simulation/src/unitree-go2-ros2/champ/champ_gazebo -DAMENT_CMAKE_SYMLINK_INSTALL=1 -DCMAKE_INSTALL_PREFIX=/home/kentaro/mid360-simulation/install/champ_gazebo
[1.552s] Invoking command in '/home/kentaro/mid360-simulation/build/champ_gazebo': AMENT_PREFIX_PATH=/home/kentaro/mid360-simulation/install/champ_msgs:/home/kentaro/mid360-simulation/install/champ:${AMENT_PREFIX_PATH} CMAKE_PREFIX_PATH=/home/kentaro/mid360-simulation/install/champ_msgs:/home/kentaro/mid360-simulation/install/champ:/opt/ros/humble LD_LIBRARY_PATH=/home/kentaro/mid360-simulation/install/champ_msgs/lib:${LD_LIBRARY_PATH} PYTHONPATH=/home/kentaro/mid360-simulation/install/champ_msgs/local/lib/python3.10/dist-packages:${PYTHONPATH} /usr/bin/cmake --build /home/kentaro/mid360-simulation/build/champ_gazebo -- -j8 -l8
[1.593s] [35m[1mConsolidate compiler generated dependencies of target contact_sensor[0m
[1.648s] [100%] Built target contact_sensor
[1.659s] Invoked command in '/home/kentaro/mid360-simulation/build/champ_gazebo' returned '0': AMENT_PREFIX_PATH=/home/kentaro/mid360-simulation/install/champ_msgs:/home/kentaro/mid360-simulation/install/champ:${AMENT_PREFIX_PATH} CMAKE_PREFIX_PATH=/home/kentaro/mid360-simulation/install/champ_msgs:/home/kentaro/mid360-simulation/install/champ:/opt/ros/humble LD_LIBRARY_PATH=/home/kentaro/mid360-simulation/install/champ_msgs/lib:${LD_LIBRARY_PATH} PYTHONPATH=/home/kentaro/mid360-simulation/install/champ_msgs/local/lib/python3.10/dist-packages:${PYTHONPATH} /usr/bin/cmake --build /home/kentaro/mid360-simulation/build/champ_gazebo -- -j8 -l8
[1.661s] Invoking command in '/home/kentaro/mid360-simulation/build/champ_gazebo': AMENT_PREFIX_PATH=/home/kentaro/mid360-simulation/install/champ_msgs:/home/kentaro/mid360-simulation/install/champ:${AMENT_PREFIX_PATH} CMAKE_PREFIX_PATH=/home/kentaro/mid360-simulation/install/champ_msgs:/home/kentaro/mid360-simulation/install/champ:/opt/ros/humble LD_LIBRARY_PATH=/home/kentaro/mid360-simulation/install/champ_msgs/lib:${LD_LIBRARY_PATH} PYTHONPATH=/home/kentaro/mid360-simulation/install/champ_msgs/local/lib/python3.10/dist-packages:${PYTHONPATH} /usr/bin/cmake --install /home/kentaro/mid360-simulation/build/champ_gazebo
[1.668s] -- Install configuration: ""
[1.669s] -- Execute custom install script
[1.669s] -- Up-to-date symlink: /home/kentaro/mid360-simulation/install/champ_gazebo/bin/imu_sensor.py
[1.669s] -- Up-to-date symlink: /home/kentaro/mid360-simulation/install/champ_gazebo/bin/odometry_tf.py
[1.669s] -- Up-to-date symlink: /home/kentaro/mid360-simulation/install/champ_gazebo/bin/odometry.py
[1.670s] -- Up-to-date symlink: /home/kentaro/mid360-simulation/install/champ_gazebo/lib/champ_gazebo/contact_sensor
[1.670s] -- Up-to-date symlink: /home/kentaro/mid360-simulation/install/champ_gazebo/share/champ_gazebo/launch/gazebo.launch
[1.671s] -- Up-to-date symlink: /home/kentaro/mid360-simulation/install/champ_gazebo/share/champ_gazebo/launch/gazebo.launch.py
[1.671s] -- Up-to-date symlink: /home/kentaro/mid360-simulation/install/champ_gazebo/share/champ_gazebo/launch/spawn_robot.launch
[1.671s] -- Up-to-date symlink: /home/kentaro/mid360-simulation/install/champ_gazebo/share/champ_gazebo/launch/spawn_world.launch
[1.671s] -- Up-to-date symlink: /home/kentaro/mid360-simulation/install/champ_gazebo/share/champ_gazebo/config/gazebo.yaml
[1.672s] -- Up-to-date symlink: /home/kentaro/mid360-simulation/install/champ_gazebo/share/champ_gazebo/config/ros_control.yaml
[1.672s] -- Up-to-date symlink: /home/kentaro/mid360-simulation/install/champ_gazebo/share/champ_gazebo/worlds/default.world
[1.673s] -- Up-to-date symlink: /home/kentaro/mid360-simulation/install/champ_gazebo/share/champ_gazebo/worlds/outdoor.world
[1.673s] -- Up-to-date symlink: /home/kentaro/mid360-simulation/install/champ_gazebo/share/champ_gazebo/worlds/playground.world
[1.674s] -- Up-to-date symlink: /home/kentaro/mid360-simulation/install/champ_gazebo/share/ament_index/resource_index/package_run_dependencies/champ_gazebo
[1.674s] -- Up-to-date symlink: /home/kentaro/mid360-simulation/install/champ_gazebo/share/ament_index/resource_index/parent_prefix_path/champ_gazebo
[1.675s] -- Up-to-date symlink: /home/kentaro/mid360-simulation/install/champ_gazebo/share/champ_gazebo/environment/ament_prefix_path.sh
[1.675s] -- Up-to-date symlink: /home/kentaro/mid360-simulation/install/champ_gazebo/share/champ_gazebo/environment/ament_prefix_path.dsv
[1.675s] -- Up-to-date symlink: /home/kentaro/mid360-simulation/install/champ_gazebo/share/champ_gazebo/environment/path.sh
[1.676s] -- Up-to-date symlink: /home/kentaro/mid360-simulation/install/champ_gazebo/share/champ_gazebo/environment/path.dsv
[1.676s] -- Up-to-date symlink: /home/kentaro/mid360-simulation/install/champ_gazebo/share/champ_gazebo/local_setup.bash
[1.677s] -- Up-to-date symlink: /home/kentaro/mid360-simulation/install/champ_gazebo/share/champ_gazebo/local_setup.sh
[1.677s] -- Up-to-date symlink: /home/kentaro/mid360-simulation/install/champ_gazebo/share/champ_gazebo/local_setup.zsh
[1.678s] -- Up-to-date symlink: /home/kentaro/mid360-simulation/install/champ_gazebo/share/champ_gazebo/local_setup.dsv
[1.678s] -- Symlinking: /home/kentaro/mid360-simulation/install/champ_gazebo/share/champ_gazebo/package.dsv
[1.687s] -- Up-to-date symlink: /home/kentaro/mid360-simulation/install/champ_gazebo/share/ament_index/resource_index/packages/champ_gazebo
[1.687s] -- Up-to-date symlink: /home/kentaro/mid360-simulation/install/champ_gazebo/share/champ_gazebo/cmake/ament_cmake_export_include_directories-extras.cmake
[1.688s] -- Up-to-date symlink: /home/kentaro/mid360-simulation/install/champ_gazebo/share/champ_gazebo/cmake/ament_cmake_export_dependencies-extras.cmake
[1.688s] -- Up-to-date symlink: /home/kentaro/mid360-simulation/install/champ_gazebo/share/champ_gazebo/cmake/champ_gazeboConfig.cmake
[1.688s] -- Up-to-date symlink: /home/kentaro/mid360-simulation/install/champ_gazebo/share/champ_gazebo/cmake/champ_gazeboConfig-version.cmake
[1.688s] -- Up-to-date symlink: /home/kentaro/mid360-simulation/install/champ_gazebo/share/champ_gazebo/package.xml
[1.692s] Invoked command in '/home/kentaro/mid360-simulation/build/champ_gazebo' returned '0': AMENT_PREFIX_PATH=/home/kentaro/mid360-simulation/install/champ_msgs:/home/kentaro/mid360-simulation/install/champ:${AMENT_PREFIX_PATH} CMAKE_PREFIX_PATH=/home/kentaro/mid360-simulation/install/champ_msgs:/home/kentaro/mid360-simulation/install/champ:/opt/ros/humble LD_LIBRARY_PATH=/home/kentaro/mid360-simulation/install/champ_msgs/lib:${LD_LIBRARY_PATH} PYTHONPATH=/home/kentaro/mid360-simulation/install/champ_msgs/local/lib/python3.10/dist-packages:${PYTHONPATH} /usr/bin/cmake --install /home/kentaro/mid360-simulation/build/champ_gazebo
