[0.031s] Invoking command in '/home/kentaro/mid360-simulation/build/champ_navigation': CMAKE_PREFIX_PATH=${CMAKE_PREFIX_PATH}:/opt/ros/humble /usr/bin/cmake /home/kentaro/mid360-simulation/src/unitree-go2-ros2/champ/champ_navigation -DAMENT_CMAKE_SYMLINK_INSTALL=1 -DCMAKE_INSTALL_PREFIX=/home/kentaro/mid360-simulation/install/champ_navigation
[0.127s] -- The C compiler identification is GNU 11.4.0
[0.223s] -- The CXX compiler identification is GNU 11.4.0
[0.239s] -- Detecting C compiler ABI info
[0.345s] -- Detecting C compiler ABI info - done
[0.362s] -- Check for working C compiler: /usr/bin/cc - skipped
[0.363s] -- Detecting C compile features
[0.364s] -- Detecting C compile features - done
[0.368s] -- Detecting CXX compiler ABI info
[0.495s] -- Detecting CXX compiler ABI info - done
[0.512s] -- Check for working CXX compiler: /usr/bin/c++ - skipped
[0.512s] -- Detecting CXX compile features
[0.514s] -- Detecting CXX compile features - done
[0.517s] -- Found ament_cmake: 1.3.12 (/opt/ros/humble/share/ament_cmake/cmake)
[0.795s] -- Found Python3: /usr/bin/python3 (found version "3.10.12") found components: Interpreter 
[0.926s] -- Override CMake install command with custom implementation using symlinks instead of copying resources
[1.112s] -- Configuring done
[1.118s] -- Generating done
[1.118s] -- Build files have been written to: /home/kentaro/mid360-simulation/build/champ_navigation
[1.135s] Invoked command in '/home/kentaro/mid360-simulation/build/champ_navigation' returned '0': CMAKE_PREFIX_PATH=${CMAKE_PREFIX_PATH}:/opt/ros/humble /usr/bin/cmake /home/kentaro/mid360-simulation/src/unitree-go2-ros2/champ/champ_navigation -DAMENT_CMAKE_SYMLINK_INSTALL=1 -DCMAKE_INSTALL_PREFIX=/home/kentaro/mid360-simulation/install/champ_navigation
[1.137s] Invoking command in '/home/kentaro/mid360-simulation/build/champ_navigation': CMAKE_PREFIX_PATH=${CMAKE_PREFIX_PATH}:/opt/ros/humble /usr/bin/cmake --build /home/kentaro/mid360-simulation/build/champ_navigation -- -j8 -l8
[1.193s] Invoked command in '/home/kentaro/mid360-simulation/build/champ_navigation' returned '0': CMAKE_PREFIX_PATH=${CMAKE_PREFIX_PATH}:/opt/ros/humble /usr/bin/cmake --build /home/kentaro/mid360-simulation/build/champ_navigation -- -j8 -l8
[1.195s] Invoking command in '/home/kentaro/mid360-simulation/build/champ_navigation': CMAKE_PREFIX_PATH=${CMAKE_PREFIX_PATH}:/opt/ros/humble /usr/bin/cmake --install /home/kentaro/mid360-simulation/build/champ_navigation
[1.206s] -- Install configuration: ""
[1.206s] -- Execute custom install script
[1.207s] -- Symlinking: /home/kentaro/mid360-simulation/install/champ_navigation/share/champ_navigation/launch/navigate.launch.py
[1.222s] -- Symlinking: /home/kentaro/mid360-simulation/install/champ_navigation/share/champ_navigation/launch/slam.launch.py
[1.233s] -- Symlinking: /home/kentaro/mid360-simulation/install/champ_navigation/share/champ_navigation/rviz/navigation.rviz
[1.245s] -- Symlinking: /home/kentaro/mid360-simulation/install/champ_navigation/share/champ_navigation/rviz/navigation_minimal.rviz
[1.255s] -- Symlinking: /home/kentaro/mid360-simulation/install/champ_navigation/share/champ_navigation/rviz/slam.rviz
[1.272s] -- Symlinking: /home/kentaro/mid360-simulation/install/champ_navigation/share/ament_index/resource_index/package_run_dependencies/champ_navigation
[1.286s] -- Symlinking: /home/kentaro/mid360-simulation/install/champ_navigation/share/ament_index/resource_index/parent_prefix_path/champ_navigation
[1.300s] -- Symlinking: /home/kentaro/mid360-simulation/install/champ_navigation/share/champ_navigation/environment/ament_prefix_path.sh
[1.313s] -- Symlinking: /home/kentaro/mid360-simulation/install/champ_navigation/share/champ_navigation/environment/ament_prefix_path.dsv
[1.325s] -- Symlinking: /home/kentaro/mid360-simulation/install/champ_navigation/share/champ_navigation/environment/path.sh
[1.337s] -- Symlinking: /home/kentaro/mid360-simulation/install/champ_navigation/share/champ_navigation/environment/path.dsv
[1.349s] -- Symlinking: /home/kentaro/mid360-simulation/install/champ_navigation/share/champ_navigation/local_setup.bash
[1.362s] -- Symlinking: /home/kentaro/mid360-simulation/install/champ_navigation/share/champ_navigation/local_setup.sh
[1.376s] -- Symlinking: /home/kentaro/mid360-simulation/install/champ_navigation/share/champ_navigation/local_setup.zsh
[1.388s] -- Symlinking: /home/kentaro/mid360-simulation/install/champ_navigation/share/champ_navigation/local_setup.dsv
[1.403s] -- Symlinking: /home/kentaro/mid360-simulation/install/champ_navigation/share/champ_navigation/package.dsv
[1.420s] -- Symlinking: /home/kentaro/mid360-simulation/install/champ_navigation/share/ament_index/resource_index/packages/champ_navigation
[1.435s] -- Symlinking: /home/kentaro/mid360-simulation/install/champ_navigation/share/champ_navigation/cmake/champ_navigationConfig.cmake
[1.450s] -- Symlinking: /home/kentaro/mid360-simulation/install/champ_navigation/share/champ_navigation/cmake/champ_navigationConfig-version.cmake
[1.466s] -- Symlinking: /home/kentaro/mid360-simulation/install/champ_navigation/share/champ_navigation/package.xml
[1.518s] Invoked command in '/home/kentaro/mid360-simulation/build/champ_navigation' returned '0': CMAKE_PREFIX_PATH=${CMAKE_PREFIX_PATH}:/opt/ros/humble /usr/bin/cmake --install /home/kentaro/mid360-simulation/build/champ_navigation
