[0.033s] Invoking command in '/home/kentaro/mid360-simulation/build/champ_gazebo': AMENT_PREFIX_PATH=/home/kentaro/mid360-simulation/install/champ_msgs:/home/kentaro/mid360-simulation/install/champ:${AMENT_PREFIX_PATH} CMAKE_PREFIX_PATH=/home/kentaro/mid360-simulation/install/champ_msgs:/home/kentaro/mid360-simulation/install/champ:/home/kentaro/mid360-simulation/install/ros2_livox_simulation:/home/kentaro/mid360-simulation/install/livox_ros_driver2:/home/kentaro/unitree-go2-ros2/install/go2_description:/home/kentaro/unitree-go2-ros2/install/go2_config:/home/kentaro/unitree-go2-ros2/install/champ_teleop:/home/kentaro/unitree-go2-ros2/install/champ_navigation:/home/kentaro/unitree-go2-ros2/install/champ_gazebo:/home/kentaro/unitree-go2-ros2/install/champ_bringup:/home/kentaro/unitree-go2-ros2/install/champ_base:/home/kentaro/unitree-go2-ros2/install/champ_msgs:/home/kentaro/unitree-go2-ros2/install/champ_description:/home/kentaro/unitree-go2-ros2/install/champ_config:/home/kentaro/unitree-go2-ros2/install/champ:/opt/ros/humble LD_LIBRARY_PATH=/home/kentaro/mid360-simulation/install/champ_msgs/lib:${LD_LIBRARY_PATH} PYTHONPATH=/home/kentaro/mid360-simulation/install/champ_msgs/local/lib/python3.10/dist-packages:${PYTHONPATH} /usr/bin/cmake /home/kentaro/mid360-simulation/src/unitree-go2-ros2/champ/champ_gazebo -DROS_EDITION=ROS2 -DHUMBLE=ON -DHUMBLE_ROS=humble -DAMENT_CMAKE_SYMLINK_INSTALL=1 -DCMAKE_INSTALL_PREFIX=/home/kentaro/mid360-simulation/install/champ_gazebo
[0.144s] -- The C compiler identification is GNU 11.4.0
[0.237s] -- The CXX compiler identification is GNU 11.4.0
[0.266s] -- Detecting C compiler ABI info
[0.414s] -- Detecting C compiler ABI info - done
[0.444s] -- Check for working C compiler: /usr/bin/cc - skipped
[0.444s] -- Detecting C compile features
[0.445s] -- Detecting C compile features - done
[0.468s] -- Detecting CXX compiler ABI info
[0.638s] -- Detecting CXX compiler ABI info - done
[0.671s] -- Check for working CXX compiler: /usr/bin/c++ - skipped
[0.671s] -- Detecting CXX compile features
[0.671s] -- Detecting CXX compile features - done
[0.684s] -- Found ament_cmake: 1.3.12 (/opt/ros/humble/share/ament_cmake/cmake)
[1.130s] -- Found Python3: /usr/bin/python3 (found version "3.10.12") found components: Interpreter 
[1.242s] -- Override CMake install command with custom implementation using symlinks instead of copying resources
[1.303s] -- Found rclcpp: 16.0.15 (/opt/ros/humble/share/rclcpp/cmake)
[1.393s] -- Found rosidl_generator_c: 3.1.7 (/opt/ros/humble/share/rosidl_generator_c/cmake)
[1.405s] -- Found rosidl_adapter: 3.1.7 (/opt/ros/humble/share/rosidl_adapter/cmake)
[1.422s] -- Found rosidl_generator_cpp: 3.1.7 (/opt/ros/humble/share/rosidl_generator_cpp/cmake)
[1.447s] -- Using all available rosidl_typesupport_c: rosidl_typesupport_fastrtps_c;rosidl_typesupport_introspection_c
[1.483s] -- Using all available rosidl_typesupport_cpp: rosidl_typesupport_fastrtps_cpp;rosidl_typesupport_introspection_cpp
[1.578s] -- Found rmw_implementation_cmake: 6.1.2 (/opt/ros/humble/share/rmw_implementation_cmake/cmake)
[1.585s] -- Found rmw_fastrtps_cpp: 6.2.9 (/opt/ros/humble/share/rmw_fastrtps_cpp/cmake)
[1.755s] -- Found OpenSSL: /usr/lib/x86_64-linux-gnu/libcrypto.so (found version "3.0.2")  
[1.806s] -- Found FastRTPS: /opt/ros/humble/include  
[1.889s] -- Using RMW implementation 'rmw_fastrtps_cpp' as default
[1.910s] -- Looking for pthread.h
[2.028s] -- Looking for pthread.h - found
[2.028s] -- Performing Test CMAKE_HAVE_LIBC_PTHREAD
[2.176s] -- Performing Test CMAKE_HAVE_LIBC_PTHREAD - Success
[2.178s] -- Found Threads: TRUE  
[2.300s] -- Found urdf: 2.6.1 (/opt/ros/humble/share/urdf/cmake)
[2.449s] -- Found champ: 0.1.0 (/home/kentaro/mid360-simulation/install/champ/share/champ/cmake)
[2.455s] -- Found champ_msgs: 0.1.0 (/home/kentaro/mid360-simulation/install/champ_msgs/share/champ_msgs/cmake)
[2.554s] -- Found gazebo_ros2_control: 0.4.10 (/opt/ros/humble/share/gazebo_ros2_control/cmake)
[3.126s] -- Found PkgConfig: /usr/bin/pkg-config (found version "0.29.2") 
[3.128s] -- Checking for module 'bullet>=2.82'
[3.166s] --   Found bullet, version 3.05
[3.585s] -- Found fcl: /usr/include (found suitable version "0.7.0", minimum required is "0.5.0") 
[3.794s] -- Found assimp: /usr/include (found version "5.2.0") 
[3.944s] -- Found DART: /usr/include (Required is at least version "6.6") found components: dart 
[4.257s] -- Found Boost: /usr/lib/x86_64-linux-gnu/cmake/Boost-1.74.0/BoostConfig.cmake (found suitable version "1.74.0", minimum required is "1.40.0") found components: thread system filesystem program_options regex iostreams date_time 
[4.416s] -- Found Protobuf: /usr/lib/x86_64-linux-gnu/libprotobuf.so (found version "3.12.4") 
[4.480s] -- Looking for ignition-math6 -- found version 6.15.1
[4.546s] -- Searching for dependencies of ignition-math6
[4.563s] -- Looking for OGRE...
[4.565s] -- OGRE_PREFIX_WATCH changed.
[4.609s] -- Checking for module 'OGRE'
[4.719s] --   Found OGRE, version 1.9.0
[4.917s] -- Found Ogre Ghadamon (1.9.0)
[5.018s] -- Found OGRE: optimized;/usr/lib/x86_64-linux-gnu/libOgreMain.so;debug;/usr/lib/x86_64-linux-gnu/libOgreMain.so
[5.088s] -- Looking for OGRE_Paging...
[5.136s] -- Found OGRE_Paging: optimized;/usr/lib/x86_64-linux-gnu/libOgrePaging.so;debug;/usr/lib/x86_64-linux-gnu/libOgrePaging.so
[5.137s] -- Looking for OGRE_Terrain...
[5.179s] -- Found OGRE_Terrain: optimized;/usr/lib/x86_64-linux-gnu/libOgreTerrain.so;debug;/usr/lib/x86_64-linux-gnu/libOgreTerrain.so
[5.180s] -- Looking for OGRE_Property...
[5.221s] -- Found OGRE_Property: optimized;/usr/lib/x86_64-linux-gnu/libOgreProperty.so;debug;/usr/lib/x86_64-linux-gnu/libOgreProperty.so
[5.224s] -- Looking for OGRE_RTShaderSystem...
[5.258s] -- Found OGRE_RTShaderSystem: optimized;/usr/lib/x86_64-linux-gnu/libOgreRTShaderSystem.so;debug;/usr/lib/x86_64-linux-gnu/libOgreRTShaderSystem.so
[5.262s] -- Looking for OGRE_Volume...
[5.299s] -- Found OGRE_Volume: optimized;/usr/lib/x86_64-linux-gnu/libOgreVolume.so;debug;/usr/lib/x86_64-linux-gnu/libOgreVolume.so
[5.300s] -- Looking for OGRE_Overlay...
[5.336s] -- Found OGRE_Overlay: optimized;/usr/lib/x86_64-linux-gnu/libOgreOverlay.so;debug;/usr/lib/x86_64-linux-gnu/libOgreOverlay.so
[6.354s] -- Looking for ignition-math6 -- found version 6.15.1
[6.378s] -- Looking for ignition-transport8 -- found version 8.2.1
[6.378s] -- Searching for dependencies of ignition-transport8
[6.473s] -- Found Protobuf: /usr/lib/x86_64-linux-gnu/libprotobuf.so (found suitable version "3.12.4", minimum required is "3") 
[6.587s] -- Config-file not installed for ZeroMQ -- checking for pkg-config
[6.621s] -- Checking for module 'libzmq >= 4'
[6.725s] --   Found libzmq , version 4.3.4
[7.011s] -- Found ZeroMQ: TRUE (Required is at least version "4") 
[7.063s] -- Checking for module 'uuid'
[7.177s] --   Found uuid, version 2.37.2
[7.439s] -- Found UUID: TRUE  
[7.489s] -- Looking for ignition-msgs5 -- found version 5.8.1
[7.496s] -- Searching for dependencies of ignition-msgs5
[7.632s] -- Looking for ignition-math6 -- found version 6.15.1
[7.681s] -- Checking for module 'tinyxml2'
[7.780s] --   Found tinyxml2, version 9.0.0
[8.005s] -- Looking for ignition-msgs5 -- found version 5.8.1
[8.039s] -- Looking for ignition-common3 -- found version 3.14.0
[8.041s] -- Searching for dependencies of ignition-common3
[8.048s] -- Looking for dlfcn.h - found
[8.053s] -- Looking for libdl - found
[8.064s] -- Found DL: TRUE  
[8.140s] -- Found tinyobjloader: /usr/lib/x86_64-linux-gnu/cmake/tinyobjloader/tinyobjloader-config.cmake (found version "2.0.0") 
[8.147s] -- Searching for <ignition-common3> component [graphics]
[8.168s] -- Looking for ignition-common3-graphics -- found version 3.14.0
[8.172s] -- Searching for dependencies of ignition-common3-graphics
[8.178s] -- Looking for ignition-math6 -- found version 6.15.1
[8.216s] -- Looking for ignition-fuel_tools4 -- found version 4.4.0
[8.220s] -- Searching for dependencies of ignition-fuel_tools4
[8.685s] -- Found CURL: /usr/lib/x86_64-linux-gnu/libcurl.so (found version "7.81.0")  
[8.771s] -- Checking for module 'jsoncpp'
[8.873s] --   Found jsoncpp, version 1.9.5
[9.114s] -- Found JSONCPP: TRUE  
[9.167s] -- Checking for module 'libzip'
[9.281s] --   Found libzip, version 1.7.3
[9.527s] -- Found ZIP: TRUE  
[9.529s] -- Looking for ignition-common3 -- found version 3.14.0
[9.532s] -- Looking for ignition-math6 -- found version 6.15.1
[9.533s] -- Looking for ignition-msgs5 -- found version 5.8.1
[9.570s] -- Gazebo version: 11.10
[9.572s] -- Checking for module 'tbb'
[9.680s] --   Found tbb, version 2021.5.0
[10.952s] -- Configuring done
[11.286s] -- Generating done
[11.311s] [33mCMake Warning:
[11.312s]   Manually-specified variables were not used by the project:
[11.312s] 
[11.312s]     HUMBLE
[11.313s]     HUMBLE_ROS
[11.313s]     ROS_EDITION
[11.313s] 
[11.314s] [0m
[11.359s] -- Build files have been written to: /home/kentaro/mid360-simulation/build/champ_gazebo
[11.469s] Invoked command in '/home/kentaro/mid360-simulation/build/champ_gazebo' returned '0': AMENT_PREFIX_PATH=/home/kentaro/mid360-simulation/install/champ_msgs:/home/kentaro/mid360-simulation/install/champ:${AMENT_PREFIX_PATH} CMAKE_PREFIX_PATH=/home/kentaro/mid360-simulation/install/champ_msgs:/home/kentaro/mid360-simulation/install/champ:/home/kentaro/mid360-simulation/install/ros2_livox_simulation:/home/kentaro/mid360-simulation/install/livox_ros_driver2:/home/kentaro/unitree-go2-ros2/install/go2_description:/home/kentaro/unitree-go2-ros2/install/go2_config:/home/kentaro/unitree-go2-ros2/install/champ_teleop:/home/kentaro/unitree-go2-ros2/install/champ_navigation:/home/kentaro/unitree-go2-ros2/install/champ_gazebo:/home/kentaro/unitree-go2-ros2/install/champ_bringup:/home/kentaro/unitree-go2-ros2/install/champ_base:/home/kentaro/unitree-go2-ros2/install/champ_msgs:/home/kentaro/unitree-go2-ros2/install/champ_description:/home/kentaro/unitree-go2-ros2/install/champ_config:/home/kentaro/unitree-go2-ros2/install/champ:/opt/ros/humble LD_LIBRARY_PATH=/home/kentaro/mid360-simulation/install/champ_msgs/lib:${LD_LIBRARY_PATH} PYTHONPATH=/home/kentaro/mid360-simulation/install/champ_msgs/local/lib/python3.10/dist-packages:${PYTHONPATH} /usr/bin/cmake /home/kentaro/mid360-simulation/src/unitree-go2-ros2/champ/champ_gazebo -DROS_EDITION=ROS2 -DHUMBLE=ON -DHUMBLE_ROS=humble -DAMENT_CMAKE_SYMLINK_INSTALL=1 -DCMAKE_INSTALL_PREFIX=/home/kentaro/mid360-simulation/install/champ_gazebo
[11.483s] Invoking command in '/home/kentaro/mid360-simulation/build/champ_gazebo': AMENT_PREFIX_PATH=/home/kentaro/mid360-simulation/install/champ_msgs:/home/kentaro/mid360-simulation/install/champ:${AMENT_PREFIX_PATH} CMAKE_PREFIX_PATH=/home/kentaro/mid360-simulation/install/champ_msgs:/home/kentaro/mid360-simulation/install/champ:/home/kentaro/mid360-simulation/install/ros2_livox_simulation:/home/kentaro/mid360-simulation/install/livox_ros_driver2:/home/kentaro/unitree-go2-ros2/install/go2_description:/home/kentaro/unitree-go2-ros2/install/go2_config:/home/kentaro/unitree-go2-ros2/install/champ_teleop:/home/kentaro/unitree-go2-ros2/install/champ_navigation:/home/kentaro/unitree-go2-ros2/install/champ_gazebo:/home/kentaro/unitree-go2-ros2/install/champ_bringup:/home/kentaro/unitree-go2-ros2/install/champ_base:/home/kentaro/unitree-go2-ros2/install/champ_msgs:/home/kentaro/unitree-go2-ros2/install/champ_description:/home/kentaro/unitree-go2-ros2/install/champ_config:/home/kentaro/unitree-go2-ros2/install/champ:/opt/ros/humble LD_LIBRARY_PATH=/home/kentaro/mid360-simulation/install/champ_msgs/lib:${LD_LIBRARY_PATH} PYTHONPATH=/home/kentaro/mid360-simulation/install/champ_msgs/local/lib/python3.10/dist-packages:${PYTHONPATH} /usr/bin/cmake --build /home/kentaro/mid360-simulation/build/champ_gazebo -- -j8 -l8
[11.875s] [ 50%] [32mBuilding CXX object CMakeFiles/contact_sensor.dir/src/contact_sensor.cpp.o[0m
[70.026s] [100%] [32m[1mLinking CXX executable contact_sensor[0m
[74.292s] [100%] Built target contact_sensor
[74.352s] Invoked command in '/home/kentaro/mid360-simulation/build/champ_gazebo' returned '0': AMENT_PREFIX_PATH=/home/kentaro/mid360-simulation/install/champ_msgs:/home/kentaro/mid360-simulation/install/champ:${AMENT_PREFIX_PATH} CMAKE_PREFIX_PATH=/home/kentaro/mid360-simulation/install/champ_msgs:/home/kentaro/mid360-simulation/install/champ:/home/kentaro/mid360-simulation/install/ros2_livox_simulation:/home/kentaro/mid360-simulation/install/livox_ros_driver2:/home/kentaro/unitree-go2-ros2/install/go2_description:/home/kentaro/unitree-go2-ros2/install/go2_config:/home/kentaro/unitree-go2-ros2/install/champ_teleop:/home/kentaro/unitree-go2-ros2/install/champ_navigation:/home/kentaro/unitree-go2-ros2/install/champ_gazebo:/home/kentaro/unitree-go2-ros2/install/champ_bringup:/home/kentaro/unitree-go2-ros2/install/champ_base:/home/kentaro/unitree-go2-ros2/install/champ_msgs:/home/kentaro/unitree-go2-ros2/install/champ_description:/home/kentaro/unitree-go2-ros2/install/champ_config:/home/kentaro/unitree-go2-ros2/install/champ:/opt/ros/humble LD_LIBRARY_PATH=/home/kentaro/mid360-simulation/install/champ_msgs/lib:${LD_LIBRARY_PATH} PYTHONPATH=/home/kentaro/mid360-simulation/install/champ_msgs/local/lib/python3.10/dist-packages:${PYTHONPATH} /usr/bin/cmake --build /home/kentaro/mid360-simulation/build/champ_gazebo -- -j8 -l8
[74.358s] Invoking command in '/home/kentaro/mid360-simulation/build/champ_gazebo': AMENT_PREFIX_PATH=/home/kentaro/mid360-simulation/install/champ_msgs:/home/kentaro/mid360-simulation/install/champ:${AMENT_PREFIX_PATH} CMAKE_PREFIX_PATH=/home/kentaro/mid360-simulation/install/champ_msgs:/home/kentaro/mid360-simulation/install/champ:/home/kentaro/mid360-simulation/install/ros2_livox_simulation:/home/kentaro/mid360-simulation/install/livox_ros_driver2:/home/kentaro/unitree-go2-ros2/install/go2_description:/home/kentaro/unitree-go2-ros2/install/go2_config:/home/kentaro/unitree-go2-ros2/install/champ_teleop:/home/kentaro/unitree-go2-ros2/install/champ_navigation:/home/kentaro/unitree-go2-ros2/install/champ_gazebo:/home/kentaro/unitree-go2-ros2/install/champ_bringup:/home/kentaro/unitree-go2-ros2/install/champ_base:/home/kentaro/unitree-go2-ros2/install/champ_msgs:/home/kentaro/unitree-go2-ros2/install/champ_description:/home/kentaro/unitree-go2-ros2/install/champ_config:/home/kentaro/unitree-go2-ros2/install/champ:/opt/ros/humble LD_LIBRARY_PATH=/home/kentaro/mid360-simulation/install/champ_msgs/lib:${LD_LIBRARY_PATH} PYTHONPATH=/home/kentaro/mid360-simulation/install/champ_msgs/local/lib/python3.10/dist-packages:${PYTHONPATH} /usr/bin/cmake --install /home/kentaro/mid360-simulation/build/champ_gazebo
[74.379s] -- Install configuration: ""
[74.381s] -- Execute custom install script
[74.382s] -- Symlinking: /home/kentaro/mid360-simulation/install/champ_gazebo/bin/imu_sensor.py
[74.408s] -- Symlinking: /home/kentaro/mid360-simulation/install/champ_gazebo/bin/odometry_tf.py
[74.435s] -- Symlinking: /home/kentaro/mid360-simulation/install/champ_gazebo/bin/odometry.py
[74.460s] -- Symlinking: /home/kentaro/mid360-simulation/install/champ_gazebo/lib/champ_gazebo/contact_sensor
[74.491s] -- Symlinking: /home/kentaro/mid360-simulation/install/champ_gazebo/share/champ_gazebo/launch/gazebo.launch
[74.519s] -- Symlinking: /home/kentaro/mid360-simulation/install/champ_gazebo/share/champ_gazebo/launch/gazebo.launch.py
[74.549s] -- Symlinking: /home/kentaro/mid360-simulation/install/champ_gazebo/share/champ_gazebo/launch/spawn_robot.launch
[74.577s] -- Symlinking: /home/kentaro/mid360-simulation/install/champ_gazebo/share/champ_gazebo/launch/spawn_world.launch
[74.604s] -- Symlinking: /home/kentaro/mid360-simulation/install/champ_gazebo/share/champ_gazebo/config/gazebo.yaml
[74.632s] -- Symlinking: /home/kentaro/mid360-simulation/install/champ_gazebo/share/champ_gazebo/config/ros_control.yaml
[74.662s] -- Symlinking: /home/kentaro/mid360-simulation/install/champ_gazebo/share/champ_gazebo/worlds/default.world
[74.691s] -- Symlinking: /home/kentaro/mid360-simulation/install/champ_gazebo/share/champ_gazebo/worlds/outdoor.world
[74.719s] -- Symlinking: /home/kentaro/mid360-simulation/install/champ_gazebo/share/champ_gazebo/worlds/playground.world
[74.748s] -- Symlinking: /home/kentaro/mid360-simulation/install/champ_gazebo/share/ament_index/resource_index/package_run_dependencies/champ_gazebo
[74.777s] -- Symlinking: /home/kentaro/mid360-simulation/install/champ_gazebo/share/ament_index/resource_index/parent_prefix_path/champ_gazebo
[74.807s] -- Symlinking: /home/kentaro/mid360-simulation/install/champ_gazebo/share/champ_gazebo/environment/ament_prefix_path.sh
[74.838s] -- Symlinking: /home/kentaro/mid360-simulation/install/champ_gazebo/share/champ_gazebo/environment/ament_prefix_path.dsv
[74.869s] -- Symlinking: /home/kentaro/mid360-simulation/install/champ_gazebo/share/champ_gazebo/environment/path.sh
[74.899s] -- Symlinking: /home/kentaro/mid360-simulation/install/champ_gazebo/share/champ_gazebo/environment/path.dsv
[74.927s] -- Symlinking: /home/kentaro/mid360-simulation/install/champ_gazebo/share/champ_gazebo/local_setup.bash
[74.955s] -- Symlinking: /home/kentaro/mid360-simulation/install/champ_gazebo/share/champ_gazebo/local_setup.sh
[74.983s] -- Symlinking: /home/kentaro/mid360-simulation/install/champ_gazebo/share/champ_gazebo/local_setup.zsh
[75.011s] -- Symlinking: /home/kentaro/mid360-simulation/install/champ_gazebo/share/champ_gazebo/local_setup.dsv
[75.040s] -- Symlinking: /home/kentaro/mid360-simulation/install/champ_gazebo/share/champ_gazebo/package.dsv
[75.069s] -- Symlinking: /home/kentaro/mid360-simulation/install/champ_gazebo/share/ament_index/resource_index/packages/champ_gazebo
[75.098s] -- Symlinking: /home/kentaro/mid360-simulation/install/champ_gazebo/share/champ_gazebo/cmake/ament_cmake_export_include_directories-extras.cmake
[75.126s] -- Symlinking: /home/kentaro/mid360-simulation/install/champ_gazebo/share/champ_gazebo/cmake/ament_cmake_export_dependencies-extras.cmake
[75.146s] -- Symlinking: /home/kentaro/mid360-simulation/install/champ_gazebo/share/champ_gazebo/cmake/champ_gazeboConfig.cmake
[75.173s] -- Symlinking: /home/kentaro/mid360-simulation/install/champ_gazebo/share/champ_gazebo/cmake/champ_gazeboConfig-version.cmake
[75.202s] -- Symlinking: /home/kentaro/mid360-simulation/install/champ_gazebo/share/champ_gazebo/package.xml
[75.236s] Invoked command in '/home/kentaro/mid360-simulation/build/champ_gazebo' returned '0': AMENT_PREFIX_PATH=/home/kentaro/mid360-simulation/install/champ_msgs:/home/kentaro/mid360-simulation/install/champ:${AMENT_PREFIX_PATH} CMAKE_PREFIX_PATH=/home/kentaro/mid360-simulation/install/champ_msgs:/home/kentaro/mid360-simulation/install/champ:/home/kentaro/mid360-simulation/install/ros2_livox_simulation:/home/kentaro/mid360-simulation/install/livox_ros_driver2:/home/kentaro/unitree-go2-ros2/install/go2_description:/home/kentaro/unitree-go2-ros2/install/go2_config:/home/kentaro/unitree-go2-ros2/install/champ_teleop:/home/kentaro/unitree-go2-ros2/install/champ_navigation:/home/kentaro/unitree-go2-ros2/install/champ_gazebo:/home/kentaro/unitree-go2-ros2/install/champ_bringup:/home/kentaro/unitree-go2-ros2/install/champ_base:/home/kentaro/unitree-go2-ros2/install/champ_msgs:/home/kentaro/unitree-go2-ros2/install/champ_description:/home/kentaro/unitree-go2-ros2/install/champ_config:/home/kentaro/unitree-go2-ros2/install/champ:/opt/ros/humble LD_LIBRARY_PATH=/home/kentaro/mid360-simulation/install/champ_msgs/lib:${LD_LIBRARY_PATH} PYTHONPATH=/home/kentaro/mid360-simulation/install/champ_msgs/local/lib/python3.10/dist-packages:${PYTHONPATH} /usr/bin/cmake --install /home/kentaro/mid360-simulation/build/champ_gazebo
