[0.034s] Invoking command in '/home/kentaro/mid360-simulation/build/champ_gazebo': AMENT_PREFIX_PATH=/home/kentaro/mid360-simulation/install/champ_msgs:/home/kentaro/mid360-simulation/install/champ:${AMENT_PREFIX_PATH} CMAKE_PREFIX_PATH=/home/kentaro/mid360-simulation/install/champ_msgs:/home/kentaro/mid360-simulation/install/champ:/opt/ros/humble LD_LIBRARY_PATH=/home/kentaro/mid360-simulation/install/champ_msgs/lib:${LD_LIBRARY_PATH} PYTHONPATH=/home/kentaro/mid360-simulation/install/champ_msgs/local/lib/python3.10/dist-packages:${PYTHONPATH} /usr/bin/cmake --build /home/kentaro/mid360-simulation/build/champ_gazebo -- -j8 -l8
[0.136s] [100%] Built target contact_sensor
[0.147s] Invoked command in '/home/kentaro/mid360-simulation/build/champ_gazebo' returned '0': AMENT_PREFIX_PATH=/home/kentaro/mid360-simulation/install/champ_msgs:/home/kentaro/mid360-simulation/install/champ:${AMENT_PREFIX_PATH} CMAKE_PREFIX_PATH=/home/kentaro/mid360-simulation/install/champ_msgs:/home/kentaro/mid360-simulation/install/champ:/opt/ros/humble LD_LIBRARY_PATH=/home/kentaro/mid360-simulation/install/champ_msgs/lib:${LD_LIBRARY_PATH} PYTHONPATH=/home/kentaro/mid360-simulation/install/champ_msgs/local/lib/python3.10/dist-packages:${PYTHONPATH} /usr/bin/cmake --build /home/kentaro/mid360-simulation/build/champ_gazebo -- -j8 -l8
[0.149s] Invoking command in '/home/kentaro/mid360-simulation/build/champ_gazebo': AMENT_PREFIX_PATH=/home/kentaro/mid360-simulation/install/champ_msgs:/home/kentaro/mid360-simulation/install/champ:${AMENT_PREFIX_PATH} CMAKE_PREFIX_PATH=/home/kentaro/mid360-simulation/install/champ_msgs:/home/kentaro/mid360-simulation/install/champ:/opt/ros/humble LD_LIBRARY_PATH=/home/kentaro/mid360-simulation/install/champ_msgs/lib:${LD_LIBRARY_PATH} PYTHONPATH=/home/kentaro/mid360-simulation/install/champ_msgs/local/lib/python3.10/dist-packages:${PYTHONPATH} /usr/bin/cmake --install /home/kentaro/mid360-simulation/build/champ_gazebo
[0.157s] -- Install configuration: ""
[0.157s] -- Execute custom install script
[0.158s] -- Up-to-date symlink: /home/kentaro/mid360-simulation/install/champ_gazebo/bin/imu_sensor.py
[0.158s] -- Up-to-date symlink: /home/kentaro/mid360-simulation/install/champ_gazebo/bin/odometry_tf.py
[0.158s] -- Up-to-date symlink: /home/kentaro/mid360-simulation/install/champ_gazebo/bin/odometry.py
[0.159s] -- Up-to-date symlink: /home/kentaro/mid360-simulation/install/champ_gazebo/lib/champ_gazebo/contact_sensor
[0.160s] -- Up-to-date symlink: /home/kentaro/mid360-simulation/install/champ_gazebo/share/champ_gazebo/launch/gazebo.launch
[0.160s] -- Up-to-date symlink: /home/kentaro/mid360-simulation/install/champ_gazebo/share/champ_gazebo/launch/gazebo.launch.py
[0.160s] -- Up-to-date symlink: /home/kentaro/mid360-simulation/install/champ_gazebo/share/champ_gazebo/launch/spawn_robot.launch
[0.160s] -- Up-to-date symlink: /home/kentaro/mid360-simulation/install/champ_gazebo/share/champ_gazebo/launch/spawn_world.launch
[0.161s] -- Up-to-date symlink: /home/kentaro/mid360-simulation/install/champ_gazebo/share/champ_gazebo/config/gazebo.yaml
[0.161s] -- Up-to-date symlink: /home/kentaro/mid360-simulation/install/champ_gazebo/share/champ_gazebo/config/ros_control.yaml
[0.161s] -- Up-to-date symlink: /home/kentaro/mid360-simulation/install/champ_gazebo/share/champ_gazebo/worlds/default.world
[0.162s] -- Up-to-date symlink: /home/kentaro/mid360-simulation/install/champ_gazebo/share/champ_gazebo/worlds/outdoor.world
[0.162s] -- Up-to-date symlink: /home/kentaro/mid360-simulation/install/champ_gazebo/share/champ_gazebo/worlds/playground.world
[0.162s] -- Up-to-date symlink: /home/kentaro/mid360-simulation/install/champ_gazebo/share/ament_index/resource_index/package_run_dependencies/champ_gazebo
[0.162s] -- Up-to-date symlink: /home/kentaro/mid360-simulation/install/champ_gazebo/share/ament_index/resource_index/parent_prefix_path/champ_gazebo
[0.162s] -- Up-to-date symlink: /home/kentaro/mid360-simulation/install/champ_gazebo/share/champ_gazebo/environment/ament_prefix_path.sh
[0.162s] -- Up-to-date symlink: /home/kentaro/mid360-simulation/install/champ_gazebo/share/champ_gazebo/environment/ament_prefix_path.dsv
[0.163s] -- Up-to-date symlink: /home/kentaro/mid360-simulation/install/champ_gazebo/share/champ_gazebo/environment/path.sh
[0.164s] -- Up-to-date symlink: /home/kentaro/mid360-simulation/install/champ_gazebo/share/champ_gazebo/environment/path.dsv
[0.164s] -- Up-to-date symlink: /home/kentaro/mid360-simulation/install/champ_gazebo/share/champ_gazebo/local_setup.bash
[0.164s] -- Up-to-date symlink: /home/kentaro/mid360-simulation/install/champ_gazebo/share/champ_gazebo/local_setup.sh
[0.164s] -- Up-to-date symlink: /home/kentaro/mid360-simulation/install/champ_gazebo/share/champ_gazebo/local_setup.zsh
[0.164s] -- Up-to-date symlink: /home/kentaro/mid360-simulation/install/champ_gazebo/share/champ_gazebo/local_setup.dsv
[0.164s] -- Symlinking: /home/kentaro/mid360-simulation/install/champ_gazebo/share/champ_gazebo/package.dsv
[0.173s] -- Up-to-date symlink: /home/kentaro/mid360-simulation/install/champ_gazebo/share/ament_index/resource_index/packages/champ_gazebo
[0.173s] -- Up-to-date symlink: /home/kentaro/mid360-simulation/install/champ_gazebo/share/champ_gazebo/cmake/ament_cmake_export_include_directories-extras.cmake
[0.173s] -- Up-to-date symlink: /home/kentaro/mid360-simulation/install/champ_gazebo/share/champ_gazebo/cmake/ament_cmake_export_dependencies-extras.cmake
[0.173s] -- Up-to-date symlink: /home/kentaro/mid360-simulation/install/champ_gazebo/share/champ_gazebo/cmake/champ_gazeboConfig.cmake
[0.173s] -- Up-to-date symlink: /home/kentaro/mid360-simulation/install/champ_gazebo/share/champ_gazebo/cmake/champ_gazeboConfig-version.cmake
[0.174s] -- Up-to-date symlink: /home/kentaro/mid360-simulation/install/champ_gazebo/share/champ_gazebo/package.xml
[0.192s] Invoked command in '/home/kentaro/mid360-simulation/build/champ_gazebo' returned '0': AMENT_PREFIX_PATH=/home/kentaro/mid360-simulation/install/champ_msgs:/home/kentaro/mid360-simulation/install/champ:${AMENT_PREFIX_PATH} CMAKE_PREFIX_PATH=/home/kentaro/mid360-simulation/install/champ_msgs:/home/kentaro/mid360-simulation/install/champ:/opt/ros/humble LD_LIBRARY_PATH=/home/kentaro/mid360-simulation/install/champ_msgs/lib:${LD_LIBRARY_PATH} PYTHONPATH=/home/kentaro/mid360-simulation/install/champ_msgs/local/lib/python3.10/dist-packages:${PYTHONPATH} /usr/bin/cmake --install /home/kentaro/mid360-simulation/build/champ_gazebo
