[0.033s] Invoking command in '/home/kentaro/mid360-simulation/build/champ_navigation': CMAKE_PREFIX_PATH=${CMAKE_PREFIX_PATH}:/opt/ros/humble /usr/bin/cmake /home/kentaro/mid360-simulation/src/unitree-go2-ros2/champ/champ_navigation -DROS_EDITION=ROS2 -DHUMBLE=ON -DHUMBLE_ROS=humble -DAMENT_CMAKE_SYMLINK_INSTALL=1 -DCMAKE_INSTALL_PREFIX=/home/kentaro/mid360-simulation/install/champ_navigation
[0.051s] -- Found ament_cmake: 1.3.12 (/opt/ros/humble/share/ament_cmake/cmake)
[0.271s] -- Override CMake install command with custom implementation using symlinks instead of copying resources
[0.470s] -- Configuring done
[0.480s] -- Generating done
[0.480s] -- Build files have been written to: /home/kentaro/mid360-simulation/build/champ_navigation
[0.481s] [33mCMake Warning:
[0.481s]   Manually-specified variables were not used by the project:
[0.481s] 
[0.481s]     HUMBLE
[0.481s]     HUMBLE_ROS
[0.483s]     ROS_EDITION
[0.484s] 
[0.484s] [0m
[0.489s] Invoked command in '/home/kentaro/mid360-simulation/build/champ_navigation' returned '0': CMAKE_PREFIX_PATH=${CMAKE_PREFIX_PATH}:/opt/ros/humble /usr/bin/cmake /home/kentaro/mid360-simulation/src/unitree-go2-ros2/champ/champ_navigation -DROS_EDITION=ROS2 -DHUMBLE=ON -DHUMBLE_ROS=humble -DAMENT_CMAKE_SYMLINK_INSTALL=1 -DCMAKE_INSTALL_PREFIX=/home/kentaro/mid360-simulation/install/champ_navigation
[0.491s] Invoking command in '/home/kentaro/mid360-simulation/build/champ_navigation': CMAKE_PREFIX_PATH=${CMAKE_PREFIX_PATH}:/opt/ros/humble /usr/bin/cmake --build /home/kentaro/mid360-simulation/build/champ_navigation -- -j8 -l8
[0.582s] Invoked command in '/home/kentaro/mid360-simulation/build/champ_navigation' returned '0': CMAKE_PREFIX_PATH=${CMAKE_PREFIX_PATH}:/opt/ros/humble /usr/bin/cmake --build /home/kentaro/mid360-simulation/build/champ_navigation -- -j8 -l8
[0.583s] Invoking command in '/home/kentaro/mid360-simulation/build/champ_navigation': CMAKE_PREFIX_PATH=${CMAKE_PREFIX_PATH}:/opt/ros/humble /usr/bin/cmake --install /home/kentaro/mid360-simulation/build/champ_navigation
[0.602s] -- Install configuration: ""
[0.602s] -- Execute custom install script
[0.602s] -- Up-to-date symlink: /home/kentaro/mid360-simulation/install/champ_navigation/share/champ_navigation/launch/navigate.launch.py
[0.602s] -- Up-to-date symlink: /home/kentaro/mid360-simulation/install/champ_navigation/share/champ_navigation/launch/slam.launch.py
[0.602s] -- Up-to-date symlink: /home/kentaro/mid360-simulation/install/champ_navigation/share/champ_navigation/rviz/navigation.rviz
[0.602s] -- Up-to-date symlink: /home/kentaro/mid360-simulation/install/champ_navigation/share/champ_navigation/rviz/navigation_minimal.rviz
[0.602s] -- Up-to-date symlink: /home/kentaro/mid360-simulation/install/champ_navigation/share/champ_navigation/rviz/slam.rviz
[0.603s] -- Up-to-date symlink: /home/kentaro/mid360-simulation/install/champ_navigation/share/ament_index/resource_index/package_run_dependencies/champ_navigation
[0.603s] -- Up-to-date symlink: /home/kentaro/mid360-simulation/install/champ_navigation/share/ament_index/resource_index/parent_prefix_path/champ_navigation
[0.603s] -- Up-to-date symlink: /home/kentaro/mid360-simulation/install/champ_navigation/share/champ_navigation/environment/ament_prefix_path.sh
[0.603s] -- Up-to-date symlink: /home/kentaro/mid360-simulation/install/champ_navigation/share/champ_navigation/environment/ament_prefix_path.dsv
[0.603s] -- Up-to-date symlink: /home/kentaro/mid360-simulation/install/champ_navigation/share/champ_navigation/environment/path.sh
[0.603s] -- Up-to-date symlink: /home/kentaro/mid360-simulation/install/champ_navigation/share/champ_navigation/environment/path.dsv
[0.603s] -- Up-to-date symlink: /home/kentaro/mid360-simulation/install/champ_navigation/share/champ_navigation/local_setup.bash
[0.603s] -- Up-to-date symlink: /home/kentaro/mid360-simulation/install/champ_navigation/share/champ_navigation/local_setup.sh
[0.603s] -- Up-to-date symlink: /home/kentaro/mid360-simulation/install/champ_navigation/share/champ_navigation/local_setup.zsh
[0.604s] -- Up-to-date symlink: /home/kentaro/mid360-simulation/install/champ_navigation/share/champ_navigation/local_setup.dsv
[0.604s] -- Symlinking: /home/kentaro/mid360-simulation/install/champ_navigation/share/champ_navigation/package.dsv
[0.604s] -- Up-to-date symlink: /home/kentaro/mid360-simulation/install/champ_navigation/share/ament_index/resource_index/packages/champ_navigation
[0.604s] -- Up-to-date symlink: /home/kentaro/mid360-simulation/install/champ_navigation/share/champ_navigation/cmake/champ_navigationConfig.cmake
[0.604s] -- Up-to-date symlink: /home/kentaro/mid360-simulation/install/champ_navigation/share/champ_navigation/cmake/champ_navigationConfig-version.cmake
[0.604s] -- Up-to-date symlink: /home/kentaro/mid360-simulation/install/champ_navigation/share/champ_navigation/package.xml
[0.608s] Invoked command in '/home/kentaro/mid360-simulation/build/champ_navigation' returned '0': CMAKE_PREFIX_PATH=${CMAKE_PREFIX_PATH}:/opt/ros/humble /usr/bin/cmake --install /home/kentaro/mid360-simulation/build/champ_navigation
