[0.012s] Invoking command in '/home/kentaro/mid360-simulation/build/champ_base': AMENT_PREFIX_PATH=/home/kentaro/mid360-simulation/install/champ_msgs:/home/kentaro/mid360-simulation/install/champ:${AMENT_PREFIX_PATH} CMAKE_PREFIX_PATH=/home/kentaro/mid360-simulation/install/champ_msgs:/home/kentaro/mid360-simulation/install/champ:/opt/ros/humble LD_LIBRARY_PATH=/home/kentaro/mid360-simulation/install/champ_msgs/lib:${LD_LIBRARY_PATH} PYTHONPATH=/home/kentaro/mid360-simulation/install/champ_msgs/local/lib/python3.10/dist-packages:${PYTHONPATH} /usr/bin/cmake /home/kentaro/mid360-simulation/src/unitree-go2-ros2/champ/champ_base -DAMENT_CMAKE_SYMLINK_INSTALL=1 -DCMAKE_INSTALL_PREFIX=/home/kentaro/mid360-simulation/install/champ_base
[0.027s] -- Found ament_cmake: 1.3.12 (/opt/ros/humble/share/ament_cmake/cmake)
[0.159s] -- Override CMake install command with custom implementation using symlinks instead of copying resources
[0.167s] -- Found rclcpp: 16.0.15 (/opt/ros/humble/share/rclcpp/cmake)
[0.195s] -- Found rosidl_generator_c: 3.1.7 (/opt/ros/humble/share/rosidl_generator_c/cmake)
[0.198s] -- Found rosidl_adapter: 3.1.7 (/opt/ros/humble/share/rosidl_adapter/cmake)
[0.204s] -- Found rosidl_generator_cpp: 3.1.7 (/opt/ros/humble/share/rosidl_generator_cpp/cmake)
[0.214s] -- Using all available rosidl_typesupport_c: rosidl_typesupport_fastrtps_c;rosidl_typesupport_introspection_c
[0.228s] -- Using all available rosidl_typesupport_cpp: rosidl_typesupport_fastrtps_cpp;rosidl_typesupport_introspection_cpp
[0.262s] -- Found rmw_implementation_cmake: 6.1.2 (/opt/ros/humble/share/rmw_implementation_cmake/cmake)
[0.263s] -- Found rmw_fastrtps_cpp: 6.2.9 (/opt/ros/humble/share/rmw_fastrtps_cpp/cmake)
[0.368s] -- Using RMW implementation 'rmw_fastrtps_cpp' as default
[0.424s] -- Found rclpy: 3.3.17 (/opt/ros/humble/share/rclpy/cmake)
[0.425s] -- Found champ_msgs: 0.1.0 (/home/kentaro/mid360-simulation/install/champ_msgs/share/champ_msgs/cmake)
[0.456s] -- Found visualization_msgs: 4.9.0 (/opt/ros/humble/share/visualization_msgs/cmake)
[0.500s] -- Found trajectory_msgs: 4.9.0 (/opt/ros/humble/share/trajectory_msgs/cmake)
[0.522s] -- Found nav_msgs: 4.9.0 (/opt/ros/humble/share/nav_msgs/cmake)
[0.543s] -- Found tf2_ros: 0.25.16 (/opt/ros/humble/share/tf2_ros/cmake)
[0.640s] -- Found urdf: 2.6.1 (/opt/ros/humble/share/urdf/cmake)
[0.658s] -- Found champ: 0.1.0 (/home/kentaro/mid360-simulation/install/champ/share/champ/cmake)
[0.757s] -- Configuring done
[0.811s] -- Generating done
[0.837s] -- Build files have been written to: /home/kentaro/mid360-simulation/build/champ_base
[0.849s] Invoked command in '/home/kentaro/mid360-simulation/build/champ_base' returned '0': AMENT_PREFIX_PATH=/home/kentaro/mid360-simulation/install/champ_msgs:/home/kentaro/mid360-simulation/install/champ:${AMENT_PREFIX_PATH} CMAKE_PREFIX_PATH=/home/kentaro/mid360-simulation/install/champ_msgs:/home/kentaro/mid360-simulation/install/champ:/opt/ros/humble LD_LIBRARY_PATH=/home/kentaro/mid360-simulation/install/champ_msgs/lib:${LD_LIBRARY_PATH} PYTHONPATH=/home/kentaro/mid360-simulation/install/champ_msgs/local/lib/python3.10/dist-packages:${PYTHONPATH} /usr/bin/cmake /home/kentaro/mid360-simulation/src/unitree-go2-ros2/champ/champ_base -DAMENT_CMAKE_SYMLINK_INSTALL=1 -DCMAKE_INSTALL_PREFIX=/home/kentaro/mid360-simulation/install/champ_base
[0.850s] Invoking command in '/home/kentaro/mid360-simulation/build/champ_base': AMENT_PREFIX_PATH=/home/kentaro/mid360-simulation/install/champ_msgs:/home/kentaro/mid360-simulation/install/champ:${AMENT_PREFIX_PATH} CMAKE_PREFIX_PATH=/home/kentaro/mid360-simulation/install/champ_msgs:/home/kentaro/mid360-simulation/install/champ:/opt/ros/humble LD_LIBRARY_PATH=/home/kentaro/mid360-simulation/install/champ_msgs/lib:${LD_LIBRARY_PATH} PYTHONPATH=/home/kentaro/mid360-simulation/install/champ_msgs/local/lib/python3.10/dist-packages:${PYTHONPATH} /usr/bin/cmake --build /home/kentaro/mid360-simulation/build/champ_base -- -j8 -l8
[0.888s] [35m[1mConsolidate compiler generated dependencies of target state_estimation[0m
[0.889s] [35m[1mConsolidate compiler generated dependencies of target quadruped_controller[0m
[0.889s] [35m[1mConsolidate compiler generated dependencies of target message_relay[0m
[0.912s] [ 41%] Built target message_relay
[0.913s] [ 41%] Built target quadruped_controller
[0.913s] [ 50%] Built target state_estimation
[0.923s] [35m[1mConsolidate compiler generated dependencies of target quadruped_controller_node[0m
[0.923s] [35m[1mConsolidate compiler generated dependencies of target message_relay_node[0m
[0.923s] [35m[1mConsolidate compiler generated dependencies of target state_estimation_node[0m
[0.939s] [ 66%] Built target quadruped_controller_node
[0.940s] [100%] Built target state_estimation_node
[0.940s] [100%] Built target message_relay_node
[0.950s] Invoked command in '/home/kentaro/mid360-simulation/build/champ_base' returned '0': AMENT_PREFIX_PATH=/home/kentaro/mid360-simulation/install/champ_msgs:/home/kentaro/mid360-simulation/install/champ:${AMENT_PREFIX_PATH} CMAKE_PREFIX_PATH=/home/kentaro/mid360-simulation/install/champ_msgs:/home/kentaro/mid360-simulation/install/champ:/opt/ros/humble LD_LIBRARY_PATH=/home/kentaro/mid360-simulation/install/champ_msgs/lib:${LD_LIBRARY_PATH} PYTHONPATH=/home/kentaro/mid360-simulation/install/champ_msgs/local/lib/python3.10/dist-packages:${PYTHONPATH} /usr/bin/cmake --build /home/kentaro/mid360-simulation/build/champ_base -- -j8 -l8
[0.952s] Invoking command in '/home/kentaro/mid360-simulation/build/champ_base': AMENT_PREFIX_PATH=/home/kentaro/mid360-simulation/install/champ_msgs:/home/kentaro/mid360-simulation/install/champ:${AMENT_PREFIX_PATH} CMAKE_PREFIX_PATH=/home/kentaro/mid360-simulation/install/champ_msgs:/home/kentaro/mid360-simulation/install/champ:/opt/ros/humble LD_LIBRARY_PATH=/home/kentaro/mid360-simulation/install/champ_msgs/lib:${LD_LIBRARY_PATH} PYTHONPATH=/home/kentaro/mid360-simulation/install/champ_msgs/local/lib/python3.10/dist-packages:${PYTHONPATH} /usr/bin/cmake --install /home/kentaro/mid360-simulation/build/champ_base
[0.958s] -- Install configuration: ""
[0.958s] -- Execute custom install script
[0.959s] -- Up-to-date symlink: /home/kentaro/mid360-simulation/install/champ_base/share/champ_base/config/ekf/base_to_footprint.yaml
[0.959s] -- Up-to-date symlink: /home/kentaro/mid360-simulation/install/champ_base/share/champ_base/config/ekf/footprint_to_odom.yaml
[0.959s] -- Up-to-date symlink: /home/kentaro/mid360-simulation/install/champ_base/share/champ_base/config/velocity_smoother/velocity_smoother.yaml
[0.960s] -- Up-to-date symlink: /home/kentaro/mid360-simulation/install/champ_base/lib/libquadruped_controller.so
[0.960s] -- Up-to-date symlink: /home/kentaro/mid360-simulation/install/champ_base/bin/quadruped_controller_node
[0.960s] -- Up-to-date symlink: /home/kentaro/mid360-simulation/install/champ_base/lib/libmessage_relay.so
[0.960s] -- Up-to-date symlink: /home/kentaro/mid360-simulation/install/champ_base/bin/message_relay_node
[0.961s] -- Up-to-date symlink: /home/kentaro/mid360-simulation/install/champ_base/lib/libstate_estimation.so
[0.961s] -- Up-to-date symlink: /home/kentaro/mid360-simulation/install/champ_base/bin/state_estimation_node
[0.961s] -- Up-to-date symlink: /home/kentaro/mid360-simulation/install/champ_base/lib/champ_base/quadruped_controller_node
[0.961s] -- Up-to-date symlink: /home/kentaro/mid360-simulation/install/champ_base/lib/champ_base/message_relay_node
[0.961s] -- Up-to-date symlink: /home/kentaro/mid360-simulation/install/champ_base/lib/champ_base/state_estimation_node
[0.962s] -- Up-to-date symlink: /home/kentaro/mid360-simulation/install/champ_base/share/ament_index/resource_index/package_run_dependencies/champ_base
[0.962s] -- Up-to-date symlink: /home/kentaro/mid360-simulation/install/champ_base/share/ament_index/resource_index/parent_prefix_path/champ_base
[0.963s] -- Up-to-date symlink: /home/kentaro/mid360-simulation/install/champ_base/share/champ_base/environment/ament_prefix_path.sh
[0.963s] -- Up-to-date symlink: /home/kentaro/mid360-simulation/install/champ_base/share/champ_base/environment/ament_prefix_path.dsv
[0.963s] -- Up-to-date symlink: /home/kentaro/mid360-simulation/install/champ_base/share/champ_base/environment/path.sh
[0.964s] -- Up-to-date symlink: /home/kentaro/mid360-simulation/install/champ_base/share/champ_base/environment/path.dsv
[0.964s] -- Up-to-date symlink: /home/kentaro/mid360-simulation/install/champ_base/share/champ_base/local_setup.bash
[0.964s] -- Up-to-date symlink: /home/kentaro/mid360-simulation/install/champ_base/share/champ_base/local_setup.sh
[0.965s] -- Up-to-date symlink: /home/kentaro/mid360-simulation/install/champ_base/share/champ_base/local_setup.zsh
[0.965s] -- Up-to-date symlink: /home/kentaro/mid360-simulation/install/champ_base/share/champ_base/local_setup.dsv
[0.965s] -- Symlinking: /home/kentaro/mid360-simulation/install/champ_base/share/champ_base/package.dsv
[0.974s] -- Up-to-date symlink: /home/kentaro/mid360-simulation/install/champ_base/share/ament_index/resource_index/packages/champ_base
[0.974s] -- Up-to-date symlink: /home/kentaro/mid360-simulation/install/champ_base/share/champ_base/cmake/ament_cmake_export_include_directories-extras.cmake
[0.974s] -- Up-to-date symlink: /home/kentaro/mid360-simulation/install/champ_base/share/champ_base/cmake/ament_cmake_export_dependencies-extras.cmake
[0.974s] -- Up-to-date symlink: /home/kentaro/mid360-simulation/install/champ_base/share/champ_base/cmake/champ_baseConfig.cmake
[0.974s] -- Up-to-date symlink: /home/kentaro/mid360-simulation/install/champ_base/share/champ_base/cmake/champ_baseConfig-version.cmake
[0.974s] -- Up-to-date symlink: /home/kentaro/mid360-simulation/install/champ_base/share/champ_base/package.xml
[0.977s] Invoked command in '/home/kentaro/mid360-simulation/build/champ_base' returned '0': AMENT_PREFIX_PATH=/home/kentaro/mid360-simulation/install/champ_msgs:/home/kentaro/mid360-simulation/install/champ:${AMENT_PREFIX_PATH} CMAKE_PREFIX_PATH=/home/kentaro/mid360-simulation/install/champ_msgs:/home/kentaro/mid360-simulation/install/champ:/opt/ros/humble LD_LIBRARY_PATH=/home/kentaro/mid360-simulation/install/champ_msgs/lib:${LD_LIBRARY_PATH} PYTHONPATH=/home/kentaro/mid360-simulation/install/champ_msgs/local/lib/python3.10/dist-packages:${PYTHONPATH} /usr/bin/cmake --install /home/kentaro/mid360-simulation/build/champ_base
