[0.105s] Invoking command in '/home/kentaro/mid360-simulation/build/livox_ros_driver2': CMAKE_PREFIX_PATH=${CMAKE_PREFIX_PATH}:/opt/ros/humble /usr/bin/cmake --build /home/kentaro/mid360-simulation/build/livox_ros_driver2 -- -j8 -l8
[0.486s] [  1%] Built target livox_interfaces2__cpp
[0.495s] [  1%] Built target ament_cmake_python_symlink_livox_ros_driver2
[0.512s] [  5%] Built target livox_ros_driver2_node
[0.581s] [ 12%] Built target livox_interfaces2__rosidl_generator_c
[0.636s] [ 19%] Built target livox_interfaces2__rosidl_typesupport_cpp
[0.674s] [ 26%] Built target livox_interfaces2__rosidl_typesupport_introspection_cpp
[0.730s] [ 33%] Built target livox_interfaces2__rosidl_typesupport_fastrtps_cpp
[0.734s] [ 40%] Built target livox_interfaces2__rosidl_typesupport_introspection_c
[0.755s] [ 47%] Built target livox_interfaces2__rosidl_typesupport_c
[0.762s] [ 54%] Built target livox_interfaces2__rosidl_typesupport_fastrtps_c
[0.896s] [ 54%] Built target livox_interfaces2
[0.954s] [ 82%] Built target livox_ros_driver2
[0.980s] [ 84%] Built target livox_interfaces2__py
[1.096s] [ 89%] Built target livox_interfaces2__rosidl_generator_py
[1.255s] [ 92%] Built target livox_ros_driver2__rosidl_typesupport_introspection_c__pyext
[1.256s] [ 96%] Built target livox_ros_driver2__rosidl_typesupport_fastrtps_c__pyext
[1.263s] [100%] Built target livox_ros_driver2__rosidl_typesupport_c__pyext
[2.000s] running egg_info
[2.003s] writing livox_ros_driver2.egg-info/PKG-INFO
[2.004s] writing dependency_links to livox_ros_driver2.egg-info/dependency_links.txt
[2.006s] writing top-level names to livox_ros_driver2.egg-info/top_level.txt
[2.016s] reading manifest file 'livox_ros_driver2.egg-info/SOURCES.txt'
[2.019s] writing manifest file 'livox_ros_driver2.egg-info/SOURCES.txt'
[2.125s] [100%] Built target ament_cmake_python_build_livox_ros_driver2_egg
[2.165s] Invoked command in '/home/kentaro/mid360-simulation/build/livox_ros_driver2' returned '0': CMAKE_PREFIX_PATH=${CMAKE_PREFIX_PATH}:/opt/ros/humble /usr/bin/cmake --build /home/kentaro/mid360-simulation/build/livox_ros_driver2 -- -j8 -l8
[2.180s] Invoking command in '/home/kentaro/mid360-simulation/build/livox_ros_driver2': CMAKE_PREFIX_PATH=${CMAKE_PREFIX_PATH}:/opt/ros/humble /usr/bin/cmake --install /home/kentaro/mid360-simulation/build/livox_ros_driver2
[2.201s] -- Install configuration: ""
[2.203s] -- Execute custom install script
[2.204s] -- Up-to-date symlink: /home/kentaro/mid360-simulation/install/livox_ros_driver2/share/ament_index/resource_index/rosidl_interfaces/livox_ros_driver2
[2.207s] -- Up-to-date symlink: /home/kentaro/mid360-simulation/install/livox_ros_driver2/include/livox_ros_driver2/livox_ros_driver2/msg/custom_msg.h
[2.207s] -- Up-to-date symlink: /home/kentaro/mid360-simulation/install/livox_ros_driver2/include/livox_ros_driver2/livox_ros_driver2/msg/custom_point.h
[2.208s] -- Up-to-date symlink: /home/kentaro/mid360-simulation/install/livox_ros_driver2/include/livox_ros_driver2/livox_ros_driver2/msg/detail/custom_msg__functions.h
[2.208s] -- Up-to-date symlink: /home/kentaro/mid360-simulation/install/livox_ros_driver2/include/livox_ros_driver2/livox_ros_driver2/msg/detail/custom_msg__struct.h
[2.210s] -- Up-to-date symlink: /home/kentaro/mid360-simulation/install/livox_ros_driver2/include/livox_ros_driver2/livox_ros_driver2/msg/detail/custom_msg__type_support.h
[2.210s] -- Up-to-date symlink: /home/kentaro/mid360-simulation/install/livox_ros_driver2/include/livox_ros_driver2/livox_ros_driver2/msg/detail/custom_point__functions.h
[2.210s] -- Up-to-date symlink: /home/kentaro/mid360-simulation/install/livox_ros_driver2/include/livox_ros_driver2/livox_ros_driver2/msg/detail/custom_point__struct.h
[2.211s] -- Up-to-date symlink: /home/kentaro/mid360-simulation/install/livox_ros_driver2/include/livox_ros_driver2/livox_ros_driver2/msg/detail/custom_point__type_support.h
[2.211s] -- Up-to-date symlink: /home/kentaro/mid360-simulation/install/livox_ros_driver2/include/livox_ros_driver2/livox_ros_driver2/msg/rosidl_generator_c__visibility_control.h
[2.212s] -- Up-to-date symlink: /home/kentaro/mid360-simulation/install/livox_ros_driver2/share/livox_ros_driver2/environment/library_path.sh
[2.213s] -- Up-to-date symlink: /home/kentaro/mid360-simulation/install/livox_ros_driver2/share/livox_ros_driver2/environment/library_path.dsv
[2.213s] -- Up-to-date symlink: /home/kentaro/mid360-simulation/install/livox_ros_driver2/include/livox_ros_driver2/livox_ros_driver2/msg/detail/custom_msg__rosidl_typesupport_fastrtps_c.h
[2.214s] -- Up-to-date symlink: /home/kentaro/mid360-simulation/install/livox_ros_driver2/include/livox_ros_driver2/livox_ros_driver2/msg/detail/custom_point__rosidl_typesupport_fastrtps_c.h
[2.215s] -- Up-to-date symlink: /home/kentaro/mid360-simulation/install/livox_ros_driver2/include/livox_ros_driver2/livox_ros_driver2/msg/rosidl_typesupport_fastrtps_c__visibility_control.h
[2.215s] -- Up-to-date symlink: /home/kentaro/mid360-simulation/install/livox_ros_driver2/include/livox_ros_driver2/livox_ros_driver2/msg/detail/custom_msg__rosidl_typesupport_introspection_c.h
[2.216s] -- Up-to-date symlink: /home/kentaro/mid360-simulation/install/livox_ros_driver2/include/livox_ros_driver2/livox_ros_driver2/msg/detail/custom_point__rosidl_typesupport_introspection_c.h
[2.216s] -- Up-to-date symlink: /home/kentaro/mid360-simulation/install/livox_ros_driver2/include/livox_ros_driver2/livox_ros_driver2/msg/rosidl_typesupport_introspection_c__visibility_control.h
[2.216s] -- Up-to-date symlink: /home/kentaro/mid360-simulation/install/livox_ros_driver2/include/livox_ros_driver2/livox_ros_driver2/msg/custom_msg.hpp
[2.217s] -- Up-to-date symlink: /home/kentaro/mid360-simulation/install/livox_ros_driver2/include/livox_ros_driver2/livox_ros_driver2/msg/custom_point.hpp
[2.217s] -- Up-to-date symlink: /home/kentaro/mid360-simulation/install/livox_ros_driver2/include/livox_ros_driver2/livox_ros_driver2/msg/detail/custom_msg__builder.hpp
[2.218s] -- Up-to-date symlink: /home/kentaro/mid360-simulation/install/livox_ros_driver2/include/livox_ros_driver2/livox_ros_driver2/msg/detail/custom_msg__struct.hpp
[2.218s] -- Up-to-date symlink: /home/kentaro/mid360-simulation/install/livox_ros_driver2/include/livox_ros_driver2/livox_ros_driver2/msg/detail/custom_msg__traits.hpp
[2.218s] -- Up-to-date symlink: /home/kentaro/mid360-simulation/install/livox_ros_driver2/include/livox_ros_driver2/livox_ros_driver2/msg/detail/custom_msg__type_support.hpp
[2.219s] -- Up-to-date symlink: /home/kentaro/mid360-simulation/install/livox_ros_driver2/include/livox_ros_driver2/livox_ros_driver2/msg/detail/custom_point__builder.hpp
[2.219s] -- Up-to-date symlink: /home/kentaro/mid360-simulation/install/livox_ros_driver2/include/livox_ros_driver2/livox_ros_driver2/msg/detail/custom_point__struct.hpp
[2.219s] -- Up-to-date symlink: /home/kentaro/mid360-simulation/install/livox_ros_driver2/include/livox_ros_driver2/livox_ros_driver2/msg/detail/custom_point__traits.hpp
[2.219s] -- Up-to-date symlink: /home/kentaro/mid360-simulation/install/livox_ros_driver2/include/livox_ros_driver2/livox_ros_driver2/msg/detail/custom_point__type_support.hpp
[2.220s] -- Up-to-date symlink: /home/kentaro/mid360-simulation/install/livox_ros_driver2/include/livox_ros_driver2/livox_ros_driver2/msg/rosidl_generator_cpp__visibility_control.hpp
[2.221s] -- Up-to-date symlink: /home/kentaro/mid360-simulation/install/livox_ros_driver2/include/livox_ros_driver2/livox_ros_driver2/msg/detail/custom_msg__rosidl_typesupport_fastrtps_cpp.hpp
[2.221s] -- Up-to-date symlink: /home/kentaro/mid360-simulation/install/livox_ros_driver2/include/livox_ros_driver2/livox_ros_driver2/msg/detail/custom_point__rosidl_typesupport_fastrtps_cpp.hpp
[2.222s] -- Up-to-date symlink: /home/kentaro/mid360-simulation/install/livox_ros_driver2/include/livox_ros_driver2/livox_ros_driver2/msg/rosidl_typesupport_fastrtps_cpp__visibility_control.h
[2.223s] -- Up-to-date symlink: /home/kentaro/mid360-simulation/install/livox_ros_driver2/include/livox_ros_driver2/livox_ros_driver2/msg/detail/custom_msg__rosidl_typesupport_introspection_cpp.hpp
[2.223s] -- Up-to-date symlink: /home/kentaro/mid360-simulation/install/livox_ros_driver2/include/livox_ros_driver2/livox_ros_driver2/msg/detail/custom_point__rosidl_typesupport_introspection_cpp.hpp
[2.224s] -- Up-to-date symlink: /home/kentaro/mid360-simulation/install/livox_ros_driver2/share/livox_ros_driver2/environment/pythonpath.sh
[2.225s] -- Up-to-date symlink: /home/kentaro/mid360-simulation/install/livox_ros_driver2/share/livox_ros_driver2/environment/pythonpath.dsv
[2.226s] -- Up-to-date symlink: /home/kentaro/mid360-simulation/install/livox_ros_driver2/local/lib/python3.10/dist-packages/livox_ros_driver2-1.0.0-py3.10.egg-info/PKG-INFO
[2.227s] -- Up-to-date symlink: /home/kentaro/mid360-simulation/install/livox_ros_driver2/local/lib/python3.10/dist-packages/livox_ros_driver2-1.0.0-py3.10.egg-info/SOURCES.txt
[2.228s] -- Up-to-date symlink: /home/kentaro/mid360-simulation/install/livox_ros_driver2/local/lib/python3.10/dist-packages/livox_ros_driver2-1.0.0-py3.10.egg-info/dependency_links.txt
[2.228s] -- Up-to-date symlink: /home/kentaro/mid360-simulation/install/livox_ros_driver2/local/lib/python3.10/dist-packages/livox_ros_driver2-1.0.0-py3.10.egg-info/top_level.txt
[2.231s] -- Up-to-date symlink: /home/kentaro/mid360-simulation/install/livox_ros_driver2/local/lib/python3.10/dist-packages/livox_ros_driver2/__init__.py
[2.232s] -- Up-to-date symlink: /home/kentaro/mid360-simulation/install/livox_ros_driver2/local/lib/python3.10/dist-packages/livox_ros_driver2/_livox_ros_driver2_s.ep.rosidl_typesupport_c.c
[2.233s] -- Up-to-date symlink: /home/kentaro/mid360-simulation/install/livox_ros_driver2/local/lib/python3.10/dist-packages/livox_ros_driver2/_livox_ros_driver2_s.ep.rosidl_typesupport_fastrtps_c.c
[2.233s] -- Up-to-date symlink: /home/kentaro/mid360-simulation/install/livox_ros_driver2/local/lib/python3.10/dist-packages/livox_ros_driver2/_livox_ros_driver2_s.ep.rosidl_typesupport_introspection_c.c
[2.234s] -- Up-to-date symlink: /home/kentaro/mid360-simulation/install/livox_ros_driver2/local/lib/python3.10/dist-packages/livox_ros_driver2/liblivox_interfaces2__rosidl_generator_py.so
[2.235s] -- Up-to-date symlink: /home/kentaro/mid360-simulation/install/livox_ros_driver2/local/lib/python3.10/dist-packages/livox_ros_driver2/livox_ros_driver2_s__rosidl_typesupport_c.cpython-310-x86_64-linux-gnu.so
[2.235s] -- Up-to-date symlink: /home/kentaro/mid360-simulation/install/livox_ros_driver2/local/lib/python3.10/dist-packages/livox_ros_driver2/livox_ros_driver2_s__rosidl_typesupport_fastrtps_c.cpython-310-x86_64-linux-gnu.so
[2.236s] -- Up-to-date symlink: /home/kentaro/mid360-simulation/install/livox_ros_driver2/local/lib/python3.10/dist-packages/livox_ros_driver2/livox_ros_driver2_s__rosidl_typesupport_introspection_c.cpython-310-x86_64-linux-gnu.so
[2.237s] -- Up-to-date symlink: /home/kentaro/mid360-simulation/install/livox_ros_driver2/local/lib/python3.10/dist-packages/livox_ros_driver2/msg/__init__.py
[2.237s] -- Up-to-date symlink: /home/kentaro/mid360-simulation/install/livox_ros_driver2/local/lib/python3.10/dist-packages/livox_ros_driver2/msg/_custom_msg.py
[2.238s] -- Up-to-date symlink: /home/kentaro/mid360-simulation/install/livox_ros_driver2/local/lib/python3.10/dist-packages/livox_ros_driver2/msg/_custom_msg_s.c
[2.238s] -- Up-to-date symlink: /home/kentaro/mid360-simulation/install/livox_ros_driver2/local/lib/python3.10/dist-packages/livox_ros_driver2/msg/_custom_point.py
[2.239s] -- Up-to-date symlink: /home/kentaro/mid360-simulation/install/livox_ros_driver2/local/lib/python3.10/dist-packages/livox_ros_driver2/msg/_custom_point_s.c
[2.239s] -- Up-to-date symlink: /home/kentaro/mid360-simulation/install/livox_ros_driver2/local/lib/python3.10/dist-packages/livox_ros_driver2/livox_ros_driver2_s__rosidl_typesupport_fastrtps_c.cpython-310-x86_64-linux-gnu.so
[2.240s] -- Up-to-date symlink: /home/kentaro/mid360-simulation/install/livox_ros_driver2/local/lib/python3.10/dist-packages/livox_ros_driver2/livox_ros_driver2_s__rosidl_typesupport_introspection_c.cpython-310-x86_64-linux-gnu.so
[2.240s] -- Up-to-date symlink: /home/kentaro/mid360-simulation/install/livox_ros_driver2/local/lib/python3.10/dist-packages/livox_ros_driver2/livox_ros_driver2_s__rosidl_typesupport_c.cpython-310-x86_64-linux-gnu.so
[2.241s] -- Up-to-date symlink: /home/kentaro/mid360-simulation/install/livox_ros_driver2/share/livox_ros_driver2/msg/CustomPoint.idl
[2.242s] -- Up-to-date symlink: /home/kentaro/mid360-simulation/install/livox_ros_driver2/share/livox_ros_driver2/msg/CustomMsg.idl
[2.242s] -- Up-to-date symlink: /home/kentaro/mid360-simulation/install/livox_ros_driver2/share/livox_ros_driver2/msg/CustomPoint.msg
[2.243s] -- Up-to-date symlink: /home/kentaro/mid360-simulation/install/livox_ros_driver2/share/livox_ros_driver2/msg/CustomMsg.msg
[2.244s] -- Up-to-date symlink: /home/kentaro/mid360-simulation/install/livox_ros_driver2/lib/livox_ros_driver2/livox_ros_driver2_node
[2.244s] -- Up-to-date symlink: /home/kentaro/mid360-simulation/install/livox_ros_driver2/lib/liblivox_ros_driver2.so
[2.247s] -- Up-to-date symlink: /home/kentaro/mid360-simulation/install/livox_ros_driver2/share/livox_ros_driver2/config/HAP_config.json
[2.247s] -- Up-to-date symlink: /home/kentaro/mid360-simulation/install/livox_ros_driver2/share/livox_ros_driver2/config/MID360_config.json
[2.248s] -- Up-to-date symlink: /home/kentaro/mid360-simulation/install/livox_ros_driver2/share/livox_ros_driver2/config/display_point_cloud_ROS1.rviz
[2.248s] -- Up-to-date symlink: /home/kentaro/mid360-simulation/install/livox_ros_driver2/share/livox_ros_driver2/config/display_point_cloud_ROS2.rviz
[2.249s] -- Up-to-date symlink: /home/kentaro/mid360-simulation/install/livox_ros_driver2/share/livox_ros_driver2/config/mixed_HAP_MID360_config.json
[2.250s] -- Up-to-date symlink: /home/kentaro/mid360-simulation/install/livox_ros_driver2/share/livox_ros_driver2/launch_ROS2/msg_HAP_launch.py
[2.250s] -- Up-to-date symlink: /home/kentaro/mid360-simulation/install/livox_ros_driver2/share/livox_ros_driver2/launch_ROS2/msg_MID360_launch.py
[2.252s] -- Up-to-date symlink: /home/kentaro/mid360-simulation/install/livox_ros_driver2/share/livox_ros_driver2/launch_ROS2/rviz_HAP_launch.py
[2.252s] -- Up-to-date symlink: /home/kentaro/mid360-simulation/install/livox_ros_driver2/share/livox_ros_driver2/launch_ROS2/rviz_MID360_launch.py
[2.253s] -- Up-to-date symlink: /home/kentaro/mid360-simulation/install/livox_ros_driver2/share/livox_ros_driver2/launch_ROS2/rviz_mixed.py
[2.253s] -- Up-to-date symlink: /home/kentaro/mid360-simulation/install/livox_ros_driver2/share/ament_index/resource_index/package_run_dependencies/livox_ros_driver2
[2.254s] -- Up-to-date symlink: /home/kentaro/mid360-simulation/install/livox_ros_driver2/share/ament_index/resource_index/parent_prefix_path/livox_ros_driver2
[2.254s] -- Up-to-date symlink: /home/kentaro/mid360-simulation/install/livox_ros_driver2/share/livox_ros_driver2/environment/ament_prefix_path.sh
[2.255s] -- Up-to-date symlink: /home/kentaro/mid360-simulation/install/livox_ros_driver2/share/livox_ros_driver2/environment/ament_prefix_path.dsv
[2.255s] -- Up-to-date symlink: /home/kentaro/mid360-simulation/install/livox_ros_driver2/share/livox_ros_driver2/environment/path.sh
[2.256s] -- Up-to-date symlink: /home/kentaro/mid360-simulation/install/livox_ros_driver2/share/livox_ros_driver2/environment/path.dsv
[2.259s] -- Up-to-date symlink: /home/kentaro/mid360-simulation/install/livox_ros_driver2/share/livox_ros_driver2/local_setup.bash
[2.259s] -- Up-to-date symlink: /home/kentaro/mid360-simulation/install/livox_ros_driver2/share/livox_ros_driver2/local_setup.sh
[2.260s] -- Up-to-date symlink: /home/kentaro/mid360-simulation/install/livox_ros_driver2/share/livox_ros_driver2/local_setup.zsh
[2.261s] -- Up-to-date symlink: /home/kentaro/mid360-simulation/install/livox_ros_driver2/share/livox_ros_driver2/local_setup.dsv
[2.261s] -- Symlinking: /home/kentaro/mid360-simulation/install/livox_ros_driver2/share/livox_ros_driver2/package.dsv
[2.290s] -- Up-to-date symlink: /home/kentaro/mid360-simulation/install/livox_ros_driver2/share/ament_index/resource_index/packages/livox_ros_driver2
[2.290s] -- Up-to-date symlink: /home/kentaro/mid360-simulation/install/livox_ros_driver2/share/ament_index/resource_index/rclcpp_components/livox_ros_driver2
[2.291s] -- Up-to-date symlink: /home/kentaro/mid360-simulation/install/livox_ros_driver2/share/livox_ros_driver2/cmake/rosidl_cmake-extras.cmake
[2.291s] -- Up-to-date symlink: /home/kentaro/mid360-simulation/install/livox_ros_driver2/share/livox_ros_driver2/cmake/ament_cmake_export_dependencies-extras.cmake
[2.292s] -- Up-to-date symlink: /home/kentaro/mid360-simulation/install/livox_ros_driver2/share/livox_ros_driver2/cmake/ament_cmake_export_include_directories-extras.cmake
[2.293s] -- Up-to-date symlink: /home/kentaro/mid360-simulation/install/livox_ros_driver2/share/livox_ros_driver2/cmake/ament_cmake_export_libraries-extras.cmake
[2.294s] -- Up-to-date symlink: /home/kentaro/mid360-simulation/install/livox_ros_driver2/share/livox_ros_driver2/cmake/ament_cmake_export_targets-extras.cmake
[2.295s] -- Up-to-date symlink: /home/kentaro/mid360-simulation/install/livox_ros_driver2/share/livox_ros_driver2/cmake/rosidl_cmake_export_typesupport_targets-extras.cmake
[2.295s] -- Up-to-date symlink: /home/kentaro/mid360-simulation/install/livox_ros_driver2/share/livox_ros_driver2/cmake/rosidl_cmake_export_typesupport_libraries-extras.cmake
[2.296s] -- Up-to-date symlink: /home/kentaro/mid360-simulation/install/livox_ros_driver2/share/livox_ros_driver2/cmake/livox_ros_driver2Config.cmake
[2.297s] -- Up-to-date symlink: /home/kentaro/mid360-simulation/install/livox_ros_driver2/share/livox_ros_driver2/cmake/livox_ros_driver2Config-version.cmake
[2.299s] -- Up-to-date symlink: /home/kentaro/mid360-simulation/install/livox_ros_driver2/share/livox_ros_driver2/package.xml
[2.300s] -- Up-to-date: /home/kentaro/mid360-simulation/install/livox_ros_driver2/lib/liblivox_ros_driver2__rosidl_generator_c.so
[2.300s] -- Up-to-date: /home/kentaro/mid360-simulation/install/livox_ros_driver2/lib/liblivox_ros_driver2__rosidl_typesupport_fastrtps_c.so
[2.301s] -- Up-to-date: /home/kentaro/mid360-simulation/install/livox_ros_driver2/lib/liblivox_ros_driver2__rosidl_typesupport_introspection_c.so
[2.301s] -- Up-to-date: /home/kentaro/mid360-simulation/install/livox_ros_driver2/lib/liblivox_ros_driver2__rosidl_typesupport_c.so
[2.302s] -- Up-to-date: /home/kentaro/mid360-simulation/install/livox_ros_driver2/lib/liblivox_ros_driver2__rosidl_typesupport_fastrtps_cpp.so
[2.303s] -- Up-to-date: /home/kentaro/mid360-simulation/install/livox_ros_driver2/lib/liblivox_ros_driver2__rosidl_typesupport_introspection_cpp.so
[2.305s] -- Up-to-date: /home/kentaro/mid360-simulation/install/livox_ros_driver2/lib/liblivox_ros_driver2__rosidl_typesupport_cpp.so
[2.423s] Listing '/home/kentaro/mid360-simulation/install/livox_ros_driver2/local/lib/python3.10/dist-packages/livox_ros_driver2'...
[2.424s] Listing '/home/kentaro/mid360-simulation/install/livox_ros_driver2/local/lib/python3.10/dist-packages/livox_ros_driver2/msg'...
[2.442s] -- Up-to-date: /home/kentaro/mid360-simulation/install/livox_ros_driver2/lib/liblivox_interfaces2__rosidl_generator_py.so
[2.443s] -- Up-to-date: /home/kentaro/mid360-simulation/install/livox_ros_driver2/share/livox_ros_driver2/cmake/export_livox_interfaces2__rosidl_generator_cExport.cmake
[2.443s] -- Up-to-date: /home/kentaro/mid360-simulation/install/livox_ros_driver2/share/livox_ros_driver2/cmake/export_livox_interfaces2__rosidl_generator_cExport-noconfig.cmake
[2.443s] -- Up-to-date: /home/kentaro/mid360-simulation/install/livox_ros_driver2/share/livox_ros_driver2/cmake/export_livox_interfaces2__rosidl_typesupport_fastrtps_cExport.cmake
[2.444s] -- Up-to-date: /home/kentaro/mid360-simulation/install/livox_ros_driver2/share/livox_ros_driver2/cmake/export_livox_interfaces2__rosidl_typesupport_fastrtps_cExport-noconfig.cmake
[2.444s] -- Up-to-date: /home/kentaro/mid360-simulation/install/livox_ros_driver2/share/livox_ros_driver2/cmake/livox_interfaces2__rosidl_typesupport_introspection_cExport.cmake
[2.444s] -- Up-to-date: /home/kentaro/mid360-simulation/install/livox_ros_driver2/share/livox_ros_driver2/cmake/livox_interfaces2__rosidl_typesupport_introspection_cExport-noconfig.cmake
[2.446s] -- Up-to-date: /home/kentaro/mid360-simulation/install/livox_ros_driver2/share/livox_ros_driver2/cmake/livox_interfaces2__rosidl_typesupport_cExport.cmake
[2.446s] -- Up-to-date: /home/kentaro/mid360-simulation/install/livox_ros_driver2/share/livox_ros_driver2/cmake/livox_interfaces2__rosidl_typesupport_cExport-noconfig.cmake
[2.446s] -- Up-to-date: /home/kentaro/mid360-simulation/install/livox_ros_driver2/share/livox_ros_driver2/cmake/export_livox_interfaces2__rosidl_generator_cppExport.cmake
[2.446s] -- Up-to-date: /home/kentaro/mid360-simulation/install/livox_ros_driver2/share/livox_ros_driver2/cmake/export_livox_interfaces2__rosidl_typesupport_fastrtps_cppExport.cmake
[2.447s] -- Up-to-date: /home/kentaro/mid360-simulation/install/livox_ros_driver2/share/livox_ros_driver2/cmake/export_livox_interfaces2__rosidl_typesupport_fastrtps_cppExport-noconfig.cmake
[2.447s] -- Up-to-date: /home/kentaro/mid360-simulation/install/livox_ros_driver2/share/livox_ros_driver2/cmake/livox_interfaces2__rosidl_typesupport_introspection_cppExport.cmake
[2.447s] -- Up-to-date: /home/kentaro/mid360-simulation/install/livox_ros_driver2/share/livox_ros_driver2/cmake/livox_interfaces2__rosidl_typesupport_introspection_cppExport-noconfig.cmake
[2.447s] -- Up-to-date: /home/kentaro/mid360-simulation/install/livox_ros_driver2/share/livox_ros_driver2/cmake/livox_interfaces2__rosidl_typesupport_cppExport.cmake
[2.448s] -- Up-to-date: /home/kentaro/mid360-simulation/install/livox_ros_driver2/share/livox_ros_driver2/cmake/livox_interfaces2__rosidl_typesupport_cppExport-noconfig.cmake
[2.448s] -- Up-to-date: /home/kentaro/mid360-simulation/install/livox_ros_driver2/share/livox_ros_driver2/cmake/export_livox_interfaces2__rosidl_generator_pyExport.cmake
[2.448s] -- Up-to-date: /home/kentaro/mid360-simulation/install/livox_ros_driver2/share/livox_ros_driver2/cmake/export_livox_interfaces2__rosidl_generator_pyExport-noconfig.cmake
[2.508s] Invoked command in '/home/kentaro/mid360-simulation/build/livox_ros_driver2' returned '0': CMAKE_PREFIX_PATH=${CMAKE_PREFIX_PATH}:/opt/ros/humble /usr/bin/cmake --install /home/kentaro/mid360-simulation/build/livox_ros_driver2
