[0.038s] Invoking command in '/home/kentaro/mid360-simulation/build/champ_bringup': CMAKE_PREFIX_PATH=/home/kentaro/mid360-simulation/install/champ_base:/home/kentaro/mid360-simulation/install/champ_msgs:/home/kentaro/mid360-simulation/install/champ_description:/home/kentaro/mid360-simulation/install/champ:/home/kentaro/mid360-simulation/install/ros2_livox_simulation:/home/kentaro/mid360-simulation/install/livox_ros_driver2:/home/kentaro/mid360-simulation/install/go2_description:/home/kentaro/mid360-simulation/install/go2_config:/home/kentaro/mid360-simulation/install/champ_teleop:/home/kentaro/mid360-simulation/install/champ_navigation:/home/kentaro/mid360-simulation/install/champ_gazebo:/home/kentaro/mid360-simulation/install/champ_bringup:/home/kentaro/mid360-simulation/install/champ_config:/opt/ros/humble LD_LIBRARY_PATH=/home/kentaro/mid360-simulation/install/champ_base/lib:/home/kentaro/mid360-simulation/install/champ_msgs/lib:/home/kentaro/mid360-simulation/install/ros2_livox_simulation/lib:/home/kentaro/mid360-simulation/install/livox_ros_driver2/lib:/usr/lib/x86_64-linux-gnu/gazebo-11/plugins:/opt/ros/humble/opt/rviz_ogre_vendor/lib:/opt/ros/humble/lib/x86_64-linux-gnu:/opt/ros/humble/lib PATH=/home/kentaro/mid360-simulation/install/champ_base/bin:/home/kentaro/mid360-simulation/install/champ_gazebo/bin:/opt/ros/humble/bin:/home/kentaro/.local/bin:/usr/local/sbin:/usr/local/bin:/usr/sbin:/usr/bin:/sbin:/bin:/usr/games:/usr/local/games:/snap/bin:/snap/bin /usr/bin/cmake --build /home/kentaro/mid360-simulation/build/champ_bringup -- -j8 -l8
[0.166s] Built target ament_cmake_python_symlink_champ_bringup
[0.822s] running egg_info
[0.824s] writing champ_bringup.egg-info/PKG-INFO
[0.824s] writing dependency_links to champ_bringup.egg-info/dependency_links.txt
[0.824s] writing top-level names to champ_bringup.egg-info/top_level.txt
[0.829s] reading manifest file 'champ_bringup.egg-info/SOURCES.txt'
[0.832s] writing manifest file 'champ_bringup.egg-info/SOURCES.txt'
[0.885s] Built target ament_cmake_python_build_champ_bringup_egg
[0.907s] Invoked command in '/home/kentaro/mid360-simulation/build/champ_bringup' returned '0': CMAKE_PREFIX_PATH=/home/kentaro/mid360-simulation/install/champ_base:/home/kentaro/mid360-simulation/install/champ_msgs:/home/kentaro/mid360-simulation/install/champ_description:/home/kentaro/mid360-simulation/install/champ:/home/kentaro/mid360-simulation/install/ros2_livox_simulation:/home/kentaro/mid360-simulation/install/livox_ros_driver2:/home/kentaro/mid360-simulation/install/go2_description:/home/kentaro/mid360-simulation/install/go2_config:/home/kentaro/mid360-simulation/install/champ_teleop:/home/kentaro/mid360-simulation/install/champ_navigation:/home/kentaro/mid360-simulation/install/champ_gazebo:/home/kentaro/mid360-simulation/install/champ_bringup:/home/kentaro/mid360-simulation/install/champ_config:/opt/ros/humble LD_LIBRARY_PATH=/home/kentaro/mid360-simulation/install/champ_base/lib:/home/kentaro/mid360-simulation/install/champ_msgs/lib:/home/kentaro/mid360-simulation/install/ros2_livox_simulation/lib:/home/kentaro/mid360-simulation/install/livox_ros_driver2/lib:/usr/lib/x86_64-linux-gnu/gazebo-11/plugins:/opt/ros/humble/opt/rviz_ogre_vendor/lib:/opt/ros/humble/lib/x86_64-linux-gnu:/opt/ros/humble/lib PATH=/home/kentaro/mid360-simulation/install/champ_base/bin:/home/kentaro/mid360-simulation/install/champ_gazebo/bin:/opt/ros/humble/bin:/home/kentaro/.local/bin:/usr/local/sbin:/usr/local/bin:/usr/sbin:/usr/bin:/sbin:/bin:/usr/games:/usr/local/games:/snap/bin:/snap/bin /usr/bin/cmake --build /home/kentaro/mid360-simulation/build/champ_bringup -- -j8 -l8
[0.910s] Invoking command in '/home/kentaro/mid360-simulation/build/champ_bringup': CMAKE_PREFIX_PATH=/home/kentaro/mid360-simulation/install/champ_base:/home/kentaro/mid360-simulation/install/champ_msgs:/home/kentaro/mid360-simulation/install/champ_description:/home/kentaro/mid360-simulation/install/champ:/home/kentaro/mid360-simulation/install/ros2_livox_simulation:/home/kentaro/mid360-simulation/install/livox_ros_driver2:/home/kentaro/mid360-simulation/install/go2_description:/home/kentaro/mid360-simulation/install/go2_config:/home/kentaro/mid360-simulation/install/champ_teleop:/home/kentaro/mid360-simulation/install/champ_navigation:/home/kentaro/mid360-simulation/install/champ_gazebo:/home/kentaro/mid360-simulation/install/champ_bringup:/home/kentaro/mid360-simulation/install/champ_config:/opt/ros/humble LD_LIBRARY_PATH=/home/kentaro/mid360-simulation/install/champ_base/lib:/home/kentaro/mid360-simulation/install/champ_msgs/lib:/home/kentaro/mid360-simulation/install/ros2_livox_simulation/lib:/home/kentaro/mid360-simulation/install/livox_ros_driver2/lib:/usr/lib/x86_64-linux-gnu/gazebo-11/plugins:/opt/ros/humble/opt/rviz_ogre_vendor/lib:/opt/ros/humble/lib/x86_64-linux-gnu:/opt/ros/humble/lib PATH=/home/kentaro/mid360-simulation/install/champ_base/bin:/home/kentaro/mid360-simulation/install/champ_gazebo/bin:/opt/ros/humble/bin:/home/kentaro/.local/bin:/usr/local/sbin:/usr/local/bin:/usr/sbin:/usr/bin:/sbin:/bin:/usr/games:/usr/local/games:/snap/bin:/snap/bin /usr/bin/cmake --install /home/kentaro/mid360-simulation/build/champ_bringup
[0.926s] -- Install configuration: ""
[0.927s] -- Execute custom install script
[0.928s] -- Up-to-date symlink: /home/kentaro/mid360-simulation/install/champ_bringup/share/champ_bringup/launch/bringup.launch
[0.928s] -- Up-to-date symlink: /home/kentaro/mid360-simulation/install/champ_bringup/share/champ_bringup/launch/bringup.launch.py
[0.928s] -- Up-to-date symlink: /home/kentaro/mid360-simulation/install/champ_bringup/share/champ_bringup/launch/include/laser/d435.launch
[0.929s] -- Up-to-date symlink: /home/kentaro/mid360-simulation/install/champ_bringup/share/champ_bringup/launch/include/laser/hokuyo.launch
[0.929s] -- Up-to-date symlink: /home/kentaro/mid360-simulation/install/champ_bringup/share/champ_bringup/launch/include/laser/kinect.launch
[0.929s] -- Up-to-date symlink: /home/kentaro/mid360-simulation/install/champ_bringup/share/champ_bringup/launch/include/laser/lms1xx.launch
[0.930s] -- Up-to-date symlink: /home/kentaro/mid360-simulation/install/champ_bringup/share/champ_bringup/launch/include/laser/realsense.launch
[0.930s] -- Up-to-date symlink: /home/kentaro/mid360-simulation/install/champ_bringup/share/champ_bringup/launch/include/laser/rplidar.launch
[0.930s] -- Up-to-date symlink: /home/kentaro/mid360-simulation/install/champ_bringup/share/champ_bringup/launch/include/laser/sim.launch
[0.931s] -- Up-to-date symlink: /home/kentaro/mid360-simulation/install/champ_bringup/share/champ_bringup/launch/include/laser/sweep.launch
[0.931s] -- Up-to-date symlink: /home/kentaro/mid360-simulation/install/champ_bringup/share/champ_bringup/launch/include/laser/xv11.launch
[0.931s] -- Up-to-date symlink: /home/kentaro/mid360-simulation/install/champ_bringup/share/champ_bringup/launch/include/laser/ydlidar.launch
[0.931s] -- Up-to-date symlink: /home/kentaro/mid360-simulation/install/champ_bringup/share/champ_bringup/launch/include/velocity_smoother.launch
[0.932s] -- Up-to-date symlink: /home/kentaro/mid360-simulation/install/champ_bringup/share/champ_bringup/launch/joints_gui.launch
[0.932s] -- Up-to-date symlink: /home/kentaro/mid360-simulation/install/champ_bringup/share/champ_bringup/launch/joints_gui.launch.py
[0.932s] -- Up-to-date symlink: /home/kentaro/mid360-simulation/install/champ_bringup/share/champ_bringup/environment/pythonpath.sh
[0.932s] -- Up-to-date symlink: /home/kentaro/mid360-simulation/install/champ_bringup/share/champ_bringup/environment/pythonpath.dsv
[0.933s] -- Up-to-date symlink: /home/kentaro/mid360-simulation/install/champ_bringup/local/lib/python3.10/dist-packages/champ_bringup-0.1.0-py3.10.egg-info/PKG-INFO
[0.933s] -- Up-to-date symlink: /home/kentaro/mid360-simulation/install/champ_bringup/local/lib/python3.10/dist-packages/champ_bringup-0.1.0-py3.10.egg-info/SOURCES.txt
[0.933s] -- Up-to-date symlink: /home/kentaro/mid360-simulation/install/champ_bringup/local/lib/python3.10/dist-packages/champ_bringup-0.1.0-py3.10.egg-info/dependency_links.txt
[0.933s] -- Up-to-date symlink: /home/kentaro/mid360-simulation/install/champ_bringup/local/lib/python3.10/dist-packages/champ_bringup-0.1.0-py3.10.egg-info/top_level.txt
[0.934s] -- Up-to-date symlink: /home/kentaro/mid360-simulation/install/champ_bringup/local/lib/python3.10/dist-packages/champ_bringup/__init__.py
[0.934s] -- Up-to-date symlink: /home/kentaro/mid360-simulation/install/champ_bringup/local/lib/python3.10/dist-packages/champ_bringup/joint_calibrator_relay.py
[0.935s] -- Up-to-date symlink: /home/kentaro/mid360-simulation/install/champ_bringup/lib/champ_bringup/joint_calibrator_relay.py
[0.935s] -- Up-to-date symlink: /home/kentaro/mid360-simulation/install/champ_bringup/share/ament_index/resource_index/package_run_dependencies/champ_bringup
[0.935s] -- Up-to-date symlink: /home/kentaro/mid360-simulation/install/champ_bringup/share/ament_index/resource_index/parent_prefix_path/champ_bringup
[0.936s] -- Up-to-date symlink: /home/kentaro/mid360-simulation/install/champ_bringup/share/champ_bringup/environment/ament_prefix_path.sh
[0.936s] -- Up-to-date symlink: /home/kentaro/mid360-simulation/install/champ_bringup/share/champ_bringup/environment/ament_prefix_path.dsv
[0.936s] -- Up-to-date symlink: /home/kentaro/mid360-simulation/install/champ_bringup/share/champ_bringup/environment/path.sh
[0.937s] -- Up-to-date symlink: /home/kentaro/mid360-simulation/install/champ_bringup/share/champ_bringup/environment/path.dsv
[0.937s] -- Up-to-date symlink: /home/kentaro/mid360-simulation/install/champ_bringup/share/champ_bringup/local_setup.bash
[0.937s] -- Up-to-date symlink: /home/kentaro/mid360-simulation/install/champ_bringup/share/champ_bringup/local_setup.sh
[0.938s] -- Up-to-date symlink: /home/kentaro/mid360-simulation/install/champ_bringup/share/champ_bringup/local_setup.zsh
[0.938s] -- Up-to-date symlink: /home/kentaro/mid360-simulation/install/champ_bringup/share/champ_bringup/local_setup.dsv
[0.938s] -- Symlinking: /home/kentaro/mid360-simulation/install/champ_bringup/share/champ_bringup/package.dsv
[0.954s] -- Up-to-date symlink: /home/kentaro/mid360-simulation/install/champ_bringup/share/ament_index/resource_index/packages/champ_bringup
[0.954s] -- Up-to-date symlink: /home/kentaro/mid360-simulation/install/champ_bringup/share/champ_bringup/cmake/champ_bringupConfig.cmake
[0.955s] -- Up-to-date symlink: /home/kentaro/mid360-simulation/install/champ_bringup/share/champ_bringup/cmake/champ_bringupConfig-version.cmake
[0.955s] -- Up-to-date symlink: /home/kentaro/mid360-simulation/install/champ_bringup/share/champ_bringup/package.xml
[1.025s] Listing '/home/kentaro/mid360-simulation/install/champ_bringup/local/lib/python3.10/dist-packages/champ_bringup'...
[1.039s] Invoked command in '/home/kentaro/mid360-simulation/build/champ_bringup' returned '0': CMAKE_PREFIX_PATH=/home/kentaro/mid360-simulation/install/champ_base:/home/kentaro/mid360-simulation/install/champ_msgs:/home/kentaro/mid360-simulation/install/champ_description:/home/kentaro/mid360-simulation/install/champ:/home/kentaro/mid360-simulation/install/ros2_livox_simulation:/home/kentaro/mid360-simulation/install/livox_ros_driver2:/home/kentaro/mid360-simulation/install/go2_description:/home/kentaro/mid360-simulation/install/go2_config:/home/kentaro/mid360-simulation/install/champ_teleop:/home/kentaro/mid360-simulation/install/champ_navigation:/home/kentaro/mid360-simulation/install/champ_gazebo:/home/kentaro/mid360-simulation/install/champ_bringup:/home/kentaro/mid360-simulation/install/champ_config:/opt/ros/humble LD_LIBRARY_PATH=/home/kentaro/mid360-simulation/install/champ_base/lib:/home/kentaro/mid360-simulation/install/champ_msgs/lib:/home/kentaro/mid360-simulation/install/ros2_livox_simulation/lib:/home/kentaro/mid360-simulation/install/livox_ros_driver2/lib:/usr/lib/x86_64-linux-gnu/gazebo-11/plugins:/opt/ros/humble/opt/rviz_ogre_vendor/lib:/opt/ros/humble/lib/x86_64-linux-gnu:/opt/ros/humble/lib PATH=/home/kentaro/mid360-simulation/install/champ_base/bin:/home/kentaro/mid360-simulation/install/champ_gazebo/bin:/opt/ros/humble/bin:/home/kentaro/.local/bin:/usr/local/sbin:/usr/local/bin:/usr/sbin:/usr/bin:/sbin:/bin:/usr/games:/usr/local/games:/snap/bin:/snap/bin /usr/bin/cmake --install /home/kentaro/mid360-simulation/build/champ_bringup
