[0.047s] Invoking command in '/home/kentaro/mid360-simulation/build/champ_gazebo': CMAKE_PREFIX_PATH=/home/kentaro/mid360-simulation/install/champ_msgs:/home/kentaro/mid360-simulation/install/champ:/home/kentaro/mid360-simulation/install/ros2_livox_simulation:/home/kentaro/mid360-simulation/install/livox_ros_driver2:/home/kentaro/mid360-simulation/install/go2_description:/home/kentaro/mid360-simulation/install/go2_config:/home/kentaro/mid360-simulation/install/champ_teleop:/home/kentaro/mid360-simulation/install/champ_navigation:/home/kentaro/mid360-simulation/install/champ_gazebo:/home/kentaro/mid360-simulation/install/champ_bringup:/home/kentaro/mid360-simulation/install/champ_base:/home/kentaro/mid360-simulation/install/champ_description:/home/kentaro/mid360-simulation/install/champ_config:/opt/ros/humble LD_LIBRARY_PATH=/home/kentaro/mid360-simulation/install/champ_msgs/lib:/home/kentaro/mid360-simulation/install/ros2_livox_simulation/lib:/home/kentaro/mid360-simulation/install/livox_ros_driver2/lib:/home/kentaro/mid360-simulation/install/champ_base/lib:/usr/lib/x86_64-linux-gnu/gazebo-11/plugins:/opt/ros/humble/opt/rviz_ogre_vendor/lib:/opt/ros/humble/lib/x86_64-linux-gnu:/opt/ros/humble/lib /usr/bin/cmake --build /home/kentaro/mid360-simulation/build/champ_gazebo -- -j8 -l8
[0.279s] [100%] Built target contact_sensor
[0.316s] Invoked command in '/home/kentaro/mid360-simulation/build/champ_gazebo' returned '0': CMAKE_PREFIX_PATH=/home/kentaro/mid360-simulation/install/champ_msgs:/home/kentaro/mid360-simulation/install/champ:/home/kentaro/mid360-simulation/install/ros2_livox_simulation:/home/kentaro/mid360-simulation/install/livox_ros_driver2:/home/kentaro/mid360-simulation/install/go2_description:/home/kentaro/mid360-simulation/install/go2_config:/home/kentaro/mid360-simulation/install/champ_teleop:/home/kentaro/mid360-simulation/install/champ_navigation:/home/kentaro/mid360-simulation/install/champ_gazebo:/home/kentaro/mid360-simulation/install/champ_bringup:/home/kentaro/mid360-simulation/install/champ_base:/home/kentaro/mid360-simulation/install/champ_description:/home/kentaro/mid360-simulation/install/champ_config:/opt/ros/humble LD_LIBRARY_PATH=/home/kentaro/mid360-simulation/install/champ_msgs/lib:/home/kentaro/mid360-simulation/install/ros2_livox_simulation/lib:/home/kentaro/mid360-simulation/install/livox_ros_driver2/lib:/home/kentaro/mid360-simulation/install/champ_base/lib:/usr/lib/x86_64-linux-gnu/gazebo-11/plugins:/opt/ros/humble/opt/rviz_ogre_vendor/lib:/opt/ros/humble/lib/x86_64-linux-gnu:/opt/ros/humble/lib /usr/bin/cmake --build /home/kentaro/mid360-simulation/build/champ_gazebo -- -j8 -l8
[0.323s] Invoking command in '/home/kentaro/mid360-simulation/build/champ_gazebo': CMAKE_PREFIX_PATH=/home/kentaro/mid360-simulation/install/champ_msgs:/home/kentaro/mid360-simulation/install/champ:/home/kentaro/mid360-simulation/install/ros2_livox_simulation:/home/kentaro/mid360-simulation/install/livox_ros_driver2:/home/kentaro/mid360-simulation/install/go2_description:/home/kentaro/mid360-simulation/install/go2_config:/home/kentaro/mid360-simulation/install/champ_teleop:/home/kentaro/mid360-simulation/install/champ_navigation:/home/kentaro/mid360-simulation/install/champ_gazebo:/home/kentaro/mid360-simulation/install/champ_bringup:/home/kentaro/mid360-simulation/install/champ_base:/home/kentaro/mid360-simulation/install/champ_description:/home/kentaro/mid360-simulation/install/champ_config:/opt/ros/humble LD_LIBRARY_PATH=/home/kentaro/mid360-simulation/install/champ_msgs/lib:/home/kentaro/mid360-simulation/install/ros2_livox_simulation/lib:/home/kentaro/mid360-simulation/install/livox_ros_driver2/lib:/home/kentaro/mid360-simulation/install/champ_base/lib:/usr/lib/x86_64-linux-gnu/gazebo-11/plugins:/opt/ros/humble/opt/rviz_ogre_vendor/lib:/opt/ros/humble/lib/x86_64-linux-gnu:/opt/ros/humble/lib /usr/bin/cmake --install /home/kentaro/mid360-simulation/build/champ_gazebo
[0.345s] -- Install configuration: ""
[0.347s] -- Execute custom install script
[0.348s] -- Up-to-date symlink: /home/kentaro/mid360-simulation/install/champ_gazebo/bin/imu_sensor.py
[0.349s] -- Up-to-date symlink: /home/kentaro/mid360-simulation/install/champ_gazebo/bin/odometry_tf.py
[0.349s] -- Up-to-date symlink: /home/kentaro/mid360-simulation/install/champ_gazebo/bin/odometry.py
[0.350s] -- Up-to-date symlink: /home/kentaro/mid360-simulation/install/champ_gazebo/lib/champ_gazebo/contact_sensor
[0.350s] -- Up-to-date symlink: /home/kentaro/mid360-simulation/install/champ_gazebo/share/champ_gazebo/launch/gazebo.launch
[0.350s] -- Up-to-date symlink: /home/kentaro/mid360-simulation/install/champ_gazebo/share/champ_gazebo/launch/gazebo.launch.py
[0.352s] -- Up-to-date symlink: /home/kentaro/mid360-simulation/install/champ_gazebo/share/champ_gazebo/launch/spawn_robot.launch
[0.353s] -- Up-to-date symlink: /home/kentaro/mid360-simulation/install/champ_gazebo/share/champ_gazebo/launch/spawn_world.launch
[0.356s] -- Up-to-date symlink: /home/kentaro/mid360-simulation/install/champ_gazebo/share/champ_gazebo/config/gazebo.yaml
[0.357s] -- Up-to-date symlink: /home/kentaro/mid360-simulation/install/champ_gazebo/share/champ_gazebo/config/ros_control.yaml
[0.357s] -- Up-to-date symlink: /home/kentaro/mid360-simulation/install/champ_gazebo/share/champ_gazebo/worlds/default.world
[0.358s] -- Up-to-date symlink: /home/kentaro/mid360-simulation/install/champ_gazebo/share/champ_gazebo/worlds/outdoor.world
[0.358s] -- Up-to-date symlink: /home/kentaro/mid360-simulation/install/champ_gazebo/share/champ_gazebo/worlds/playground.world
[0.360s] -- Up-to-date symlink: /home/kentaro/mid360-simulation/install/champ_gazebo/share/ament_index/resource_index/package_run_dependencies/champ_gazebo
[0.360s] -- Up-to-date symlink: /home/kentaro/mid360-simulation/install/champ_gazebo/share/ament_index/resource_index/parent_prefix_path/champ_gazebo
[0.361s] -- Up-to-date symlink: /home/kentaro/mid360-simulation/install/champ_gazebo/share/champ_gazebo/environment/ament_prefix_path.sh
[0.363s] -- Up-to-date symlink: /home/kentaro/mid360-simulation/install/champ_gazebo/share/champ_gazebo/environment/ament_prefix_path.dsv
[0.363s] -- Up-to-date symlink: /home/kentaro/mid360-simulation/install/champ_gazebo/share/champ_gazebo/environment/path.sh
[0.364s] -- Up-to-date symlink: /home/kentaro/mid360-simulation/install/champ_gazebo/share/champ_gazebo/environment/path.dsv
[0.365s] -- Up-to-date symlink: /home/kentaro/mid360-simulation/install/champ_gazebo/share/champ_gazebo/local_setup.bash
[0.366s] -- Up-to-date symlink: /home/kentaro/mid360-simulation/install/champ_gazebo/share/champ_gazebo/local_setup.sh
[0.370s] -- Up-to-date symlink: /home/kentaro/mid360-simulation/install/champ_gazebo/share/champ_gazebo/local_setup.zsh
[0.370s] -- Up-to-date symlink: /home/kentaro/mid360-simulation/install/champ_gazebo/share/champ_gazebo/local_setup.dsv
[0.371s] -- Symlinking: /home/kentaro/mid360-simulation/install/champ_gazebo/share/champ_gazebo/package.dsv
[0.392s] -- Up-to-date symlink: /home/kentaro/mid360-simulation/install/champ_gazebo/share/ament_index/resource_index/packages/champ_gazebo
[0.393s] -- Up-to-date symlink: /home/kentaro/mid360-simulation/install/champ_gazebo/share/champ_gazebo/cmake/ament_cmake_export_include_directories-extras.cmake
[0.393s] -- Up-to-date symlink: /home/kentaro/mid360-simulation/install/champ_gazebo/share/champ_gazebo/cmake/ament_cmake_export_dependencies-extras.cmake
[0.393s] -- Up-to-date symlink: /home/kentaro/mid360-simulation/install/champ_gazebo/share/champ_gazebo/cmake/champ_gazeboConfig.cmake
[0.393s] -- Up-to-date symlink: /home/kentaro/mid360-simulation/install/champ_gazebo/share/champ_gazebo/cmake/champ_gazeboConfig-version.cmake
[0.394s] -- Up-to-date symlink: /home/kentaro/mid360-simulation/install/champ_gazebo/share/champ_gazebo/package.xml
[0.447s] Invoked command in '/home/kentaro/mid360-simulation/build/champ_gazebo' returned '0': CMAKE_PREFIX_PATH=/home/kentaro/mid360-simulation/install/champ_msgs:/home/kentaro/mid360-simulation/install/champ:/home/kentaro/mid360-simulation/install/ros2_livox_simulation:/home/kentaro/mid360-simulation/install/livox_ros_driver2:/home/kentaro/mid360-simulation/install/go2_description:/home/kentaro/mid360-simulation/install/go2_config:/home/kentaro/mid360-simulation/install/champ_teleop:/home/kentaro/mid360-simulation/install/champ_navigation:/home/kentaro/mid360-simulation/install/champ_gazebo:/home/kentaro/mid360-simulation/install/champ_bringup:/home/kentaro/mid360-simulation/install/champ_base:/home/kentaro/mid360-simulation/install/champ_description:/home/kentaro/mid360-simulation/install/champ_config:/opt/ros/humble LD_LIBRARY_PATH=/home/kentaro/mid360-simulation/install/champ_msgs/lib:/home/kentaro/mid360-simulation/install/ros2_livox_simulation/lib:/home/kentaro/mid360-simulation/install/livox_ros_driver2/lib:/home/kentaro/mid360-simulation/install/champ_base/lib:/usr/lib/x86_64-linux-gnu/gazebo-11/plugins:/opt/ros/humble/opt/rviz_ogre_vendor/lib:/opt/ros/humble/lib/x86_64-linux-gnu:/opt/ros/humble/lib /usr/bin/cmake --install /home/kentaro/mid360-simulation/build/champ_gazebo
