[0.034s] Invoking command in '/home/kentaro/mid360-simulation/build/livox_ros_driver2': CMAKE_PREFIX_PATH=${CMAKE_PREFIX_PATH}:/opt/ros/humble /usr/bin/cmake /home/kentaro/mid360-simulation/src/livox_ros_driver2 -DAMENT_CMAKE_SYMLINK_INSTALL=1 -DCMAKE_INSTALL_PREFIX=/home/kentaro/mid360-simulation/install/livox_ros_driver2
[0.123s] -- The C compiler identification is GNU 11.4.0
[0.234s] -- The CXX compiler identification is GNU 11.4.0
[0.252s] -- Detecting C compiler ABI info
[0.357s] -- Detecting C compiler ABI info - done
[0.373s] -- Check for working C compiler: /usr/bin/cc - skipped
[0.374s] -- Detecting C compile features
[0.375s] -- Detecting C compile features - done
[0.379s] -- Detecting CXX compiler ABI info
[0.510s] -- Detecting CXX compiler ABI info - done
[0.521s] -- Check for working CXX compiler: /usr/bin/c++ - skipped
[0.523s] -- Detecting CXX compile features
[0.524s] -- Detecting CXX compile features - done
[0.524s] -- livox_ros_driver2 version: 1.2.4
[0.528s] -- Found ament_cmake_auto: 1.3.12 (/opt/ros/humble/share/ament_cmake_auto/cmake)
[0.805s] -- Found Python3: /usr/bin/python3 (found version "3.10.12") found components: Interpreter 
[0.936s] -- Override CMake install command with custom implementation using symlinks instead of copying resources
[1.127s] -- Using all available rosidl_typesupport_c: rosidl_typesupport_fastrtps_c;rosidl_typesupport_introspection_c
[1.143s] -- Found rosidl_adapter: 3.1.7 (/opt/ros/humble/share/rosidl_adapter/cmake)
[1.215s] -- Using all available rosidl_typesupport_cpp: rosidl_typesupport_fastrtps_cpp;rosidl_typesupport_introspection_cpp
[1.399s] -- Found rmw_implementation_cmake: 6.1.2 (/opt/ros/humble/share/rmw_implementation_cmake/cmake)
[1.406s] -- Found rmw_fastrtps_cpp: 6.2.9 (/opt/ros/humble/share/rmw_fastrtps_cpp/cmake)
[1.558s] -- Found OpenSSL: /usr/lib/x86_64-linux-gnu/libcrypto.so (found version "3.0.2")  
[1.609s] -- Found FastRTPS: /opt/ros/humble/include  
[1.673s] -- Using RMW implementation 'rmw_fastrtps_cpp' as default
[1.686s] -- Looking for pthread.h
[1.770s] -- Looking for pthread.h - found
[1.770s] -- Performing Test CMAKE_HAVE_LIBC_PTHREAD
[1.857s] -- Performing Test CMAKE_HAVE_LIBC_PTHREAD - Success
[1.858s] -- Found Threads: TRUE  
[2.054s] -- Checking for module 'eigen3'
[2.069s] --   Found eigen3, version 3.4.0
[2.104s] -- Found Eigen: /usr/include/eigen3 (Required is at least version "3.1") 
[2.104s] -- Eigen found (include: /usr/include/eigen3, version: 3.4.0)
[2.151s] -- Checking for module 'flann'
[2.167s] --   Found flann, version 1.9.1
[2.212s] -- Found FLANN: /usr/lib/x86_64-linux-gnu/libflann_cpp.so  
[2.212s] -- FLANN found (include: /usr/include, lib: /usr/lib/x86_64-linux-gnu/libflann_cpp.so)
[3.297s] -- Checking for module 'libusb-1.0'
[3.312s] --   Found libusb-1.0, version 1.0.25
[3.349s] -- Found libusb: /usr/lib/x86_64-linux-gnu/libusb-1.0.so  
[3.350s] -- OpenNI found (version: 1.5.4.0, include: /usr/include/ni, lib: /usr/lib/libOpenNI.so;libusb::libusb)
[3.409s] -- OpenNI2 found (version: 2.2.0.33, include: /usr/include/openni2, lib: /usr/lib/x86_64-linux-gnu/libOpenNI2.so;libusb::libusb)
[3.660s] -- Eigen found (include: /usr/include/eigen3, version: 3.4.0)
[3.661s] -- OpenNI found (version: 1.5.4.0, include: /usr/include/ni, lib: /usr/lib/libOpenNI.so;libusb::libusb)
[3.672s] -- OpenNI2 found (version: 2.2.0.33, include: /usr/include/openni2, lib: /usr/lib/x86_64-linux-gnu/libOpenNI2.so;libusb::libusb)
[3.950s] -- Found Qhull version 8.0.2
[4.231s] -- OpenNI found (version: 1.5.4.0, include: /usr/include/ni, lib: /usr/lib/libOpenNI.so;libusb::libusb)
[4.587s] -- Found PCL_COMMON: /usr/lib/x86_64-linux-gnu/libpcl_common.so  
[4.588s] -- Found PCL_KDTREE: /usr/lib/x86_64-linux-gnu/libpcl_kdtree.so  
[4.589s] -- Found PCL_OCTREE: /usr/lib/x86_64-linux-gnu/libpcl_octree.so  
[4.592s] -- Found PCL_SEARCH: /usr/lib/x86_64-linux-gnu/libpcl_search.so  
[4.595s] -- Found PCL_SAMPLE_CONSENSUS: /usr/lib/x86_64-linux-gnu/libpcl_sample_consensus.so  
[4.599s] -- Found PCL_FILTERS: /usr/lib/x86_64-linux-gnu/libpcl_filters.so  
[4.604s] -- Found PCL_2D: /usr/include/pcl-1.12  
[4.604s] -- Found PCL_GEOMETRY: /usr/include/pcl-1.12  
[4.604s] -- Found PCL_IO: /usr/lib/x86_64-linux-gnu/libpcl_io.so  
[4.607s] -- Found PCL_FEATURES: /usr/lib/x86_64-linux-gnu/libpcl_features.so  
[4.610s] -- Found PCL_ML: /usr/lib/x86_64-linux-gnu/libpcl_ml.so  
[4.612s] -- Found PCL_SEGMENTATION: /usr/lib/x86_64-linux-gnu/libpcl_segmentation.so  
[4.615s] -- Found PCL_VISUALIZATION: /usr/lib/x86_64-linux-gnu/libpcl_visualization.so  
[4.618s] -- Found PCL_SURFACE: /usr/lib/x86_64-linux-gnu/libpcl_surface.so  
[4.623s] -- Found PCL_REGISTRATION: /usr/lib/x86_64-linux-gnu/libpcl_registration.so  
[4.627s] -- Found PCL_KEYPOINTS: /usr/lib/x86_64-linux-gnu/libpcl_keypoints.so  
[4.630s] -- Found PCL_TRACKING: /usr/lib/x86_64-linux-gnu/libpcl_tracking.so  
[4.636s] -- Found PCL_RECOGNITION: /usr/lib/x86_64-linux-gnu/libpcl_recognition.so  
[4.637s] -- Found PCL_STEREO: /usr/lib/x86_64-linux-gnu/libpcl_stereo.so  
[4.639s] -- Found PCL_APPS: /usr/lib/x86_64-linux-gnu/libpcl_apps.so  
[4.641s] -- Found PCL_IN_HAND_SCANNER: /usr/include/pcl-1.12  
[4.641s] -- Found PCL_MODELER: /usr/include/pcl-1.12  
[4.642s] -- Found PCL_POINT_CLOUD_EDITOR: /usr/include/pcl-1.12  
[4.646s] -- Found PCL_OUTOFCORE: /usr/lib/x86_64-linux-gnu/libpcl_outofcore.so  
[4.648s] -- Found PCL_PEOPLE: /usr/lib/x86_64-linux-gnu/libpcl_people.so  
[4.727s] -- Found PkgConfig: /usr/bin/pkg-config (found version "0.29.2") 
[4.729s] -- Checking for module 'apr-1'
[4.770s] --   Found apr-1, version 1.7.0
[4.857s] [0m/usr/include/apr-1.0[0m
[4.858s] [0mapr-1[0m
[5.405s] -- Found ament_cmake_ros: 0.10.0 (/opt/ros/humble/share/ament_cmake_ros/cmake)
[6.471s] -- Using all available rosidl_typesupport_c: rosidl_typesupport_fastrtps_c;rosidl_typesupport_introspection_c
[8.354s] -- Using all available rosidl_typesupport_cpp: rosidl_typesupport_fastrtps_cpp;rosidl_typesupport_introspection_cpp
[8.453s] -- Found PythonInterp: /usr/bin/python3 (found suitable version "3.10.12", minimum required is "3.6") 
[8.463s] -- Found python_cmake_module: 0.10.0 (/opt/ros/humble/share/python_cmake_module/cmake)
[8.603s] -- Found PythonLibs: /usr/lib/x86_64-linux-gnu/libpython3.10.so (found suitable version "3.10.12", minimum required is "3.5") 
[8.604s] -- Using PYTHON_EXECUTABLE: /usr/bin/python3
[8.604s] -- Using PYTHON_INCLUDE_DIRS: /usr/include/python3.10
[8.605s] -- Using PYTHON_LIBRARIES: /usr/lib/x86_64-linux-gnu/libpython3.10.so
[8.715s] -- Found PythonExtra: .so  
[9.247s] -- Found ament_lint_auto: 0.12.14 (/opt/ros/humble/share/ament_lint_auto/cmake)
[9.409s] -- Added test 'copyright' to check source files copyright and LICENSE
[9.434s] -- Added test 'cppcheck' to perform static code analysis on C / C++ code
[9.443s] -- Configured cppcheck include dirs: /home/kentaro/mid360-simulation/src/livox_ros_driver2/3rdparty;/home/kentaro/mid360-simulation/src/livox_ros_driver2/src
[9.443s] -- Configured cppcheck exclude dirs and/or files: 
[9.466s] -- Added test 'cpplint' to check C / C++ code against the Google style
[9.466s] -- Configured cpplint exclude dirs and/or files: 
[9.471s] -- Added test 'flake8' to check Python code syntax and style conventions
[9.486s] -- Added test 'lint_cmake' to check CMake code style
[9.492s] -- Added test 'pep257' to check Python code against some of the docstring style conventions in PEP 257
[9.515s] -- Added test 'uncrustify' to check C / C++ code style
[9.515s] -- Configured uncrustify additional arguments: 
[9.520s] -- Added test 'xmllint' to check XML markup files
[9.539s] -- Configuring done
[9.554s] [0mCMake Error: The following variables are used in this project, but they are set to NOTFOUND.
[9.555s] Please set them or make sure they are set and tested correctly in the CMake files:
[9.555s] /home/kentaro/mid360-simulation/src/livox_ros_driver2/LIVOX_INTERFACES_INCLUDE_DIRECTORIES
[9.559s]    used as include directory in directory /home/kentaro/mid360-simulation/src/livox_ros_driver2
[9.559s] [0m
[9.878s] -- Generating done
[9.894s] [0mCMake Generate step failed.  Build files cannot be regenerated correctly.[0m
[9.976s] Invoked command in '/home/kentaro/mid360-simulation/build/livox_ros_driver2' returned '1': CMAKE_PREFIX_PATH=${CMAKE_PREFIX_PATH}:/opt/ros/humble /usr/bin/cmake /home/kentaro/mid360-simulation/src/livox_ros_driver2 -DAMENT_CMAKE_SYMLINK_INSTALL=1 -DCMAKE_INSTALL_PREFIX=/home/kentaro/mid360-simulation/install/livox_ros_driver2
