[0.016s] Invoking command in '/home/kentaro/mid360-simulation/build/champ_bringup': CMAKE_PREFIX_PATH=/home/kentaro/mid360-simulation/install/champ_base:/home/kentaro/mid360-simulation/install/champ_msgs:/home/kentaro/mid360-simulation/install/champ_description:/home/kentaro/mid360-simulation/install/champ:/home/kentaro/mid360-simulation/install/go2_description:/home/kentaro/mid360-simulation/install/go2_config:/home/kentaro/mid360-simulation/install/champ_teleop:/home/kentaro/mid360-simulation/install/champ_navigation:/home/kentaro/mid360-simulation/install/champ_gazebo:/home/kentaro/mid360-simulation/install/champ_bringup:/home/kentaro/mid360-simulation/install/champ_config:/home/kentaro/mid360-simulation/install/ros2_livox_simulation:/home/kentaro/mid360-simulation/install/livox_ros_driver2:/home/kentaro/unitree-go2-ros2/install/go2_description:/home/kentaro/unitree-go2-ros2/install/go2_config:/home/kentaro/unitree-go2-ros2/install/champ_teleop:/home/kentaro/unitree-go2-ros2/install/champ_navigation:/home/kentaro/unitree-go2-ros2/install/champ_gazebo:/home/kentaro/unitree-go2-ros2/install/champ_bringup:/home/kentaro/unitree-go2-ros2/install/champ_base:/home/kentaro/unitree-go2-ros2/install/champ_msgs:/home/kentaro/unitree-go2-ros2/install/champ_description:/home/kentaro/unitree-go2-ros2/install/champ_config:/home/kentaro/unitree-go2-ros2/install/champ:/opt/ros/humble PATH=/home/kentaro/mid360-simulation/install/champ_base/bin:/home/kentaro/mid360-simulation/install/champ_gazebo/bin:/home/kentaro/unitree-go2-ros2/install/champ_gazebo/bin:/home/kentaro/unitree-go2-ros2/install/champ_base/bin:/opt/ros/humble/bin:/home/kentaro/.local/bin:/usr/local/sbin:/usr/local/bin:/usr/sbin:/usr/bin:/sbin:/bin:/usr/games:/usr/local/games:/snap/bin:/snap/bin /usr/bin/cmake --build /home/kentaro/mid360-simulation/build/champ_bringup -- -j8 -l8
[0.068s] Built target ament_cmake_python_symlink_champ_bringup
[0.343s] running egg_info
[0.343s] writing champ_bringup.egg-info/PKG-INFO
[0.344s] writing dependency_links to champ_bringup.egg-info/dependency_links.txt
[0.344s] writing top-level names to champ_bringup.egg-info/top_level.txt
[0.346s] reading manifest file 'champ_bringup.egg-info/SOURCES.txt'
[0.347s] writing manifest file 'champ_bringup.egg-info/SOURCES.txt'
[0.377s] Built target ament_cmake_python_build_champ_bringup_egg
[0.387s] Invoked command in '/home/kentaro/mid360-simulation/build/champ_bringup' returned '0': CMAKE_PREFIX_PATH=/home/kentaro/mid360-simulation/install/champ_base:/home/kentaro/mid360-simulation/install/champ_msgs:/home/kentaro/mid360-simulation/install/champ_description:/home/kentaro/mid360-simulation/install/champ:/home/kentaro/mid360-simulation/install/go2_description:/home/kentaro/mid360-simulation/install/go2_config:/home/kentaro/mid360-simulation/install/champ_teleop:/home/kentaro/mid360-simulation/install/champ_navigation:/home/kentaro/mid360-simulation/install/champ_gazebo:/home/kentaro/mid360-simulation/install/champ_bringup:/home/kentaro/mid360-simulation/install/champ_config:/home/kentaro/mid360-simulation/install/ros2_livox_simulation:/home/kentaro/mid360-simulation/install/livox_ros_driver2:/home/kentaro/unitree-go2-ros2/install/go2_description:/home/kentaro/unitree-go2-ros2/install/go2_config:/home/kentaro/unitree-go2-ros2/install/champ_teleop:/home/kentaro/unitree-go2-ros2/install/champ_navigation:/home/kentaro/unitree-go2-ros2/install/champ_gazebo:/home/kentaro/unitree-go2-ros2/install/champ_bringup:/home/kentaro/unitree-go2-ros2/install/champ_base:/home/kentaro/unitree-go2-ros2/install/champ_msgs:/home/kentaro/unitree-go2-ros2/install/champ_description:/home/kentaro/unitree-go2-ros2/install/champ_config:/home/kentaro/unitree-go2-ros2/install/champ:/opt/ros/humble PATH=/home/kentaro/mid360-simulation/install/champ_base/bin:/home/kentaro/mid360-simulation/install/champ_gazebo/bin:/home/kentaro/unitree-go2-ros2/install/champ_gazebo/bin:/home/kentaro/unitree-go2-ros2/install/champ_base/bin:/opt/ros/humble/bin:/home/kentaro/.local/bin:/usr/local/sbin:/usr/local/bin:/usr/sbin:/usr/bin:/sbin:/bin:/usr/games:/usr/local/games:/snap/bin:/snap/bin /usr/bin/cmake --build /home/kentaro/mid360-simulation/build/champ_bringup -- -j8 -l8
[0.388s] Invoking command in '/home/kentaro/mid360-simulation/build/champ_bringup': CMAKE_PREFIX_PATH=/home/kentaro/mid360-simulation/install/champ_base:/home/kentaro/mid360-simulation/install/champ_msgs:/home/kentaro/mid360-simulation/install/champ_description:/home/kentaro/mid360-simulation/install/champ:/home/kentaro/mid360-simulation/install/go2_description:/home/kentaro/mid360-simulation/install/go2_config:/home/kentaro/mid360-simulation/install/champ_teleop:/home/kentaro/mid360-simulation/install/champ_navigation:/home/kentaro/mid360-simulation/install/champ_gazebo:/home/kentaro/mid360-simulation/install/champ_bringup:/home/kentaro/mid360-simulation/install/champ_config:/home/kentaro/mid360-simulation/install/ros2_livox_simulation:/home/kentaro/mid360-simulation/install/livox_ros_driver2:/home/kentaro/unitree-go2-ros2/install/go2_description:/home/kentaro/unitree-go2-ros2/install/go2_config:/home/kentaro/unitree-go2-ros2/install/champ_teleop:/home/kentaro/unitree-go2-ros2/install/champ_navigation:/home/kentaro/unitree-go2-ros2/install/champ_gazebo:/home/kentaro/unitree-go2-ros2/install/champ_bringup:/home/kentaro/unitree-go2-ros2/install/champ_base:/home/kentaro/unitree-go2-ros2/install/champ_msgs:/home/kentaro/unitree-go2-ros2/install/champ_description:/home/kentaro/unitree-go2-ros2/install/champ_config:/home/kentaro/unitree-go2-ros2/install/champ:/opt/ros/humble PATH=/home/kentaro/mid360-simulation/install/champ_base/bin:/home/kentaro/mid360-simulation/install/champ_gazebo/bin:/home/kentaro/unitree-go2-ros2/install/champ_gazebo/bin:/home/kentaro/unitree-go2-ros2/install/champ_base/bin:/opt/ros/humble/bin:/home/kentaro/.local/bin:/usr/local/sbin:/usr/local/bin:/usr/sbin:/usr/bin:/sbin:/bin:/usr/games:/usr/local/games:/snap/bin:/snap/bin /usr/bin/cmake --install /home/kentaro/mid360-simulation/build/champ_bringup
[0.397s] -- Install configuration: ""
[0.398s] -- Execute custom install script
[0.398s] -- Up-to-date symlink: /home/kentaro/mid360-simulation/install/champ_bringup/share/champ_bringup/launch/bringup.launch
[0.398s] -- Up-to-date symlink: /home/kentaro/mid360-simulation/install/champ_bringup/share/champ_bringup/launch/bringup.launch.py
[0.398s] -- Up-to-date symlink: /home/kentaro/mid360-simulation/install/champ_bringup/share/champ_bringup/launch/include/laser/d435.launch
[0.398s] -- Up-to-date symlink: /home/kentaro/mid360-simulation/install/champ_bringup/share/champ_bringup/launch/include/laser/hokuyo.launch
[0.399s] -- Up-to-date symlink: /home/kentaro/mid360-simulation/install/champ_bringup/share/champ_bringup/launch/include/laser/kinect.launch
[0.399s] -- Up-to-date symlink: /home/kentaro/mid360-simulation/install/champ_bringup/share/champ_bringup/launch/include/laser/lms1xx.launch
[0.399s] -- Up-to-date symlink: /home/kentaro/mid360-simulation/install/champ_bringup/share/champ_bringup/launch/include/laser/realsense.launch
[0.399s] -- Up-to-date symlink: /home/kentaro/mid360-simulation/install/champ_bringup/share/champ_bringup/launch/include/laser/rplidar.launch
[0.399s] -- Up-to-date symlink: /home/kentaro/mid360-simulation/install/champ_bringup/share/champ_bringup/launch/include/laser/sim.launch
[0.399s] -- Up-to-date symlink: /home/kentaro/mid360-simulation/install/champ_bringup/share/champ_bringup/launch/include/laser/sweep.launch
[0.399s] -- Up-to-date symlink: /home/kentaro/mid360-simulation/install/champ_bringup/share/champ_bringup/launch/include/laser/xv11.launch
[0.399s] -- Up-to-date symlink: /home/kentaro/mid360-simulation/install/champ_bringup/share/champ_bringup/launch/include/laser/ydlidar.launch
[0.399s] -- Up-to-date symlink: /home/kentaro/mid360-simulation/install/champ_bringup/share/champ_bringup/launch/include/velocity_smoother.launch
[0.399s] -- Up-to-date symlink: /home/kentaro/mid360-simulation/install/champ_bringup/share/champ_bringup/launch/joints_gui.launch
[0.400s] -- Up-to-date symlink: /home/kentaro/mid360-simulation/install/champ_bringup/share/champ_bringup/launch/joints_gui.launch.py
[0.400s] -- Up-to-date symlink: /home/kentaro/mid360-simulation/install/champ_bringup/share/champ_bringup/environment/pythonpath.sh
[0.400s] -- Up-to-date symlink: /home/kentaro/mid360-simulation/install/champ_bringup/share/champ_bringup/environment/pythonpath.dsv
[0.400s] -- Up-to-date symlink: /home/kentaro/mid360-simulation/install/champ_bringup/local/lib/python3.10/dist-packages/champ_bringup-0.1.0-py3.10.egg-info/PKG-INFO
[0.400s] -- Up-to-date symlink: /home/kentaro/mid360-simulation/install/champ_bringup/local/lib/python3.10/dist-packages/champ_bringup-0.1.0-py3.10.egg-info/SOURCES.txt
[0.400s] -- Up-to-date symlink: /home/kentaro/mid360-simulation/install/champ_bringup/local/lib/python3.10/dist-packages/champ_bringup-0.1.0-py3.10.egg-info/dependency_links.txt
[0.401s] -- Up-to-date symlink: /home/kentaro/mid360-simulation/install/champ_bringup/local/lib/python3.10/dist-packages/champ_bringup-0.1.0-py3.10.egg-info/top_level.txt
[0.401s] -- Up-to-date symlink: /home/kentaro/mid360-simulation/install/champ_bringup/local/lib/python3.10/dist-packages/champ_bringup/__init__.py
[0.401s] -- Up-to-date symlink: /home/kentaro/mid360-simulation/install/champ_bringup/local/lib/python3.10/dist-packages/champ_bringup/joint_calibrator_relay.py
[0.401s] -- Up-to-date symlink: /home/kentaro/mid360-simulation/install/champ_bringup/lib/champ_bringup/joint_calibrator_relay.py
[0.401s] -- Up-to-date symlink: /home/kentaro/mid360-simulation/install/champ_bringup/share/ament_index/resource_index/package_run_dependencies/champ_bringup
[0.402s] -- Up-to-date symlink: /home/kentaro/mid360-simulation/install/champ_bringup/share/ament_index/resource_index/parent_prefix_path/champ_bringup
[0.402s] -- Up-to-date symlink: /home/kentaro/mid360-simulation/install/champ_bringup/share/champ_bringup/environment/ament_prefix_path.sh
[0.402s] -- Up-to-date symlink: /home/kentaro/mid360-simulation/install/champ_bringup/share/champ_bringup/environment/ament_prefix_path.dsv
[0.402s] -- Up-to-date symlink: /home/kentaro/mid360-simulation/install/champ_bringup/share/champ_bringup/environment/path.sh
[0.402s] -- Up-to-date symlink: /home/kentaro/mid360-simulation/install/champ_bringup/share/champ_bringup/environment/path.dsv
[0.402s] -- Up-to-date symlink: /home/kentaro/mid360-simulation/install/champ_bringup/share/champ_bringup/local_setup.bash
[0.402s] -- Up-to-date symlink: /home/kentaro/mid360-simulation/install/champ_bringup/share/champ_bringup/local_setup.sh
[0.403s] -- Up-to-date symlink: /home/kentaro/mid360-simulation/install/champ_bringup/share/champ_bringup/local_setup.zsh
[0.403s] -- Up-to-date symlink: /home/kentaro/mid360-simulation/install/champ_bringup/share/champ_bringup/local_setup.dsv
[0.403s] -- Symlinking: /home/kentaro/mid360-simulation/install/champ_bringup/share/champ_bringup/package.dsv
[0.411s] -- Up-to-date symlink: /home/kentaro/mid360-simulation/install/champ_bringup/share/ament_index/resource_index/packages/champ_bringup
[0.412s] -- Up-to-date symlink: /home/kentaro/mid360-simulation/install/champ_bringup/share/champ_bringup/cmake/champ_bringupConfig.cmake
[0.412s] -- Up-to-date symlink: /home/kentaro/mid360-simulation/install/champ_bringup/share/champ_bringup/cmake/champ_bringupConfig-version.cmake
[0.412s] -- Up-to-date symlink: /home/kentaro/mid360-simulation/install/champ_bringup/share/champ_bringup/package.xml
[0.446s] Listing '/home/kentaro/mid360-simulation/install/champ_bringup/local/lib/python3.10/dist-packages/champ_bringup'...
[0.453s] Invoked command in '/home/kentaro/mid360-simulation/build/champ_bringup' returned '0': CMAKE_PREFIX_PATH=/home/kentaro/mid360-simulation/install/champ_base:/home/kentaro/mid360-simulation/install/champ_msgs:/home/kentaro/mid360-simulation/install/champ_description:/home/kentaro/mid360-simulation/install/champ:/home/kentaro/mid360-simulation/install/go2_description:/home/kentaro/mid360-simulation/install/go2_config:/home/kentaro/mid360-simulation/install/champ_teleop:/home/kentaro/mid360-simulation/install/champ_navigation:/home/kentaro/mid360-simulation/install/champ_gazebo:/home/kentaro/mid360-simulation/install/champ_bringup:/home/kentaro/mid360-simulation/install/champ_config:/home/kentaro/mid360-simulation/install/ros2_livox_simulation:/home/kentaro/mid360-simulation/install/livox_ros_driver2:/home/kentaro/unitree-go2-ros2/install/go2_description:/home/kentaro/unitree-go2-ros2/install/go2_config:/home/kentaro/unitree-go2-ros2/install/champ_teleop:/home/kentaro/unitree-go2-ros2/install/champ_navigation:/home/kentaro/unitree-go2-ros2/install/champ_gazebo:/home/kentaro/unitree-go2-ros2/install/champ_bringup:/home/kentaro/unitree-go2-ros2/install/champ_base:/home/kentaro/unitree-go2-ros2/install/champ_msgs:/home/kentaro/unitree-go2-ros2/install/champ_description:/home/kentaro/unitree-go2-ros2/install/champ_config:/home/kentaro/unitree-go2-ros2/install/champ:/opt/ros/humble PATH=/home/kentaro/mid360-simulation/install/champ_base/bin:/home/kentaro/mid360-simulation/install/champ_gazebo/bin:/home/kentaro/unitree-go2-ros2/install/champ_gazebo/bin:/home/kentaro/unitree-go2-ros2/install/champ_base/bin:/opt/ros/humble/bin:/home/kentaro/.local/bin:/usr/local/sbin:/usr/local/bin:/usr/sbin:/usr/bin:/sbin:/bin:/usr/games:/usr/local/games:/snap/bin:/snap/bin /usr/bin/cmake --install /home/kentaro/mid360-simulation/build/champ_bringup
