[0.030s] Invoking command in '/home/kentaro/mid360-simulation/build/champ_base': AMENT_PREFIX_PATH=/home/kentaro/mid360-simulation/install/champ_msgs:/home/kentaro/mid360-simulation/install/champ:${AMENT_PREFIX_PATH} CMAKE_PREFIX_PATH=/home/kentaro/mid360-simulation/install/champ_msgs:/home/kentaro/mid360-simulation/install/champ:/opt/ros/humble LD_LIBRARY_PATH=/home/kentaro/mid360-simulation/install/champ_msgs/lib:${LD_LIBRARY_PATH} PYTHONPATH=/home/kentaro/mid360-simulation/install/champ_msgs/local/lib/python3.10/dist-packages:${PYTHONPATH} /usr/bin/cmake --build /home/kentaro/mid360-simulation/build/champ_base -- -j8 -l8
[0.091s] [ 16%] Built target quadruped_controller
[0.091s] [ 33%] Built target state_estimation
[0.092s] [ 50%] Built target message_relay
[0.117s] [ 66%] Built target state_estimation_node
[0.121s] [100%] Built target quadruped_controller_node
[0.121s] [100%] Built target message_relay_node
[0.131s] Invoked command in '/home/kentaro/mid360-simulation/build/champ_base' returned '0': AMENT_PREFIX_PATH=/home/kentaro/mid360-simulation/install/champ_msgs:/home/kentaro/mid360-simulation/install/champ:${AMENT_PREFIX_PATH} CMAKE_PREFIX_PATH=/home/kentaro/mid360-simulation/install/champ_msgs:/home/kentaro/mid360-simulation/install/champ:/opt/ros/humble LD_LIBRARY_PATH=/home/kentaro/mid360-simulation/install/champ_msgs/lib:${LD_LIBRARY_PATH} PYTHONPATH=/home/kentaro/mid360-simulation/install/champ_msgs/local/lib/python3.10/dist-packages:${PYTHONPATH} /usr/bin/cmake --build /home/kentaro/mid360-simulation/build/champ_base -- -j8 -l8
[0.133s] Invoking command in '/home/kentaro/mid360-simulation/build/champ_base': AMENT_PREFIX_PATH=/home/kentaro/mid360-simulation/install/champ_msgs:/home/kentaro/mid360-simulation/install/champ:${AMENT_PREFIX_PATH} CMAKE_PREFIX_PATH=/home/kentaro/mid360-simulation/install/champ_msgs:/home/kentaro/mid360-simulation/install/champ:/opt/ros/humble LD_LIBRARY_PATH=/home/kentaro/mid360-simulation/install/champ_msgs/lib:${LD_LIBRARY_PATH} PYTHONPATH=/home/kentaro/mid360-simulation/install/champ_msgs/local/lib/python3.10/dist-packages:${PYTHONPATH} /usr/bin/cmake --install /home/kentaro/mid360-simulation/build/champ_base
[0.139s] -- Install configuration: ""
[0.140s] -- Execute custom install script
[0.141s] -- Up-to-date symlink: /home/kentaro/mid360-simulation/install/champ_base/share/champ_base/config/ekf/base_to_footprint.yaml
[0.141s] -- Up-to-date symlink: /home/kentaro/mid360-simulation/install/champ_base/share/champ_base/config/ekf/footprint_to_odom.yaml
[0.141s] -- Up-to-date symlink: /home/kentaro/mid360-simulation/install/champ_base/share/champ_base/config/velocity_smoother/velocity_smoother.yaml
[0.143s] -- Up-to-date symlink: /home/kentaro/mid360-simulation/install/champ_base/lib/libquadruped_controller.so
[0.143s] -- Up-to-date symlink: /home/kentaro/mid360-simulation/install/champ_base/bin/quadruped_controller_node
[0.143s] -- Up-to-date symlink: /home/kentaro/mid360-simulation/install/champ_base/lib/libmessage_relay.so
[0.143s] -- Up-to-date symlink: /home/kentaro/mid360-simulation/install/champ_base/bin/message_relay_node
[0.143s] -- Up-to-date symlink: /home/kentaro/mid360-simulation/install/champ_base/lib/libstate_estimation.so
[0.144s] -- Up-to-date symlink: /home/kentaro/mid360-simulation/install/champ_base/bin/state_estimation_node
[0.144s] -- Up-to-date symlink: /home/kentaro/mid360-simulation/install/champ_base/lib/champ_base/quadruped_controller_node
[0.144s] -- Up-to-date symlink: /home/kentaro/mid360-simulation/install/champ_base/lib/champ_base/message_relay_node
[0.145s] -- Up-to-date symlink: /home/kentaro/mid360-simulation/install/champ_base/lib/champ_base/state_estimation_node
[0.145s] -- Up-to-date symlink: /home/kentaro/mid360-simulation/install/champ_base/share/ament_index/resource_index/package_run_dependencies/champ_base
[0.145s] -- Up-to-date symlink: /home/kentaro/mid360-simulation/install/champ_base/share/ament_index/resource_index/parent_prefix_path/champ_base
[0.145s] -- Up-to-date symlink: /home/kentaro/mid360-simulation/install/champ_base/share/champ_base/environment/ament_prefix_path.sh
[0.146s] -- Up-to-date symlink: /home/kentaro/mid360-simulation/install/champ_base/share/champ_base/environment/ament_prefix_path.dsv
[0.146s] -- Up-to-date symlink: /home/kentaro/mid360-simulation/install/champ_base/share/champ_base/environment/path.sh
[0.146s] -- Up-to-date symlink: /home/kentaro/mid360-simulation/install/champ_base/share/champ_base/environment/path.dsv
[0.147s] -- Up-to-date symlink: /home/kentaro/mid360-simulation/install/champ_base/share/champ_base/local_setup.bash
[0.147s] -- Up-to-date symlink: /home/kentaro/mid360-simulation/install/champ_base/share/champ_base/local_setup.sh
[0.147s] -- Up-to-date symlink: /home/kentaro/mid360-simulation/install/champ_base/share/champ_base/local_setup.zsh
[0.147s] -- Up-to-date symlink: /home/kentaro/mid360-simulation/install/champ_base/share/champ_base/local_setup.dsv
[0.148s] -- Symlinking: /home/kentaro/mid360-simulation/install/champ_base/share/champ_base/package.dsv
[0.156s] -- Up-to-date symlink: /home/kentaro/mid360-simulation/install/champ_base/share/ament_index/resource_index/packages/champ_base
[0.157s] -- Up-to-date symlink: /home/kentaro/mid360-simulation/install/champ_base/share/champ_base/cmake/ament_cmake_export_include_directories-extras.cmake
[0.157s] -- Up-to-date symlink: /home/kentaro/mid360-simulation/install/champ_base/share/champ_base/cmake/ament_cmake_export_dependencies-extras.cmake
[0.157s] -- Up-to-date symlink: /home/kentaro/mid360-simulation/install/champ_base/share/champ_base/cmake/champ_baseConfig.cmake
[0.157s] -- Up-to-date symlink: /home/kentaro/mid360-simulation/install/champ_base/share/champ_base/cmake/champ_baseConfig-version.cmake
[0.157s] -- Up-to-date symlink: /home/kentaro/mid360-simulation/install/champ_base/share/champ_base/package.xml
[0.160s] Invoked command in '/home/kentaro/mid360-simulation/build/champ_base' returned '0': AMENT_PREFIX_PATH=/home/kentaro/mid360-simulation/install/champ_msgs:/home/kentaro/mid360-simulation/install/champ:${AMENT_PREFIX_PATH} CMAKE_PREFIX_PATH=/home/kentaro/mid360-simulation/install/champ_msgs:/home/kentaro/mid360-simulation/install/champ:/opt/ros/humble LD_LIBRARY_PATH=/home/kentaro/mid360-simulation/install/champ_msgs/lib:${LD_LIBRARY_PATH} PYTHONPATH=/home/kentaro/mid360-simulation/install/champ_msgs/local/lib/python3.10/dist-packages:${PYTHONPATH} /usr/bin/cmake --install /home/kentaro/mid360-simulation/build/champ_base
