[0.113s] Invoking command in '/home/kentaro/mid360-simulation/build/champ_teleop': CMAKE_PREFIX_PATH=${CMAKE_PREFIX_PATH}:/opt/ros/humble /usr/bin/cmake --build /home/kentaro/mid360-simulation/build/champ_teleop -- -j8 -l8
[0.291s] Invoked command in '/home/kentaro/mid360-simulation/build/champ_teleop' returned '0': CMAKE_PREFIX_PATH=${CMAKE_PREFIX_PATH}:/opt/ros/humble /usr/bin/cmake --build /home/kentaro/mid360-simulation/build/champ_teleop -- -j8 -l8
[0.302s] Invoking command in '/home/kentaro/mid360-simulation/build/champ_teleop': CMAKE_PREFIX_PATH=${CMAKE_PREFIX_PATH}:/opt/ros/humble /usr/bin/cmake --install /home/kentaro/mid360-simulation/build/champ_teleop
[0.455s] -- Install configuration: ""
[0.455s] -- Execute custom install script
[0.457s] -- Up-to-date symlink: /home/kentaro/mid360-simulation/install/champ_teleop/share/champ_teleop/launch/teleop.launch.py
[0.457s] -- Up-to-date symlink: /home/kentaro/mid360-simulation/install/champ_teleop/lib/champ_teleop/champ_teleop.py
[0.458s] -- Up-to-date symlink: /home/kentaro/mid360-simulation/install/champ_teleop/share/ament_index/resource_index/package_run_dependencies/champ_teleop
[0.464s] -- Up-to-date symlink: /home/kentaro/mid360-simulation/install/champ_teleop/share/ament_index/resource_index/parent_prefix_path/champ_teleop
[0.465s] -- Up-to-date symlink: /home/kentaro/mid360-simulation/install/champ_teleop/share/champ_teleop/environment/ament_prefix_path.sh
[0.465s] -- Up-to-date symlink: /home/kentaro/mid360-simulation/install/champ_teleop/share/champ_teleop/environment/ament_prefix_path.dsv
[0.465s] -- Up-to-date symlink: /home/kentaro/mid360-simulation/install/champ_teleop/share/champ_teleop/environment/path.sh
[0.466s] -- Up-to-date symlink: /home/kentaro/mid360-simulation/install/champ_teleop/share/champ_teleop/environment/path.dsv
[0.482s] -- Up-to-date symlink: /home/kentaro/mid360-simulation/install/champ_teleop/share/champ_teleop/local_setup.bash
[0.487s] -- Up-to-date symlink: /home/kentaro/mid360-simulation/install/champ_teleop/share/champ_teleop/local_setup.sh
[0.488s] -- Up-to-date symlink: /home/kentaro/mid360-simulation/install/champ_teleop/share/champ_teleop/local_setup.zsh
[0.488s] -- Up-to-date symlink: /home/kentaro/mid360-simulation/install/champ_teleop/share/champ_teleop/local_setup.dsv
[0.488s] -- Symlinking: /home/kentaro/mid360-simulation/install/champ_teleop/share/champ_teleop/package.dsv
[0.509s] -- Up-to-date symlink: /home/kentaro/mid360-simulation/install/champ_teleop/share/ament_index/resource_index/packages/champ_teleop
[0.513s] -- Up-to-date symlink: /home/kentaro/mid360-simulation/install/champ_teleop/share/champ_teleop/cmake/champ_teleopConfig.cmake
[0.513s] -- Up-to-date symlink: /home/kentaro/mid360-simulation/install/champ_teleop/share/champ_teleop/cmake/champ_teleopConfig-version.cmake
[0.520s] -- Up-to-date symlink: /home/kentaro/mid360-simulation/install/champ_teleop/share/champ_teleop/package.xml
[0.540s] Invoked command in '/home/kentaro/mid360-simulation/build/champ_teleop' returned '0': CMAKE_PREFIX_PATH=${CMAKE_PREFIX_PATH}:/opt/ros/humble /usr/bin/cmake --install /home/kentaro/mid360-simulation/build/champ_teleop
