-- Found ament_cmake: 1.3.12 (/opt/ros/humble/share/ament_cmake/cmake)
-- Override CMake install command with custom implementation using symlinks instead of copying resources
-- Found rosidl_default_generators: 1.2.0 (/opt/ros/humble/share/rosidl_default_generators/cmake)
-- Using all available rosidl_typesupport_c: rosidl_typesupport_fastrtps_c;rosidl_typesupport_introspection_c
-- Found rosidl_adapter: 3.1.7 (/opt/ros/humble/share/rosidl_adapter/cmake)
-- Using all available rosidl_typesupport_cpp: rosidl_typesupport_fastrtps_cpp;rosidl_typesupport_introspection_cpp
-- Found std_msgs: 4.9.0 (/opt/ros/humble/share/std_msgs/cmake)
-- Found geometry_msgs: 4.9.0 (/opt/ros/humble/share/geometry_msgs/cmake)
-- Found ament_cmake_ros: 0.10.0 (/opt/ros/humble/share/ament_cmake_ros/cmake)
-- Using all available rosidl_typesupport_c: rosidl_typesupport_fastrtps_c;rosidl_typesupport_introspection_c
-- Using all available rosidl_typesupport_cpp: rosidl_typesupport_fastrtps_cpp;rosidl_typesupport_introspection_cpp
-- Found python_cmake_module: 0.10.0 (/opt/ros/humble/share/python_cmake_module/cmake)
-- Using PYTHON_EXECUTABLE: /usr/bin/python3
-- Using PYTHON_INCLUDE_DIRS: /usr/include/python3.10
-- Using PYTHON_LIBRARIES: /usr/lib/x86_64-linux-gnu/libpython3.10.so
-- Found ament_lint_auto: 0.12.14 (/opt/ros/humble/share/ament_lint_auto/cmake)
-- Configuring done
-- Generating done
[33mCMake Warning:
  Manually-specified variables were not used by the project:

    HUMBLE
    HUMBLE_ROS
    ROS_EDITION

[0m
-- Build files have been written to: /home/kentaro/mid360-simulation/build/champ_msgs
[35m[1mConsolidate compiler generated dependencies of target champ_msgs__rosidl_generator_c[0m
[  1%] Built target champ_msgs__cpp
[ 12%] Built target champ_msgs__rosidl_generator_c
[ 12%] Built target ament_cmake_python_symlink_champ_msgs
[35m[1mConsolidate compiler generated dependencies of target champ_msgs__rosidl_typesupport_cpp[0m
[35m[1mConsolidate compiler generated dependencies of target champ_msgs__rosidl_typesupport_introspection_cpp[0m
[35m[1mConsolidate compiler generated dependencies of target champ_msgs__rosidl_typesupport_fastrtps_cpp[0m
[35m[1mConsolidate compiler generated dependencies of target champ_msgs__rosidl_typesupport_c[0m
[35m[1mConsolidate compiler generated dependencies of target champ_msgs__rosidl_typesupport_introspection_c[0m
[35m[1mConsolidate compiler generated dependencies of target champ_msgs__rosidl_typesupport_fastrtps_c[0m
[ 24%] Built target champ_msgs__rosidl_typesupport_c
[ 35%] Built target champ_msgs__rosidl_typesupport_cpp
[ 62%] Built target champ_msgs__rosidl_typesupport_introspection_c
[ 67%] Built target champ_msgs__rosidl_typesupport_introspection_cpp
[ 70%] Built target champ_msgs__rosidl_typesupport_fastrtps_cpp
[ 82%] Built target champ_msgs__rosidl_typesupport_fastrtps_c
[ 82%] Built target champ_msgs
[ 83%] Built target champ_msgs__py
[35m[1mConsolidate compiler generated dependencies of target champ_msgs__rosidl_generator_py[0m
[ 93%] Built target champ_msgs__rosidl_generator_py
[35m[1mConsolidate compiler generated dependencies of target champ_msgs__rosidl_typesupport_c__pyext[0m
[35m[1mConsolidate compiler generated dependencies of target champ_msgs__rosidl_typesupport_fastrtps_c__pyext[0m
[35m[1mConsolidate compiler generated dependencies of target champ_msgs__rosidl_typesupport_introspection_c__pyext[0m
[100%] Built target champ_msgs__rosidl_typesupport_fastrtps_c__pyext
[100%] Built target champ_msgs__rosidl_typesupport_c__pyext
[100%] Built target champ_msgs__rosidl_typesupport_introspection_c__pyext
running egg_info
writing champ_msgs.egg-info/PKG-INFO
writing dependency_links to champ_msgs.egg-info/dependency_links.txt
writing top-level names to champ_msgs.egg-info/top_level.txt
reading manifest file 'champ_msgs.egg-info/SOURCES.txt'
writing manifest file 'champ_msgs.egg-info/SOURCES.txt'
[100%] Built target ament_cmake_python_build_champ_msgs_egg
-- Install configuration: ""
-- Execute custom install script
-- Symlinking: /home/kentaro/mid360-simulation/install/champ_msgs/share/ament_index/resource_index/rosidl_interfaces/champ_msgs
-- Symlinking: /home/kentaro/mid360-simulation/install/champ_msgs/include/champ_msgs/champ_msgs/msg/contacts.h
-- Symlinking: /home/kentaro/mid360-simulation/install/champ_msgs/include/champ_msgs/champ_msgs/msg/contacts_stamped.h
-- Symlinking: /home/kentaro/mid360-simulation/install/champ_msgs/include/champ_msgs/champ_msgs/msg/detail/contacts__functions.h
-- Symlinking: /home/kentaro/mid360-simulation/install/champ_msgs/include/champ_msgs/champ_msgs/msg/detail/contacts__struct.h
-- Symlinking: /home/kentaro/mid360-simulation/install/champ_msgs/include/champ_msgs/champ_msgs/msg/detail/contacts__type_support.h
-- Symlinking: /home/kentaro/mid360-simulation/install/champ_msgs/include/champ_msgs/champ_msgs/msg/detail/contacts_stamped__functions.h
-- Symlinking: /home/kentaro/mid360-simulation/install/champ_msgs/include/champ_msgs/champ_msgs/msg/detail/contacts_stamped__struct.h
-- Symlinking: /home/kentaro/mid360-simulation/install/champ_msgs/include/champ_msgs/champ_msgs/msg/detail/contacts_stamped__type_support.h
-- Symlinking: /home/kentaro/mid360-simulation/install/champ_msgs/include/champ_msgs/champ_msgs/msg/detail/imu__functions.h
-- Symlinking: /home/kentaro/mid360-simulation/install/champ_msgs/include/champ_msgs/champ_msgs/msg/detail/imu__struct.h
-- Symlinking: /home/kentaro/mid360-simulation/install/champ_msgs/include/champ_msgs/champ_msgs/msg/detail/imu__type_support.h
-- Symlinking: /home/kentaro/mid360-simulation/install/champ_msgs/include/champ_msgs/champ_msgs/msg/detail/joints__functions.h
-- Symlinking: /home/kentaro/mid360-simulation/install/champ_msgs/include/champ_msgs/champ_msgs/msg/detail/joints__struct.h
-- Symlinking: /home/kentaro/mid360-simulation/install/champ_msgs/include/champ_msgs/champ_msgs/msg/detail/joints__type_support.h
-- Symlinking: /home/kentaro/mid360-simulation/install/champ_msgs/include/champ_msgs/champ_msgs/msg/detail/pid__functions.h
-- Symlinking: /home/kentaro/mid360-simulation/install/champ_msgs/include/champ_msgs/champ_msgs/msg/detail/pid__struct.h
-- Symlinking: /home/kentaro/mid360-simulation/install/champ_msgs/include/champ_msgs/champ_msgs/msg/detail/pid__type_support.h
-- Symlinking: /home/kentaro/mid360-simulation/install/champ_msgs/include/champ_msgs/champ_msgs/msg/detail/point__functions.h
-- Symlinking: /home/kentaro/mid360-simulation/install/champ_msgs/include/champ_msgs/champ_msgs/msg/detail/point__struct.h
-- Symlinking: /home/kentaro/mid360-simulation/install/champ_msgs/include/champ_msgs/champ_msgs/msg/detail/point__type_support.h
-- Symlinking: /home/kentaro/mid360-simulation/install/champ_msgs/include/champ_msgs/champ_msgs/msg/detail/point_array__functions.h
-- Symlinking: /home/kentaro/mid360-simulation/install/champ_msgs/include/champ_msgs/champ_msgs/msg/detail/point_array__struct.h
-- Symlinking: /home/kentaro/mid360-simulation/install/champ_msgs/include/champ_msgs/champ_msgs/msg/detail/point_array__type_support.h
-- Symlinking: /home/kentaro/mid360-simulation/install/champ_msgs/include/champ_msgs/champ_msgs/msg/detail/pose__functions.h
-- Symlinking: /home/kentaro/mid360-simulation/install/champ_msgs/include/champ_msgs/champ_msgs/msg/detail/pose__struct.h
-- Symlinking: /home/kentaro/mid360-simulation/install/champ_msgs/include/champ_msgs/champ_msgs/msg/detail/pose__type_support.h
-- Symlinking: /home/kentaro/mid360-simulation/install/champ_msgs/include/champ_msgs/champ_msgs/msg/detail/velocities__functions.h
-- Symlinking: /home/kentaro/mid360-simulation/install/champ_msgs/include/champ_msgs/champ_msgs/msg/detail/velocities__struct.h
-- Symlinking: /home/kentaro/mid360-simulation/install/champ_msgs/include/champ_msgs/champ_msgs/msg/detail/velocities__type_support.h
-- Symlinking: /home/kentaro/mid360-simulation/install/champ_msgs/include/champ_msgs/champ_msgs/msg/imu.h
-- Symlinking: /home/kentaro/mid360-simulation/install/champ_msgs/include/champ_msgs/champ_msgs/msg/joints.h
-- Symlinking: /home/kentaro/mid360-simulation/install/champ_msgs/include/champ_msgs/champ_msgs/msg/pid.h
-- Symlinking: /home/kentaro/mid360-simulation/install/champ_msgs/include/champ_msgs/champ_msgs/msg/point.h
-- Symlinking: /home/kentaro/mid360-simulation/install/champ_msgs/include/champ_msgs/champ_msgs/msg/point_array.h
-- Symlinking: /home/kentaro/mid360-simulation/install/champ_msgs/include/champ_msgs/champ_msgs/msg/pose.h
-- Symlinking: /home/kentaro/mid360-simulation/install/champ_msgs/include/champ_msgs/champ_msgs/msg/rosidl_generator_c__visibility_control.h
-- Symlinking: /home/kentaro/mid360-simulation/install/champ_msgs/include/champ_msgs/champ_msgs/msg/velocities.h
-- Symlinking: /home/kentaro/mid360-simulation/install/champ_msgs/share/champ_msgs/environment/library_path.sh
-- Symlinking: /home/kentaro/mid360-simulation/install/champ_msgs/share/champ_msgs/environment/library_path.dsv
-- Symlinking: /home/kentaro/mid360-simulation/install/champ_msgs/include/champ_msgs/champ_msgs/msg/detail/contacts__rosidl_typesupport_fastrtps_c.h
-- Symlinking: /home/kentaro/mid360-simulation/install/champ_msgs/include/champ_msgs/champ_msgs/msg/detail/contacts_stamped__rosidl_typesupport_fastrtps_c.h
-- Symlinking: /home/kentaro/mid360-simulation/install/champ_msgs/include/champ_msgs/champ_msgs/msg/detail/imu__rosidl_typesupport_fastrtps_c.h
-- Symlinking: /home/kentaro/mid360-simulation/install/champ_msgs/include/champ_msgs/champ_msgs/msg/detail/joints__rosidl_typesupport_fastrtps_c.h
-- Symlinking: /home/kentaro/mid360-simulation/install/champ_msgs/include/champ_msgs/champ_msgs/msg/detail/pid__rosidl_typesupport_fastrtps_c.h
-- Symlinking: /home/kentaro/mid360-simulation/install/champ_msgs/include/champ_msgs/champ_msgs/msg/detail/point__rosidl_typesupport_fastrtps_c.h
-- Symlinking: /home/kentaro/mid360-simulation/install/champ_msgs/include/champ_msgs/champ_msgs/msg/detail/point_array__rosidl_typesupport_fastrtps_c.h
-- Symlinking: /home/kentaro/mid360-simulation/install/champ_msgs/include/champ_msgs/champ_msgs/msg/detail/pose__rosidl_typesupport_fastrtps_c.h
-- Symlinking: /home/kentaro/mid360-simulation/install/champ_msgs/include/champ_msgs/champ_msgs/msg/detail/velocities__rosidl_typesupport_fastrtps_c.h
-- Symlinking: /home/kentaro/mid360-simulation/install/champ_msgs/include/champ_msgs/champ_msgs/msg/rosidl_typesupport_fastrtps_c__visibility_control.h
-- Symlinking: /home/kentaro/mid360-simulation/install/champ_msgs/include/champ_msgs/champ_msgs/msg/detail/contacts__rosidl_typesupport_introspection_c.h
-- Symlinking: /home/kentaro/mid360-simulation/install/champ_msgs/include/champ_msgs/champ_msgs/msg/detail/contacts_stamped__rosidl_typesupport_introspection_c.h
-- Symlinking: /home/kentaro/mid360-simulation/install/champ_msgs/include/champ_msgs/champ_msgs/msg/detail/imu__rosidl_typesupport_introspection_c.h
-- Symlinking: /home/kentaro/mid360-simulation/install/champ_msgs/include/champ_msgs/champ_msgs/msg/detail/joints__rosidl_typesupport_introspection_c.h
-- Symlinking: /home/kentaro/mid360-simulation/install/champ_msgs/include/champ_msgs/champ_msgs/msg/detail/pid__rosidl_typesupport_introspection_c.h
-- Symlinking: /home/kentaro/mid360-simulation/install/champ_msgs/include/champ_msgs/champ_msgs/msg/detail/point__rosidl_typesupport_introspection_c.h
-- Symlinking: /home/kentaro/mid360-simulation/install/champ_msgs/include/champ_msgs/champ_msgs/msg/detail/point_array__rosidl_typesupport_introspection_c.h
-- Symlinking: /home/kentaro/mid360-simulation/install/champ_msgs/include/champ_msgs/champ_msgs/msg/detail/pose__rosidl_typesupport_introspection_c.h
-- Symlinking: /home/kentaro/mid360-simulation/install/champ_msgs/include/champ_msgs/champ_msgs/msg/detail/velocities__rosidl_typesupport_introspection_c.h
-- Symlinking: /home/kentaro/mid360-simulation/install/champ_msgs/include/champ_msgs/champ_msgs/msg/rosidl_typesupport_introspection_c__visibility_control.h
-- Symlinking: /home/kentaro/mid360-simulation/install/champ_msgs/include/champ_msgs/champ_msgs/msg/contacts.hpp
-- Symlinking: /home/kentaro/mid360-simulation/install/champ_msgs/include/champ_msgs/champ_msgs/msg/contacts_stamped.hpp
-- Symlinking: /home/kentaro/mid360-simulation/install/champ_msgs/include/champ_msgs/champ_msgs/msg/detail/contacts__builder.hpp
-- Symlinking: /home/kentaro/mid360-simulation/install/champ_msgs/include/champ_msgs/champ_msgs/msg/detail/contacts__struct.hpp
-- Symlinking: /home/kentaro/mid360-simulation/install/champ_msgs/include/champ_msgs/champ_msgs/msg/detail/contacts__traits.hpp
-- Symlinking: /home/kentaro/mid360-simulation/install/champ_msgs/include/champ_msgs/champ_msgs/msg/detail/contacts__type_support.hpp
-- Symlinking: /home/kentaro/mid360-simulation/install/champ_msgs/include/champ_msgs/champ_msgs/msg/detail/contacts_stamped__builder.hpp
-- Symlinking: /home/kentaro/mid360-simulation/install/champ_msgs/include/champ_msgs/champ_msgs/msg/detail/contacts_stamped__struct.hpp
-- Symlinking: /home/kentaro/mid360-simulation/install/champ_msgs/include/champ_msgs/champ_msgs/msg/detail/contacts_stamped__traits.hpp
-- Symlinking: /home/kentaro/mid360-simulation/install/champ_msgs/include/champ_msgs/champ_msgs/msg/detail/contacts_stamped__type_support.hpp
-- Symlinking: /home/kentaro/mid360-simulation/install/champ_msgs/include/champ_msgs/champ_msgs/msg/detail/imu__builder.hpp
-- Symlinking: /home/kentaro/mid360-simulation/install/champ_msgs/include/champ_msgs/champ_msgs/msg/detail/imu__struct.hpp
-- Symlinking: /home/kentaro/mid360-simulation/install/champ_msgs/include/champ_msgs/champ_msgs/msg/detail/imu__traits.hpp
-- Symlinking: /home/kentaro/mid360-simulation/install/champ_msgs/include/champ_msgs/champ_msgs/msg/detail/imu__type_support.hpp
-- Symlinking: /home/kentaro/mid360-simulation/install/champ_msgs/include/champ_msgs/champ_msgs/msg/detail/joints__builder.hpp
-- Symlinking: /home/kentaro/mid360-simulation/install/champ_msgs/include/champ_msgs/champ_msgs/msg/detail/joints__struct.hpp
-- Symlinking: /home/kentaro/mid360-simulation/install/champ_msgs/include/champ_msgs/champ_msgs/msg/detail/joints__traits.hpp
-- Symlinking: /home/kentaro/mid360-simulation/install/champ_msgs/include/champ_msgs/champ_msgs/msg/detail/joints__type_support.hpp
-- Symlinking: /home/kentaro/mid360-simulation/install/champ_msgs/include/champ_msgs/champ_msgs/msg/detail/pid__builder.hpp
-- Symlinking: /home/kentaro/mid360-simulation/install/champ_msgs/include/champ_msgs/champ_msgs/msg/detail/pid__struct.hpp
-- Symlinking: /home/kentaro/mid360-simulation/install/champ_msgs/include/champ_msgs/champ_msgs/msg/detail/pid__traits.hpp
-- Symlinking: /home/kentaro/mid360-simulation/install/champ_msgs/include/champ_msgs/champ_msgs/msg/detail/pid__type_support.hpp
-- Symlinking: /home/kentaro/mid360-simulation/install/champ_msgs/include/champ_msgs/champ_msgs/msg/detail/point__builder.hpp
-- Symlinking: /home/kentaro/mid360-simulation/install/champ_msgs/include/champ_msgs/champ_msgs/msg/detail/point__struct.hpp
-- Symlinking: /home/kentaro/mid360-simulation/install/champ_msgs/include/champ_msgs/champ_msgs/msg/detail/point__traits.hpp
-- Symlinking: /home/kentaro/mid360-simulation/install/champ_msgs/include/champ_msgs/champ_msgs/msg/detail/point__type_support.hpp
-- Symlinking: /home/kentaro/mid360-simulation/install/champ_msgs/include/champ_msgs/champ_msgs/msg/detail/point_array__builder.hpp
-- Symlinking: /home/kentaro/mid360-simulation/install/champ_msgs/include/champ_msgs/champ_msgs/msg/detail/point_array__struct.hpp
-- Symlinking: /home/kentaro/mid360-simulation/install/champ_msgs/include/champ_msgs/champ_msgs/msg/detail/point_array__traits.hpp
-- Symlinking: /home/kentaro/mid360-simulation/install/champ_msgs/include/champ_msgs/champ_msgs/msg/detail/point_array__type_support.hpp
-- Symlinking: /home/kentaro/mid360-simulation/install/champ_msgs/include/champ_msgs/champ_msgs/msg/detail/pose__builder.hpp
-- Symlinking: /home/kentaro/mid360-simulation/install/champ_msgs/include/champ_msgs/champ_msgs/msg/detail/pose__struct.hpp
-- Symlinking: /home/kentaro/mid360-simulation/install/champ_msgs/include/champ_msgs/champ_msgs/msg/detail/pose__traits.hpp
-- Symlinking: /home/kentaro/mid360-simulation/install/champ_msgs/include/champ_msgs/champ_msgs/msg/detail/pose__type_support.hpp
-- Symlinking: /home/kentaro/mid360-simulation/install/champ_msgs/include/champ_msgs/champ_msgs/msg/detail/velocities__builder.hpp
-- Symlinking: /home/kentaro/mid360-simulation/install/champ_msgs/include/champ_msgs/champ_msgs/msg/detail/velocities__struct.hpp
-- Symlinking: /home/kentaro/mid360-simulation/install/champ_msgs/include/champ_msgs/champ_msgs/msg/detail/velocities__traits.hpp
-- Symlinking: /home/kentaro/mid360-simulation/install/champ_msgs/include/champ_msgs/champ_msgs/msg/detail/velocities__type_support.hpp
-- Symlinking: /home/kentaro/mid360-simulation/install/champ_msgs/include/champ_msgs/champ_msgs/msg/imu.hpp
-- Symlinking: /home/kentaro/mid360-simulation/install/champ_msgs/include/champ_msgs/champ_msgs/msg/joints.hpp
-- Symlinking: /home/kentaro/mid360-simulation/install/champ_msgs/include/champ_msgs/champ_msgs/msg/pid.hpp
-- Symlinking: /home/kentaro/mid360-simulation/install/champ_msgs/include/champ_msgs/champ_msgs/msg/point.hpp
-- Symlinking: /home/kentaro/mid360-simulation/install/champ_msgs/include/champ_msgs/champ_msgs/msg/point_array.hpp
-- Symlinking: /home/kentaro/mid360-simulation/install/champ_msgs/include/champ_msgs/champ_msgs/msg/pose.hpp
-- Symlinking: /home/kentaro/mid360-simulation/install/champ_msgs/include/champ_msgs/champ_msgs/msg/rosidl_generator_cpp__visibility_control.hpp
-- Symlinking: /home/kentaro/mid360-simulation/install/champ_msgs/include/champ_msgs/champ_msgs/msg/velocities.hpp
-- Symlinking: /home/kentaro/mid360-simulation/install/champ_msgs/include/champ_msgs/champ_msgs/msg/detail/contacts__rosidl_typesupport_fastrtps_cpp.hpp
-- Symlinking: /home/kentaro/mid360-simulation/install/champ_msgs/include/champ_msgs/champ_msgs/msg/detail/contacts_stamped__rosidl_typesupport_fastrtps_cpp.hpp
-- Symlinking: /home/kentaro/mid360-simulation/install/champ_msgs/include/champ_msgs/champ_msgs/msg/detail/imu__rosidl_typesupport_fastrtps_cpp.hpp
-- Symlinking: /home/kentaro/mid360-simulation/install/champ_msgs/include/champ_msgs/champ_msgs/msg/detail/joints__rosidl_typesupport_fastrtps_cpp.hpp
-- Symlinking: /home/kentaro/mid360-simulation/install/champ_msgs/include/champ_msgs/champ_msgs/msg/detail/pid__rosidl_typesupport_fastrtps_cpp.hpp
-- Symlinking: /home/kentaro/mid360-simulation/install/champ_msgs/include/champ_msgs/champ_msgs/msg/detail/point__rosidl_typesupport_fastrtps_cpp.hpp
-- Symlinking: /home/kentaro/mid360-simulation/install/champ_msgs/include/champ_msgs/champ_msgs/msg/detail/point_array__rosidl_typesupport_fastrtps_cpp.hpp
-- Symlinking: /home/kentaro/mid360-simulation/install/champ_msgs/include/champ_msgs/champ_msgs/msg/detail/pose__rosidl_typesupport_fastrtps_cpp.hpp
-- Symlinking: /home/kentaro/mid360-simulation/install/champ_msgs/include/champ_msgs/champ_msgs/msg/detail/velocities__rosidl_typesupport_fastrtps_cpp.hpp
-- Symlinking: /home/kentaro/mid360-simulation/install/champ_msgs/include/champ_msgs/champ_msgs/msg/rosidl_typesupport_fastrtps_cpp__visibility_control.h
-- Symlinking: /home/kentaro/mid360-simulation/install/champ_msgs/include/champ_msgs/champ_msgs/msg/detail/contacts__rosidl_typesupport_introspection_cpp.hpp
-- Symlinking: /home/kentaro/mid360-simulation/install/champ_msgs/include/champ_msgs/champ_msgs/msg/detail/contacts_stamped__rosidl_typesupport_introspection_cpp.hpp
-- Symlinking: /home/kentaro/mid360-simulation/install/champ_msgs/include/champ_msgs/champ_msgs/msg/detail/imu__rosidl_typesupport_introspection_cpp.hpp
-- Symlinking: /home/kentaro/mid360-simulation/install/champ_msgs/include/champ_msgs/champ_msgs/msg/detail/joints__rosidl_typesupport_introspection_cpp.hpp
-- Symlinking: /home/kentaro/mid360-simulation/install/champ_msgs/include/champ_msgs/champ_msgs/msg/detail/pid__rosidl_typesupport_introspection_cpp.hpp
-- Symlinking: /home/kentaro/mid360-simulation/install/champ_msgs/include/champ_msgs/champ_msgs/msg/detail/point__rosidl_typesupport_introspection_cpp.hpp
-- Symlinking: /home/kentaro/mid360-simulation/install/champ_msgs/include/champ_msgs/champ_msgs/msg/detail/point_array__rosidl_typesupport_introspection_cpp.hpp
-- Symlinking: /home/kentaro/mid360-simulation/install/champ_msgs/include/champ_msgs/champ_msgs/msg/detail/pose__rosidl_typesupport_introspection_cpp.hpp
-- Symlinking: /home/kentaro/mid360-simulation/install/champ_msgs/include/champ_msgs/champ_msgs/msg/detail/velocities__rosidl_typesupport_introspection_cpp.hpp
-- Symlinking: /home/kentaro/mid360-simulation/install/champ_msgs/share/champ_msgs/environment/pythonpath.sh
-- Symlinking: /home/kentaro/mid360-simulation/install/champ_msgs/share/champ_msgs/environment/pythonpath.dsv
-- Symlinking: /home/kentaro/mid360-simulation/install/champ_msgs/local/lib/python3.10/dist-packages/champ_msgs-0.1.0-py3.10.egg-info/PKG-INFO
-- Symlinking: /home/kentaro/mid360-simulation/install/champ_msgs/local/lib/python3.10/dist-packages/champ_msgs-0.1.0-py3.10.egg-info/SOURCES.txt
-- Symlinking: /home/kentaro/mid360-simulation/install/champ_msgs/local/lib/python3.10/dist-packages/champ_msgs-0.1.0-py3.10.egg-info/dependency_links.txt
-- Symlinking: /home/kentaro/mid360-simulation/install/champ_msgs/local/lib/python3.10/dist-packages/champ_msgs-0.1.0-py3.10.egg-info/top_level.txt
-- Symlinking: /home/kentaro/mid360-simulation/install/champ_msgs/local/lib/python3.10/dist-packages/champ_msgs/__init__.py
-- Symlinking: /home/kentaro/mid360-simulation/install/champ_msgs/local/lib/python3.10/dist-packages/champ_msgs/_champ_msgs_s.ep.rosidl_typesupport_c.c
-- Symlinking: /home/kentaro/mid360-simulation/install/champ_msgs/local/lib/python3.10/dist-packages/champ_msgs/_champ_msgs_s.ep.rosidl_typesupport_fastrtps_c.c
-- Symlinking: /home/kentaro/mid360-simulation/install/champ_msgs/local/lib/python3.10/dist-packages/champ_msgs/_champ_msgs_s.ep.rosidl_typesupport_introspection_c.c
-- Symlinking: /home/kentaro/mid360-simulation/install/champ_msgs/local/lib/python3.10/dist-packages/champ_msgs/champ_msgs_s__rosidl_typesupport_c.cpython-310-x86_64-linux-gnu.so
-- Symlinking: /home/kentaro/mid360-simulation/install/champ_msgs/local/lib/python3.10/dist-packages/champ_msgs/champ_msgs_s__rosidl_typesupport_fastrtps_c.cpython-310-x86_64-linux-gnu.so
-- Symlinking: /home/kentaro/mid360-simulation/install/champ_msgs/local/lib/python3.10/dist-packages/champ_msgs/champ_msgs_s__rosidl_typesupport_introspection_c.cpython-310-x86_64-linux-gnu.so
-- Symlinking: /home/kentaro/mid360-simulation/install/champ_msgs/local/lib/python3.10/dist-packages/champ_msgs/libchamp_msgs__rosidl_generator_py.so
-- Symlinking: /home/kentaro/mid360-simulation/install/champ_msgs/local/lib/python3.10/dist-packages/champ_msgs/msg/__init__.py
-- Symlinking: /home/kentaro/mid360-simulation/install/champ_msgs/local/lib/python3.10/dist-packages/champ_msgs/msg/_contacts.py
-- Symlinking: /home/kentaro/mid360-simulation/install/champ_msgs/local/lib/python3.10/dist-packages/champ_msgs/msg/_contacts_s.c
-- Symlinking: /home/kentaro/mid360-simulation/install/champ_msgs/local/lib/python3.10/dist-packages/champ_msgs/msg/_contacts_stamped.py
-- Symlinking: /home/kentaro/mid360-simulation/install/champ_msgs/local/lib/python3.10/dist-packages/champ_msgs/msg/_contacts_stamped_s.c
-- Symlinking: /home/kentaro/mid360-simulation/install/champ_msgs/local/lib/python3.10/dist-packages/champ_msgs/msg/_imu.py
-- Symlinking: /home/kentaro/mid360-simulation/install/champ_msgs/local/lib/python3.10/dist-packages/champ_msgs/msg/_imu_s.c
-- Symlinking: /home/kentaro/mid360-simulation/install/champ_msgs/local/lib/python3.10/dist-packages/champ_msgs/msg/_joints.py
-- Symlinking: /home/kentaro/mid360-simulation/install/champ_msgs/local/lib/python3.10/dist-packages/champ_msgs/msg/_joints_s.c
-- Symlinking: /home/kentaro/mid360-simulation/install/champ_msgs/local/lib/python3.10/dist-packages/champ_msgs/msg/_pid.py
-- Symlinking: /home/kentaro/mid360-simulation/install/champ_msgs/local/lib/python3.10/dist-packages/champ_msgs/msg/_pid_s.c
-- Symlinking: /home/kentaro/mid360-simulation/install/champ_msgs/local/lib/python3.10/dist-packages/champ_msgs/msg/_point.py
-- Symlinking: /home/kentaro/mid360-simulation/install/champ_msgs/local/lib/python3.10/dist-packages/champ_msgs/msg/_point_array.py
-- Symlinking: /home/kentaro/mid360-simulation/install/champ_msgs/local/lib/python3.10/dist-packages/champ_msgs/msg/_point_array_s.c
-- Symlinking: /home/kentaro/mid360-simulation/install/champ_msgs/local/lib/python3.10/dist-packages/champ_msgs/msg/_point_s.c
-- Symlinking: /home/kentaro/mid360-simulation/install/champ_msgs/local/lib/python3.10/dist-packages/champ_msgs/msg/_pose.py
-- Symlinking: /home/kentaro/mid360-simulation/install/champ_msgs/local/lib/python3.10/dist-packages/champ_msgs/msg/_pose_s.c
-- Symlinking: /home/kentaro/mid360-simulation/install/champ_msgs/local/lib/python3.10/dist-packages/champ_msgs/msg/_velocities.py
-- Symlinking: /home/kentaro/mid360-simulation/install/champ_msgs/local/lib/python3.10/dist-packages/champ_msgs/msg/_velocities_s.c
-- Up-to-date symlink: /home/kentaro/mid360-simulation/install/champ_msgs/local/lib/python3.10/dist-packages/champ_msgs/champ_msgs_s__rosidl_typesupport_fastrtps_c.cpython-310-x86_64-linux-gnu.so
-- Up-to-date symlink: /home/kentaro/mid360-simulation/install/champ_msgs/local/lib/python3.10/dist-packages/champ_msgs/champ_msgs_s__rosidl_typesupport_introspection_c.cpython-310-x86_64-linux-gnu.so
-- Up-to-date symlink: /home/kentaro/mid360-simulation/install/champ_msgs/local/lib/python3.10/dist-packages/champ_msgs/champ_msgs_s__rosidl_typesupport_c.cpython-310-x86_64-linux-gnu.so
-- Symlinking: /home/kentaro/mid360-simulation/install/champ_msgs/share/champ_msgs/msg/Velocities.idl
-- Symlinking: /home/kentaro/mid360-simulation/install/champ_msgs/share/champ_msgs/msg/PID.idl
-- Symlinking: /home/kentaro/mid360-simulation/install/champ_msgs/share/champ_msgs/msg/Imu.idl
-- Symlinking: /home/kentaro/mid360-simulation/install/champ_msgs/share/champ_msgs/msg/Point.idl
-- Symlinking: /home/kentaro/mid360-simulation/install/champ_msgs/share/champ_msgs/msg/PointArray.idl
-- Symlinking: /home/kentaro/mid360-simulation/install/champ_msgs/share/champ_msgs/msg/Joints.idl
-- Symlinking: /home/kentaro/mid360-simulation/install/champ_msgs/share/champ_msgs/msg/Contacts.idl
-- Symlinking: /home/kentaro/mid360-simulation/install/champ_msgs/share/champ_msgs/msg/ContactsStamped.idl
-- Symlinking: /home/kentaro/mid360-simulation/install/champ_msgs/share/champ_msgs/msg/Pose.idl
-- Symlinking: /home/kentaro/mid360-simulation/install/champ_msgs/share/champ_msgs/msg/Velocities.msg
-- Symlinking: /home/kentaro/mid360-simulation/install/champ_msgs/share/champ_msgs/msg/PID.msg
-- Symlinking: /home/kentaro/mid360-simulation/install/champ_msgs/share/champ_msgs/msg/Imu.msg
-- Symlinking: /home/kentaro/mid360-simulation/install/champ_msgs/share/champ_msgs/msg/Point.msg
-- Symlinking: /home/kentaro/mid360-simulation/install/champ_msgs/share/champ_msgs/msg/PointArray.msg
-- Symlinking: /home/kentaro/mid360-simulation/install/champ_msgs/share/champ_msgs/msg/Joints.msg
-- Symlinking: /home/kentaro/mid360-simulation/install/champ_msgs/share/champ_msgs/msg/Contacts.msg
-- Symlinking: /home/kentaro/mid360-simulation/install/champ_msgs/share/champ_msgs/msg/ContactsStamped.msg
-- Symlinking: /home/kentaro/mid360-simulation/install/champ_msgs/share/champ_msgs/msg/Pose.msg
-- Symlinking: /home/kentaro/mid360-simulation/install/champ_msgs/share/ament_index/resource_index/package_run_dependencies/champ_msgs
-- Symlinking: /home/kentaro/mid360-simulation/install/champ_msgs/share/ament_index/resource_index/parent_prefix_path/champ_msgs
-- Symlinking: /home/kentaro/mid360-simulation/install/champ_msgs/share/champ_msgs/environment/ament_prefix_path.sh
-- Symlinking: /home/kentaro/mid360-simulation/install/champ_msgs/share/champ_msgs/environment/ament_prefix_path.dsv
-- Symlinking: /home/kentaro/mid360-simulation/install/champ_msgs/share/champ_msgs/environment/path.sh
-- Symlinking: /home/kentaro/mid360-simulation/install/champ_msgs/share/champ_msgs/environment/path.dsv
-- Symlinking: /home/kentaro/mid360-simulation/install/champ_msgs/share/champ_msgs/local_setup.bash
-- Symlinking: /home/kentaro/mid360-simulation/install/champ_msgs/share/champ_msgs/local_setup.sh
-- Symlinking: /home/kentaro/mid360-simulation/install/champ_msgs/share/champ_msgs/local_setup.zsh
-- Symlinking: /home/kentaro/mid360-simulation/install/champ_msgs/share/champ_msgs/local_setup.dsv
-- Symlinking: /home/kentaro/mid360-simulation/install/champ_msgs/share/champ_msgs/package.dsv
-- Symlinking: /home/kentaro/mid360-simulation/install/champ_msgs/share/ament_index/resource_index/packages/champ_msgs
-- Symlinking: /home/kentaro/mid360-simulation/install/champ_msgs/share/champ_msgs/cmake/rosidl_cmake-extras.cmake
-- Symlinking: /home/kentaro/mid360-simulation/install/champ_msgs/share/champ_msgs/cmake/ament_cmake_export_dependencies-extras.cmake
-- Symlinking: /home/kentaro/mid360-simulation/install/champ_msgs/share/champ_msgs/cmake/ament_cmake_export_include_directories-extras.cmake
-- Symlinking: /home/kentaro/mid360-simulation/install/champ_msgs/share/champ_msgs/cmake/ament_cmake_export_libraries-extras.cmake
-- Symlinking: /home/kentaro/mid360-simulation/install/champ_msgs/share/champ_msgs/cmake/ament_cmake_export_targets-extras.cmake
-- Symlinking: /home/kentaro/mid360-simulation/install/champ_msgs/share/champ_msgs/cmake/rosidl_cmake_export_typesupport_targets-extras.cmake
-- Symlinking: /home/kentaro/mid360-simulation/install/champ_msgs/share/champ_msgs/cmake/rosidl_cmake_export_typesupport_libraries-extras.cmake
-- Symlinking: /home/kentaro/mid360-simulation/install/champ_msgs/share/champ_msgs/cmake/champ_msgsConfig.cmake
-- Symlinking: /home/kentaro/mid360-simulation/install/champ_msgs/share/champ_msgs/cmake/champ_msgsConfig-version.cmake
-- Symlinking: /home/kentaro/mid360-simulation/install/champ_msgs/share/champ_msgs/package.xml
-- Installing: /home/kentaro/mid360-simulation/install/champ_msgs/lib/libchamp_msgs__rosidl_generator_c.so
-- Set runtime path of "/home/kentaro/mid360-simulation/install/champ_msgs/lib/libchamp_msgs__rosidl_generator_c.so" to ""
-- Installing: /home/kentaro/mid360-simulation/install/champ_msgs/lib/libchamp_msgs__rosidl_typesupport_fastrtps_c.so
-- Set runtime path of "/home/kentaro/mid360-simulation/install/champ_msgs/lib/libchamp_msgs__rosidl_typesupport_fastrtps_c.so" to ""
-- Installing: /home/kentaro/mid360-simulation/install/champ_msgs/lib/libchamp_msgs__rosidl_typesupport_introspection_c.so
-- Set runtime path of "/home/kentaro/mid360-simulation/install/champ_msgs/lib/libchamp_msgs__rosidl_typesupport_introspection_c.so" to ""
-- Installing: /home/kentaro/mid360-simulation/install/champ_msgs/lib/libchamp_msgs__rosidl_typesupport_c.so
-- Set runtime path of "/home/kentaro/mid360-simulation/install/champ_msgs/lib/libchamp_msgs__rosidl_typesupport_c.so" to ""
-- Installing: /home/kentaro/mid360-simulation/install/champ_msgs/lib/libchamp_msgs__rosidl_typesupport_fastrtps_cpp.so
-- Set runtime path of "/home/kentaro/mid360-simulation/install/champ_msgs/lib/libchamp_msgs__rosidl_typesupport_fastrtps_cpp.so" to ""
-- Installing: /home/kentaro/mid360-simulation/install/champ_msgs/lib/libchamp_msgs__rosidl_typesupport_introspection_cpp.so
-- Set runtime path of "/home/kentaro/mid360-simulation/install/champ_msgs/lib/libchamp_msgs__rosidl_typesupport_introspection_cpp.so" to ""
-- Installing: /home/kentaro/mid360-simulation/install/champ_msgs/lib/libchamp_msgs__rosidl_typesupport_cpp.so
-- Set runtime path of "/home/kentaro/mid360-simulation/install/champ_msgs/lib/libchamp_msgs__rosidl_typesupport_cpp.so" to ""
Listing '/home/kentaro/mid360-simulation/install/champ_msgs/local/lib/python3.10/dist-packages/champ_msgs'...
Compiling '/home/kentaro/mid360-simulation/install/champ_msgs/local/lib/python3.10/dist-packages/champ_msgs/__init__.py'...
Listing '/home/kentaro/mid360-simulation/install/champ_msgs/local/lib/python3.10/dist-packages/champ_msgs/msg'...
Compiling '/home/kentaro/mid360-simulation/install/champ_msgs/local/lib/python3.10/dist-packages/champ_msgs/msg/__init__.py'...
Compiling '/home/kentaro/mid360-simulation/install/champ_msgs/local/lib/python3.10/dist-packages/champ_msgs/msg/_contacts.py'...
Compiling '/home/kentaro/mid360-simulation/install/champ_msgs/local/lib/python3.10/dist-packages/champ_msgs/msg/_contacts_stamped.py'...
Compiling '/home/kentaro/mid360-simulation/install/champ_msgs/local/lib/python3.10/dist-packages/champ_msgs/msg/_imu.py'...
Compiling '/home/kentaro/mid360-simulation/install/champ_msgs/local/lib/python3.10/dist-packages/champ_msgs/msg/_joints.py'...
Compiling '/home/kentaro/mid360-simulation/install/champ_msgs/local/lib/python3.10/dist-packages/champ_msgs/msg/_pid.py'...
Compiling '/home/kentaro/mid360-simulation/install/champ_msgs/local/lib/python3.10/dist-packages/champ_msgs/msg/_point.py'...
Compiling '/home/kentaro/mid360-simulation/install/champ_msgs/local/lib/python3.10/dist-packages/champ_msgs/msg/_point_array.py'...
Compiling '/home/kentaro/mid360-simulation/install/champ_msgs/local/lib/python3.10/dist-packages/champ_msgs/msg/_pose.py'...
Compiling '/home/kentaro/mid360-simulation/install/champ_msgs/local/lib/python3.10/dist-packages/champ_msgs/msg/_velocities.py'...
-- Installing: /home/kentaro/mid360-simulation/install/champ_msgs/lib/libchamp_msgs__rosidl_generator_py.so
-- Set runtime path of "/home/kentaro/mid360-simulation/install/champ_msgs/lib/libchamp_msgs__rosidl_generator_py.so" to ""
-- Installing: /home/kentaro/mid360-simulation/install/champ_msgs/share/champ_msgs/cmake/export_champ_msgs__rosidl_generator_cExport.cmake
-- Installing: /home/kentaro/mid360-simulation/install/champ_msgs/share/champ_msgs/cmake/export_champ_msgs__rosidl_generator_cExport-noconfig.cmake
-- Installing: /home/kentaro/mid360-simulation/install/champ_msgs/share/champ_msgs/cmake/export_champ_msgs__rosidl_typesupport_fastrtps_cExport.cmake
-- Installing: /home/kentaro/mid360-simulation/install/champ_msgs/share/champ_msgs/cmake/export_champ_msgs__rosidl_typesupport_fastrtps_cExport-noconfig.cmake
-- Installing: /home/kentaro/mid360-simulation/install/champ_msgs/share/champ_msgs/cmake/champ_msgs__rosidl_typesupport_introspection_cExport.cmake
-- Installing: /home/kentaro/mid360-simulation/install/champ_msgs/share/champ_msgs/cmake/champ_msgs__rosidl_typesupport_introspection_cExport-noconfig.cmake
-- Installing: /home/kentaro/mid360-simulation/install/champ_msgs/share/champ_msgs/cmake/champ_msgs__rosidl_typesupport_cExport.cmake
-- Installing: /home/kentaro/mid360-simulation/install/champ_msgs/share/champ_msgs/cmake/champ_msgs__rosidl_typesupport_cExport-noconfig.cmake
-- Installing: /home/kentaro/mid360-simulation/install/champ_msgs/share/champ_msgs/cmake/export_champ_msgs__rosidl_generator_cppExport.cmake
-- Installing: /home/kentaro/mid360-simulation/install/champ_msgs/share/champ_msgs/cmake/export_champ_msgs__rosidl_typesupport_fastrtps_cppExport.cmake
-- Installing: /home/kentaro/mid360-simulation/install/champ_msgs/share/champ_msgs/cmake/export_champ_msgs__rosidl_typesupport_fastrtps_cppExport-noconfig.cmake
-- Installing: /home/kentaro/mid360-simulation/install/champ_msgs/share/champ_msgs/cmake/champ_msgs__rosidl_typesupport_introspection_cppExport.cmake
-- Installing: /home/kentaro/mid360-simulation/install/champ_msgs/share/champ_msgs/cmake/champ_msgs__rosidl_typesupport_introspection_cppExport-noconfig.cmake
-- Installing: /home/kentaro/mid360-simulation/install/champ_msgs/share/champ_msgs/cmake/champ_msgs__rosidl_typesupport_cppExport.cmake
-- Installing: /home/kentaro/mid360-simulation/install/champ_msgs/share/champ_msgs/cmake/champ_msgs__rosidl_typesupport_cppExport-noconfig.cmake
-- Installing: /home/kentaro/mid360-simulation/install/champ_msgs/share/champ_msgs/cmake/export_champ_msgs__rosidl_generator_pyExport.cmake
-- Installing: /home/kentaro/mid360-simulation/install/champ_msgs/share/champ_msgs/cmake/export_champ_msgs__rosidl_generator_pyExport-noconfig.cmake
