[0.041s] Invoking command in '/home/kentaro/mid360-simulation/build/champ_msgs': CMAKE_PREFIX_PATH=${CMAKE_PREFIX_PATH}:/opt/ros/humble /usr/bin/cmake /home/kentaro/mid360-simulation/src/unitree-go2-ros2/champ/champ_msgs -DROS_EDITION=ROS2 -DHUMBLE=ON -DHUMBLE_ROS=humble -DAMENT_CMAKE_SYMLINK_INSTALL=1 -DCMAKE_INSTALL_PREFIX=/home/kentaro/mid360-simulation/install/champ_msgs
[0.065s] -- Found ament_cmake: 1.3.12 (/opt/ros/humble/share/ament_cmake/cmake)
[0.288s] -- Override CMake install command with custom implementation using symlinks instead of copying resources
[0.300s] -- Found rosidl_default_generators: 1.2.0 (/opt/ros/humble/share/rosidl_default_generators/cmake)
[0.306s] -- Using all available rosidl_typesupport_c: rosidl_typesupport_fastrtps_c;rosidl_typesupport_introspection_c
[0.314s] -- Found rosidl_adapter: 3.1.7 (/opt/ros/humble/share/rosidl_adapter/cmake)
[0.375s] -- Using all available rosidl_typesupport_cpp: rosidl_typesupport_fastrtps_cpp;rosidl_typesupport_introspection_cpp
[0.428s] -- Found std_msgs: 4.9.0 (/opt/ros/humble/share/std_msgs/cmake)
[0.470s] -- Found geometry_msgs: 4.9.0 (/opt/ros/humble/share/geometry_msgs/cmake)
[0.883s] -- Found ament_cmake_ros: 0.10.0 (/opt/ros/humble/share/ament_cmake_ros/cmake)
[1.140s] -- Using all available rosidl_typesupport_c: rosidl_typesupport_fastrtps_c;rosidl_typesupport_introspection_c
[1.475s] -- Using all available rosidl_typesupport_cpp: rosidl_typesupport_fastrtps_cpp;rosidl_typesupport_introspection_cpp
[1.498s] -- Found python_cmake_module: 0.10.0 (/opt/ros/humble/share/python_cmake_module/cmake)
[1.521s] -- Using PYTHON_EXECUTABLE: /usr/bin/python3
[1.521s] -- Using PYTHON_INCLUDE_DIRS: /usr/include/python3.10
[1.521s] -- Using PYTHON_LIBRARIES: /usr/lib/x86_64-linux-gnu/libpython3.10.so
[1.570s] -- Found ament_lint_auto: 0.12.14 (/opt/ros/humble/share/ament_lint_auto/cmake)
[1.578s] -- Configuring done
[1.623s] -- Generating done
[1.625s] [33mCMake Warning:
[1.626s]   Manually-specified variables were not used by the project:
[1.626s] 
[1.626s]     HUMBLE
[1.626s]     HUMBLE_ROS
[1.626s]     ROS_EDITION
[1.626s] 
[1.626s] [0m
[1.636s] -- Build files have been written to: /home/kentaro/mid360-simulation/build/champ_msgs
[1.644s] Invoked command in '/home/kentaro/mid360-simulation/build/champ_msgs' returned '0': CMAKE_PREFIX_PATH=${CMAKE_PREFIX_PATH}:/opt/ros/humble /usr/bin/cmake /home/kentaro/mid360-simulation/src/unitree-go2-ros2/champ/champ_msgs -DROS_EDITION=ROS2 -DHUMBLE=ON -DHUMBLE_ROS=humble -DAMENT_CMAKE_SYMLINK_INSTALL=1 -DCMAKE_INSTALL_PREFIX=/home/kentaro/mid360-simulation/install/champ_msgs
[1.645s] Invoking command in '/home/kentaro/mid360-simulation/build/champ_msgs': CMAKE_PREFIX_PATH=${CMAKE_PREFIX_PATH}:/opt/ros/humble /usr/bin/cmake --build /home/kentaro/mid360-simulation/build/champ_msgs -- -j8 -l8
[1.684s] [35m[1mConsolidate compiler generated dependencies of target champ_msgs__rosidl_generator_c[0m
[1.692s] [  1%] Built target champ_msgs__cpp
[1.696s] [ 12%] Built target champ_msgs__rosidl_generator_c
[1.703s] [ 12%] Built target ament_cmake_python_symlink_champ_msgs
[1.709s] [35m[1mConsolidate compiler generated dependencies of target champ_msgs__rosidl_typesupport_cpp[0m
[1.709s] [35m[1mConsolidate compiler generated dependencies of target champ_msgs__rosidl_typesupport_introspection_cpp[0m
[1.709s] [35m[1mConsolidate compiler generated dependencies of target champ_msgs__rosidl_typesupport_fastrtps_cpp[0m
[1.711s] [35m[1mConsolidate compiler generated dependencies of target champ_msgs__rosidl_typesupport_c[0m
[1.712s] [35m[1mConsolidate compiler generated dependencies of target champ_msgs__rosidl_typesupport_introspection_c[0m
[1.714s] [35m[1mConsolidate compiler generated dependencies of target champ_msgs__rosidl_typesupport_fastrtps_c[0m
[1.727s] [ 24%] Built target champ_msgs__rosidl_typesupport_c
[1.730s] [ 35%] Built target champ_msgs__rosidl_typesupport_cpp
[1.733s] [ 62%] Built target champ_msgs__rosidl_typesupport_introspection_c
[1.733s] [ 67%] Built target champ_msgs__rosidl_typesupport_introspection_cpp
[1.734s] [ 70%] Built target champ_msgs__rosidl_typesupport_fastrtps_cpp
[1.738s] [ 82%] Built target champ_msgs__rosidl_typesupport_fastrtps_c
[1.757s] [ 82%] Built target champ_msgs
[1.776s] [ 83%] Built target champ_msgs__py
[1.787s] [35m[1mConsolidate compiler generated dependencies of target champ_msgs__rosidl_generator_py[0m
[1.803s] [ 93%] Built target champ_msgs__rosidl_generator_py
[1.813s] [35m[1mConsolidate compiler generated dependencies of target champ_msgs__rosidl_typesupport_c__pyext[0m
[1.813s] [35m[1mConsolidate compiler generated dependencies of target champ_msgs__rosidl_typesupport_fastrtps_c__pyext[0m
[1.813s] [35m[1mConsolidate compiler generated dependencies of target champ_msgs__rosidl_typesupport_introspection_c__pyext[0m
[1.824s] [100%] Built target champ_msgs__rosidl_typesupport_fastrtps_c__pyext
[1.824s] [100%] Built target champ_msgs__rosidl_typesupport_c__pyext
[1.825s] [100%] Built target champ_msgs__rosidl_typesupport_introspection_c__pyext
[1.998s] running egg_info
[1.999s] writing champ_msgs.egg-info/PKG-INFO
[1.999s] writing dependency_links to champ_msgs.egg-info/dependency_links.txt
[1.999s] writing top-level names to champ_msgs.egg-info/top_level.txt
[2.001s] reading manifest file 'champ_msgs.egg-info/SOURCES.txt'
[2.002s] writing manifest file 'champ_msgs.egg-info/SOURCES.txt'
[2.032s] [100%] Built target ament_cmake_python_build_champ_msgs_egg
[2.044s] Invoked command in '/home/kentaro/mid360-simulation/build/champ_msgs' returned '0': CMAKE_PREFIX_PATH=${CMAKE_PREFIX_PATH}:/opt/ros/humble /usr/bin/cmake --build /home/kentaro/mid360-simulation/build/champ_msgs -- -j8 -l8
[2.046s] Invoking command in '/home/kentaro/mid360-simulation/build/champ_msgs': CMAKE_PREFIX_PATH=${CMAKE_PREFIX_PATH}:/opt/ros/humble /usr/bin/cmake --install /home/kentaro/mid360-simulation/build/champ_msgs
[2.052s] -- Install configuration: ""
[2.052s] -- Execute custom install script
[2.053s] -- Symlinking: /home/kentaro/mid360-simulation/install/champ_msgs/share/ament_index/resource_index/rosidl_interfaces/champ_msgs
[2.061s] -- Symlinking: /home/kentaro/mid360-simulation/install/champ_msgs/include/champ_msgs/champ_msgs/msg/contacts.h
[2.069s] -- Symlinking: /home/kentaro/mid360-simulation/install/champ_msgs/include/champ_msgs/champ_msgs/msg/contacts_stamped.h
[2.077s] -- Symlinking: /home/kentaro/mid360-simulation/install/champ_msgs/include/champ_msgs/champ_msgs/msg/detail/contacts__functions.h
[2.085s] -- Symlinking: /home/kentaro/mid360-simulation/install/champ_msgs/include/champ_msgs/champ_msgs/msg/detail/contacts__struct.h
[2.093s] -- Symlinking: /home/kentaro/mid360-simulation/install/champ_msgs/include/champ_msgs/champ_msgs/msg/detail/contacts__type_support.h
[2.102s] -- Symlinking: /home/kentaro/mid360-simulation/install/champ_msgs/include/champ_msgs/champ_msgs/msg/detail/contacts_stamped__functions.h
[2.110s] -- Symlinking: /home/kentaro/mid360-simulation/install/champ_msgs/include/champ_msgs/champ_msgs/msg/detail/contacts_stamped__struct.h
[2.119s] -- Symlinking: /home/kentaro/mid360-simulation/install/champ_msgs/include/champ_msgs/champ_msgs/msg/detail/contacts_stamped__type_support.h
[2.127s] -- Symlinking: /home/kentaro/mid360-simulation/install/champ_msgs/include/champ_msgs/champ_msgs/msg/detail/imu__functions.h
[2.135s] -- Symlinking: /home/kentaro/mid360-simulation/install/champ_msgs/include/champ_msgs/champ_msgs/msg/detail/imu__struct.h
[2.144s] -- Symlinking: /home/kentaro/mid360-simulation/install/champ_msgs/include/champ_msgs/champ_msgs/msg/detail/imu__type_support.h
[2.152s] -- Symlinking: /home/kentaro/mid360-simulation/install/champ_msgs/include/champ_msgs/champ_msgs/msg/detail/joints__functions.h
[2.159s] -- Symlinking: /home/kentaro/mid360-simulation/install/champ_msgs/include/champ_msgs/champ_msgs/msg/detail/joints__struct.h
[2.168s] -- Symlinking: /home/kentaro/mid360-simulation/install/champ_msgs/include/champ_msgs/champ_msgs/msg/detail/joints__type_support.h
[2.176s] -- Symlinking: /home/kentaro/mid360-simulation/install/champ_msgs/include/champ_msgs/champ_msgs/msg/detail/pid__functions.h
[2.183s] -- Symlinking: /home/kentaro/mid360-simulation/install/champ_msgs/include/champ_msgs/champ_msgs/msg/detail/pid__struct.h
[2.192s] -- Symlinking: /home/kentaro/mid360-simulation/install/champ_msgs/include/champ_msgs/champ_msgs/msg/detail/pid__type_support.h
[2.200s] -- Symlinking: /home/kentaro/mid360-simulation/install/champ_msgs/include/champ_msgs/champ_msgs/msg/detail/point__functions.h
[2.209s] -- Symlinking: /home/kentaro/mid360-simulation/install/champ_msgs/include/champ_msgs/champ_msgs/msg/detail/point__struct.h
[2.217s] -- Symlinking: /home/kentaro/mid360-simulation/install/champ_msgs/include/champ_msgs/champ_msgs/msg/detail/point__type_support.h
[2.226s] -- Symlinking: /home/kentaro/mid360-simulation/install/champ_msgs/include/champ_msgs/champ_msgs/msg/detail/point_array__functions.h
[2.234s] -- Symlinking: /home/kentaro/mid360-simulation/install/champ_msgs/include/champ_msgs/champ_msgs/msg/detail/point_array__struct.h
[2.242s] -- Symlinking: /home/kentaro/mid360-simulation/install/champ_msgs/include/champ_msgs/champ_msgs/msg/detail/point_array__type_support.h
[2.250s] -- Symlinking: /home/kentaro/mid360-simulation/install/champ_msgs/include/champ_msgs/champ_msgs/msg/detail/pose__functions.h
[2.258s] -- Symlinking: /home/kentaro/mid360-simulation/install/champ_msgs/include/champ_msgs/champ_msgs/msg/detail/pose__struct.h
[2.266s] -- Symlinking: /home/kentaro/mid360-simulation/install/champ_msgs/include/champ_msgs/champ_msgs/msg/detail/pose__type_support.h
[2.274s] -- Symlinking: /home/kentaro/mid360-simulation/install/champ_msgs/include/champ_msgs/champ_msgs/msg/detail/velocities__functions.h
[2.282s] -- Symlinking: /home/kentaro/mid360-simulation/install/champ_msgs/include/champ_msgs/champ_msgs/msg/detail/velocities__struct.h
[2.290s] -- Symlinking: /home/kentaro/mid360-simulation/install/champ_msgs/include/champ_msgs/champ_msgs/msg/detail/velocities__type_support.h
[2.298s] -- Symlinking: /home/kentaro/mid360-simulation/install/champ_msgs/include/champ_msgs/champ_msgs/msg/imu.h
[2.306s] -- Symlinking: /home/kentaro/mid360-simulation/install/champ_msgs/include/champ_msgs/champ_msgs/msg/joints.h
[2.314s] -- Symlinking: /home/kentaro/mid360-simulation/install/champ_msgs/include/champ_msgs/champ_msgs/msg/pid.h
[2.322s] -- Symlinking: /home/kentaro/mid360-simulation/install/champ_msgs/include/champ_msgs/champ_msgs/msg/point.h
[2.330s] -- Symlinking: /home/kentaro/mid360-simulation/install/champ_msgs/include/champ_msgs/champ_msgs/msg/point_array.h
[2.337s] -- Symlinking: /home/kentaro/mid360-simulation/install/champ_msgs/include/champ_msgs/champ_msgs/msg/pose.h
[2.346s] -- Symlinking: /home/kentaro/mid360-simulation/install/champ_msgs/include/champ_msgs/champ_msgs/msg/rosidl_generator_c__visibility_control.h
[2.354s] -- Symlinking: /home/kentaro/mid360-simulation/install/champ_msgs/include/champ_msgs/champ_msgs/msg/velocities.h
[2.362s] -- Symlinking: /home/kentaro/mid360-simulation/install/champ_msgs/share/champ_msgs/environment/library_path.sh
[2.370s] -- Symlinking: /home/kentaro/mid360-simulation/install/champ_msgs/share/champ_msgs/environment/library_path.dsv
[2.379s] -- Symlinking: /home/kentaro/mid360-simulation/install/champ_msgs/include/champ_msgs/champ_msgs/msg/detail/contacts__rosidl_typesupport_fastrtps_c.h
[2.387s] -- Symlinking: /home/kentaro/mid360-simulation/install/champ_msgs/include/champ_msgs/champ_msgs/msg/detail/contacts_stamped__rosidl_typesupport_fastrtps_c.h
[2.395s] -- Symlinking: /home/kentaro/mid360-simulation/install/champ_msgs/include/champ_msgs/champ_msgs/msg/detail/imu__rosidl_typesupport_fastrtps_c.h
[2.403s] -- Symlinking: /home/kentaro/mid360-simulation/install/champ_msgs/include/champ_msgs/champ_msgs/msg/detail/joints__rosidl_typesupport_fastrtps_c.h
[2.411s] -- Symlinking: /home/kentaro/mid360-simulation/install/champ_msgs/include/champ_msgs/champ_msgs/msg/detail/pid__rosidl_typesupport_fastrtps_c.h
[2.420s] -- Symlinking: /home/kentaro/mid360-simulation/install/champ_msgs/include/champ_msgs/champ_msgs/msg/detail/point__rosidl_typesupport_fastrtps_c.h
[2.428s] -- Symlinking: /home/kentaro/mid360-simulation/install/champ_msgs/include/champ_msgs/champ_msgs/msg/detail/point_array__rosidl_typesupport_fastrtps_c.h
[2.437s] -- Symlinking: /home/kentaro/mid360-simulation/install/champ_msgs/include/champ_msgs/champ_msgs/msg/detail/pose__rosidl_typesupport_fastrtps_c.h
[2.445s] -- Symlinking: /home/kentaro/mid360-simulation/install/champ_msgs/include/champ_msgs/champ_msgs/msg/detail/velocities__rosidl_typesupport_fastrtps_c.h
[2.453s] -- Symlinking: /home/kentaro/mid360-simulation/install/champ_msgs/include/champ_msgs/champ_msgs/msg/rosidl_typesupport_fastrtps_c__visibility_control.h
[2.462s] -- Symlinking: /home/kentaro/mid360-simulation/install/champ_msgs/include/champ_msgs/champ_msgs/msg/detail/contacts__rosidl_typesupport_introspection_c.h
[2.470s] -- Symlinking: /home/kentaro/mid360-simulation/install/champ_msgs/include/champ_msgs/champ_msgs/msg/detail/contacts_stamped__rosidl_typesupport_introspection_c.h
[2.477s] -- Symlinking: /home/kentaro/mid360-simulation/install/champ_msgs/include/champ_msgs/champ_msgs/msg/detail/imu__rosidl_typesupport_introspection_c.h
[2.485s] -- Symlinking: /home/kentaro/mid360-simulation/install/champ_msgs/include/champ_msgs/champ_msgs/msg/detail/joints__rosidl_typesupport_introspection_c.h
[2.493s] -- Symlinking: /home/kentaro/mid360-simulation/install/champ_msgs/include/champ_msgs/champ_msgs/msg/detail/pid__rosidl_typesupport_introspection_c.h
[2.501s] -- Symlinking: /home/kentaro/mid360-simulation/install/champ_msgs/include/champ_msgs/champ_msgs/msg/detail/point__rosidl_typesupport_introspection_c.h
[2.509s] -- Symlinking: /home/kentaro/mid360-simulation/install/champ_msgs/include/champ_msgs/champ_msgs/msg/detail/point_array__rosidl_typesupport_introspection_c.h
[2.517s] -- Symlinking: /home/kentaro/mid360-simulation/install/champ_msgs/include/champ_msgs/champ_msgs/msg/detail/pose__rosidl_typesupport_introspection_c.h
[2.525s] -- Symlinking: /home/kentaro/mid360-simulation/install/champ_msgs/include/champ_msgs/champ_msgs/msg/detail/velocities__rosidl_typesupport_introspection_c.h
[2.533s] -- Symlinking: /home/kentaro/mid360-simulation/install/champ_msgs/include/champ_msgs/champ_msgs/msg/rosidl_typesupport_introspection_c__visibility_control.h
[2.542s] -- Symlinking: /home/kentaro/mid360-simulation/install/champ_msgs/include/champ_msgs/champ_msgs/msg/contacts.hpp
[2.550s] -- Symlinking: /home/kentaro/mid360-simulation/install/champ_msgs/include/champ_msgs/champ_msgs/msg/contacts_stamped.hpp
[2.558s] -- Symlinking: /home/kentaro/mid360-simulation/install/champ_msgs/include/champ_msgs/champ_msgs/msg/detail/contacts__builder.hpp
[2.566s] -- Symlinking: /home/kentaro/mid360-simulation/install/champ_msgs/include/champ_msgs/champ_msgs/msg/detail/contacts__struct.hpp
[2.574s] -- Symlinking: /home/kentaro/mid360-simulation/install/champ_msgs/include/champ_msgs/champ_msgs/msg/detail/contacts__traits.hpp
[2.582s] -- Symlinking: /home/kentaro/mid360-simulation/install/champ_msgs/include/champ_msgs/champ_msgs/msg/detail/contacts__type_support.hpp
[2.590s] -- Symlinking: /home/kentaro/mid360-simulation/install/champ_msgs/include/champ_msgs/champ_msgs/msg/detail/contacts_stamped__builder.hpp
[2.598s] -- Symlinking: /home/kentaro/mid360-simulation/install/champ_msgs/include/champ_msgs/champ_msgs/msg/detail/contacts_stamped__struct.hpp
[2.606s] -- Symlinking: /home/kentaro/mid360-simulation/install/champ_msgs/include/champ_msgs/champ_msgs/msg/detail/contacts_stamped__traits.hpp
[2.614s] -- Symlinking: /home/kentaro/mid360-simulation/install/champ_msgs/include/champ_msgs/champ_msgs/msg/detail/contacts_stamped__type_support.hpp
[2.622s] -- Symlinking: /home/kentaro/mid360-simulation/install/champ_msgs/include/champ_msgs/champ_msgs/msg/detail/imu__builder.hpp
[2.630s] -- Symlinking: /home/kentaro/mid360-simulation/install/champ_msgs/include/champ_msgs/champ_msgs/msg/detail/imu__struct.hpp
[2.638s] -- Symlinking: /home/kentaro/mid360-simulation/install/champ_msgs/include/champ_msgs/champ_msgs/msg/detail/imu__traits.hpp
[2.646s] -- Symlinking: /home/kentaro/mid360-simulation/install/champ_msgs/include/champ_msgs/champ_msgs/msg/detail/imu__type_support.hpp
[2.654s] -- Symlinking: /home/kentaro/mid360-simulation/install/champ_msgs/include/champ_msgs/champ_msgs/msg/detail/joints__builder.hpp
[2.662s] -- Symlinking: /home/kentaro/mid360-simulation/install/champ_msgs/include/champ_msgs/champ_msgs/msg/detail/joints__struct.hpp
[2.670s] -- Symlinking: /home/kentaro/mid360-simulation/install/champ_msgs/include/champ_msgs/champ_msgs/msg/detail/joints__traits.hpp
[2.678s] -- Symlinking: /home/kentaro/mid360-simulation/install/champ_msgs/include/champ_msgs/champ_msgs/msg/detail/joints__type_support.hpp
[2.686s] -- Symlinking: /home/kentaro/mid360-simulation/install/champ_msgs/include/champ_msgs/champ_msgs/msg/detail/pid__builder.hpp
[2.694s] -- Symlinking: /home/kentaro/mid360-simulation/install/champ_msgs/include/champ_msgs/champ_msgs/msg/detail/pid__struct.hpp
[2.702s] -- Symlinking: /home/kentaro/mid360-simulation/install/champ_msgs/include/champ_msgs/champ_msgs/msg/detail/pid__traits.hpp
[2.710s] -- Symlinking: /home/kentaro/mid360-simulation/install/champ_msgs/include/champ_msgs/champ_msgs/msg/detail/pid__type_support.hpp
[2.718s] -- Symlinking: /home/kentaro/mid360-simulation/install/champ_msgs/include/champ_msgs/champ_msgs/msg/detail/point__builder.hpp
[2.726s] -- Symlinking: /home/kentaro/mid360-simulation/install/champ_msgs/include/champ_msgs/champ_msgs/msg/detail/point__struct.hpp
[2.735s] -- Symlinking: /home/kentaro/mid360-simulation/install/champ_msgs/include/champ_msgs/champ_msgs/msg/detail/point__traits.hpp
[2.743s] -- Symlinking: /home/kentaro/mid360-simulation/install/champ_msgs/include/champ_msgs/champ_msgs/msg/detail/point__type_support.hpp
[2.751s] -- Symlinking: /home/kentaro/mid360-simulation/install/champ_msgs/include/champ_msgs/champ_msgs/msg/detail/point_array__builder.hpp
[2.760s] -- Symlinking: /home/kentaro/mid360-simulation/install/champ_msgs/include/champ_msgs/champ_msgs/msg/detail/point_array__struct.hpp
[2.768s] -- Symlinking: /home/kentaro/mid360-simulation/install/champ_msgs/include/champ_msgs/champ_msgs/msg/detail/point_array__traits.hpp
[2.776s] -- Symlinking: /home/kentaro/mid360-simulation/install/champ_msgs/include/champ_msgs/champ_msgs/msg/detail/point_array__type_support.hpp
[2.785s] -- Symlinking: /home/kentaro/mid360-simulation/install/champ_msgs/include/champ_msgs/champ_msgs/msg/detail/pose__builder.hpp
[2.793s] -- Symlinking: /home/kentaro/mid360-simulation/install/champ_msgs/include/champ_msgs/champ_msgs/msg/detail/pose__struct.hpp
[2.801s] -- Symlinking: /home/kentaro/mid360-simulation/install/champ_msgs/include/champ_msgs/champ_msgs/msg/detail/pose__traits.hpp
[2.810s] -- Symlinking: /home/kentaro/mid360-simulation/install/champ_msgs/include/champ_msgs/champ_msgs/msg/detail/pose__type_support.hpp
[2.818s] -- Symlinking: /home/kentaro/mid360-simulation/install/champ_msgs/include/champ_msgs/champ_msgs/msg/detail/velocities__builder.hpp
[2.827s] -- Symlinking: /home/kentaro/mid360-simulation/install/champ_msgs/include/champ_msgs/champ_msgs/msg/detail/velocities__struct.hpp
[2.835s] -- Symlinking: /home/kentaro/mid360-simulation/install/champ_msgs/include/champ_msgs/champ_msgs/msg/detail/velocities__traits.hpp
[2.844s] -- Symlinking: /home/kentaro/mid360-simulation/install/champ_msgs/include/champ_msgs/champ_msgs/msg/detail/velocities__type_support.hpp
[2.852s] -- Symlinking: /home/kentaro/mid360-simulation/install/champ_msgs/include/champ_msgs/champ_msgs/msg/imu.hpp
[2.859s] -- Symlinking: /home/kentaro/mid360-simulation/install/champ_msgs/include/champ_msgs/champ_msgs/msg/joints.hpp
[2.867s] -- Symlinking: /home/kentaro/mid360-simulation/install/champ_msgs/include/champ_msgs/champ_msgs/msg/pid.hpp
[2.875s] -- Symlinking: /home/kentaro/mid360-simulation/install/champ_msgs/include/champ_msgs/champ_msgs/msg/point.hpp
[2.882s] -- Symlinking: /home/kentaro/mid360-simulation/install/champ_msgs/include/champ_msgs/champ_msgs/msg/point_array.hpp
[2.890s] -- Symlinking: /home/kentaro/mid360-simulation/install/champ_msgs/include/champ_msgs/champ_msgs/msg/pose.hpp
[2.898s] -- Symlinking: /home/kentaro/mid360-simulation/install/champ_msgs/include/champ_msgs/champ_msgs/msg/rosidl_generator_cpp__visibility_control.hpp
[2.906s] -- Symlinking: /home/kentaro/mid360-simulation/install/champ_msgs/include/champ_msgs/champ_msgs/msg/velocities.hpp
[2.914s] -- Symlinking: /home/kentaro/mid360-simulation/install/champ_msgs/include/champ_msgs/champ_msgs/msg/detail/contacts__rosidl_typesupport_fastrtps_cpp.hpp
[2.922s] -- Symlinking: /home/kentaro/mid360-simulation/install/champ_msgs/include/champ_msgs/champ_msgs/msg/detail/contacts_stamped__rosidl_typesupport_fastrtps_cpp.hpp
[2.931s] -- Symlinking: /home/kentaro/mid360-simulation/install/champ_msgs/include/champ_msgs/champ_msgs/msg/detail/imu__rosidl_typesupport_fastrtps_cpp.hpp
[2.940s] -- Symlinking: /home/kentaro/mid360-simulation/install/champ_msgs/include/champ_msgs/champ_msgs/msg/detail/joints__rosidl_typesupport_fastrtps_cpp.hpp
[2.947s] -- Symlinking: /home/kentaro/mid360-simulation/install/champ_msgs/include/champ_msgs/champ_msgs/msg/detail/pid__rosidl_typesupport_fastrtps_cpp.hpp
[2.955s] -- Symlinking: /home/kentaro/mid360-simulation/install/champ_msgs/include/champ_msgs/champ_msgs/msg/detail/point__rosidl_typesupport_fastrtps_cpp.hpp
[2.963s] -- Symlinking: /home/kentaro/mid360-simulation/install/champ_msgs/include/champ_msgs/champ_msgs/msg/detail/point_array__rosidl_typesupport_fastrtps_cpp.hpp
[2.970s] -- Symlinking: /home/kentaro/mid360-simulation/install/champ_msgs/include/champ_msgs/champ_msgs/msg/detail/pose__rosidl_typesupport_fastrtps_cpp.hpp
[2.980s] -- Symlinking: /home/kentaro/mid360-simulation/install/champ_msgs/include/champ_msgs/champ_msgs/msg/detail/velocities__rosidl_typesupport_fastrtps_cpp.hpp
[2.988s] -- Symlinking: /home/kentaro/mid360-simulation/install/champ_msgs/include/champ_msgs/champ_msgs/msg/rosidl_typesupport_fastrtps_cpp__visibility_control.h
[3.000s] -- Symlinking: /home/kentaro/mid360-simulation/install/champ_msgs/include/champ_msgs/champ_msgs/msg/detail/contacts__rosidl_typesupport_introspection_cpp.hpp
[3.012s] -- Symlinking: /home/kentaro/mid360-simulation/install/champ_msgs/include/champ_msgs/champ_msgs/msg/detail/contacts_stamped__rosidl_typesupport_introspection_cpp.hpp
[3.024s] -- Symlinking: /home/kentaro/mid360-simulation/install/champ_msgs/include/champ_msgs/champ_msgs/msg/detail/imu__rosidl_typesupport_introspection_cpp.hpp
[3.036s] -- Symlinking: /home/kentaro/mid360-simulation/install/champ_msgs/include/champ_msgs/champ_msgs/msg/detail/joints__rosidl_typesupport_introspection_cpp.hpp
[3.049s] -- Symlinking: /home/kentaro/mid360-simulation/install/champ_msgs/include/champ_msgs/champ_msgs/msg/detail/pid__rosidl_typesupport_introspection_cpp.hpp
[3.061s] -- Symlinking: /home/kentaro/mid360-simulation/install/champ_msgs/include/champ_msgs/champ_msgs/msg/detail/point__rosidl_typesupport_introspection_cpp.hpp
[3.073s] -- Symlinking: /home/kentaro/mid360-simulation/install/champ_msgs/include/champ_msgs/champ_msgs/msg/detail/point_array__rosidl_typesupport_introspection_cpp.hpp
[3.085s] -- Symlinking: /home/kentaro/mid360-simulation/install/champ_msgs/include/champ_msgs/champ_msgs/msg/detail/pose__rosidl_typesupport_introspection_cpp.hpp
[3.097s] -- Symlinking: /home/kentaro/mid360-simulation/install/champ_msgs/include/champ_msgs/champ_msgs/msg/detail/velocities__rosidl_typesupport_introspection_cpp.hpp
[3.109s] -- Symlinking: /home/kentaro/mid360-simulation/install/champ_msgs/share/champ_msgs/environment/pythonpath.sh
[3.120s] -- Symlinking: /home/kentaro/mid360-simulation/install/champ_msgs/share/champ_msgs/environment/pythonpath.dsv
[3.132s] -- Symlinking: /home/kentaro/mid360-simulation/install/champ_msgs/local/lib/python3.10/dist-packages/champ_msgs-0.1.0-py3.10.egg-info/PKG-INFO
[3.144s] -- Symlinking: /home/kentaro/mid360-simulation/install/champ_msgs/local/lib/python3.10/dist-packages/champ_msgs-0.1.0-py3.10.egg-info/SOURCES.txt
[3.156s] -- Symlinking: /home/kentaro/mid360-simulation/install/champ_msgs/local/lib/python3.10/dist-packages/champ_msgs-0.1.0-py3.10.egg-info/dependency_links.txt
[3.167s] -- Symlinking: /home/kentaro/mid360-simulation/install/champ_msgs/local/lib/python3.10/dist-packages/champ_msgs-0.1.0-py3.10.egg-info/top_level.txt
[3.180s] -- Symlinking: /home/kentaro/mid360-simulation/install/champ_msgs/local/lib/python3.10/dist-packages/champ_msgs/__init__.py
[3.192s] -- Symlinking: /home/kentaro/mid360-simulation/install/champ_msgs/local/lib/python3.10/dist-packages/champ_msgs/_champ_msgs_s.ep.rosidl_typesupport_c.c
[3.204s] -- Symlinking: /home/kentaro/mid360-simulation/install/champ_msgs/local/lib/python3.10/dist-packages/champ_msgs/_champ_msgs_s.ep.rosidl_typesupport_fastrtps_c.c
[3.217s] -- Symlinking: /home/kentaro/mid360-simulation/install/champ_msgs/local/lib/python3.10/dist-packages/champ_msgs/_champ_msgs_s.ep.rosidl_typesupport_introspection_c.c
[3.229s] -- Symlinking: /home/kentaro/mid360-simulation/install/champ_msgs/local/lib/python3.10/dist-packages/champ_msgs/champ_msgs_s__rosidl_typesupport_c.cpython-310-x86_64-linux-gnu.so
[3.241s] -- Symlinking: /home/kentaro/mid360-simulation/install/champ_msgs/local/lib/python3.10/dist-packages/champ_msgs/champ_msgs_s__rosidl_typesupport_fastrtps_c.cpython-310-x86_64-linux-gnu.so
[3.253s] -- Symlinking: /home/kentaro/mid360-simulation/install/champ_msgs/local/lib/python3.10/dist-packages/champ_msgs/champ_msgs_s__rosidl_typesupport_introspection_c.cpython-310-x86_64-linux-gnu.so
[3.265s] -- Symlinking: /home/kentaro/mid360-simulation/install/champ_msgs/local/lib/python3.10/dist-packages/champ_msgs/libchamp_msgs__rosidl_generator_py.so
[3.274s] -- Symlinking: /home/kentaro/mid360-simulation/install/champ_msgs/local/lib/python3.10/dist-packages/champ_msgs/msg/__init__.py
[3.287s] -- Symlinking: /home/kentaro/mid360-simulation/install/champ_msgs/local/lib/python3.10/dist-packages/champ_msgs/msg/_contacts.py
[3.300s] -- Symlinking: /home/kentaro/mid360-simulation/install/champ_msgs/local/lib/python3.10/dist-packages/champ_msgs/msg/_contacts_s.c
[3.311s] -- Symlinking: /home/kentaro/mid360-simulation/install/champ_msgs/local/lib/python3.10/dist-packages/champ_msgs/msg/_contacts_stamped.py
[3.319s] -- Symlinking: /home/kentaro/mid360-simulation/install/champ_msgs/local/lib/python3.10/dist-packages/champ_msgs/msg/_contacts_stamped_s.c
[3.328s] -- Symlinking: /home/kentaro/mid360-simulation/install/champ_msgs/local/lib/python3.10/dist-packages/champ_msgs/msg/_imu.py
[3.336s] -- Symlinking: /home/kentaro/mid360-simulation/install/champ_msgs/local/lib/python3.10/dist-packages/champ_msgs/msg/_imu_s.c
[3.344s] -- Symlinking: /home/kentaro/mid360-simulation/install/champ_msgs/local/lib/python3.10/dist-packages/champ_msgs/msg/_joints.py
[3.353s] -- Symlinking: /home/kentaro/mid360-simulation/install/champ_msgs/local/lib/python3.10/dist-packages/champ_msgs/msg/_joints_s.c
[3.361s] -- Symlinking: /home/kentaro/mid360-simulation/install/champ_msgs/local/lib/python3.10/dist-packages/champ_msgs/msg/_pid.py
[3.369s] -- Symlinking: /home/kentaro/mid360-simulation/install/champ_msgs/local/lib/python3.10/dist-packages/champ_msgs/msg/_pid_s.c
[3.377s] -- Symlinking: /home/kentaro/mid360-simulation/install/champ_msgs/local/lib/python3.10/dist-packages/champ_msgs/msg/_point.py
[3.385s] -- Symlinking: /home/kentaro/mid360-simulation/install/champ_msgs/local/lib/python3.10/dist-packages/champ_msgs/msg/_point_array.py
[3.393s] -- Symlinking: /home/kentaro/mid360-simulation/install/champ_msgs/local/lib/python3.10/dist-packages/champ_msgs/msg/_point_array_s.c
[3.402s] -- Symlinking: /home/kentaro/mid360-simulation/install/champ_msgs/local/lib/python3.10/dist-packages/champ_msgs/msg/_point_s.c
[3.410s] -- Symlinking: /home/kentaro/mid360-simulation/install/champ_msgs/local/lib/python3.10/dist-packages/champ_msgs/msg/_pose.py
[3.418s] -- Symlinking: /home/kentaro/mid360-simulation/install/champ_msgs/local/lib/python3.10/dist-packages/champ_msgs/msg/_pose_s.c
[3.426s] -- Symlinking: /home/kentaro/mid360-simulation/install/champ_msgs/local/lib/python3.10/dist-packages/champ_msgs/msg/_velocities.py
[3.435s] -- Symlinking: /home/kentaro/mid360-simulation/install/champ_msgs/local/lib/python3.10/dist-packages/champ_msgs/msg/_velocities_s.c
[3.444s] -- Up-to-date symlink: /home/kentaro/mid360-simulation/install/champ_msgs/local/lib/python3.10/dist-packages/champ_msgs/champ_msgs_s__rosidl_typesupport_fastrtps_c.cpython-310-x86_64-linux-gnu.so
[3.444s] -- Up-to-date symlink: /home/kentaro/mid360-simulation/install/champ_msgs/local/lib/python3.10/dist-packages/champ_msgs/champ_msgs_s__rosidl_typesupport_introspection_c.cpython-310-x86_64-linux-gnu.so
[3.444s] -- Up-to-date symlink: /home/kentaro/mid360-simulation/install/champ_msgs/local/lib/python3.10/dist-packages/champ_msgs/champ_msgs_s__rosidl_typesupport_c.cpython-310-x86_64-linux-gnu.so
[3.444s] -- Symlinking: /home/kentaro/mid360-simulation/install/champ_msgs/share/champ_msgs/msg/Velocities.idl
[3.453s] -- Symlinking: /home/kentaro/mid360-simulation/install/champ_msgs/share/champ_msgs/msg/PID.idl
[3.469s] -- Symlinking: /home/kentaro/mid360-simulation/install/champ_msgs/share/champ_msgs/msg/Imu.idl
[3.474s] -- Symlinking: /home/kentaro/mid360-simulation/install/champ_msgs/share/champ_msgs/msg/Point.idl
[3.482s] -- Symlinking: /home/kentaro/mid360-simulation/install/champ_msgs/share/champ_msgs/msg/PointArray.idl
[3.491s] -- Symlinking: /home/kentaro/mid360-simulation/install/champ_msgs/share/champ_msgs/msg/Joints.idl
[3.500s] -- Symlinking: /home/kentaro/mid360-simulation/install/champ_msgs/share/champ_msgs/msg/Contacts.idl
[3.510s] -- Symlinking: /home/kentaro/mid360-simulation/install/champ_msgs/share/champ_msgs/msg/ContactsStamped.idl
[3.531s] -- Symlinking: /home/kentaro/mid360-simulation/install/champ_msgs/share/champ_msgs/msg/Pose.idl
[3.535s] -- Symlinking: /home/kentaro/mid360-simulation/install/champ_msgs/share/champ_msgs/msg/Velocities.msg
[3.547s] -- Symlinking: /home/kentaro/mid360-simulation/install/champ_msgs/share/champ_msgs/msg/PID.msg
[3.559s] -- Symlinking: /home/kentaro/mid360-simulation/install/champ_msgs/share/champ_msgs/msg/Imu.msg
[3.569s] -- Symlinking: /home/kentaro/mid360-simulation/install/champ_msgs/share/champ_msgs/msg/Point.msg
[3.582s] -- Symlinking: /home/kentaro/mid360-simulation/install/champ_msgs/share/champ_msgs/msg/PointArray.msg
[3.594s] -- Symlinking: /home/kentaro/mid360-simulation/install/champ_msgs/share/champ_msgs/msg/Joints.msg
[3.608s] -- Symlinking: /home/kentaro/mid360-simulation/install/champ_msgs/share/champ_msgs/msg/Contacts.msg
[3.621s] -- Symlinking: /home/kentaro/mid360-simulation/install/champ_msgs/share/champ_msgs/msg/ContactsStamped.msg
[3.634s] -- Symlinking: /home/kentaro/mid360-simulation/install/champ_msgs/share/champ_msgs/msg/Pose.msg
[3.648s] -- Symlinking: /home/kentaro/mid360-simulation/install/champ_msgs/share/ament_index/resource_index/package_run_dependencies/champ_msgs
[3.661s] -- Symlinking: /home/kentaro/mid360-simulation/install/champ_msgs/share/ament_index/resource_index/parent_prefix_path/champ_msgs
[3.675s] -- Symlinking: /home/kentaro/mid360-simulation/install/champ_msgs/share/champ_msgs/environment/ament_prefix_path.sh
[3.688s] -- Symlinking: /home/kentaro/mid360-simulation/install/champ_msgs/share/champ_msgs/environment/ament_prefix_path.dsv
[3.702s] -- Symlinking: /home/kentaro/mid360-simulation/install/champ_msgs/share/champ_msgs/environment/path.sh
[3.716s] -- Symlinking: /home/kentaro/mid360-simulation/install/champ_msgs/share/champ_msgs/environment/path.dsv
[3.729s] -- Symlinking: /home/kentaro/mid360-simulation/install/champ_msgs/share/champ_msgs/local_setup.bash
[3.745s] -- Symlinking: /home/kentaro/mid360-simulation/install/champ_msgs/share/champ_msgs/local_setup.sh
[3.758s] -- Symlinking: /home/kentaro/mid360-simulation/install/champ_msgs/share/champ_msgs/local_setup.zsh
[3.772s] -- Symlinking: /home/kentaro/mid360-simulation/install/champ_msgs/share/champ_msgs/local_setup.dsv
[3.790s] -- Symlinking: /home/kentaro/mid360-simulation/install/champ_msgs/share/champ_msgs/package.dsv
[3.799s] -- Symlinking: /home/kentaro/mid360-simulation/install/champ_msgs/share/ament_index/resource_index/packages/champ_msgs
[3.812s] -- Symlinking: /home/kentaro/mid360-simulation/install/champ_msgs/share/champ_msgs/cmake/rosidl_cmake-extras.cmake
[3.825s] -- Symlinking: /home/kentaro/mid360-simulation/install/champ_msgs/share/champ_msgs/cmake/ament_cmake_export_dependencies-extras.cmake
[3.839s] -- Symlinking: /home/kentaro/mid360-simulation/install/champ_msgs/share/champ_msgs/cmake/ament_cmake_export_include_directories-extras.cmake
[3.852s] -- Symlinking: /home/kentaro/mid360-simulation/install/champ_msgs/share/champ_msgs/cmake/ament_cmake_export_libraries-extras.cmake
[3.865s] -- Symlinking: /home/kentaro/mid360-simulation/install/champ_msgs/share/champ_msgs/cmake/ament_cmake_export_targets-extras.cmake
[3.878s] -- Symlinking: /home/kentaro/mid360-simulation/install/champ_msgs/share/champ_msgs/cmake/rosidl_cmake_export_typesupport_targets-extras.cmake
[3.891s] -- Symlinking: /home/kentaro/mid360-simulation/install/champ_msgs/share/champ_msgs/cmake/rosidl_cmake_export_typesupport_libraries-extras.cmake
[3.904s] -- Symlinking: /home/kentaro/mid360-simulation/install/champ_msgs/share/champ_msgs/cmake/champ_msgsConfig.cmake
[3.918s] -- Symlinking: /home/kentaro/mid360-simulation/install/champ_msgs/share/champ_msgs/cmake/champ_msgsConfig-version.cmake
[3.930s] -- Symlinking: /home/kentaro/mid360-simulation/install/champ_msgs/share/champ_msgs/package.xml
[3.943s] -- Installing: /home/kentaro/mid360-simulation/install/champ_msgs/lib/libchamp_msgs__rosidl_generator_c.so
[3.944s] -- Set runtime path of "/home/kentaro/mid360-simulation/install/champ_msgs/lib/libchamp_msgs__rosidl_generator_c.so" to ""
[3.944s] -- Installing: /home/kentaro/mid360-simulation/install/champ_msgs/lib/libchamp_msgs__rosidl_typesupport_fastrtps_c.so
[3.945s] -- Set runtime path of "/home/kentaro/mid360-simulation/install/champ_msgs/lib/libchamp_msgs__rosidl_typesupport_fastrtps_c.so" to ""
[3.946s] -- Installing: /home/kentaro/mid360-simulation/install/champ_msgs/lib/libchamp_msgs__rosidl_typesupport_introspection_c.so
[3.946s] -- Set runtime path of "/home/kentaro/mid360-simulation/install/champ_msgs/lib/libchamp_msgs__rosidl_typesupport_introspection_c.so" to ""
[3.947s] -- Installing: /home/kentaro/mid360-simulation/install/champ_msgs/lib/libchamp_msgs__rosidl_typesupport_c.so
[3.947s] -- Set runtime path of "/home/kentaro/mid360-simulation/install/champ_msgs/lib/libchamp_msgs__rosidl_typesupport_c.so" to ""
[3.947s] -- Installing: /home/kentaro/mid360-simulation/install/champ_msgs/lib/libchamp_msgs__rosidl_typesupport_fastrtps_cpp.so
[3.948s] -- Set runtime path of "/home/kentaro/mid360-simulation/install/champ_msgs/lib/libchamp_msgs__rosidl_typesupport_fastrtps_cpp.so" to ""
[3.949s] -- Installing: /home/kentaro/mid360-simulation/install/champ_msgs/lib/libchamp_msgs__rosidl_typesupport_introspection_cpp.so
[3.949s] -- Set runtime path of "/home/kentaro/mid360-simulation/install/champ_msgs/lib/libchamp_msgs__rosidl_typesupport_introspection_cpp.so" to ""
[3.950s] -- Installing: /home/kentaro/mid360-simulation/install/champ_msgs/lib/libchamp_msgs__rosidl_typesupport_cpp.so
[3.950s] -- Set runtime path of "/home/kentaro/mid360-simulation/install/champ_msgs/lib/libchamp_msgs__rosidl_typesupport_cpp.so" to ""
[4.028s] Listing '/home/kentaro/mid360-simulation/install/champ_msgs/local/lib/python3.10/dist-packages/champ_msgs'...
[4.028s] Compiling '/home/kentaro/mid360-simulation/install/champ_msgs/local/lib/python3.10/dist-packages/champ_msgs/__init__.py'...
[4.028s] Listing '/home/kentaro/mid360-simulation/install/champ_msgs/local/lib/python3.10/dist-packages/champ_msgs/msg'...
[4.028s] Compiling '/home/kentaro/mid360-simulation/install/champ_msgs/local/lib/python3.10/dist-packages/champ_msgs/msg/__init__.py'...
[4.028s] Compiling '/home/kentaro/mid360-simulation/install/champ_msgs/local/lib/python3.10/dist-packages/champ_msgs/msg/_contacts.py'...
[4.028s] Compiling '/home/kentaro/mid360-simulation/install/champ_msgs/local/lib/python3.10/dist-packages/champ_msgs/msg/_contacts_stamped.py'...
[4.028s] Compiling '/home/kentaro/mid360-simulation/install/champ_msgs/local/lib/python3.10/dist-packages/champ_msgs/msg/_imu.py'...
[4.028s] Compiling '/home/kentaro/mid360-simulation/install/champ_msgs/local/lib/python3.10/dist-packages/champ_msgs/msg/_joints.py'...
[4.028s] Compiling '/home/kentaro/mid360-simulation/install/champ_msgs/local/lib/python3.10/dist-packages/champ_msgs/msg/_pid.py'...
[4.029s] Compiling '/home/kentaro/mid360-simulation/install/champ_msgs/local/lib/python3.10/dist-packages/champ_msgs/msg/_point.py'...
[4.029s] Compiling '/home/kentaro/mid360-simulation/install/champ_msgs/local/lib/python3.10/dist-packages/champ_msgs/msg/_point_array.py'...
[4.029s] Compiling '/home/kentaro/mid360-simulation/install/champ_msgs/local/lib/python3.10/dist-packages/champ_msgs/msg/_pose.py'...
[4.029s] Compiling '/home/kentaro/mid360-simulation/install/champ_msgs/local/lib/python3.10/dist-packages/champ_msgs/msg/_velocities.py'...
[4.038s] -- Installing: /home/kentaro/mid360-simulation/install/champ_msgs/lib/libchamp_msgs__rosidl_generator_py.so
[4.039s] -- Set runtime path of "/home/kentaro/mid360-simulation/install/champ_msgs/lib/libchamp_msgs__rosidl_generator_py.so" to ""
[4.039s] -- Installing: /home/kentaro/mid360-simulation/install/champ_msgs/share/champ_msgs/cmake/export_champ_msgs__rosidl_generator_cExport.cmake
[4.039s] -- Installing: /home/kentaro/mid360-simulation/install/champ_msgs/share/champ_msgs/cmake/export_champ_msgs__rosidl_generator_cExport-noconfig.cmake
[4.040s] -- Installing: /home/kentaro/mid360-simulation/install/champ_msgs/share/champ_msgs/cmake/export_champ_msgs__rosidl_typesupport_fastrtps_cExport.cmake
[4.040s] -- Installing: /home/kentaro/mid360-simulation/install/champ_msgs/share/champ_msgs/cmake/export_champ_msgs__rosidl_typesupport_fastrtps_cExport-noconfig.cmake
[4.041s] -- Installing: /home/kentaro/mid360-simulation/install/champ_msgs/share/champ_msgs/cmake/champ_msgs__rosidl_typesupport_introspection_cExport.cmake
[4.041s] -- Installing: /home/kentaro/mid360-simulation/install/champ_msgs/share/champ_msgs/cmake/champ_msgs__rosidl_typesupport_introspection_cExport-noconfig.cmake
[4.042s] -- Installing: /home/kentaro/mid360-simulation/install/champ_msgs/share/champ_msgs/cmake/champ_msgs__rosidl_typesupport_cExport.cmake
[4.042s] -- Installing: /home/kentaro/mid360-simulation/install/champ_msgs/share/champ_msgs/cmake/champ_msgs__rosidl_typesupport_cExport-noconfig.cmake
[4.043s] -- Installing: /home/kentaro/mid360-simulation/install/champ_msgs/share/champ_msgs/cmake/export_champ_msgs__rosidl_generator_cppExport.cmake
[4.043s] -- Installing: /home/kentaro/mid360-simulation/install/champ_msgs/share/champ_msgs/cmake/export_champ_msgs__rosidl_typesupport_fastrtps_cppExport.cmake
[4.044s] -- Installing: /home/kentaro/mid360-simulation/install/champ_msgs/share/champ_msgs/cmake/export_champ_msgs__rosidl_typesupport_fastrtps_cppExport-noconfig.cmake
[4.044s] -- Installing: /home/kentaro/mid360-simulation/install/champ_msgs/share/champ_msgs/cmake/champ_msgs__rosidl_typesupport_introspection_cppExport.cmake
[4.044s] -- Installing: /home/kentaro/mid360-simulation/install/champ_msgs/share/champ_msgs/cmake/champ_msgs__rosidl_typesupport_introspection_cppExport-noconfig.cmake
[4.045s] -- Installing: /home/kentaro/mid360-simulation/install/champ_msgs/share/champ_msgs/cmake/champ_msgs__rosidl_typesupport_cppExport.cmake
[4.045s] -- Installing: /home/kentaro/mid360-simulation/install/champ_msgs/share/champ_msgs/cmake/champ_msgs__rosidl_typesupport_cppExport-noconfig.cmake
[4.046s] -- Installing: /home/kentaro/mid360-simulation/install/champ_msgs/share/champ_msgs/cmake/export_champ_msgs__rosidl_generator_pyExport.cmake
[4.047s] -- Installing: /home/kentaro/mid360-simulation/install/champ_msgs/share/champ_msgs/cmake/export_champ_msgs__rosidl_generator_pyExport-noconfig.cmake
[4.050s] Invoked command in '/home/kentaro/mid360-simulation/build/champ_msgs' returned '0': CMAKE_PREFIX_PATH=${CMAKE_PREFIX_PATH}:/opt/ros/humble /usr/bin/cmake --install /home/kentaro/mid360-simulation/build/champ_msgs
