[0.015s] Invoking command in '/home/kentaro/mid360-simulation/build/ros2_livox_simulation': CMAKE_PREFIX_PATH=/home/kentaro/mid360-simulation/install/livox_ros_driver2:/home/kentaro/mid360-simulation/install/ros2_livox_simulation:/home/kentaro/mid360-simulation/install/go2_description:/home/kentaro/mid360-simulation/install/go2_config:/home/kentaro/mid360-simulation/install/champ_teleop:/home/kentaro/mid360-simulation/install/champ_navigation:/home/kentaro/mid360-simulation/install/champ_gazebo:/home/kentaro/mid360-simulation/install/champ_bringup:/home/kentaro/mid360-simulation/install/champ_base:/home/kentaro/mid360-simulation/install/champ_msgs:/home/kentaro/mid360-simulation/install/champ_description:/home/kentaro/mid360-simulation/install/champ_config:/home/kentaro/mid360-simulation/install/champ:/opt/ros/humble LD_LIBRARY_PATH=/home/kentaro/mid360-simulation/install/livox_ros_driver2/lib:/home/kentaro/mid360-simulation/install/ros2_livox_simulation/lib:/home/kentaro/mid360-simulation/install/champ_base/lib:/home/kentaro/mid360-simulation/install/champ_msgs/lib:/usr/lib/x86_64-linux-gnu/gazebo-11/plugins:/opt/ros/humble/opt/rviz_ogre_vendor/lib:/opt/ros/humble/lib/x86_64-linux-gnu:/opt/ros/humble/lib /usr/bin/cmake --build /home/kentaro/mid360-simulation/build/ros2_livox_simulation -- -j8 -l8
[0.099s] [100%] Built target ros2_livox
[0.109s] Invoked command in '/home/kentaro/mid360-simulation/build/ros2_livox_simulation' returned '0': CMAKE_PREFIX_PATH=/home/kentaro/mid360-simulation/install/livox_ros_driver2:/home/kentaro/mid360-simulation/install/ros2_livox_simulation:/home/kentaro/mid360-simulation/install/go2_description:/home/kentaro/mid360-simulation/install/go2_config:/home/kentaro/mid360-simulation/install/champ_teleop:/home/kentaro/mid360-simulation/install/champ_navigation:/home/kentaro/mid360-simulation/install/champ_gazebo:/home/kentaro/mid360-simulation/install/champ_bringup:/home/kentaro/mid360-simulation/install/champ_base:/home/kentaro/mid360-simulation/install/champ_msgs:/home/kentaro/mid360-simulation/install/champ_description:/home/kentaro/mid360-simulation/install/champ_config:/home/kentaro/mid360-simulation/install/champ:/opt/ros/humble LD_LIBRARY_PATH=/home/kentaro/mid360-simulation/install/livox_ros_driver2/lib:/home/kentaro/mid360-simulation/install/ros2_livox_simulation/lib:/home/kentaro/mid360-simulation/install/champ_base/lib:/home/kentaro/mid360-simulation/install/champ_msgs/lib:/usr/lib/x86_64-linux-gnu/gazebo-11/plugins:/opt/ros/humble/opt/rviz_ogre_vendor/lib:/opt/ros/humble/lib/x86_64-linux-gnu:/opt/ros/humble/lib /usr/bin/cmake --build /home/kentaro/mid360-simulation/build/ros2_livox_simulation -- -j8 -l8
[0.111s] Invoking command in '/home/kentaro/mid360-simulation/build/ros2_livox_simulation': CMAKE_PREFIX_PATH=/home/kentaro/mid360-simulation/install/livox_ros_driver2:/home/kentaro/mid360-simulation/install/ros2_livox_simulation:/home/kentaro/mid360-simulation/install/go2_description:/home/kentaro/mid360-simulation/install/go2_config:/home/kentaro/mid360-simulation/install/champ_teleop:/home/kentaro/mid360-simulation/install/champ_navigation:/home/kentaro/mid360-simulation/install/champ_gazebo:/home/kentaro/mid360-simulation/install/champ_bringup:/home/kentaro/mid360-simulation/install/champ_base:/home/kentaro/mid360-simulation/install/champ_msgs:/home/kentaro/mid360-simulation/install/champ_description:/home/kentaro/mid360-simulation/install/champ_config:/home/kentaro/mid360-simulation/install/champ:/opt/ros/humble LD_LIBRARY_PATH=/home/kentaro/mid360-simulation/install/livox_ros_driver2/lib:/home/kentaro/mid360-simulation/install/ros2_livox_simulation/lib:/home/kentaro/mid360-simulation/install/champ_base/lib:/home/kentaro/mid360-simulation/install/champ_msgs/lib:/usr/lib/x86_64-linux-gnu/gazebo-11/plugins:/opt/ros/humble/opt/rviz_ogre_vendor/lib:/opt/ros/humble/lib/x86_64-linux-gnu:/opt/ros/humble/lib /usr/bin/cmake --install /home/kentaro/mid360-simulation/build/ros2_livox_simulation
[0.119s] -- Install configuration: ""
[0.120s] -- Execute custom install script
[0.121s] -- Up-to-date symlink: /home/kentaro/mid360-simulation/install/ros2_livox_simulation/include/ros2_livox/csv_reader.hpp
[0.121s] -- Up-to-date symlink: /home/kentaro/mid360-simulation/install/ros2_livox_simulation/include/ros2_livox/livox_ode_multiray_shape.h
[0.122s] -- Up-to-date symlink: /home/kentaro/mid360-simulation/install/ros2_livox_simulation/include/ros2_livox/livox_points_plugin.h
[0.122s] -- Up-to-date symlink: /home/kentaro/mid360-simulation/install/ros2_livox_simulation/lib/libros2_livox.so
[0.122s] -- Up-to-date symlink: /home/kentaro/mid360-simulation/install/ros2_livox_simulation/share/ros2_livox_simulation/environment/library_path.sh
[0.122s] -- Up-to-date symlink: /home/kentaro/mid360-simulation/install/ros2_livox_simulation/share/ros2_livox_simulation/environment/library_path.dsv
[0.122s] -- Up-to-date symlink: /home/kentaro/mid360-simulation/install/ros2_livox_simulation/share/ros2_livox_simulation/scan_mode/mid40.csv
[0.123s] -- Up-to-date symlink: /home/kentaro/mid360-simulation/install/ros2_livox_simulation/share/ros2_livox_simulation/scan_mode/mid70.csv
[0.123s] -- Up-to-date symlink: /home/kentaro/mid360-simulation/install/ros2_livox_simulation/share/ros2_livox_simulation/scan_mode/mid360.csv
[0.123s] -- Up-to-date symlink: /home/kentaro/mid360-simulation/install/ros2_livox_simulation/share/ros2_livox_simulation/scan_mode/tele.csv
[0.123s] -- Up-to-date symlink: /home/kentaro/mid360-simulation/install/ros2_livox_simulation/share/ros2_livox_simulation/scan_mode/horizon.csv
[0.123s] -- Up-to-date symlink: /home/kentaro/mid360-simulation/install/ros2_livox_simulation/share/ros2_livox_simulation/scan_mode/HAP.csv
[0.123s] -- Up-to-date symlink: /home/kentaro/mid360-simulation/install/ros2_livox_simulation/share/ros2_livox_simulation/scan_mode/avia.csv
[0.123s] -- Up-to-date symlink: /home/kentaro/mid360-simulation/install/ros2_livox_simulation/share/ros2_livox_simulation/urdf/mid40.xacro
[0.123s] -- Up-to-date symlink: /home/kentaro/mid360-simulation/install/ros2_livox_simulation/share/ros2_livox_simulation/urdf/mid70.xacro
[0.123s] -- Up-to-date symlink: /home/kentaro/mid360-simulation/install/ros2_livox_simulation/share/ros2_livox_simulation/urdf/mid360.xacro
[0.124s] -- Up-to-date symlink: /home/kentaro/mid360-simulation/install/ros2_livox_simulation/share/ros2_livox_simulation/urdf/tele.xacro
[0.124s] -- Up-to-date symlink: /home/kentaro/mid360-simulation/install/ros2_livox_simulation/share/ros2_livox_simulation/urdf/horizon.xacro
[0.124s] -- Up-to-date symlink: /home/kentaro/mid360-simulation/install/ros2_livox_simulation/share/ros2_livox_simulation/urdf/HAP.xacro
[0.124s] -- Up-to-date symlink: /home/kentaro/mid360-simulation/install/ros2_livox_simulation/share/ros2_livox_simulation/urdf/avia.xacro
[0.124s] -- Up-to-date symlink: /home/kentaro/mid360-simulation/install/ros2_livox_simulation/share/ament_index/resource_index/package_run_dependencies/ros2_livox_simulation
[0.124s] -- Up-to-date symlink: /home/kentaro/mid360-simulation/install/ros2_livox_simulation/share/ament_index/resource_index/parent_prefix_path/ros2_livox_simulation
[0.124s] -- Up-to-date symlink: /home/kentaro/mid360-simulation/install/ros2_livox_simulation/share/ros2_livox_simulation/environment/ament_prefix_path.sh
[0.125s] -- Up-to-date symlink: /home/kentaro/mid360-simulation/install/ros2_livox_simulation/share/ros2_livox_simulation/environment/ament_prefix_path.dsv
[0.125s] -- Up-to-date symlink: /home/kentaro/mid360-simulation/install/ros2_livox_simulation/share/ros2_livox_simulation/environment/path.sh
[0.125s] -- Up-to-date symlink: /home/kentaro/mid360-simulation/install/ros2_livox_simulation/share/ros2_livox_simulation/environment/path.dsv
[0.125s] -- Up-to-date symlink: /home/kentaro/mid360-simulation/install/ros2_livox_simulation/share/ros2_livox_simulation/local_setup.bash
[0.125s] -- Up-to-date symlink: /home/kentaro/mid360-simulation/install/ros2_livox_simulation/share/ros2_livox_simulation/local_setup.sh
[0.126s] -- Up-to-date symlink: /home/kentaro/mid360-simulation/install/ros2_livox_simulation/share/ros2_livox_simulation/local_setup.zsh
[0.126s] -- Up-to-date symlink: /home/kentaro/mid360-simulation/install/ros2_livox_simulation/share/ros2_livox_simulation/local_setup.dsv
[0.126s] -- Symlinking: /home/kentaro/mid360-simulation/install/ros2_livox_simulation/share/ros2_livox_simulation/package.dsv
[0.135s] -- Up-to-date symlink: /home/kentaro/mid360-simulation/install/ros2_livox_simulation/share/ament_index/resource_index/packages/ros2_livox_simulation
[0.135s] -- Up-to-date symlink: /home/kentaro/mid360-simulation/install/ros2_livox_simulation/share/ros2_livox_simulation/cmake/ament_cmake_export_libraries-extras.cmake
[0.135s] -- Up-to-date symlink: /home/kentaro/mid360-simulation/install/ros2_livox_simulation/share/ros2_livox_simulation/cmake/ros2_livox_simulationConfig.cmake
[0.135s] -- Up-to-date symlink: /home/kentaro/mid360-simulation/install/ros2_livox_simulation/share/ros2_livox_simulation/cmake/ros2_livox_simulationConfig-version.cmake
[0.135s] -- Up-to-date symlink: /home/kentaro/mid360-simulation/install/ros2_livox_simulation/share/ros2_livox_simulation/package.xml
[0.150s] Invoked command in '/home/kentaro/mid360-simulation/build/ros2_livox_simulation' returned '0': CMAKE_PREFIX_PATH=/home/kentaro/mid360-simulation/install/livox_ros_driver2:/home/kentaro/mid360-simulation/install/ros2_livox_simulation:/home/kentaro/mid360-simulation/install/go2_description:/home/kentaro/mid360-simulation/install/go2_config:/home/kentaro/mid360-simulation/install/champ_teleop:/home/kentaro/mid360-simulation/install/champ_navigation:/home/kentaro/mid360-simulation/install/champ_gazebo:/home/kentaro/mid360-simulation/install/champ_bringup:/home/kentaro/mid360-simulation/install/champ_base:/home/kentaro/mid360-simulation/install/champ_msgs:/home/kentaro/mid360-simulation/install/champ_description:/home/kentaro/mid360-simulation/install/champ_config:/home/kentaro/mid360-simulation/install/champ:/opt/ros/humble LD_LIBRARY_PATH=/home/kentaro/mid360-simulation/install/livox_ros_driver2/lib:/home/kentaro/mid360-simulation/install/ros2_livox_simulation/lib:/home/kentaro/mid360-simulation/install/champ_base/lib:/home/kentaro/mid360-simulation/install/champ_msgs/lib:/usr/lib/x86_64-linux-gnu/gazebo-11/plugins:/opt/ros/humble/opt/rviz_ogre_vendor/lib:/opt/ros/humble/lib/x86_64-linux-gnu:/opt/ros/humble/lib /usr/bin/cmake --install /home/kentaro/mid360-simulation/build/ros2_livox_simulation
