[0.038s] Invoking command in '/home/kentaro/mid360-simulation/build/champ_description': CMAKE_PREFIX_PATH=${CMAKE_PREFIX_PATH}:/opt/ros/humble /usr/bin/cmake /home/kentaro/mid360-simulation/src/unitree-go2-ros2/champ/champ_description -DAMENT_CMAKE_SYMLINK_INSTALL=1 -DCMAKE_INSTALL_PREFIX=/home/kentaro/mid360-simulation/install/champ_description
[0.130s] -- The C compiler identification is GNU 11.4.0
[0.238s] -- The CXX compiler identification is GNU 11.4.0
[0.253s] -- Detecting C compiler ABI info
[0.363s] -- Detecting C compiler ABI info - done
[0.379s] -- Check for working C compiler: /usr/bin/cc - skipped
[0.380s] -- Detecting C compile features
[0.380s] -- Detecting C compile features - done
[0.385s] -- Detecting CXX compiler ABI info
[0.516s] -- Detecting CXX compiler ABI info - done
[0.526s] -- Check for working CXX compiler: /usr/bin/c++ - skipped
[0.527s] -- Detecting CXX compile features
[0.529s] -- Detecting CXX compile features - done
[0.532s] -- Found ament_cmake: 1.3.12 (/opt/ros/humble/share/ament_cmake/cmake)
[0.810s] -- Found Python3: /usr/bin/python3 (found version "3.10.12") found components: Interpreter 
[0.941s] -- Override CMake install command with custom implementation using symlinks instead of copying resources
[1.010s] -- Found ament_lint_auto: 0.12.14 (/opt/ros/humble/share/ament_lint_auto/cmake)
[1.132s] -- Configuring done
[1.135s] -- Generating done
[1.138s] -- Build files have been written to: /home/kentaro/mid360-simulation/build/champ_description
[1.159s] Invoked command in '/home/kentaro/mid360-simulation/build/champ_description' returned '0': CMAKE_PREFIX_PATH=${CMAKE_PREFIX_PATH}:/opt/ros/humble /usr/bin/cmake /home/kentaro/mid360-simulation/src/unitree-go2-ros2/champ/champ_description -DAMENT_CMAKE_SYMLINK_INSTALL=1 -DCMAKE_INSTALL_PREFIX=/home/kentaro/mid360-simulation/install/champ_description
[1.160s] Invoking command in '/home/kentaro/mid360-simulation/build/champ_description': CMAKE_PREFIX_PATH=${CMAKE_PREFIX_PATH}:/opt/ros/humble /usr/bin/cmake --build /home/kentaro/mid360-simulation/build/champ_description -- -j8 -l8
[1.225s] Invoked command in '/home/kentaro/mid360-simulation/build/champ_description' returned '0': CMAKE_PREFIX_PATH=${CMAKE_PREFIX_PATH}:/opt/ros/humble /usr/bin/cmake --build /home/kentaro/mid360-simulation/build/champ_description -- -j8 -l8
[1.226s] Invoking command in '/home/kentaro/mid360-simulation/build/champ_description': CMAKE_PREFIX_PATH=${CMAKE_PREFIX_PATH}:/opt/ros/humble /usr/bin/cmake --install /home/kentaro/mid360-simulation/build/champ_description
[1.526s] -- Install configuration: ""
[1.526s] -- Execute custom install script
[1.526s] -- Symlinking: /home/kentaro/mid360-simulation/install/champ_description/share/champ_description/launch/description.launch
[1.527s] -- Symlinking: /home/kentaro/mid360-simulation/install/champ_description/share/champ_description/launch/description.launch.py
[1.527s] -- Symlinking: /home/kentaro/mid360-simulation/install/champ_description/share/champ_description/launch/view_urdf.launch
[1.528s] -- Symlinking: /home/kentaro/mid360-simulation/install/champ_description/share/champ_description/rviz/urdf_viewer.rviz
[1.528s] -- Symlinking: /home/kentaro/mid360-simulation/install/champ_description/share/champ_description/meshes/arm/base.stl
[1.528s] -- Symlinking: /home/kentaro/mid360-simulation/install/champ_description/share/champ_description/meshes/arm/lower_arm.stl
[1.528s] -- Symlinking: /home/kentaro/mid360-simulation/install/champ_description/share/champ_description/meshes/arm/upper_arm.stl
[1.528s] -- Symlinking: /home/kentaro/mid360-simulation/install/champ_description/share/champ_description/meshes/arm/wrist1.stl
[1.528s] -- Symlinking: /home/kentaro/mid360-simulation/install/champ_description/share/champ_description/meshes/arm/wrist2.stl
[1.529s] -- Symlinking: /home/kentaro/mid360-simulation/install/champ_description/share/champ_description/meshes/asus_camera_simple.dae
[1.529s] -- Symlinking: /home/kentaro/mid360-simulation/install/champ_description/share/champ_description/meshes/base.stl
[1.529s] -- Symlinking: /home/kentaro/mid360-simulation/install/champ_description/share/champ_description/meshes/base_simple.stl
[1.529s] -- Symlinking: /home/kentaro/mid360-simulation/install/champ_description/share/champ_description/meshes/hip.stl
[1.529s] -- Symlinking: /home/kentaro/mid360-simulation/install/champ_description/share/champ_description/meshes/hokuyo_utm_30lx.dae
[1.529s] -- Symlinking: /home/kentaro/mid360-simulation/install/champ_description/share/champ_description/meshes/lower_leg.stl
[1.529s] -- Symlinking: /home/kentaro/mid360-simulation/install/champ_description/share/champ_description/meshes/lower_leg_simple.stl
[1.529s] -- Symlinking: /home/kentaro/mid360-simulation/install/champ_description/share/champ_description/meshes/upper_leg.stl
[1.529s] -- Symlinking: /home/kentaro/mid360-simulation/install/champ_description/share/champ_description/meshes/upper_leg_simple.stl
[1.530s] -- Symlinking: /home/kentaro/mid360-simulation/install/champ_description/share/champ_description/urdf/accessories.urdf.xacro
[1.530s] -- Symlinking: /home/kentaro/mid360-simulation/install/champ_description/share/champ_description/urdf/asus_camera.urdf.xacro
[1.530s] -- Symlinking: /home/kentaro/mid360-simulation/install/champ_description/share/champ_description/urdf/champ.urdf
[1.530s] -- Symlinking: /home/kentaro/mid360-simulation/install/champ_description/share/champ_description/urdf/champ.urdf.xacro
[1.530s] -- Symlinking: /home/kentaro/mid360-simulation/install/champ_description/share/champ_description/urdf/champ_arm.urdf
[1.542s] -- Symlinking: /home/kentaro/mid360-simulation/install/champ_description/share/champ_description/urdf/champ_velodyne.urdf
[1.554s] -- Symlinking: /home/kentaro/mid360-simulation/install/champ_description/share/champ_description/urdf/gen_urdf
[1.571s] -- Symlinking: /home/kentaro/mid360-simulation/install/champ_description/share/champ_description/urdf/hokuyo_utm30lx.urdf.xacro
[1.583s] -- Symlinking: /home/kentaro/mid360-simulation/install/champ_description/share/champ_description/urdf/leg.urdf.xacro
[1.597s] -- Symlinking: /home/kentaro/mid360-simulation/install/champ_description/share/champ_description/urdf/properties.urdf.xacro
[1.608s] -- Symlinking: /home/kentaro/mid360-simulation/install/champ_description/share/ament_index/resource_index/package_run_dependencies/champ_description
[1.623s] -- Symlinking: /home/kentaro/mid360-simulation/install/champ_description/share/ament_index/resource_index/parent_prefix_path/champ_description
[1.637s] -- Symlinking: /home/kentaro/mid360-simulation/install/champ_description/share/champ_description/environment/ament_prefix_path.sh
[1.649s] -- Symlinking: /home/kentaro/mid360-simulation/install/champ_description/share/champ_description/environment/ament_prefix_path.dsv
[1.660s] -- Symlinking: /home/kentaro/mid360-simulation/install/champ_description/share/champ_description/environment/path.sh
[1.672s] -- Symlinking: /home/kentaro/mid360-simulation/install/champ_description/share/champ_description/environment/path.dsv
[1.685s] -- Symlinking: /home/kentaro/mid360-simulation/install/champ_description/share/champ_description/local_setup.bash
[1.698s] -- Symlinking: /home/kentaro/mid360-simulation/install/champ_description/share/champ_description/local_setup.sh
[1.713s] -- Symlinking: /home/kentaro/mid360-simulation/install/champ_description/share/champ_description/local_setup.zsh
[1.725s] -- Symlinking: /home/kentaro/mid360-simulation/install/champ_description/share/champ_description/local_setup.dsv
[1.735s] -- Symlinking: /home/kentaro/mid360-simulation/install/champ_description/share/champ_description/package.dsv
[1.743s] -- Symlinking: /home/kentaro/mid360-simulation/install/champ_description/share/ament_index/resource_index/packages/champ_description
[1.754s] -- Symlinking: /home/kentaro/mid360-simulation/install/champ_description/share/champ_description/cmake/champ_descriptionConfig.cmake
[1.764s] -- Symlinking: /home/kentaro/mid360-simulation/install/champ_description/share/champ_description/cmake/champ_descriptionConfig-version.cmake
[1.774s] -- Symlinking: /home/kentaro/mid360-simulation/install/champ_description/share/champ_description/package.xml
[1.786s] Invoked command in '/home/kentaro/mid360-simulation/build/champ_description' returned '0': CMAKE_PREFIX_PATH=${CMAKE_PREFIX_PATH}:/opt/ros/humble /usr/bin/cmake --install /home/kentaro/mid360-simulation/build/champ_description
