[0.033s] Invoking command in '/home/kentaro/mid360-simulation/build/livox_ros_driver2': CMAKE_PREFIX_PATH=/opt/ros/humble /usr/bin/cmake /home/kentaro/mid360-simulation/src/livox_ros_driver2 -DAMENT_CMAKE_SYMLINK_INSTALL=1 -DCMAKE_INSTALL_PREFIX=/home/kentaro/mid360-simulation/install/livox_ros_driver2
[0.055s] -- livox_ros_driver2 version: 1.2.4
[0.056s] -- Found ament_cmake_auto: 1.3.12 (/opt/ros/humble/share/ament_cmake_auto/cmake)
[0.287s] -- Override CMake install command with custom implementation using symlinks instead of copying resources
[0.435s] -- Using all available rosidl_typesupport_c: rosidl_typesupport_fastrtps_c;rosidl_typesupport_introspection_c
[0.440s] -- Found rosidl_adapter: 3.1.7 (/opt/ros/humble/share/rosidl_adapter/cmake)
[0.487s] -- Using all available rosidl_typesupport_cpp: rosidl_typesupport_fastrtps_cpp;rosidl_typesupport_introspection_cpp
[0.589s] -- Found rmw_implementation_cmake: 6.1.2 (/opt/ros/humble/share/rmw_implementation_cmake/cmake)
[0.590s] -- Found rmw_fastrtps_cpp: 6.2.9 (/opt/ros/humble/share/rmw_fastrtps_cpp/cmake)
[0.732s] -- Using RMW implementation 'rmw_fastrtps_cpp' as default
[0.934s] -- Eigen found (include: /usr/include/eigen3, version: 3.4.0)
[0.975s] -- FLANN found (include: /usr/include, lib: /usr/lib/x86_64-linux-gnu/libflann_cpp.so)
[1.361s] -- OpenNI found (version: 1.5.4.0, include: /usr/include/ni, lib: /usr/lib/libOpenNI.so;libusb::libusb)
[1.367s] -- OpenNI2 found (version: 2.2.0.33, include: /usr/include/openni2, lib: /usr/lib/x86_64-linux-gnu/libOpenNI2.so;libusb::libusb)
[1.526s] -- Eigen found (include: /usr/include/eigen3, version: 3.4.0)
[1.533s] -- OpenNI found (version: 1.5.4.0, include: /usr/include/ni, lib: /usr/lib/libOpenNI.so;libusb::libusb)
[1.539s] -- OpenNI2 found (version: 2.2.0.33, include: /usr/include/openni2, lib: /usr/lib/x86_64-linux-gnu/libOpenNI2.so;libusb::libusb)
[1.689s] -- Found Qhull version 8.0.2
[1.877s] -- OpenNI found (version: 1.5.4.0, include: /usr/include/ni, lib: /usr/lib/libOpenNI.so;libusb::libusb)
[2.095s] [0m/usr/include/apr-1.0[0m
[2.095s] [0mapr-1[0m
[2.333s] -- Found ament_cmake_ros: 0.10.0 (/opt/ros/humble/share/ament_cmake_ros/cmake)
[2.589s] -- Using all available rosidl_typesupport_c: rosidl_typesupport_fastrtps_c;rosidl_typesupport_introspection_c
[2.910s] -- Using all available rosidl_typesupport_cpp: rosidl_typesupport_fastrtps_cpp;rosidl_typesupport_introspection_cpp
[2.935s] -- Found python_cmake_module: 0.10.0 (/opt/ros/humble/share/python_cmake_module/cmake)
[2.959s] -- Using PYTHON_EXECUTABLE: /usr/bin/python3
[2.959s] -- Using PYTHON_INCLUDE_DIRS: /usr/include/python3.10
[2.959s] -- Using PYTHON_LIBRARIES: /usr/lib/x86_64-linux-gnu/libpython3.10.so
[3.017s] -- Found ament_lint_auto: 0.12.14 (/opt/ros/humble/share/ament_lint_auto/cmake)
[3.037s] -- Added test 'copyright' to check source files copyright and LICENSE
[3.046s] -- Added test 'cppcheck' to perform static code analysis on C / C++ code
[3.047s] -- Configured cppcheck include dirs: /home/kentaro/mid360-simulation/src/livox_ros_driver2/3rdparty;/home/kentaro/mid360-simulation/src/livox_ros_driver2/src
[3.047s] -- Configured cppcheck exclude dirs and/or files: 
[3.052s] -- Added test 'cpplint' to check C / C++ code against the Google style
[3.052s] -- Configured cpplint exclude dirs and/or files: 
[3.053s] -- Added test 'flake8' to check Python code syntax and style conventions
[3.054s] -- Added test 'lint_cmake' to check CMake code style
[3.056s] -- Added test 'pep257' to check Python code against some of the docstring style conventions in PEP 257
[3.061s] -- Added test 'uncrustify' to check C / C++ code style
[3.061s] -- Configured uncrustify additional arguments: 
[3.062s] -- Added test 'xmllint' to check XML markup files
[3.065s] -- Configuring done
[3.178s] -- Generating done
[3.211s] -- Build files have been written to: /home/kentaro/mid360-simulation/build/livox_ros_driver2
[3.257s] Invoked command in '/home/kentaro/mid360-simulation/build/livox_ros_driver2' returned '0': CMAKE_PREFIX_PATH=/opt/ros/humble /usr/bin/cmake /home/kentaro/mid360-simulation/src/livox_ros_driver2 -DAMENT_CMAKE_SYMLINK_INSTALL=1 -DCMAKE_INSTALL_PREFIX=/home/kentaro/mid360-simulation/install/livox_ros_driver2
[3.260s] Invoking command in '/home/kentaro/mid360-simulation/build/livox_ros_driver2': CMAKE_PREFIX_PATH=/opt/ros/humble /usr/bin/cmake --build /home/kentaro/mid360-simulation/build/livox_ros_driver2 -- -j8 -l8
[3.306s] [35m[1mConsolidate compiler generated dependencies of target livox_interfaces2__rosidl_generator_c[0m
[3.306s] [35m[1mConsolidate compiler generated dependencies of target livox_ros_driver2_node[0m
[3.317s] [  1%] Built target livox_interfaces2__cpp
[3.320s] [  8%] Built target livox_interfaces2__rosidl_generator_c
[3.330s] [ 12%] Built target livox_ros_driver2_node
[3.330s] [ 12%] Built target ament_cmake_python_symlink_livox_ros_driver2
[3.331s] [35m[1mConsolidate compiler generated dependencies of target livox_interfaces2__rosidl_typesupport_cpp[0m
[3.331s] [35m[1mConsolidate compiler generated dependencies of target livox_interfaces2__rosidl_typesupport_introspection_cpp[0m
[3.331s] [35m[1mConsolidate compiler generated dependencies of target livox_interfaces2__rosidl_typesupport_fastrtps_cpp[0m
[3.337s] [35m[1mConsolidate compiler generated dependencies of target livox_interfaces2__rosidl_typesupport_fastrtps_c[0m
[3.340s] [35m[1mConsolidate compiler generated dependencies of target livox_interfaces2__rosidl_typesupport_introspection_c[0m
[3.341s] [35m[1mConsolidate compiler generated dependencies of target livox_interfaces2__rosidl_typesupport_c[0m
[3.349s] [ 19%] Built target livox_interfaces2__rosidl_typesupport_cpp
[3.354s] [ 26%] Built target livox_interfaces2__rosidl_typesupport_introspection_cpp
[3.355s] [ 33%] Built target livox_interfaces2__rosidl_typesupport_fastrtps_cpp
[3.357s] [ 40%] Built target livox_interfaces2__rosidl_typesupport_fastrtps_c
[3.357s] [ 47%] Built target livox_interfaces2__rosidl_typesupport_introspection_c
[3.357s] [ 54%] Built target livox_interfaces2__rosidl_typesupport_c
[3.377s] [35m[1mConsolidate compiler generated dependencies of target livox_ros_driver2[0m
[3.380s] [ 54%] Built target livox_interfaces2
[3.399s] [ 56%] Built target livox_interfaces2__py
[3.409s] [35m[1mConsolidate compiler generated dependencies of target livox_interfaces2__rosidl_generator_py[0m
[3.423s] [ 61%] Built target livox_interfaces2__rosidl_generator_py
[3.434s] [35m[1mConsolidate compiler generated dependencies of target livox_ros_driver2__rosidl_typesupport_introspection_c__pyext[0m
[3.434s] [35m[1mConsolidate compiler generated dependencies of target livox_ros_driver2__rosidl_typesupport_c__pyext[0m
[3.434s] [35m[1mConsolidate compiler generated dependencies of target livox_ros_driver2__rosidl_typesupport_fastrtps_c__pyext[0m
[3.446s] [ 89%] Built target livox_ros_driver2
[3.450s] [ 98%] Built target livox_ros_driver2__rosidl_typesupport_fastrtps_c__pyext
[3.450s] [100%] Built target livox_ros_driver2__rosidl_typesupport_introspection_c__pyext
[3.450s] [100%] Built target livox_ros_driver2__rosidl_typesupport_c__pyext
[3.623s] running egg_info
[3.624s] writing livox_ros_driver2.egg-info/PKG-INFO
[3.624s] writing dependency_links to livox_ros_driver2.egg-info/dependency_links.txt
[3.625s] writing top-level names to livox_ros_driver2.egg-info/top_level.txt
[3.627s] reading manifest file 'livox_ros_driver2.egg-info/SOURCES.txt'
[3.628s] writing manifest file 'livox_ros_driver2.egg-info/SOURCES.txt'
[3.658s] [100%] Built target ament_cmake_python_build_livox_ros_driver2_egg
[3.670s] Invoked command in '/home/kentaro/mid360-simulation/build/livox_ros_driver2' returned '0': CMAKE_PREFIX_PATH=/opt/ros/humble /usr/bin/cmake --build /home/kentaro/mid360-simulation/build/livox_ros_driver2 -- -j8 -l8
[3.671s] Invoking command in '/home/kentaro/mid360-simulation/build/livox_ros_driver2': CMAKE_PREFIX_PATH=/opt/ros/humble /usr/bin/cmake --install /home/kentaro/mid360-simulation/build/livox_ros_driver2
[3.678s] -- Install configuration: ""
[3.679s] -- Execute custom install script
[3.679s] -- Up-to-date symlink: /home/kentaro/mid360-simulation/install/livox_ros_driver2/share/ament_index/resource_index/rosidl_interfaces/livox_ros_driver2
[3.680s] -- Up-to-date symlink: /home/kentaro/mid360-simulation/install/livox_ros_driver2/include/livox_ros_driver2/livox_ros_driver2/msg/custom_msg.h
[3.680s] -- Up-to-date symlink: /home/kentaro/mid360-simulation/install/livox_ros_driver2/include/livox_ros_driver2/livox_ros_driver2/msg/custom_point.h
[3.681s] -- Up-to-date symlink: /home/kentaro/mid360-simulation/install/livox_ros_driver2/include/livox_ros_driver2/livox_ros_driver2/msg/detail/custom_msg__functions.h
[3.681s] -- Up-to-date symlink: /home/kentaro/mid360-simulation/install/livox_ros_driver2/include/livox_ros_driver2/livox_ros_driver2/msg/detail/custom_msg__struct.h
[3.681s] -- Up-to-date symlink: /home/kentaro/mid360-simulation/install/livox_ros_driver2/include/livox_ros_driver2/livox_ros_driver2/msg/detail/custom_msg__type_support.h
[3.681s] -- Up-to-date symlink: /home/kentaro/mid360-simulation/install/livox_ros_driver2/include/livox_ros_driver2/livox_ros_driver2/msg/detail/custom_point__functions.h
[3.681s] -- Up-to-date symlink: /home/kentaro/mid360-simulation/install/livox_ros_driver2/include/livox_ros_driver2/livox_ros_driver2/msg/detail/custom_point__struct.h
[3.681s] -- Up-to-date symlink: /home/kentaro/mid360-simulation/install/livox_ros_driver2/include/livox_ros_driver2/livox_ros_driver2/msg/detail/custom_point__type_support.h
[3.682s] -- Up-to-date symlink: /home/kentaro/mid360-simulation/install/livox_ros_driver2/include/livox_ros_driver2/livox_ros_driver2/msg/rosidl_generator_c__visibility_control.h
[3.682s] -- Up-to-date symlink: /home/kentaro/mid360-simulation/install/livox_ros_driver2/share/livox_ros_driver2/environment/library_path.sh
[3.682s] -- Up-to-date symlink: /home/kentaro/mid360-simulation/install/livox_ros_driver2/share/livox_ros_driver2/environment/library_path.dsv
[3.682s] -- Up-to-date symlink: /home/kentaro/mid360-simulation/install/livox_ros_driver2/include/livox_ros_driver2/livox_ros_driver2/msg/detail/custom_msg__rosidl_typesupport_fastrtps_c.h
[3.683s] -- Up-to-date symlink: /home/kentaro/mid360-simulation/install/livox_ros_driver2/include/livox_ros_driver2/livox_ros_driver2/msg/detail/custom_point__rosidl_typesupport_fastrtps_c.h
[3.683s] -- Up-to-date symlink: /home/kentaro/mid360-simulation/install/livox_ros_driver2/include/livox_ros_driver2/livox_ros_driver2/msg/rosidl_typesupport_fastrtps_c__visibility_control.h
[3.683s] -- Up-to-date symlink: /home/kentaro/mid360-simulation/install/livox_ros_driver2/include/livox_ros_driver2/livox_ros_driver2/msg/detail/custom_msg__rosidl_typesupport_introspection_c.h
[3.683s] -- Up-to-date symlink: /home/kentaro/mid360-simulation/install/livox_ros_driver2/include/livox_ros_driver2/livox_ros_driver2/msg/detail/custom_point__rosidl_typesupport_introspection_c.h
[3.683s] -- Up-to-date symlink: /home/kentaro/mid360-simulation/install/livox_ros_driver2/include/livox_ros_driver2/livox_ros_driver2/msg/rosidl_typesupport_introspection_c__visibility_control.h
[3.684s] -- Up-to-date symlink: /home/kentaro/mid360-simulation/install/livox_ros_driver2/include/livox_ros_driver2/livox_ros_driver2/msg/custom_msg.hpp
[3.684s] -- Up-to-date symlink: /home/kentaro/mid360-simulation/install/livox_ros_driver2/include/livox_ros_driver2/livox_ros_driver2/msg/custom_point.hpp
[3.684s] -- Up-to-date symlink: /home/kentaro/mid360-simulation/install/livox_ros_driver2/include/livox_ros_driver2/livox_ros_driver2/msg/detail/custom_msg__builder.hpp
[3.684s] -- Up-to-date symlink: /home/kentaro/mid360-simulation/install/livox_ros_driver2/include/livox_ros_driver2/livox_ros_driver2/msg/detail/custom_msg__struct.hpp
[3.685s] -- Up-to-date symlink: /home/kentaro/mid360-simulation/install/livox_ros_driver2/include/livox_ros_driver2/livox_ros_driver2/msg/detail/custom_msg__traits.hpp
[3.685s] -- Up-to-date symlink: /home/kentaro/mid360-simulation/install/livox_ros_driver2/include/livox_ros_driver2/livox_ros_driver2/msg/detail/custom_msg__type_support.hpp
[3.685s] -- Up-to-date symlink: /home/kentaro/mid360-simulation/install/livox_ros_driver2/include/livox_ros_driver2/livox_ros_driver2/msg/detail/custom_point__builder.hpp
[3.685s] -- Up-to-date symlink: /home/kentaro/mid360-simulation/install/livox_ros_driver2/include/livox_ros_driver2/livox_ros_driver2/msg/detail/custom_point__struct.hpp
[3.685s] -- Up-to-date symlink: /home/kentaro/mid360-simulation/install/livox_ros_driver2/include/livox_ros_driver2/livox_ros_driver2/msg/detail/custom_point__traits.hpp
[3.685s] -- Up-to-date symlink: /home/kentaro/mid360-simulation/install/livox_ros_driver2/include/livox_ros_driver2/livox_ros_driver2/msg/detail/custom_point__type_support.hpp
[3.686s] -- Up-to-date symlink: /home/kentaro/mid360-simulation/install/livox_ros_driver2/include/livox_ros_driver2/livox_ros_driver2/msg/rosidl_generator_cpp__visibility_control.hpp
[3.686s] -- Up-to-date symlink: /home/kentaro/mid360-simulation/install/livox_ros_driver2/include/livox_ros_driver2/livox_ros_driver2/msg/detail/custom_msg__rosidl_typesupport_fastrtps_cpp.hpp
[3.686s] -- Up-to-date symlink: /home/kentaro/mid360-simulation/install/livox_ros_driver2/include/livox_ros_driver2/livox_ros_driver2/msg/detail/custom_point__rosidl_typesupport_fastrtps_cpp.hpp
[3.686s] -- Up-to-date symlink: /home/kentaro/mid360-simulation/install/livox_ros_driver2/include/livox_ros_driver2/livox_ros_driver2/msg/rosidl_typesupport_fastrtps_cpp__visibility_control.h
[3.687s] -- Up-to-date symlink: /home/kentaro/mid360-simulation/install/livox_ros_driver2/include/livox_ros_driver2/livox_ros_driver2/msg/detail/custom_msg__rosidl_typesupport_introspection_cpp.hpp
[3.687s] -- Up-to-date symlink: /home/kentaro/mid360-simulation/install/livox_ros_driver2/include/livox_ros_driver2/livox_ros_driver2/msg/detail/custom_point__rosidl_typesupport_introspection_cpp.hpp
[3.687s] -- Up-to-date symlink: /home/kentaro/mid360-simulation/install/livox_ros_driver2/share/livox_ros_driver2/environment/pythonpath.sh
[3.687s] -- Up-to-date symlink: /home/kentaro/mid360-simulation/install/livox_ros_driver2/share/livox_ros_driver2/environment/pythonpath.dsv
[3.687s] -- Up-to-date symlink: /home/kentaro/mid360-simulation/install/livox_ros_driver2/local/lib/python3.10/dist-packages/livox_ros_driver2-1.0.0-py3.10.egg-info/PKG-INFO
[3.688s] -- Up-to-date symlink: /home/kentaro/mid360-simulation/install/livox_ros_driver2/local/lib/python3.10/dist-packages/livox_ros_driver2-1.0.0-py3.10.egg-info/SOURCES.txt
[3.688s] -- Up-to-date symlink: /home/kentaro/mid360-simulation/install/livox_ros_driver2/local/lib/python3.10/dist-packages/livox_ros_driver2-1.0.0-py3.10.egg-info/dependency_links.txt
[3.688s] -- Up-to-date symlink: /home/kentaro/mid360-simulation/install/livox_ros_driver2/local/lib/python3.10/dist-packages/livox_ros_driver2-1.0.0-py3.10.egg-info/top_level.txt
[3.688s] -- Up-to-date symlink: /home/kentaro/mid360-simulation/install/livox_ros_driver2/local/lib/python3.10/dist-packages/livox_ros_driver2/__init__.py
[3.689s] -- Up-to-date symlink: /home/kentaro/mid360-simulation/install/livox_ros_driver2/local/lib/python3.10/dist-packages/livox_ros_driver2/_livox_ros_driver2_s.ep.rosidl_typesupport_c.c
[3.689s] -- Up-to-date symlink: /home/kentaro/mid360-simulation/install/livox_ros_driver2/local/lib/python3.10/dist-packages/livox_ros_driver2/_livox_ros_driver2_s.ep.rosidl_typesupport_fastrtps_c.c
[3.689s] -- Up-to-date symlink: /home/kentaro/mid360-simulation/install/livox_ros_driver2/local/lib/python3.10/dist-packages/livox_ros_driver2/_livox_ros_driver2_s.ep.rosidl_typesupport_introspection_c.c
[3.689s] -- Up-to-date symlink: /home/kentaro/mid360-simulation/install/livox_ros_driver2/local/lib/python3.10/dist-packages/livox_ros_driver2/liblivox_interfaces2__rosidl_generator_py.so
[3.689s] -- Up-to-date symlink: /home/kentaro/mid360-simulation/install/livox_ros_driver2/local/lib/python3.10/dist-packages/livox_ros_driver2/livox_ros_driver2_s__rosidl_typesupport_c.cpython-310-x86_64-linux-gnu.so
[3.689s] -- Up-to-date symlink: /home/kentaro/mid360-simulation/install/livox_ros_driver2/local/lib/python3.10/dist-packages/livox_ros_driver2/livox_ros_driver2_s__rosidl_typesupport_fastrtps_c.cpython-310-x86_64-linux-gnu.so
[3.689s] -- Up-to-date symlink: /home/kentaro/mid360-simulation/install/livox_ros_driver2/local/lib/python3.10/dist-packages/livox_ros_driver2/livox_ros_driver2_s__rosidl_typesupport_introspection_c.cpython-310-x86_64-linux-gnu.so
[3.690s] -- Up-to-date symlink: /home/kentaro/mid360-simulation/install/livox_ros_driver2/local/lib/python3.10/dist-packages/livox_ros_driver2/msg/__init__.py
[3.690s] -- Up-to-date symlink: /home/kentaro/mid360-simulation/install/livox_ros_driver2/local/lib/python3.10/dist-packages/livox_ros_driver2/msg/_custom_msg.py
[3.690s] -- Up-to-date symlink: /home/kentaro/mid360-simulation/install/livox_ros_driver2/local/lib/python3.10/dist-packages/livox_ros_driver2/msg/_custom_msg_s.c
[3.690s] -- Up-to-date symlink: /home/kentaro/mid360-simulation/install/livox_ros_driver2/local/lib/python3.10/dist-packages/livox_ros_driver2/msg/_custom_point.py
[3.690s] -- Up-to-date symlink: /home/kentaro/mid360-simulation/install/livox_ros_driver2/local/lib/python3.10/dist-packages/livox_ros_driver2/msg/_custom_point_s.c
[3.690s] -- Up-to-date symlink: /home/kentaro/mid360-simulation/install/livox_ros_driver2/local/lib/python3.10/dist-packages/livox_ros_driver2/livox_ros_driver2_s__rosidl_typesupport_fastrtps_c.cpython-310-x86_64-linux-gnu.so
[3.691s] -- Up-to-date symlink: /home/kentaro/mid360-simulation/install/livox_ros_driver2/local/lib/python3.10/dist-packages/livox_ros_driver2/livox_ros_driver2_s__rosidl_typesupport_introspection_c.cpython-310-x86_64-linux-gnu.so
[3.691s] -- Up-to-date symlink: /home/kentaro/mid360-simulation/install/livox_ros_driver2/local/lib/python3.10/dist-packages/livox_ros_driver2/livox_ros_driver2_s__rosidl_typesupport_c.cpython-310-x86_64-linux-gnu.so
[3.691s] -- Up-to-date symlink: /home/kentaro/mid360-simulation/install/livox_ros_driver2/share/livox_ros_driver2/msg/CustomPoint.idl
[3.691s] -- Up-to-date symlink: /home/kentaro/mid360-simulation/install/livox_ros_driver2/share/livox_ros_driver2/msg/CustomMsg.idl
[3.692s] -- Up-to-date symlink: /home/kentaro/mid360-simulation/install/livox_ros_driver2/share/livox_ros_driver2/msg/CustomPoint.msg
[3.692s] -- Up-to-date symlink: /home/kentaro/mid360-simulation/install/livox_ros_driver2/share/livox_ros_driver2/msg/CustomMsg.msg
[3.692s] -- Up-to-date symlink: /home/kentaro/mid360-simulation/install/livox_ros_driver2/lib/livox_ros_driver2/livox_ros_driver2_node
[3.692s] -- Up-to-date symlink: /home/kentaro/mid360-simulation/install/livox_ros_driver2/lib/liblivox_ros_driver2.so
[3.693s] -- Up-to-date symlink: /home/kentaro/mid360-simulation/install/livox_ros_driver2/share/livox_ros_driver2/config/HAP_config.json
[3.693s] -- Up-to-date symlink: /home/kentaro/mid360-simulation/install/livox_ros_driver2/share/livox_ros_driver2/config/MID360_config.json
[3.693s] -- Up-to-date symlink: /home/kentaro/mid360-simulation/install/livox_ros_driver2/share/livox_ros_driver2/config/display_point_cloud_ROS1.rviz
[3.693s] -- Up-to-date symlink: /home/kentaro/mid360-simulation/install/livox_ros_driver2/share/livox_ros_driver2/config/display_point_cloud_ROS2.rviz
[3.693s] -- Up-to-date symlink: /home/kentaro/mid360-simulation/install/livox_ros_driver2/share/livox_ros_driver2/config/mixed_HAP_MID360_config.json
[3.694s] -- Up-to-date symlink: /home/kentaro/mid360-simulation/install/livox_ros_driver2/share/livox_ros_driver2/launch_ROS2/msg_HAP_launch.py
[3.694s] -- Up-to-date symlink: /home/kentaro/mid360-simulation/install/livox_ros_driver2/share/livox_ros_driver2/launch_ROS2/msg_MID360_launch.py
[3.694s] -- Up-to-date symlink: /home/kentaro/mid360-simulation/install/livox_ros_driver2/share/livox_ros_driver2/launch_ROS2/rviz_HAP_launch.py
[3.694s] -- Up-to-date symlink: /home/kentaro/mid360-simulation/install/livox_ros_driver2/share/livox_ros_driver2/launch_ROS2/rviz_MID360_launch.py
[3.694s] -- Up-to-date symlink: /home/kentaro/mid360-simulation/install/livox_ros_driver2/share/livox_ros_driver2/launch_ROS2/rviz_mixed.py
[3.694s] -- Up-to-date symlink: /home/kentaro/mid360-simulation/install/livox_ros_driver2/share/ament_index/resource_index/package_run_dependencies/livox_ros_driver2
[3.694s] -- Up-to-date symlink: /home/kentaro/mid360-simulation/install/livox_ros_driver2/share/ament_index/resource_index/parent_prefix_path/livox_ros_driver2
[3.695s] -- Up-to-date symlink: /home/kentaro/mid360-simulation/install/livox_ros_driver2/share/livox_ros_driver2/environment/ament_prefix_path.sh
[3.695s] -- Up-to-date symlink: /home/kentaro/mid360-simulation/install/livox_ros_driver2/share/livox_ros_driver2/environment/ament_prefix_path.dsv
[3.695s] -- Up-to-date symlink: /home/kentaro/mid360-simulation/install/livox_ros_driver2/share/livox_ros_driver2/environment/path.sh
[3.695s] -- Up-to-date symlink: /home/kentaro/mid360-simulation/install/livox_ros_driver2/share/livox_ros_driver2/environment/path.dsv
[3.695s] -- Up-to-date symlink: /home/kentaro/mid360-simulation/install/livox_ros_driver2/share/livox_ros_driver2/local_setup.bash
[3.695s] -- Up-to-date symlink: /home/kentaro/mid360-simulation/install/livox_ros_driver2/share/livox_ros_driver2/local_setup.sh
[3.696s] -- Up-to-date symlink: /home/kentaro/mid360-simulation/install/livox_ros_driver2/share/livox_ros_driver2/local_setup.zsh
[3.696s] -- Up-to-date symlink: /home/kentaro/mid360-simulation/install/livox_ros_driver2/share/livox_ros_driver2/local_setup.dsv
[3.696s] -- Symlinking: /home/kentaro/mid360-simulation/install/livox_ros_driver2/share/livox_ros_driver2/package.dsv
[3.704s] -- Up-to-date symlink: /home/kentaro/mid360-simulation/install/livox_ros_driver2/share/ament_index/resource_index/packages/livox_ros_driver2
[3.705s] -- Up-to-date symlink: /home/kentaro/mid360-simulation/install/livox_ros_driver2/share/ament_index/resource_index/rclcpp_components/livox_ros_driver2
[3.705s] -- Up-to-date symlink: /home/kentaro/mid360-simulation/install/livox_ros_driver2/share/livox_ros_driver2/cmake/rosidl_cmake-extras.cmake
[3.705s] -- Up-to-date symlink: /home/kentaro/mid360-simulation/install/livox_ros_driver2/share/livox_ros_driver2/cmake/ament_cmake_export_dependencies-extras.cmake
[3.705s] -- Up-to-date symlink: /home/kentaro/mid360-simulation/install/livox_ros_driver2/share/livox_ros_driver2/cmake/ament_cmake_export_include_directories-extras.cmake
[3.705s] -- Up-to-date symlink: /home/kentaro/mid360-simulation/install/livox_ros_driver2/share/livox_ros_driver2/cmake/ament_cmake_export_libraries-extras.cmake
[3.705s] -- Up-to-date symlink: /home/kentaro/mid360-simulation/install/livox_ros_driver2/share/livox_ros_driver2/cmake/ament_cmake_export_targets-extras.cmake
[3.706s] -- Up-to-date symlink: /home/kentaro/mid360-simulation/install/livox_ros_driver2/share/livox_ros_driver2/cmake/rosidl_cmake_export_typesupport_targets-extras.cmake
[3.706s] -- Up-to-date symlink: /home/kentaro/mid360-simulation/install/livox_ros_driver2/share/livox_ros_driver2/cmake/rosidl_cmake_export_typesupport_libraries-extras.cmake
[3.706s] -- Up-to-date symlink: /home/kentaro/mid360-simulation/install/livox_ros_driver2/share/livox_ros_driver2/cmake/livox_ros_driver2Config.cmake
[3.706s] -- Up-to-date symlink: /home/kentaro/mid360-simulation/install/livox_ros_driver2/share/livox_ros_driver2/cmake/livox_ros_driver2Config-version.cmake
[3.706s] -- Up-to-date symlink: /home/kentaro/mid360-simulation/install/livox_ros_driver2/share/livox_ros_driver2/package.xml
[3.707s] -- Up-to-date: /home/kentaro/mid360-simulation/install/livox_ros_driver2/lib/liblivox_ros_driver2__rosidl_generator_c.so
[3.707s] -- Up-to-date: /home/kentaro/mid360-simulation/install/livox_ros_driver2/lib/liblivox_ros_driver2__rosidl_typesupport_fastrtps_c.so
[3.708s] -- Up-to-date: /home/kentaro/mid360-simulation/install/livox_ros_driver2/lib/liblivox_ros_driver2__rosidl_typesupport_introspection_c.so
[3.708s] -- Up-to-date: /home/kentaro/mid360-simulation/install/livox_ros_driver2/lib/liblivox_ros_driver2__rosidl_typesupport_c.so
[3.709s] -- Up-to-date: /home/kentaro/mid360-simulation/install/livox_ros_driver2/lib/liblivox_ros_driver2__rosidl_typesupport_fastrtps_cpp.so
[3.709s] -- Up-to-date: /home/kentaro/mid360-simulation/install/livox_ros_driver2/lib/liblivox_ros_driver2__rosidl_typesupport_introspection_cpp.so
[3.710s] -- Up-to-date: /home/kentaro/mid360-simulation/install/livox_ros_driver2/lib/liblivox_ros_driver2__rosidl_typesupport_cpp.so
[3.753s] Listing '/home/kentaro/mid360-simulation/install/livox_ros_driver2/local/lib/python3.10/dist-packages/livox_ros_driver2'...
[3.753s] Compiling '/home/kentaro/mid360-simulation/install/livox_ros_driver2/local/lib/python3.10/dist-packages/livox_ros_driver2/__init__.py'...
[3.753s] Listing '/home/kentaro/mid360-simulation/install/livox_ros_driver2/local/lib/python3.10/dist-packages/livox_ros_driver2/msg'...
[3.760s] -- Up-to-date: /home/kentaro/mid360-simulation/install/livox_ros_driver2/lib/liblivox_interfaces2__rosidl_generator_py.so
[3.760s] -- Up-to-date: /home/kentaro/mid360-simulation/install/livox_ros_driver2/share/livox_ros_driver2/cmake/export_livox_interfaces2__rosidl_generator_cExport.cmake
[3.760s] -- Up-to-date: /home/kentaro/mid360-simulation/install/livox_ros_driver2/share/livox_ros_driver2/cmake/export_livox_interfaces2__rosidl_generator_cExport-noconfig.cmake
[3.760s] -- Up-to-date: /home/kentaro/mid360-simulation/install/livox_ros_driver2/share/livox_ros_driver2/cmake/export_livox_interfaces2__rosidl_typesupport_fastrtps_cExport.cmake
[3.760s] -- Up-to-date: /home/kentaro/mid360-simulation/install/livox_ros_driver2/share/livox_ros_driver2/cmake/export_livox_interfaces2__rosidl_typesupport_fastrtps_cExport-noconfig.cmake
[3.760s] -- Up-to-date: /home/kentaro/mid360-simulation/install/livox_ros_driver2/share/livox_ros_driver2/cmake/livox_interfaces2__rosidl_typesupport_introspection_cExport.cmake
[3.760s] -- Up-to-date: /home/kentaro/mid360-simulation/install/livox_ros_driver2/share/livox_ros_driver2/cmake/livox_interfaces2__rosidl_typesupport_introspection_cExport-noconfig.cmake
[3.761s] -- Up-to-date: /home/kentaro/mid360-simulation/install/livox_ros_driver2/share/livox_ros_driver2/cmake/livox_interfaces2__rosidl_typesupport_cExport.cmake
[3.761s] -- Up-to-date: /home/kentaro/mid360-simulation/install/livox_ros_driver2/share/livox_ros_driver2/cmake/livox_interfaces2__rosidl_typesupport_cExport-noconfig.cmake
[3.761s] -- Up-to-date: /home/kentaro/mid360-simulation/install/livox_ros_driver2/share/livox_ros_driver2/cmake/export_livox_interfaces2__rosidl_generator_cppExport.cmake
[3.761s] -- Up-to-date: /home/kentaro/mid360-simulation/install/livox_ros_driver2/share/livox_ros_driver2/cmake/export_livox_interfaces2__rosidl_typesupport_fastrtps_cppExport.cmake
[3.761s] -- Up-to-date: /home/kentaro/mid360-simulation/install/livox_ros_driver2/share/livox_ros_driver2/cmake/export_livox_interfaces2__rosidl_typesupport_fastrtps_cppExport-noconfig.cmake
[3.761s] -- Up-to-date: /home/kentaro/mid360-simulation/install/livox_ros_driver2/share/livox_ros_driver2/cmake/livox_interfaces2__rosidl_typesupport_introspection_cppExport.cmake
[3.761s] -- Up-to-date: /home/kentaro/mid360-simulation/install/livox_ros_driver2/share/livox_ros_driver2/cmake/livox_interfaces2__rosidl_typesupport_introspection_cppExport-noconfig.cmake
[3.761s] -- Up-to-date: /home/kentaro/mid360-simulation/install/livox_ros_driver2/share/livox_ros_driver2/cmake/livox_interfaces2__rosidl_typesupport_cppExport.cmake
[3.762s] -- Up-to-date: /home/kentaro/mid360-simulation/install/livox_ros_driver2/share/livox_ros_driver2/cmake/livox_interfaces2__rosidl_typesupport_cppExport-noconfig.cmake
[3.762s] -- Up-to-date: /home/kentaro/mid360-simulation/install/livox_ros_driver2/share/livox_ros_driver2/cmake/export_livox_interfaces2__rosidl_generator_pyExport.cmake
[3.762s] -- Up-to-date: /home/kentaro/mid360-simulation/install/livox_ros_driver2/share/livox_ros_driver2/cmake/export_livox_interfaces2__rosidl_generator_pyExport-noconfig.cmake
[3.764s] Invoked command in '/home/kentaro/mid360-simulation/build/livox_ros_driver2' returned '0': CMAKE_PREFIX_PATH=/opt/ros/humble /usr/bin/cmake --install /home/kentaro/mid360-simulation/build/livox_ros_driver2
