[0.042s] Invoking command in '/home/kentaro/mid360-simulation/build/champ_bringup': AMENT_PREFIX_PATH=/home/kentaro/mid360-simulation/install/champ_base:/home/kentaro/mid360-simulation/install/champ_msgs:/home/kentaro/mid360-simulation/install/champ_description:/home/kentaro/mid360-simulation/install/champ:${AMENT_PREFIX_PATH} CMAKE_PREFIX_PATH=/home/kentaro/mid360-simulation/install/champ_base:/home/kentaro/mid360-simulation/install/champ_msgs:/home/kentaro/mid360-simulation/install/champ_description:/home/kentaro/mid360-simulation/install/champ:/opt/ros/humble LD_LIBRARY_PATH=/home/kentaro/mid360-simulation/install/champ_base/lib:/home/kentaro/mid360-simulation/install/champ_msgs/lib:${LD_LIBRARY_PATH} PATH=/home/kentaro/mid360-simulation/install/champ_base/bin:${PATH} PYTHONPATH=/home/kentaro/mid360-simulation/install/champ_msgs/local/lib/python3.10/dist-packages:${PYTHONPATH} /usr/bin/cmake --build /home/kentaro/mid360-simulation/build/champ_bringup -- -j8 -l8
[0.092s] Built target ament_cmake_python_symlink_champ_bringup
[0.354s] running egg_info
[0.355s] writing champ_bringup.egg-info/PKG-INFO
[0.355s] writing dependency_links to champ_bringup.egg-info/dependency_links.txt
[0.356s] writing top-level names to champ_bringup.egg-info/top_level.txt
[0.358s] reading manifest file 'champ_bringup.egg-info/SOURCES.txt'
[0.358s] writing manifest file 'champ_bringup.egg-info/SOURCES.txt'
[0.384s] Built target ament_cmake_python_build_champ_bringup_egg
[0.394s] Invoked command in '/home/kentaro/mid360-simulation/build/champ_bringup' returned '0': AMENT_PREFIX_PATH=/home/kentaro/mid360-simulation/install/champ_base:/home/kentaro/mid360-simulation/install/champ_msgs:/home/kentaro/mid360-simulation/install/champ_description:/home/kentaro/mid360-simulation/install/champ:${AMENT_PREFIX_PATH} CMAKE_PREFIX_PATH=/home/kentaro/mid360-simulation/install/champ_base:/home/kentaro/mid360-simulation/install/champ_msgs:/home/kentaro/mid360-simulation/install/champ_description:/home/kentaro/mid360-simulation/install/champ:/opt/ros/humble LD_LIBRARY_PATH=/home/kentaro/mid360-simulation/install/champ_base/lib:/home/kentaro/mid360-simulation/install/champ_msgs/lib:${LD_LIBRARY_PATH} PATH=/home/kentaro/mid360-simulation/install/champ_base/bin:${PATH} PYTHONPATH=/home/kentaro/mid360-simulation/install/champ_msgs/local/lib/python3.10/dist-packages:${PYTHONPATH} /usr/bin/cmake --build /home/kentaro/mid360-simulation/build/champ_bringup -- -j8 -l8
[0.396s] Invoking command in '/home/kentaro/mid360-simulation/build/champ_bringup': AMENT_PREFIX_PATH=/home/kentaro/mid360-simulation/install/champ_base:/home/kentaro/mid360-simulation/install/champ_msgs:/home/kentaro/mid360-simulation/install/champ_description:/home/kentaro/mid360-simulation/install/champ:${AMENT_PREFIX_PATH} CMAKE_PREFIX_PATH=/home/kentaro/mid360-simulation/install/champ_base:/home/kentaro/mid360-simulation/install/champ_msgs:/home/kentaro/mid360-simulation/install/champ_description:/home/kentaro/mid360-simulation/install/champ:/opt/ros/humble LD_LIBRARY_PATH=/home/kentaro/mid360-simulation/install/champ_base/lib:/home/kentaro/mid360-simulation/install/champ_msgs/lib:${LD_LIBRARY_PATH} PATH=/home/kentaro/mid360-simulation/install/champ_base/bin:${PATH} PYTHONPATH=/home/kentaro/mid360-simulation/install/champ_msgs/local/lib/python3.10/dist-packages:${PYTHONPATH} /usr/bin/cmake --install /home/kentaro/mid360-simulation/build/champ_bringup
[0.403s] -- Install configuration: ""
[0.403s] -- Execute custom install script
[0.404s] -- Up-to-date symlink: /home/kentaro/mid360-simulation/install/champ_bringup/share/champ_bringup/launch/bringup.launch
[0.404s] -- Up-to-date symlink: /home/kentaro/mid360-simulation/install/champ_bringup/share/champ_bringup/launch/bringup.launch.py
[0.405s] -- Up-to-date symlink: /home/kentaro/mid360-simulation/install/champ_bringup/share/champ_bringup/launch/include/laser/d435.launch
[0.405s] -- Up-to-date symlink: /home/kentaro/mid360-simulation/install/champ_bringup/share/champ_bringup/launch/include/laser/hokuyo.launch
[0.405s] -- Up-to-date symlink: /home/kentaro/mid360-simulation/install/champ_bringup/share/champ_bringup/launch/include/laser/kinect.launch
[0.405s] -- Up-to-date symlink: /home/kentaro/mid360-simulation/install/champ_bringup/share/champ_bringup/launch/include/laser/lms1xx.launch
[0.405s] -- Up-to-date symlink: /home/kentaro/mid360-simulation/install/champ_bringup/share/champ_bringup/launch/include/laser/realsense.launch
[0.405s] -- Up-to-date symlink: /home/kentaro/mid360-simulation/install/champ_bringup/share/champ_bringup/launch/include/laser/rplidar.launch
[0.406s] -- Up-to-date symlink: /home/kentaro/mid360-simulation/install/champ_bringup/share/champ_bringup/launch/include/laser/sim.launch
[0.406s] -- Up-to-date symlink: /home/kentaro/mid360-simulation/install/champ_bringup/share/champ_bringup/launch/include/laser/sweep.launch
[0.406s] -- Up-to-date symlink: /home/kentaro/mid360-simulation/install/champ_bringup/share/champ_bringup/launch/include/laser/xv11.launch
[0.406s] -- Up-to-date symlink: /home/kentaro/mid360-simulation/install/champ_bringup/share/champ_bringup/launch/include/laser/ydlidar.launch
[0.406s] -- Up-to-date symlink: /home/kentaro/mid360-simulation/install/champ_bringup/share/champ_bringup/launch/include/velocity_smoother.launch
[0.406s] -- Up-to-date symlink: /home/kentaro/mid360-simulation/install/champ_bringup/share/champ_bringup/launch/joints_gui.launch
[0.406s] -- Up-to-date symlink: /home/kentaro/mid360-simulation/install/champ_bringup/share/champ_bringup/launch/joints_gui.launch.py
[0.406s] -- Up-to-date symlink: /home/kentaro/mid360-simulation/install/champ_bringup/share/champ_bringup/environment/pythonpath.sh
[0.407s] -- Up-to-date symlink: /home/kentaro/mid360-simulation/install/champ_bringup/share/champ_bringup/environment/pythonpath.dsv
[0.407s] -- Up-to-date symlink: /home/kentaro/mid360-simulation/install/champ_bringup/local/lib/python3.10/dist-packages/champ_bringup-0.1.0-py3.10.egg-info/PKG-INFO
[0.407s] -- Up-to-date symlink: /home/kentaro/mid360-simulation/install/champ_bringup/local/lib/python3.10/dist-packages/champ_bringup-0.1.0-py3.10.egg-info/SOURCES.txt
[0.407s] -- Up-to-date symlink: /home/kentaro/mid360-simulation/install/champ_bringup/local/lib/python3.10/dist-packages/champ_bringup-0.1.0-py3.10.egg-info/dependency_links.txt
[0.408s] -- Up-to-date symlink: /home/kentaro/mid360-simulation/install/champ_bringup/local/lib/python3.10/dist-packages/champ_bringup-0.1.0-py3.10.egg-info/top_level.txt
[0.408s] -- Up-to-date symlink: /home/kentaro/mid360-simulation/install/champ_bringup/local/lib/python3.10/dist-packages/champ_bringup/__init__.py
[0.408s] -- Up-to-date symlink: /home/kentaro/mid360-simulation/install/champ_bringup/local/lib/python3.10/dist-packages/champ_bringup/joint_calibrator_relay.py
[0.408s] -- Up-to-date symlink: /home/kentaro/mid360-simulation/install/champ_bringup/lib/champ_bringup/joint_calibrator_relay.py
[0.408s] -- Up-to-date symlink: /home/kentaro/mid360-simulation/install/champ_bringup/share/ament_index/resource_index/package_run_dependencies/champ_bringup
[0.409s] -- Up-to-date symlink: /home/kentaro/mid360-simulation/install/champ_bringup/share/ament_index/resource_index/parent_prefix_path/champ_bringup
[0.409s] -- Up-to-date symlink: /home/kentaro/mid360-simulation/install/champ_bringup/share/champ_bringup/environment/ament_prefix_path.sh
[0.409s] -- Up-to-date symlink: /home/kentaro/mid360-simulation/install/champ_bringup/share/champ_bringup/environment/ament_prefix_path.dsv
[0.409s] -- Up-to-date symlink: /home/kentaro/mid360-simulation/install/champ_bringup/share/champ_bringup/environment/path.sh
[0.409s] -- Up-to-date symlink: /home/kentaro/mid360-simulation/install/champ_bringup/share/champ_bringup/environment/path.dsv
[0.410s] -- Up-to-date symlink: /home/kentaro/mid360-simulation/install/champ_bringup/share/champ_bringup/local_setup.bash
[0.410s] -- Up-to-date symlink: /home/kentaro/mid360-simulation/install/champ_bringup/share/champ_bringup/local_setup.sh
[0.410s] -- Up-to-date symlink: /home/kentaro/mid360-simulation/install/champ_bringup/share/champ_bringup/local_setup.zsh
[0.410s] -- Up-to-date symlink: /home/kentaro/mid360-simulation/install/champ_bringup/share/champ_bringup/local_setup.dsv
[0.410s] -- Symlinking: /home/kentaro/mid360-simulation/install/champ_bringup/share/champ_bringup/package.dsv
[0.418s] -- Up-to-date symlink: /home/kentaro/mid360-simulation/install/champ_bringup/share/ament_index/resource_index/packages/champ_bringup
[0.419s] -- Up-to-date symlink: /home/kentaro/mid360-simulation/install/champ_bringup/share/champ_bringup/cmake/champ_bringupConfig.cmake
[0.419s] -- Up-to-date symlink: /home/kentaro/mid360-simulation/install/champ_bringup/share/champ_bringup/cmake/champ_bringupConfig-version.cmake
[0.419s] -- Up-to-date symlink: /home/kentaro/mid360-simulation/install/champ_bringup/share/champ_bringup/package.xml
[0.449s] Listing '/home/kentaro/mid360-simulation/install/champ_bringup/local/lib/python3.10/dist-packages/champ_bringup'...
[0.456s] Invoked command in '/home/kentaro/mid360-simulation/build/champ_bringup' returned '0': AMENT_PREFIX_PATH=/home/kentaro/mid360-simulation/install/champ_base:/home/kentaro/mid360-simulation/install/champ_msgs:/home/kentaro/mid360-simulation/install/champ_description:/home/kentaro/mid360-simulation/install/champ:${AMENT_PREFIX_PATH} CMAKE_PREFIX_PATH=/home/kentaro/mid360-simulation/install/champ_base:/home/kentaro/mid360-simulation/install/champ_msgs:/home/kentaro/mid360-simulation/install/champ_description:/home/kentaro/mid360-simulation/install/champ:/opt/ros/humble LD_LIBRARY_PATH=/home/kentaro/mid360-simulation/install/champ_base/lib:/home/kentaro/mid360-simulation/install/champ_msgs/lib:${LD_LIBRARY_PATH} PATH=/home/kentaro/mid360-simulation/install/champ_base/bin:${PATH} PYTHONPATH=/home/kentaro/mid360-simulation/install/champ_msgs/local/lib/python3.10/dist-packages:${PYTHONPATH} /usr/bin/cmake --install /home/kentaro/mid360-simulation/build/champ_bringup
