[0.079s] Invoking command in '/home/kentaro/mid360-simulation/build/livox_ros_driver2': CMAKE_PREFIX_PATH=${CMAKE_PREFIX_PATH}:/opt/ros/humble /usr/bin/cmake --build /home/kentaro/mid360-simulation/build/livox_ros_driver2 -- -j8 -l8
[0.357s] [  7%] Built target livox_interfaces2__rosidl_generator_c
[0.368s] [  8%] Built target livox_interfaces2__cpp
[0.368s] [  8%] Built target ament_cmake_python_symlink_livox_ros_driver2
[0.423s] [ 12%] Built target livox_ros_driver2_node
[0.529s] [ 19%] Built target livox_interfaces2__rosidl_typesupport_cpp
[0.530s] [ 26%] Built target livox_interfaces2__rosidl_typesupport_fastrtps_c
[0.530s] [ 33%] Built target livox_interfaces2__rosidl_typesupport_c
[0.530s] [ 40%] Built target livox_interfaces2__rosidl_typesupport_introspection_c
[0.538s] [ 47%] Built target livox_interfaces2__rosidl_typesupport_introspection_cpp
[0.545s] [ 54%] Built target livox_interfaces2__rosidl_typesupport_fastrtps_cpp
[0.629s] [ 54%] Built target livox_interfaces2
[0.709s] [ 82%] Built target livox_ros_driver2
[0.711s] [ 84%] Built target livox_interfaces2__py
[0.773s] [ 89%] Built target livox_interfaces2__rosidl_generator_py
[0.898s] [ 92%] Built target livox_ros_driver2__rosidl_typesupport_fastrtps_c__pyext
[0.921s] [ 96%] Built target livox_ros_driver2__rosidl_typesupport_c__pyext
[0.940s] [100%] Built target livox_ros_driver2__rosidl_typesupport_introspection_c__pyext
[1.566s] running egg_info
[1.568s] writing livox_ros_driver2.egg-info/PKG-INFO
[1.569s] writing dependency_links to livox_ros_driver2.egg-info/dependency_links.txt
[1.569s] writing top-level names to livox_ros_driver2.egg-info/top_level.txt
[1.576s] reading manifest file 'livox_ros_driver2.egg-info/SOURCES.txt'
[1.578s] writing manifest file 'livox_ros_driver2.egg-info/SOURCES.txt'
[1.646s] [100%] Built target ament_cmake_python_build_livox_ros_driver2_egg
[1.677s] Invoked command in '/home/kentaro/mid360-simulation/build/livox_ros_driver2' returned '0': CMAKE_PREFIX_PATH=${CMAKE_PREFIX_PATH}:/opt/ros/humble /usr/bin/cmake --build /home/kentaro/mid360-simulation/build/livox_ros_driver2 -- -j8 -l8
[1.683s] Invoking command in '/home/kentaro/mid360-simulation/build/livox_ros_driver2': CMAKE_PREFIX_PATH=${CMAKE_PREFIX_PATH}:/opt/ros/humble /usr/bin/cmake --install /home/kentaro/mid360-simulation/build/livox_ros_driver2
[1.704s] -- Install configuration: ""
[1.707s] -- Execute custom install script
[1.709s] -- Up-to-date symlink: /home/kentaro/mid360-simulation/install/livox_ros_driver2/share/ament_index/resource_index/rosidl_interfaces/livox_ros_driver2
[1.712s] -- Up-to-date symlink: /home/kentaro/mid360-simulation/install/livox_ros_driver2/include/livox_ros_driver2/livox_ros_driver2/msg/custom_msg.h
[1.713s] -- Up-to-date symlink: /home/kentaro/mid360-simulation/install/livox_ros_driver2/include/livox_ros_driver2/livox_ros_driver2/msg/custom_point.h
[1.713s] -- Up-to-date symlink: /home/kentaro/mid360-simulation/install/livox_ros_driver2/include/livox_ros_driver2/livox_ros_driver2/msg/detail/custom_msg__functions.h
[1.714s] -- Up-to-date symlink: /home/kentaro/mid360-simulation/install/livox_ros_driver2/include/livox_ros_driver2/livox_ros_driver2/msg/detail/custom_msg__struct.h
[1.715s] -- Up-to-date symlink: /home/kentaro/mid360-simulation/install/livox_ros_driver2/include/livox_ros_driver2/livox_ros_driver2/msg/detail/custom_msg__type_support.h
[1.715s] -- Up-to-date symlink: /home/kentaro/mid360-simulation/install/livox_ros_driver2/include/livox_ros_driver2/livox_ros_driver2/msg/detail/custom_point__functions.h
[1.715s] -- Up-to-date symlink: /home/kentaro/mid360-simulation/install/livox_ros_driver2/include/livox_ros_driver2/livox_ros_driver2/msg/detail/custom_point__struct.h
[1.716s] -- Up-to-date symlink: /home/kentaro/mid360-simulation/install/livox_ros_driver2/include/livox_ros_driver2/livox_ros_driver2/msg/detail/custom_point__type_support.h
[1.716s] -- Up-to-date symlink: /home/kentaro/mid360-simulation/install/livox_ros_driver2/include/livox_ros_driver2/livox_ros_driver2/msg/rosidl_generator_c__visibility_control.h
[1.716s] -- Up-to-date symlink: /home/kentaro/mid360-simulation/install/livox_ros_driver2/share/livox_ros_driver2/environment/library_path.sh
[1.718s] -- Up-to-date symlink: /home/kentaro/mid360-simulation/install/livox_ros_driver2/share/livox_ros_driver2/environment/library_path.dsv
[1.721s] -- Up-to-date symlink: /home/kentaro/mid360-simulation/install/livox_ros_driver2/include/livox_ros_driver2/livox_ros_driver2/msg/detail/custom_msg__rosidl_typesupport_fastrtps_c.h
[1.721s] -- Up-to-date symlink: /home/kentaro/mid360-simulation/install/livox_ros_driver2/include/livox_ros_driver2/livox_ros_driver2/msg/detail/custom_point__rosidl_typesupport_fastrtps_c.h
[1.722s] -- Up-to-date symlink: /home/kentaro/mid360-simulation/install/livox_ros_driver2/include/livox_ros_driver2/livox_ros_driver2/msg/rosidl_typesupport_fastrtps_c__visibility_control.h
[1.722s] -- Up-to-date symlink: /home/kentaro/mid360-simulation/install/livox_ros_driver2/include/livox_ros_driver2/livox_ros_driver2/msg/detail/custom_msg__rosidl_typesupport_introspection_c.h
[1.723s] -- Up-to-date symlink: /home/kentaro/mid360-simulation/install/livox_ros_driver2/include/livox_ros_driver2/livox_ros_driver2/msg/detail/custom_point__rosidl_typesupport_introspection_c.h
[1.724s] -- Up-to-date symlink: /home/kentaro/mid360-simulation/install/livox_ros_driver2/include/livox_ros_driver2/livox_ros_driver2/msg/rosidl_typesupport_introspection_c__visibility_control.h
[1.726s] -- Up-to-date symlink: /home/kentaro/mid360-simulation/install/livox_ros_driver2/include/livox_ros_driver2/livox_ros_driver2/msg/custom_msg.hpp
[1.726s] -- Up-to-date symlink: /home/kentaro/mid360-simulation/install/livox_ros_driver2/include/livox_ros_driver2/livox_ros_driver2/msg/custom_point.hpp
[1.727s] -- Up-to-date symlink: /home/kentaro/mid360-simulation/install/livox_ros_driver2/include/livox_ros_driver2/livox_ros_driver2/msg/detail/custom_msg__builder.hpp
[1.727s] -- Up-to-date symlink: /home/kentaro/mid360-simulation/install/livox_ros_driver2/include/livox_ros_driver2/livox_ros_driver2/msg/detail/custom_msg__struct.hpp
[1.729s] -- Up-to-date symlink: /home/kentaro/mid360-simulation/install/livox_ros_driver2/include/livox_ros_driver2/livox_ros_driver2/msg/detail/custom_msg__traits.hpp
[1.729s] -- Up-to-date symlink: /home/kentaro/mid360-simulation/install/livox_ros_driver2/include/livox_ros_driver2/livox_ros_driver2/msg/detail/custom_msg__type_support.hpp
[1.729s] -- Up-to-date symlink: /home/kentaro/mid360-simulation/install/livox_ros_driver2/include/livox_ros_driver2/livox_ros_driver2/msg/detail/custom_point__builder.hpp
[1.730s] -- Up-to-date symlink: /home/kentaro/mid360-simulation/install/livox_ros_driver2/include/livox_ros_driver2/livox_ros_driver2/msg/detail/custom_point__struct.hpp
[1.730s] -- Up-to-date symlink: /home/kentaro/mid360-simulation/install/livox_ros_driver2/include/livox_ros_driver2/livox_ros_driver2/msg/detail/custom_point__traits.hpp
[1.730s] -- Up-to-date symlink: /home/kentaro/mid360-simulation/install/livox_ros_driver2/include/livox_ros_driver2/livox_ros_driver2/msg/detail/custom_point__type_support.hpp
[1.731s] -- Up-to-date symlink: /home/kentaro/mid360-simulation/install/livox_ros_driver2/include/livox_ros_driver2/livox_ros_driver2/msg/rosidl_generator_cpp__visibility_control.hpp
[1.731s] -- Up-to-date symlink: /home/kentaro/mid360-simulation/install/livox_ros_driver2/include/livox_ros_driver2/livox_ros_driver2/msg/detail/custom_msg__rosidl_typesupport_fastrtps_cpp.hpp
[1.731s] -- Up-to-date symlink: /home/kentaro/mid360-simulation/install/livox_ros_driver2/include/livox_ros_driver2/livox_ros_driver2/msg/detail/custom_point__rosidl_typesupport_fastrtps_cpp.hpp
[1.734s] -- Up-to-date symlink: /home/kentaro/mid360-simulation/install/livox_ros_driver2/include/livox_ros_driver2/livox_ros_driver2/msg/rosidl_typesupport_fastrtps_cpp__visibility_control.h
[1.735s] -- Up-to-date symlink: /home/kentaro/mid360-simulation/install/livox_ros_driver2/include/livox_ros_driver2/livox_ros_driver2/msg/detail/custom_msg__rosidl_typesupport_introspection_cpp.hpp
[1.736s] -- Up-to-date symlink: /home/kentaro/mid360-simulation/install/livox_ros_driver2/include/livox_ros_driver2/livox_ros_driver2/msg/detail/custom_point__rosidl_typesupport_introspection_cpp.hpp
[1.736s] -- Up-to-date symlink: /home/kentaro/mid360-simulation/install/livox_ros_driver2/share/livox_ros_driver2/environment/pythonpath.sh
[1.737s] -- Up-to-date symlink: /home/kentaro/mid360-simulation/install/livox_ros_driver2/share/livox_ros_driver2/environment/pythonpath.dsv
[1.738s] -- Up-to-date symlink: /home/kentaro/mid360-simulation/install/livox_ros_driver2/local/lib/python3.10/dist-packages/livox_ros_driver2-1.0.0-py3.10.egg-info/PKG-INFO
[1.738s] -- Up-to-date symlink: /home/kentaro/mid360-simulation/install/livox_ros_driver2/local/lib/python3.10/dist-packages/livox_ros_driver2-1.0.0-py3.10.egg-info/SOURCES.txt
[1.738s] -- Up-to-date symlink: /home/kentaro/mid360-simulation/install/livox_ros_driver2/local/lib/python3.10/dist-packages/livox_ros_driver2-1.0.0-py3.10.egg-info/dependency_links.txt
[1.739s] -- Up-to-date symlink: /home/kentaro/mid360-simulation/install/livox_ros_driver2/local/lib/python3.10/dist-packages/livox_ros_driver2-1.0.0-py3.10.egg-info/top_level.txt
[1.742s] -- Up-to-date symlink: /home/kentaro/mid360-simulation/install/livox_ros_driver2/local/lib/python3.10/dist-packages/livox_ros_driver2/__init__.py
[1.742s] -- Up-to-date symlink: /home/kentaro/mid360-simulation/install/livox_ros_driver2/local/lib/python3.10/dist-packages/livox_ros_driver2/_livox_ros_driver2_s.ep.rosidl_typesupport_c.c
[1.743s] -- Up-to-date symlink: /home/kentaro/mid360-simulation/install/livox_ros_driver2/local/lib/python3.10/dist-packages/livox_ros_driver2/_livox_ros_driver2_s.ep.rosidl_typesupport_fastrtps_c.c
[1.743s] -- Up-to-date symlink: /home/kentaro/mid360-simulation/install/livox_ros_driver2/local/lib/python3.10/dist-packages/livox_ros_driver2/_livox_ros_driver2_s.ep.rosidl_typesupport_introspection_c.c
[1.744s] -- Up-to-date symlink: /home/kentaro/mid360-simulation/install/livox_ros_driver2/local/lib/python3.10/dist-packages/livox_ros_driver2/liblivox_interfaces2__rosidl_generator_py.so
[1.744s] -- Up-to-date symlink: /home/kentaro/mid360-simulation/install/livox_ros_driver2/local/lib/python3.10/dist-packages/livox_ros_driver2/livox_ros_driver2_s__rosidl_typesupport_c.cpython-310-x86_64-linux-gnu.so
[1.744s] -- Up-to-date symlink: /home/kentaro/mid360-simulation/install/livox_ros_driver2/local/lib/python3.10/dist-packages/livox_ros_driver2/livox_ros_driver2_s__rosidl_typesupport_fastrtps_c.cpython-310-x86_64-linux-gnu.so
[1.745s] -- Up-to-date symlink: /home/kentaro/mid360-simulation/install/livox_ros_driver2/local/lib/python3.10/dist-packages/livox_ros_driver2/livox_ros_driver2_s__rosidl_typesupport_introspection_c.cpython-310-x86_64-linux-gnu.so
[1.745s] -- Up-to-date symlink: /home/kentaro/mid360-simulation/install/livox_ros_driver2/local/lib/python3.10/dist-packages/livox_ros_driver2/msg/__init__.py
[1.745s] -- Up-to-date symlink: /home/kentaro/mid360-simulation/install/livox_ros_driver2/local/lib/python3.10/dist-packages/livox_ros_driver2/msg/_custom_msg.py
[1.746s] -- Up-to-date symlink: /home/kentaro/mid360-simulation/install/livox_ros_driver2/local/lib/python3.10/dist-packages/livox_ros_driver2/msg/_custom_msg_s.c
[1.746s] -- Up-to-date symlink: /home/kentaro/mid360-simulation/install/livox_ros_driver2/local/lib/python3.10/dist-packages/livox_ros_driver2/msg/_custom_point.py
[1.747s] -- Up-to-date symlink: /home/kentaro/mid360-simulation/install/livox_ros_driver2/local/lib/python3.10/dist-packages/livox_ros_driver2/msg/_custom_point_s.c
[1.751s] -- Up-to-date symlink: /home/kentaro/mid360-simulation/install/livox_ros_driver2/local/lib/python3.10/dist-packages/livox_ros_driver2/livox_ros_driver2_s__rosidl_typesupport_fastrtps_c.cpython-310-x86_64-linux-gnu.so
[1.754s] -- Up-to-date symlink: /home/kentaro/mid360-simulation/install/livox_ros_driver2/local/lib/python3.10/dist-packages/livox_ros_driver2/livox_ros_driver2_s__rosidl_typesupport_introspection_c.cpython-310-x86_64-linux-gnu.so
[1.755s] -- Up-to-date symlink: /home/kentaro/mid360-simulation/install/livox_ros_driver2/local/lib/python3.10/dist-packages/livox_ros_driver2/livox_ros_driver2_s__rosidl_typesupport_c.cpython-310-x86_64-linux-gnu.so
[1.755s] -- Up-to-date symlink: /home/kentaro/mid360-simulation/install/livox_ros_driver2/share/livox_ros_driver2/msg/CustomPoint.idl
[1.755s] -- Up-to-date symlink: /home/kentaro/mid360-simulation/install/livox_ros_driver2/share/livox_ros_driver2/msg/CustomMsg.idl
[1.756s] -- Up-to-date symlink: /home/kentaro/mid360-simulation/install/livox_ros_driver2/share/livox_ros_driver2/msg/CustomPoint.msg
[1.756s] -- Up-to-date symlink: /home/kentaro/mid360-simulation/install/livox_ros_driver2/share/livox_ros_driver2/msg/CustomMsg.msg
[1.757s] -- Up-to-date symlink: /home/kentaro/mid360-simulation/install/livox_ros_driver2/lib/livox_ros_driver2/livox_ros_driver2_node
[1.757s] -- Up-to-date symlink: /home/kentaro/mid360-simulation/install/livox_ros_driver2/lib/liblivox_ros_driver2.so
[1.760s] -- Up-to-date symlink: /home/kentaro/mid360-simulation/install/livox_ros_driver2/share/livox_ros_driver2/config/HAP_config.json
[1.761s] -- Up-to-date symlink: /home/kentaro/mid360-simulation/install/livox_ros_driver2/share/livox_ros_driver2/config/MID360_config.json
[1.761s] -- Up-to-date symlink: /home/kentaro/mid360-simulation/install/livox_ros_driver2/share/livox_ros_driver2/config/display_point_cloud_ROS1.rviz
[1.761s] -- Up-to-date symlink: /home/kentaro/mid360-simulation/install/livox_ros_driver2/share/livox_ros_driver2/config/display_point_cloud_ROS2.rviz
[1.762s] -- Up-to-date symlink: /home/kentaro/mid360-simulation/install/livox_ros_driver2/share/livox_ros_driver2/config/mixed_HAP_MID360_config.json
[1.762s] -- Up-to-date symlink: /home/kentaro/mid360-simulation/install/livox_ros_driver2/share/livox_ros_driver2/launch_ROS2/msg_HAP_launch.py
[1.762s] -- Up-to-date symlink: /home/kentaro/mid360-simulation/install/livox_ros_driver2/share/livox_ros_driver2/launch_ROS2/msg_MID360_launch.py
[1.763s] -- Up-to-date symlink: /home/kentaro/mid360-simulation/install/livox_ros_driver2/share/livox_ros_driver2/launch_ROS2/rviz_HAP_launch.py
[1.764s] -- Up-to-date symlink: /home/kentaro/mid360-simulation/install/livox_ros_driver2/share/livox_ros_driver2/launch_ROS2/rviz_MID360_launch.py
[1.764s] -- Up-to-date symlink: /home/kentaro/mid360-simulation/install/livox_ros_driver2/share/livox_ros_driver2/launch_ROS2/rviz_mixed.py
[1.765s] -- Up-to-date symlink: /home/kentaro/mid360-simulation/install/livox_ros_driver2/share/ament_index/resource_index/package_run_dependencies/livox_ros_driver2
[1.765s] -- Up-to-date symlink: /home/kentaro/mid360-simulation/install/livox_ros_driver2/share/ament_index/resource_index/parent_prefix_path/livox_ros_driver2
[1.765s] -- Up-to-date symlink: /home/kentaro/mid360-simulation/install/livox_ros_driver2/share/livox_ros_driver2/environment/ament_prefix_path.sh
[1.765s] -- Up-to-date symlink: /home/kentaro/mid360-simulation/install/livox_ros_driver2/share/livox_ros_driver2/environment/ament_prefix_path.dsv
[1.766s] -- Up-to-date symlink: /home/kentaro/mid360-simulation/install/livox_ros_driver2/share/livox_ros_driver2/environment/path.sh
[1.769s] -- Up-to-date symlink: /home/kentaro/mid360-simulation/install/livox_ros_driver2/share/livox_ros_driver2/environment/path.dsv
[1.769s] -- Up-to-date symlink: /home/kentaro/mid360-simulation/install/livox_ros_driver2/share/livox_ros_driver2/local_setup.bash
[1.769s] -- Up-to-date symlink: /home/kentaro/mid360-simulation/install/livox_ros_driver2/share/livox_ros_driver2/local_setup.sh
[1.769s] -- Up-to-date symlink: /home/kentaro/mid360-simulation/install/livox_ros_driver2/share/livox_ros_driver2/local_setup.zsh
[1.770s] -- Up-to-date symlink: /home/kentaro/mid360-simulation/install/livox_ros_driver2/share/livox_ros_driver2/local_setup.dsv
[1.770s] -- Symlinking: /home/kentaro/mid360-simulation/install/livox_ros_driver2/share/livox_ros_driver2/package.dsv
[1.778s] -- Up-to-date symlink: /home/kentaro/mid360-simulation/install/livox_ros_driver2/share/ament_index/resource_index/packages/livox_ros_driver2
[1.778s] -- Up-to-date symlink: /home/kentaro/mid360-simulation/install/livox_ros_driver2/share/ament_index/resource_index/rclcpp_components/livox_ros_driver2
[1.778s] -- Up-to-date symlink: /home/kentaro/mid360-simulation/install/livox_ros_driver2/share/livox_ros_driver2/cmake/rosidl_cmake-extras.cmake
[1.780s] -- Up-to-date symlink: /home/kentaro/mid360-simulation/install/livox_ros_driver2/share/livox_ros_driver2/cmake/ament_cmake_export_dependencies-extras.cmake
[1.780s] -- Up-to-date symlink: /home/kentaro/mid360-simulation/install/livox_ros_driver2/share/livox_ros_driver2/cmake/ament_cmake_export_include_directories-extras.cmake
[1.780s] -- Up-to-date symlink: /home/kentaro/mid360-simulation/install/livox_ros_driver2/share/livox_ros_driver2/cmake/ament_cmake_export_libraries-extras.cmake
[1.781s] -- Up-to-date symlink: /home/kentaro/mid360-simulation/install/livox_ros_driver2/share/livox_ros_driver2/cmake/ament_cmake_export_targets-extras.cmake
[1.782s] -- Up-to-date symlink: /home/kentaro/mid360-simulation/install/livox_ros_driver2/share/livox_ros_driver2/cmake/rosidl_cmake_export_typesupport_targets-extras.cmake
[1.782s] -- Up-to-date symlink: /home/kentaro/mid360-simulation/install/livox_ros_driver2/share/livox_ros_driver2/cmake/rosidl_cmake_export_typesupport_libraries-extras.cmake
[1.782s] -- Up-to-date symlink: /home/kentaro/mid360-simulation/install/livox_ros_driver2/share/livox_ros_driver2/cmake/livox_ros_driver2Config.cmake
[1.782s] -- Up-to-date symlink: /home/kentaro/mid360-simulation/install/livox_ros_driver2/share/livox_ros_driver2/cmake/livox_ros_driver2Config-version.cmake
[1.782s] -- Up-to-date symlink: /home/kentaro/mid360-simulation/install/livox_ros_driver2/share/livox_ros_driver2/package.xml
[1.782s] -- Up-to-date: /home/kentaro/mid360-simulation/install/livox_ros_driver2/lib/liblivox_ros_driver2__rosidl_generator_c.so
[1.782s] -- Up-to-date: /home/kentaro/mid360-simulation/install/livox_ros_driver2/lib/liblivox_ros_driver2__rosidl_typesupport_fastrtps_c.so
[1.783s] -- Up-to-date: /home/kentaro/mid360-simulation/install/livox_ros_driver2/lib/liblivox_ros_driver2__rosidl_typesupport_introspection_c.so
[1.783s] -- Up-to-date: /home/kentaro/mid360-simulation/install/livox_ros_driver2/lib/liblivox_ros_driver2__rosidl_typesupport_c.so
[1.784s] -- Up-to-date: /home/kentaro/mid360-simulation/install/livox_ros_driver2/lib/liblivox_ros_driver2__rosidl_typesupport_fastrtps_cpp.so
[1.784s] -- Up-to-date: /home/kentaro/mid360-simulation/install/livox_ros_driver2/lib/liblivox_ros_driver2__rosidl_typesupport_introspection_cpp.so
[1.784s] -- Up-to-date: /home/kentaro/mid360-simulation/install/livox_ros_driver2/lib/liblivox_ros_driver2__rosidl_typesupport_cpp.so
[1.876s] Listing '/home/kentaro/mid360-simulation/install/livox_ros_driver2/local/lib/python3.10/dist-packages/livox_ros_driver2'...
[1.876s] Listing '/home/kentaro/mid360-simulation/install/livox_ros_driver2/local/lib/python3.10/dist-packages/livox_ros_driver2/msg'...
[1.890s] -- Up-to-date: /home/kentaro/mid360-simulation/install/livox_ros_driver2/lib/liblivox_interfaces2__rosidl_generator_py.so
[1.891s] -- Up-to-date: /home/kentaro/mid360-simulation/install/livox_ros_driver2/share/livox_ros_driver2/cmake/export_livox_interfaces2__rosidl_generator_cExport.cmake
[1.891s] -- Up-to-date: /home/kentaro/mid360-simulation/install/livox_ros_driver2/share/livox_ros_driver2/cmake/export_livox_interfaces2__rosidl_generator_cExport-noconfig.cmake
[1.892s] -- Up-to-date: /home/kentaro/mid360-simulation/install/livox_ros_driver2/share/livox_ros_driver2/cmake/export_livox_interfaces2__rosidl_typesupport_fastrtps_cExport.cmake
[1.892s] -- Up-to-date: /home/kentaro/mid360-simulation/install/livox_ros_driver2/share/livox_ros_driver2/cmake/export_livox_interfaces2__rosidl_typesupport_fastrtps_cExport-noconfig.cmake
[1.892s] -- Up-to-date: /home/kentaro/mid360-simulation/install/livox_ros_driver2/share/livox_ros_driver2/cmake/livox_interfaces2__rosidl_typesupport_introspection_cExport.cmake
[1.894s] -- Up-to-date: /home/kentaro/mid360-simulation/install/livox_ros_driver2/share/livox_ros_driver2/cmake/livox_interfaces2__rosidl_typesupport_introspection_cExport-noconfig.cmake
[1.894s] -- Up-to-date: /home/kentaro/mid360-simulation/install/livox_ros_driver2/share/livox_ros_driver2/cmake/livox_interfaces2__rosidl_typesupport_cExport.cmake
[1.894s] -- Up-to-date: /home/kentaro/mid360-simulation/install/livox_ros_driver2/share/livox_ros_driver2/cmake/livox_interfaces2__rosidl_typesupport_cExport-noconfig.cmake
[1.895s] -- Up-to-date: /home/kentaro/mid360-simulation/install/livox_ros_driver2/share/livox_ros_driver2/cmake/export_livox_interfaces2__rosidl_generator_cppExport.cmake
[1.895s] -- Up-to-date: /home/kentaro/mid360-simulation/install/livox_ros_driver2/share/livox_ros_driver2/cmake/export_livox_interfaces2__rosidl_typesupport_fastrtps_cppExport.cmake
[1.895s] -- Up-to-date: /home/kentaro/mid360-simulation/install/livox_ros_driver2/share/livox_ros_driver2/cmake/export_livox_interfaces2__rosidl_typesupport_fastrtps_cppExport-noconfig.cmake
[1.896s] -- Up-to-date: /home/kentaro/mid360-simulation/install/livox_ros_driver2/share/livox_ros_driver2/cmake/livox_interfaces2__rosidl_typesupport_introspection_cppExport.cmake
[1.896s] -- Up-to-date: /home/kentaro/mid360-simulation/install/livox_ros_driver2/share/livox_ros_driver2/cmake/livox_interfaces2__rosidl_typesupport_introspection_cppExport-noconfig.cmake
[1.896s] -- Up-to-date: /home/kentaro/mid360-simulation/install/livox_ros_driver2/share/livox_ros_driver2/cmake/livox_interfaces2__rosidl_typesupport_cppExport.cmake
[1.897s] -- Up-to-date: /home/kentaro/mid360-simulation/install/livox_ros_driver2/share/livox_ros_driver2/cmake/livox_interfaces2__rosidl_typesupport_cppExport-noconfig.cmake
[1.897s] -- Up-to-date: /home/kentaro/mid360-simulation/install/livox_ros_driver2/share/livox_ros_driver2/cmake/export_livox_interfaces2__rosidl_generator_pyExport.cmake
[1.897s] -- Up-to-date: /home/kentaro/mid360-simulation/install/livox_ros_driver2/share/livox_ros_driver2/cmake/export_livox_interfaces2__rosidl_generator_pyExport-noconfig.cmake
[1.902s] Invoked command in '/home/kentaro/mid360-simulation/build/livox_ros_driver2' returned '0': CMAKE_PREFIX_PATH=${CMAKE_PREFIX_PATH}:/opt/ros/humble /usr/bin/cmake --install /home/kentaro/mid360-simulation/build/livox_ros_driver2
