-- livox_ros_driver2 version: 1.2.4
-- Found ament_cmake_auto: 1.3.12 (/opt/ros/humble/share/ament_cmake_auto/cmake)
-- Override CMake install command with custom implementation using symlinks instead of copying resources
-- Using all available rosidl_typesupport_c: rosidl_typesupport_fastrtps_c;rosidl_typesupport_introspection_c
-- Found rosidl_adapter: 3.1.7 (/opt/ros/humble/share/rosidl_adapter/cmake)
-- Using all available rosidl_typesupport_cpp: rosidl_typesupport_fastrtps_cpp;rosidl_typesupport_introspection_cpp
-- Found rmw_implementation_cmake: 6.1.2 (/opt/ros/humble/share/rmw_implementation_cmake/cmake)
-- Found rmw_fastrtps_cpp: 6.2.9 (/opt/ros/humble/share/rmw_fastrtps_cpp/cmake)
-- Using RMW implementation 'rmw_fastrtps_cpp' as default
-- Eigen found (include: /usr/include/eigen3, version: 3.4.0)
-- FLANN found (include: /usr/include, lib: /usr/lib/x86_64-linux-gnu/libflann_cpp.so)
-- OpenNI found (version: 1.5.4.0, include: /usr/include/ni, lib: /usr/lib/libOpenNI.so;libusb::libusb)
-- OpenNI2 found (version: 2.2.0.33, include: /usr/include/openni2, lib: /usr/lib/x86_64-linux-gnu/libOpenNI2.so;libusb::libusb)
-- Eigen found (include: /usr/include/eigen3, version: 3.4.0)
-- OpenNI found (version: 1.5.4.0, include: /usr/include/ni, lib: /usr/lib/libOpenNI.so;libusb::libusb)
-- OpenNI2 found (version: 2.2.0.33, include: /usr/include/openni2, lib: /usr/lib/x86_64-linux-gnu/libOpenNI2.so;libusb::libusb)
-- Found Qhull version 8.0.2
-- OpenNI found (version: 1.5.4.0, include: /usr/include/ni, lib: /usr/lib/libOpenNI.so;libusb::libusb)
-- Found ament_cmake_ros: 0.10.0 (/opt/ros/humble/share/ament_cmake_ros/cmake)
-- Using all available rosidl_typesupport_c: rosidl_typesupport_fastrtps_c;rosidl_typesupport_introspection_c
-- Using all available rosidl_typesupport_cpp: rosidl_typesupport_fastrtps_cpp;rosidl_typesupport_introspection_cpp
-- Found python_cmake_module: 0.10.0 (/opt/ros/humble/share/python_cmake_module/cmake)
-- Using PYTHON_EXECUTABLE: /usr/bin/python3
-- Using PYTHON_INCLUDE_DIRS: /usr/include/python3.10
-- Using PYTHON_LIBRARIES: /usr/lib/x86_64-linux-gnu/libpython3.10.so
-- Found ament_lint_auto: 0.12.14 (/opt/ros/humble/share/ament_lint_auto/cmake)
-- Added test 'copyright' to check source files copyright and LICENSE
-- Added test 'cppcheck' to perform static code analysis on C / C++ code
-- Configured cppcheck include dirs: /home/kentaro/mid360-simulation/src/livox_ros_driver2/3rdparty;/home/kentaro/mid360-simulation/src/livox_ros_driver2/src
-- Configured cppcheck exclude dirs and/or files: 
-- Added test 'cpplint' to check C / C++ code against the Google style
-- Configured cpplint exclude dirs and/or files: 
-- Added test 'flake8' to check Python code syntax and style conventions
-- Added test 'lint_cmake' to check CMake code style
-- Added test 'pep257' to check Python code against some of the docstring style conventions in PEP 257
-- Added test 'uncrustify' to check C / C++ code style
-- Configured uncrustify additional arguments: 
-- Added test 'xmllint' to check XML markup files
-- Configuring done
-- Generating done
-- Build files have been written to: /home/kentaro/mid360-simulation/build/livox_ros_driver2
[  1%] [34m[1mGenerating C code for ROS interfaces[0m
[  3%] [34m[1mGenerating C++ code for ROS interfaces[0m
[  5%] [32mBuilding CXX object CMakeFiles/livox_ros_driver2_node.dir/rclcpp_components/node_main_livox_ros_driver2_node.cpp.o[0m
[  5%] Built target ament_cmake_python_symlink_livox_ros_driver2
running egg_info
creating livox_ros_driver2.egg-info
writing livox_ros_driver2.egg-info/PKG-INFO
writing dependency_links to livox_ros_driver2.egg-info/dependency_links.txt
writing top-level names to livox_ros_driver2.egg-info/top_level.txt
writing manifest file 'livox_ros_driver2.egg-info/SOURCES.txt'
reading manifest file 'livox_ros_driver2.egg-info/SOURCES.txt'
writing manifest file 'livox_ros_driver2.egg-info/SOURCES.txt'
[  5%] Built target ament_cmake_python_build_livox_ros_driver2_egg
[  7%] [32mBuilding C object CMakeFiles/livox_interfaces2__rosidl_generator_c.dir/rosidl_generator_c/livox_ros_driver2/msg/detail/custom_point__functions.c.o[0m
[  8%] [32mBuilding C object CMakeFiles/livox_interfaces2__rosidl_generator_c.dir/rosidl_generator_c/livox_ros_driver2/msg/detail/custom_msg__functions.c.o[0m
[  8%] Built target livox_interfaces2__cpp
[ 10%] [34m[1mGenerating C++ type support for eProsima Fast-RTPS[0m
[ 12%] [34m[1mGenerating C++ introspection for ROS interfaces[0m
[ 14%] [34m[1mGenerating C++ type support dispatch for ROS interfaces[0m
[ 15%] [32m[1mLinking C shared library liblivox_ros_driver2__rosidl_generator_c.so[0m
[ 15%] Built target livox_interfaces2__rosidl_generator_c
[ 17%] [34m[1mGenerating C introspection for ROS interfaces[0m
[ 19%] [34m[1mGenerating C type support for eProsima Fast-RTPS[0m
[ 21%] [34m[1mGenerating C type support dispatch for ROS interfaces[0m
[ 22%] [32mBuilding CXX object CMakeFiles/livox_interfaces2__rosidl_typesupport_cpp.dir/rosidl_typesupport_cpp/livox_ros_driver2/msg/custom_msg__type_support.cpp.o[0m
[ 24%] [32mBuilding CXX object CMakeFiles/livox_interfaces2__rosidl_typesupport_cpp.dir/rosidl_typesupport_cpp/livox_ros_driver2/msg/custom_point__type_support.cpp.o[0m
[ 26%] [32mBuilding CXX object CMakeFiles/livox_interfaces2__rosidl_typesupport_introspection_cpp.dir/rosidl_typesupport_introspection_cpp/livox_ros_driver2/msg/detail/custom_point__type_support.cpp.o[0m
[ 28%] [32mBuilding CXX object CMakeFiles/livox_interfaces2__rosidl_typesupport_c.dir/rosidl_typesupport_c/livox_ros_driver2/msg/custom_point__type_support.cpp.o[0m
[ 29%] [32mBuilding CXX object CMakeFiles/livox_interfaces2__rosidl_typesupport_fastrtps_cpp.dir/rosidl_typesupport_fastrtps_cpp/livox_ros_driver2/msg/detail/dds_fastrtps/custom_point__type_support.cpp.o[0m
[ 31%] [32mBuilding C object CMakeFiles/livox_interfaces2__rosidl_typesupport_introspection_c.dir/rosidl_typesupport_introspection_c/livox_ros_driver2/msg/detail/custom_point__type_support.c.o[0m
[ 33%] [32mBuilding CXX object CMakeFiles/livox_interfaces2__rosidl_typesupport_c.dir/rosidl_typesupport_c/livox_ros_driver2/msg/custom_msg__type_support.cpp.o[0m
[ 35%] [32mBuilding CXX object CMakeFiles/livox_interfaces2__rosidl_typesupport_fastrtps_c.dir/rosidl_typesupport_fastrtps_c/livox_ros_driver2/msg/detail/custom_point__type_support_c.cpp.o[0m
[ 36%] [32m[1mLinking CXX shared library liblivox_ros_driver2__rosidl_typesupport_c.so[0m
[ 38%] [32mBuilding C object CMakeFiles/livox_interfaces2__rosidl_typesupport_introspection_c.dir/rosidl_typesupport_introspection_c/livox_ros_driver2/msg/detail/custom_msg__type_support.c.o[0m
[ 40%] [32m[1mLinking C shared library liblivox_ros_driver2__rosidl_typesupport_introspection_c.so[0m
[ 40%] Built target livox_interfaces2__rosidl_typesupport_c
[ 42%] [32mBuilding CXX object CMakeFiles/livox_interfaces2__rosidl_typesupport_fastrtps_c.dir/rosidl_typesupport_fastrtps_c/livox_ros_driver2/msg/detail/custom_msg__type_support_c.cpp.o[0m
[ 42%] Built target livox_interfaces2__rosidl_typesupport_introspection_c
[ 43%] [32mBuilding CXX object CMakeFiles/livox_interfaces2__rosidl_typesupport_introspection_cpp.dir/rosidl_typesupport_introspection_cpp/livox_ros_driver2/msg/detail/custom_msg__type_support.cpp.o[0m
[ 45%] [32mBuilding CXX object CMakeFiles/livox_interfaces2__rosidl_typesupport_fastrtps_cpp.dir/rosidl_typesupport_fastrtps_cpp/livox_ros_driver2/msg/detail/dds_fastrtps/custom_msg__type_support.cpp.o[0m
[ 47%] [32m[1mLinking CXX shared library liblivox_ros_driver2__rosidl_typesupport_cpp.so[0m
[ 47%] Built target livox_interfaces2__rosidl_typesupport_cpp
[ 49%] [32mBuilding CXX object CMakeFiles/livox_ros_driver2.dir/src/livox_ros_driver2.cpp.o[0m
[ 50%] [32mBuilding CXX object CMakeFiles/livox_ros_driver2.dir/src/lddc.cpp.o[0m
[ 52%] [32mBuilding CXX object CMakeFiles/livox_ros_driver2.dir/src/driver_node.cpp.o[0m
[ 54%] [32mBuilding CXX object CMakeFiles/livox_ros_driver2.dir/src/lds.cpp.o[0m
[ 56%] [32m[1mLinking CXX shared library liblivox_ros_driver2__rosidl_typesupport_fastrtps_c.so[0m
[ 56%] Built target livox_interfaces2__rosidl_typesupport_fastrtps_c
[ 57%] [32m[1mLinking CXX shared library liblivox_ros_driver2__rosidl_typesupport_introspection_cpp.so[0m
[ 59%] [32mBuilding CXX object CMakeFiles/livox_ros_driver2.dir/src/lds_lidar.cpp.o[0m
[ 59%] Built target livox_interfaces2__rosidl_typesupport_introspection_cpp
[ 61%] [32m[1mLinking CXX shared library liblivox_ros_driver2__rosidl_typesupport_fastrtps_cpp.so[0m
[ 63%] [32mBuilding CXX object CMakeFiles/livox_ros_driver2.dir/src/comm/comm.cpp.o[0m
[ 63%] Built target livox_interfaces2__rosidl_typesupport_fastrtps_cpp
[ 64%] [32mBuilding CXX object CMakeFiles/livox_ros_driver2.dir/src/comm/ldq.cpp.o[0m
[ 66%] [32mBuilding CXX object CMakeFiles/livox_ros_driver2.dir/src/comm/semaphore.cpp.o[0m
[ 66%] Built target livox_interfaces2
[ 68%] [32mBuilding CXX object CMakeFiles/livox_ros_driver2.dir/src/comm/lidar_imu_data_queue.cpp.o[0m
[ 70%] [32mBuilding CXX object CMakeFiles/livox_ros_driver2.dir/src/comm/cache_index.cpp.o[0m
[ 71%] [34m[1mGenerating Python code for ROS interfaces[0m
[ 73%] [32mBuilding CXX object CMakeFiles/livox_ros_driver2.dir/src/comm/pub_handler.cpp.o[0m
[ 75%] [32mBuilding CXX object CMakeFiles/livox_ros_driver2.dir/src/parse_cfg_file/parse_cfg_file.cpp.o[0m
[ 77%] [32mBuilding CXX object CMakeFiles/livox_ros_driver2.dir/src/parse_cfg_file/parse_livox_lidar_cfg.cpp.o[0m
[ 78%] [32m[1mLinking CXX executable livox_ros_driver2_node[0m
[ 78%] Built target livox_interfaces2__py
[ 80%] [32mBuilding C object CMakeFiles/livox_interfaces2__rosidl_generator_py.dir/rosidl_generator_py/livox_ros_driver2/msg/_custom_point_s.c.o[0m
[ 80%] Built target livox_ros_driver2_node
[ 82%] [32mBuilding CXX object CMakeFiles/livox_ros_driver2.dir/src/call_back/lidar_common_callback.cpp.o[0m
[ 84%] [32mBuilding C object CMakeFiles/livox_interfaces2__rosidl_generator_py.dir/rosidl_generator_py/livox_ros_driver2/msg/_custom_msg_s.c.o[0m
[ 85%] [32mBuilding CXX object CMakeFiles/livox_ros_driver2.dir/src/call_back/livox_lidar_callback.cpp.o[0m
[ 87%] [32m[1mLinking C shared library rosidl_generator_py/livox_ros_driver2/liblivox_interfaces2__rosidl_generator_py.so[0m
[ 87%] Built target livox_interfaces2__rosidl_generator_py
[ 89%] [32mBuilding C object CMakeFiles/livox_ros_driver2__rosidl_typesupport_fastrtps_c__pyext.dir/rosidl_generator_py/livox_ros_driver2/_livox_ros_driver2_s.ep.rosidl_typesupport_fastrtps_c.c.o[0m
[ 91%] [32mBuilding C object CMakeFiles/livox_ros_driver2__rosidl_typesupport_introspection_c__pyext.dir/rosidl_generator_py/livox_ros_driver2/_livox_ros_driver2_s.ep.rosidl_typesupport_introspection_c.c.o[0m
[ 92%] [32m[1mLinking C shared library rosidl_generator_py/livox_ros_driver2/livox_ros_driver2_s__rosidl_typesupport_fastrtps_c.cpython-310-x86_64-linux-gnu.so[0m
[ 94%] [32m[1mLinking C shared library rosidl_generator_py/livox_ros_driver2/livox_ros_driver2_s__rosidl_typesupport_introspection_c.cpython-310-x86_64-linux-gnu.so[0m
[ 94%] Built target livox_ros_driver2__rosidl_typesupport_fastrtps_c__pyext
[ 96%] [32mBuilding C object CMakeFiles/livox_ros_driver2__rosidl_typesupport_c__pyext.dir/rosidl_generator_py/livox_ros_driver2/_livox_ros_driver2_s.ep.rosidl_typesupport_c.c.o[0m
[ 96%] Built target livox_ros_driver2__rosidl_typesupport_introspection_c__pyext
[ 98%] [32m[1mLinking C shared library rosidl_generator_py/livox_ros_driver2/livox_ros_driver2_s__rosidl_typesupport_c.cpython-310-x86_64-linux-gnu.so[0m
[ 98%] Built target livox_ros_driver2__rosidl_typesupport_c__pyext
[100%] [32m[1mLinking CXX shared library liblivox_ros_driver2.so[0m
[100%] Built target livox_ros_driver2
-- Install configuration: ""
-- Execute custom install script
-- Symlinking: /home/kentaro/mid360-simulation/install/livox_ros_driver2/share/ament_index/resource_index/rosidl_interfaces/livox_ros_driver2
-- Symlinking: /home/kentaro/mid360-simulation/install/livox_ros_driver2/include/livox_ros_driver2/livox_ros_driver2/msg/custom_msg.h
-- Symlinking: /home/kentaro/mid360-simulation/install/livox_ros_driver2/include/livox_ros_driver2/livox_ros_driver2/msg/custom_point.h
-- Symlinking: /home/kentaro/mid360-simulation/install/livox_ros_driver2/include/livox_ros_driver2/livox_ros_driver2/msg/detail/custom_msg__functions.h
-- Symlinking: /home/kentaro/mid360-simulation/install/livox_ros_driver2/include/livox_ros_driver2/livox_ros_driver2/msg/detail/custom_msg__struct.h
-- Symlinking: /home/kentaro/mid360-simulation/install/livox_ros_driver2/include/livox_ros_driver2/livox_ros_driver2/msg/detail/custom_msg__type_support.h
-- Symlinking: /home/kentaro/mid360-simulation/install/livox_ros_driver2/include/livox_ros_driver2/livox_ros_driver2/msg/detail/custom_point__functions.h
-- Symlinking: /home/kentaro/mid360-simulation/install/livox_ros_driver2/include/livox_ros_driver2/livox_ros_driver2/msg/detail/custom_point__struct.h
-- Symlinking: /home/kentaro/mid360-simulation/install/livox_ros_driver2/include/livox_ros_driver2/livox_ros_driver2/msg/detail/custom_point__type_support.h
-- Symlinking: /home/kentaro/mid360-simulation/install/livox_ros_driver2/include/livox_ros_driver2/livox_ros_driver2/msg/rosidl_generator_c__visibility_control.h
-- Symlinking: /home/kentaro/mid360-simulation/install/livox_ros_driver2/share/livox_ros_driver2/environment/library_path.sh
-- Symlinking: /home/kentaro/mid360-simulation/install/livox_ros_driver2/share/livox_ros_driver2/environment/library_path.dsv
-- Symlinking: /home/kentaro/mid360-simulation/install/livox_ros_driver2/include/livox_ros_driver2/livox_ros_driver2/msg/detail/custom_msg__rosidl_typesupport_fastrtps_c.h
-- Symlinking: /home/kentaro/mid360-simulation/install/livox_ros_driver2/include/livox_ros_driver2/livox_ros_driver2/msg/detail/custom_point__rosidl_typesupport_fastrtps_c.h
-- Symlinking: /home/kentaro/mid360-simulation/install/livox_ros_driver2/include/livox_ros_driver2/livox_ros_driver2/msg/rosidl_typesupport_fastrtps_c__visibility_control.h
-- Symlinking: /home/kentaro/mid360-simulation/install/livox_ros_driver2/include/livox_ros_driver2/livox_ros_driver2/msg/detail/custom_msg__rosidl_typesupport_introspection_c.h
-- Symlinking: /home/kentaro/mid360-simulation/install/livox_ros_driver2/include/livox_ros_driver2/livox_ros_driver2/msg/detail/custom_point__rosidl_typesupport_introspection_c.h
-- Symlinking: /home/kentaro/mid360-simulation/install/livox_ros_driver2/include/livox_ros_driver2/livox_ros_driver2/msg/rosidl_typesupport_introspection_c__visibility_control.h
-- Symlinking: /home/kentaro/mid360-simulation/install/livox_ros_driver2/include/livox_ros_driver2/livox_ros_driver2/msg/custom_msg.hpp
-- Symlinking: /home/kentaro/mid360-simulation/install/livox_ros_driver2/include/livox_ros_driver2/livox_ros_driver2/msg/custom_point.hpp
-- Symlinking: /home/kentaro/mid360-simulation/install/livox_ros_driver2/include/livox_ros_driver2/livox_ros_driver2/msg/detail/custom_msg__builder.hpp
-- Symlinking: /home/kentaro/mid360-simulation/install/livox_ros_driver2/include/livox_ros_driver2/livox_ros_driver2/msg/detail/custom_msg__struct.hpp
-- Symlinking: /home/kentaro/mid360-simulation/install/livox_ros_driver2/include/livox_ros_driver2/livox_ros_driver2/msg/detail/custom_msg__traits.hpp
-- Symlinking: /home/kentaro/mid360-simulation/install/livox_ros_driver2/include/livox_ros_driver2/livox_ros_driver2/msg/detail/custom_msg__type_support.hpp
-- Symlinking: /home/kentaro/mid360-simulation/install/livox_ros_driver2/include/livox_ros_driver2/livox_ros_driver2/msg/detail/custom_point__builder.hpp
-- Symlinking: /home/kentaro/mid360-simulation/install/livox_ros_driver2/include/livox_ros_driver2/livox_ros_driver2/msg/detail/custom_point__struct.hpp
-- Symlinking: /home/kentaro/mid360-simulation/install/livox_ros_driver2/include/livox_ros_driver2/livox_ros_driver2/msg/detail/custom_point__traits.hpp
-- Symlinking: /home/kentaro/mid360-simulation/install/livox_ros_driver2/include/livox_ros_driver2/livox_ros_driver2/msg/detail/custom_point__type_support.hpp
-- Symlinking: /home/kentaro/mid360-simulation/install/livox_ros_driver2/include/livox_ros_driver2/livox_ros_driver2/msg/rosidl_generator_cpp__visibility_control.hpp
-- Symlinking: /home/kentaro/mid360-simulation/install/livox_ros_driver2/include/livox_ros_driver2/livox_ros_driver2/msg/detail/custom_msg__rosidl_typesupport_fastrtps_cpp.hpp
-- Symlinking: /home/kentaro/mid360-simulation/install/livox_ros_driver2/include/livox_ros_driver2/livox_ros_driver2/msg/detail/custom_point__rosidl_typesupport_fastrtps_cpp.hpp
-- Symlinking: /home/kentaro/mid360-simulation/install/livox_ros_driver2/include/livox_ros_driver2/livox_ros_driver2/msg/rosidl_typesupport_fastrtps_cpp__visibility_control.h
-- Symlinking: /home/kentaro/mid360-simulation/install/livox_ros_driver2/include/livox_ros_driver2/livox_ros_driver2/msg/detail/custom_msg__rosidl_typesupport_introspection_cpp.hpp
-- Symlinking: /home/kentaro/mid360-simulation/install/livox_ros_driver2/include/livox_ros_driver2/livox_ros_driver2/msg/detail/custom_point__rosidl_typesupport_introspection_cpp.hpp
-- Symlinking: /home/kentaro/mid360-simulation/install/livox_ros_driver2/share/livox_ros_driver2/environment/pythonpath.sh
-- Symlinking: /home/kentaro/mid360-simulation/install/livox_ros_driver2/share/livox_ros_driver2/environment/pythonpath.dsv
-- Symlinking: /home/kentaro/mid360-simulation/install/livox_ros_driver2/local/lib/python3.10/dist-packages/livox_ros_driver2-1.0.0-py3.10.egg-info/PKG-INFO
-- Symlinking: /home/kentaro/mid360-simulation/install/livox_ros_driver2/local/lib/python3.10/dist-packages/livox_ros_driver2-1.0.0-py3.10.egg-info/SOURCES.txt
-- Symlinking: /home/kentaro/mid360-simulation/install/livox_ros_driver2/local/lib/python3.10/dist-packages/livox_ros_driver2-1.0.0-py3.10.egg-info/dependency_links.txt
-- Symlinking: /home/kentaro/mid360-simulation/install/livox_ros_driver2/local/lib/python3.10/dist-packages/livox_ros_driver2-1.0.0-py3.10.egg-info/top_level.txt
-- Symlinking: /home/kentaro/mid360-simulation/install/livox_ros_driver2/local/lib/python3.10/dist-packages/livox_ros_driver2/__init__.py
-- Symlinking: /home/kentaro/mid360-simulation/install/livox_ros_driver2/local/lib/python3.10/dist-packages/livox_ros_driver2/_livox_ros_driver2_s.ep.rosidl_typesupport_c.c
-- Symlinking: /home/kentaro/mid360-simulation/install/livox_ros_driver2/local/lib/python3.10/dist-packages/livox_ros_driver2/_livox_ros_driver2_s.ep.rosidl_typesupport_fastrtps_c.c
-- Symlinking: /home/kentaro/mid360-simulation/install/livox_ros_driver2/local/lib/python3.10/dist-packages/livox_ros_driver2/_livox_ros_driver2_s.ep.rosidl_typesupport_introspection_c.c
-- Symlinking: /home/kentaro/mid360-simulation/install/livox_ros_driver2/local/lib/python3.10/dist-packages/livox_ros_driver2/liblivox_interfaces2__rosidl_generator_py.so
-- Symlinking: /home/kentaro/mid360-simulation/install/livox_ros_driver2/local/lib/python3.10/dist-packages/livox_ros_driver2/livox_ros_driver2_s__rosidl_typesupport_c.cpython-310-x86_64-linux-gnu.so
-- Symlinking: /home/kentaro/mid360-simulation/install/livox_ros_driver2/local/lib/python3.10/dist-packages/livox_ros_driver2/livox_ros_driver2_s__rosidl_typesupport_fastrtps_c.cpython-310-x86_64-linux-gnu.so
-- Symlinking: /home/kentaro/mid360-simulation/install/livox_ros_driver2/local/lib/python3.10/dist-packages/livox_ros_driver2/livox_ros_driver2_s__rosidl_typesupport_introspection_c.cpython-310-x86_64-linux-gnu.so
-- Symlinking: /home/kentaro/mid360-simulation/install/livox_ros_driver2/local/lib/python3.10/dist-packages/livox_ros_driver2/msg/__init__.py
-- Symlinking: /home/kentaro/mid360-simulation/install/livox_ros_driver2/local/lib/python3.10/dist-packages/livox_ros_driver2/msg/_custom_msg.py
-- Symlinking: /home/kentaro/mid360-simulation/install/livox_ros_driver2/local/lib/python3.10/dist-packages/livox_ros_driver2/msg/_custom_msg_s.c
-- Symlinking: /home/kentaro/mid360-simulation/install/livox_ros_driver2/local/lib/python3.10/dist-packages/livox_ros_driver2/msg/_custom_point.py
-- Symlinking: /home/kentaro/mid360-simulation/install/livox_ros_driver2/local/lib/python3.10/dist-packages/livox_ros_driver2/msg/_custom_point_s.c
-- Up-to-date symlink: /home/kentaro/mid360-simulation/install/livox_ros_driver2/local/lib/python3.10/dist-packages/livox_ros_driver2/livox_ros_driver2_s__rosidl_typesupport_fastrtps_c.cpython-310-x86_64-linux-gnu.so
-- Up-to-date symlink: /home/kentaro/mid360-simulation/install/livox_ros_driver2/local/lib/python3.10/dist-packages/livox_ros_driver2/livox_ros_driver2_s__rosidl_typesupport_introspection_c.cpython-310-x86_64-linux-gnu.so
-- Up-to-date symlink: /home/kentaro/mid360-simulation/install/livox_ros_driver2/local/lib/python3.10/dist-packages/livox_ros_driver2/livox_ros_driver2_s__rosidl_typesupport_c.cpython-310-x86_64-linux-gnu.so
-- Symlinking: /home/kentaro/mid360-simulation/install/livox_ros_driver2/share/livox_ros_driver2/msg/CustomPoint.idl
-- Symlinking: /home/kentaro/mid360-simulation/install/livox_ros_driver2/share/livox_ros_driver2/msg/CustomMsg.idl
-- Symlinking: /home/kentaro/mid360-simulation/install/livox_ros_driver2/share/livox_ros_driver2/msg/CustomPoint.msg
-- Symlinking: /home/kentaro/mid360-simulation/install/livox_ros_driver2/share/livox_ros_driver2/msg/CustomMsg.msg
-- Symlinking: /home/kentaro/mid360-simulation/install/livox_ros_driver2/lib/livox_ros_driver2/livox_ros_driver2_node
-- Symlinking: /home/kentaro/mid360-simulation/install/livox_ros_driver2/lib/liblivox_ros_driver2.so
-- Symlinking: /home/kentaro/mid360-simulation/install/livox_ros_driver2/share/livox_ros_driver2/config/HAP_config.json
-- Symlinking: /home/kentaro/mid360-simulation/install/livox_ros_driver2/share/livox_ros_driver2/config/MID360_config.json
-- Symlinking: /home/kentaro/mid360-simulation/install/livox_ros_driver2/share/livox_ros_driver2/config/display_point_cloud_ROS1.rviz
-- Symlinking: /home/kentaro/mid360-simulation/install/livox_ros_driver2/share/livox_ros_driver2/config/display_point_cloud_ROS2.rviz
-- Symlinking: /home/kentaro/mid360-simulation/install/livox_ros_driver2/share/livox_ros_driver2/config/mixed_HAP_MID360_config.json
-- Symlinking: /home/kentaro/mid360-simulation/install/livox_ros_driver2/share/livox_ros_driver2/launch_ROS2/msg_HAP_launch.py
-- Symlinking: /home/kentaro/mid360-simulation/install/livox_ros_driver2/share/livox_ros_driver2/launch_ROS2/msg_MID360_launch.py
-- Symlinking: /home/kentaro/mid360-simulation/install/livox_ros_driver2/share/livox_ros_driver2/launch_ROS2/rviz_HAP_launch.py
-- Symlinking: /home/kentaro/mid360-simulation/install/livox_ros_driver2/share/livox_ros_driver2/launch_ROS2/rviz_MID360_launch.py
-- Symlinking: /home/kentaro/mid360-simulation/install/livox_ros_driver2/share/livox_ros_driver2/launch_ROS2/rviz_mixed.py
-- Symlinking: /home/kentaro/mid360-simulation/install/livox_ros_driver2/share/ament_index/resource_index/package_run_dependencies/livox_ros_driver2
-- Symlinking: /home/kentaro/mid360-simulation/install/livox_ros_driver2/share/ament_index/resource_index/parent_prefix_path/livox_ros_driver2
-- Symlinking: /home/kentaro/mid360-simulation/install/livox_ros_driver2/share/livox_ros_driver2/environment/ament_prefix_path.sh
-- Symlinking: /home/kentaro/mid360-simulation/install/livox_ros_driver2/share/livox_ros_driver2/environment/ament_prefix_path.dsv
-- Symlinking: /home/kentaro/mid360-simulation/install/livox_ros_driver2/share/livox_ros_driver2/environment/path.sh
-- Symlinking: /home/kentaro/mid360-simulation/install/livox_ros_driver2/share/livox_ros_driver2/environment/path.dsv
-- Symlinking: /home/kentaro/mid360-simulation/install/livox_ros_driver2/share/livox_ros_driver2/local_setup.bash
-- Symlinking: /home/kentaro/mid360-simulation/install/livox_ros_driver2/share/livox_ros_driver2/local_setup.sh
-- Symlinking: /home/kentaro/mid360-simulation/install/livox_ros_driver2/share/livox_ros_driver2/local_setup.zsh
-- Symlinking: /home/kentaro/mid360-simulation/install/livox_ros_driver2/share/livox_ros_driver2/local_setup.dsv
-- Symlinking: /home/kentaro/mid360-simulation/install/livox_ros_driver2/share/livox_ros_driver2/package.dsv
-- Symlinking: /home/kentaro/mid360-simulation/install/livox_ros_driver2/share/ament_index/resource_index/packages/livox_ros_driver2
-- Symlinking: /home/kentaro/mid360-simulation/install/livox_ros_driver2/share/ament_index/resource_index/rclcpp_components/livox_ros_driver2
-- Symlinking: /home/kentaro/mid360-simulation/install/livox_ros_driver2/share/livox_ros_driver2/cmake/rosidl_cmake-extras.cmake
-- Symlinking: /home/kentaro/mid360-simulation/install/livox_ros_driver2/share/livox_ros_driver2/cmake/ament_cmake_export_dependencies-extras.cmake
-- Symlinking: /home/kentaro/mid360-simulation/install/livox_ros_driver2/share/livox_ros_driver2/cmake/ament_cmake_export_include_directories-extras.cmake
-- Symlinking: /home/kentaro/mid360-simulation/install/livox_ros_driver2/share/livox_ros_driver2/cmake/ament_cmake_export_libraries-extras.cmake
-- Symlinking: /home/kentaro/mid360-simulation/install/livox_ros_driver2/share/livox_ros_driver2/cmake/ament_cmake_export_targets-extras.cmake
-- Symlinking: /home/kentaro/mid360-simulation/install/livox_ros_driver2/share/livox_ros_driver2/cmake/rosidl_cmake_export_typesupport_targets-extras.cmake
-- Symlinking: /home/kentaro/mid360-simulation/install/livox_ros_driver2/share/livox_ros_driver2/cmake/rosidl_cmake_export_typesupport_libraries-extras.cmake
-- Symlinking: /home/kentaro/mid360-simulation/install/livox_ros_driver2/share/livox_ros_driver2/cmake/livox_ros_driver2Config.cmake
-- Symlinking: /home/kentaro/mid360-simulation/install/livox_ros_driver2/share/livox_ros_driver2/cmake/livox_ros_driver2Config-version.cmake
-- Symlinking: /home/kentaro/mid360-simulation/install/livox_ros_driver2/share/livox_ros_driver2/package.xml
-- Installing: /home/kentaro/mid360-simulation/install/livox_ros_driver2/lib/liblivox_ros_driver2__rosidl_generator_c.so
-- Set runtime path of "/home/kentaro/mid360-simulation/install/livox_ros_driver2/lib/liblivox_ros_driver2__rosidl_generator_c.so" to ""
-- Installing: /home/kentaro/mid360-simulation/install/livox_ros_driver2/lib/liblivox_ros_driver2__rosidl_typesupport_fastrtps_c.so
-- Set runtime path of "/home/kentaro/mid360-simulation/install/livox_ros_driver2/lib/liblivox_ros_driver2__rosidl_typesupport_fastrtps_c.so" to ""
-- Installing: /home/kentaro/mid360-simulation/install/livox_ros_driver2/lib/liblivox_ros_driver2__rosidl_typesupport_introspection_c.so
-- Set runtime path of "/home/kentaro/mid360-simulation/install/livox_ros_driver2/lib/liblivox_ros_driver2__rosidl_typesupport_introspection_c.so" to ""
-- Installing: /home/kentaro/mid360-simulation/install/livox_ros_driver2/lib/liblivox_ros_driver2__rosidl_typesupport_c.so
-- Set runtime path of "/home/kentaro/mid360-simulation/install/livox_ros_driver2/lib/liblivox_ros_driver2__rosidl_typesupport_c.so" to ""
-- Installing: /home/kentaro/mid360-simulation/install/livox_ros_driver2/lib/liblivox_ros_driver2__rosidl_typesupport_fastrtps_cpp.so
-- Set runtime path of "/home/kentaro/mid360-simulation/install/livox_ros_driver2/lib/liblivox_ros_driver2__rosidl_typesupport_fastrtps_cpp.so" to ""
-- Installing: /home/kentaro/mid360-simulation/install/livox_ros_driver2/lib/liblivox_ros_driver2__rosidl_typesupport_introspection_cpp.so
-- Set runtime path of "/home/kentaro/mid360-simulation/install/livox_ros_driver2/lib/liblivox_ros_driver2__rosidl_typesupport_introspection_cpp.so" to ""
-- Installing: /home/kentaro/mid360-simulation/install/livox_ros_driver2/lib/liblivox_ros_driver2__rosidl_typesupport_cpp.so
-- Set runtime path of "/home/kentaro/mid360-simulation/install/livox_ros_driver2/lib/liblivox_ros_driver2__rosidl_typesupport_cpp.so" to ""
Listing '/home/kentaro/mid360-simulation/install/livox_ros_driver2/local/lib/python3.10/dist-packages/livox_ros_driver2'...
Compiling '/home/kentaro/mid360-simulation/install/livox_ros_driver2/local/lib/python3.10/dist-packages/livox_ros_driver2/__init__.py'...
Listing '/home/kentaro/mid360-simulation/install/livox_ros_driver2/local/lib/python3.10/dist-packages/livox_ros_driver2/msg'...
Compiling '/home/kentaro/mid360-simulation/install/livox_ros_driver2/local/lib/python3.10/dist-packages/livox_ros_driver2/msg/__init__.py'...
Compiling '/home/kentaro/mid360-simulation/install/livox_ros_driver2/local/lib/python3.10/dist-packages/livox_ros_driver2/msg/_custom_msg.py'...
Compiling '/home/kentaro/mid360-simulation/install/livox_ros_driver2/local/lib/python3.10/dist-packages/livox_ros_driver2/msg/_custom_point.py'...
-- Installing: /home/kentaro/mid360-simulation/install/livox_ros_driver2/lib/liblivox_interfaces2__rosidl_generator_py.so
-- Set runtime path of "/home/kentaro/mid360-simulation/install/livox_ros_driver2/lib/liblivox_interfaces2__rosidl_generator_py.so" to ""
-- Installing: /home/kentaro/mid360-simulation/install/livox_ros_driver2/share/livox_ros_driver2/cmake/export_livox_interfaces2__rosidl_generator_cExport.cmake
-- Installing: /home/kentaro/mid360-simulation/install/livox_ros_driver2/share/livox_ros_driver2/cmake/export_livox_interfaces2__rosidl_generator_cExport-noconfig.cmake
-- Installing: /home/kentaro/mid360-simulation/install/livox_ros_driver2/share/livox_ros_driver2/cmake/export_livox_interfaces2__rosidl_typesupport_fastrtps_cExport.cmake
-- Installing: /home/kentaro/mid360-simulation/install/livox_ros_driver2/share/livox_ros_driver2/cmake/export_livox_interfaces2__rosidl_typesupport_fastrtps_cExport-noconfig.cmake
-- Installing: /home/kentaro/mid360-simulation/install/livox_ros_driver2/share/livox_ros_driver2/cmake/livox_interfaces2__rosidl_typesupport_introspection_cExport.cmake
-- Installing: /home/kentaro/mid360-simulation/install/livox_ros_driver2/share/livox_ros_driver2/cmake/livox_interfaces2__rosidl_typesupport_introspection_cExport-noconfig.cmake
-- Installing: /home/kentaro/mid360-simulation/install/livox_ros_driver2/share/livox_ros_driver2/cmake/livox_interfaces2__rosidl_typesupport_cExport.cmake
-- Installing: /home/kentaro/mid360-simulation/install/livox_ros_driver2/share/livox_ros_driver2/cmake/livox_interfaces2__rosidl_typesupport_cExport-noconfig.cmake
-- Installing: /home/kentaro/mid360-simulation/install/livox_ros_driver2/share/livox_ros_driver2/cmake/export_livox_interfaces2__rosidl_generator_cppExport.cmake
-- Installing: /home/kentaro/mid360-simulation/install/livox_ros_driver2/share/livox_ros_driver2/cmake/export_livox_interfaces2__rosidl_typesupport_fastrtps_cppExport.cmake
-- Installing: /home/kentaro/mid360-simulation/install/livox_ros_driver2/share/livox_ros_driver2/cmake/export_livox_interfaces2__rosidl_typesupport_fastrtps_cppExport-noconfig.cmake
-- Installing: /home/kentaro/mid360-simulation/install/livox_ros_driver2/share/livox_ros_driver2/cmake/livox_interfaces2__rosidl_typesupport_introspection_cppExport.cmake
-- Installing: /home/kentaro/mid360-simulation/install/livox_ros_driver2/share/livox_ros_driver2/cmake/livox_interfaces2__rosidl_typesupport_introspection_cppExport-noconfig.cmake
-- Installing: /home/kentaro/mid360-simulation/install/livox_ros_driver2/share/livox_ros_driver2/cmake/livox_interfaces2__rosidl_typesupport_cppExport.cmake
-- Installing: /home/kentaro/mid360-simulation/install/livox_ros_driver2/share/livox_ros_driver2/cmake/livox_interfaces2__rosidl_typesupport_cppExport-noconfig.cmake
-- Installing: /home/kentaro/mid360-simulation/install/livox_ros_driver2/share/livox_ros_driver2/cmake/export_livox_interfaces2__rosidl_generator_pyExport.cmake
-- Installing: /home/kentaro/mid360-simulation/install/livox_ros_driver2/share/livox_ros_driver2/cmake/export_livox_interfaces2__rosidl_generator_pyExport-noconfig.cmake
