[0.050s] Invoking command in '/home/kentaro/mid360-simulation/build/champ_msgs': CMAKE_PREFIX_PATH=${CMAKE_PREFIX_PATH}:/opt/ros/humble /usr/bin/cmake --build /home/kentaro/mid360-simulation/build/champ_msgs -- -j8 -l8
[0.146s] [  1%] Built target champ_msgs__cpp
[0.153s] [  1%] Built target ament_cmake_python_symlink_champ_msgs
[0.180s] [ 12%] Built target champ_msgs__rosidl_generator_c
[0.215s] [ 24%] Built target champ_msgs__rosidl_typesupport_introspection_cpp
[0.220s] [ 35%] Built target champ_msgs__rosidl_typesupport_cpp
[0.226s] [ 47%] Built target champ_msgs__rosidl_typesupport_fastrtps_cpp
[0.242s] [ 58%] Built target champ_msgs__rosidl_typesupport_fastrtps_c
[0.262s] [ 70%] Built target champ_msgs__rosidl_typesupport_c
[0.271s] [ 82%] Built target champ_msgs__rosidl_typesupport_introspection_c
[0.307s] [ 82%] Built target champ_msgs
[0.328s] [ 83%] Built target champ_msgs__py
[0.360s] [ 93%] Built target champ_msgs__rosidl_generator_py
[0.406s] [ 95%] Built target champ_msgs__rosidl_typesupport_introspection_c__pyext
[0.412s] [100%] Built target champ_msgs__rosidl_typesupport_fastrtps_c__pyext
[0.412s] [100%] Built target champ_msgs__rosidl_typesupport_c__pyext
[0.565s] running egg_info
[0.566s] writing champ_msgs.egg-info/PKG-INFO
[0.566s] writing dependency_links to champ_msgs.egg-info/dependency_links.txt
[0.566s] writing top-level names to champ_msgs.egg-info/top_level.txt
[0.568s] reading manifest file 'champ_msgs.egg-info/SOURCES.txt'
[0.569s] writing manifest file 'champ_msgs.egg-info/SOURCES.txt'
[0.603s] [100%] Built target ament_cmake_python_build_champ_msgs_egg
[0.615s] Invoked command in '/home/kentaro/mid360-simulation/build/champ_msgs' returned '0': CMAKE_PREFIX_PATH=${CMAKE_PREFIX_PATH}:/opt/ros/humble /usr/bin/cmake --build /home/kentaro/mid360-simulation/build/champ_msgs -- -j8 -l8
[0.617s] Invoking command in '/home/kentaro/mid360-simulation/build/champ_msgs': CMAKE_PREFIX_PATH=${CMAKE_PREFIX_PATH}:/opt/ros/humble /usr/bin/cmake --install /home/kentaro/mid360-simulation/build/champ_msgs
[0.625s] -- Install configuration: ""
[0.626s] -- Execute custom install script
[0.626s] -- Up-to-date symlink: /home/kentaro/mid360-simulation/install/champ_msgs/share/ament_index/resource_index/rosidl_interfaces/champ_msgs
[0.627s] -- Up-to-date symlink: /home/kentaro/mid360-simulation/install/champ_msgs/include/champ_msgs/champ_msgs/msg/contacts.h
[0.628s] -- Up-to-date symlink: /home/kentaro/mid360-simulation/install/champ_msgs/include/champ_msgs/champ_msgs/msg/contacts_stamped.h
[0.628s] -- Up-to-date symlink: /home/kentaro/mid360-simulation/install/champ_msgs/include/champ_msgs/champ_msgs/msg/detail/contacts__functions.h
[0.628s] -- Up-to-date symlink: /home/kentaro/mid360-simulation/install/champ_msgs/include/champ_msgs/champ_msgs/msg/detail/contacts__struct.h
[0.628s] -- Up-to-date symlink: /home/kentaro/mid360-simulation/install/champ_msgs/include/champ_msgs/champ_msgs/msg/detail/contacts__type_support.h
[0.628s] -- Up-to-date symlink: /home/kentaro/mid360-simulation/install/champ_msgs/include/champ_msgs/champ_msgs/msg/detail/contacts_stamped__functions.h
[0.628s] -- Up-to-date symlink: /home/kentaro/mid360-simulation/install/champ_msgs/include/champ_msgs/champ_msgs/msg/detail/contacts_stamped__struct.h
[0.629s] -- Up-to-date symlink: /home/kentaro/mid360-simulation/install/champ_msgs/include/champ_msgs/champ_msgs/msg/detail/contacts_stamped__type_support.h
[0.629s] -- Up-to-date symlink: /home/kentaro/mid360-simulation/install/champ_msgs/include/champ_msgs/champ_msgs/msg/detail/imu__functions.h
[0.629s] -- Up-to-date symlink: /home/kentaro/mid360-simulation/install/champ_msgs/include/champ_msgs/champ_msgs/msg/detail/imu__struct.h
[0.629s] -- Up-to-date symlink: /home/kentaro/mid360-simulation/install/champ_msgs/include/champ_msgs/champ_msgs/msg/detail/imu__type_support.h
[0.629s] -- Up-to-date symlink: /home/kentaro/mid360-simulation/install/champ_msgs/include/champ_msgs/champ_msgs/msg/detail/joints__functions.h
[0.629s] -- Up-to-date symlink: /home/kentaro/mid360-simulation/install/champ_msgs/include/champ_msgs/champ_msgs/msg/detail/joints__struct.h
[0.630s] -- Up-to-date symlink: /home/kentaro/mid360-simulation/install/champ_msgs/include/champ_msgs/champ_msgs/msg/detail/joints__type_support.h
[0.630s] -- Up-to-date symlink: /home/kentaro/mid360-simulation/install/champ_msgs/include/champ_msgs/champ_msgs/msg/detail/pid__functions.h
[0.630s] -- Up-to-date symlink: /home/kentaro/mid360-simulation/install/champ_msgs/include/champ_msgs/champ_msgs/msg/detail/pid__struct.h
[0.630s] -- Up-to-date symlink: /home/kentaro/mid360-simulation/install/champ_msgs/include/champ_msgs/champ_msgs/msg/detail/pid__type_support.h
[0.630s] -- Up-to-date symlink: /home/kentaro/mid360-simulation/install/champ_msgs/include/champ_msgs/champ_msgs/msg/detail/point__functions.h
[0.630s] -- Up-to-date symlink: /home/kentaro/mid360-simulation/install/champ_msgs/include/champ_msgs/champ_msgs/msg/detail/point__struct.h
[0.630s] -- Up-to-date symlink: /home/kentaro/mid360-simulation/install/champ_msgs/include/champ_msgs/champ_msgs/msg/detail/point__type_support.h
[0.631s] -- Up-to-date symlink: /home/kentaro/mid360-simulation/install/champ_msgs/include/champ_msgs/champ_msgs/msg/detail/point_array__functions.h
[0.631s] -- Up-to-date symlink: /home/kentaro/mid360-simulation/install/champ_msgs/include/champ_msgs/champ_msgs/msg/detail/point_array__struct.h
[0.631s] -- Up-to-date symlink: /home/kentaro/mid360-simulation/install/champ_msgs/include/champ_msgs/champ_msgs/msg/detail/point_array__type_support.h
[0.631s] -- Up-to-date symlink: /home/kentaro/mid360-simulation/install/champ_msgs/include/champ_msgs/champ_msgs/msg/detail/pose__functions.h
[0.631s] -- Up-to-date symlink: /home/kentaro/mid360-simulation/install/champ_msgs/include/champ_msgs/champ_msgs/msg/detail/pose__struct.h
[0.631s] -- Up-to-date symlink: /home/kentaro/mid360-simulation/install/champ_msgs/include/champ_msgs/champ_msgs/msg/detail/pose__type_support.h
[0.631s] -- Up-to-date symlink: /home/kentaro/mid360-simulation/install/champ_msgs/include/champ_msgs/champ_msgs/msg/detail/velocities__functions.h
[0.632s] -- Up-to-date symlink: /home/kentaro/mid360-simulation/install/champ_msgs/include/champ_msgs/champ_msgs/msg/detail/velocities__struct.h
[0.632s] -- Up-to-date symlink: /home/kentaro/mid360-simulation/install/champ_msgs/include/champ_msgs/champ_msgs/msg/detail/velocities__type_support.h
[0.632s] -- Up-to-date symlink: /home/kentaro/mid360-simulation/install/champ_msgs/include/champ_msgs/champ_msgs/msg/imu.h
[0.632s] -- Up-to-date symlink: /home/kentaro/mid360-simulation/install/champ_msgs/include/champ_msgs/champ_msgs/msg/joints.h
[0.632s] -- Up-to-date symlink: /home/kentaro/mid360-simulation/install/champ_msgs/include/champ_msgs/champ_msgs/msg/pid.h
[0.632s] -- Up-to-date symlink: /home/kentaro/mid360-simulation/install/champ_msgs/include/champ_msgs/champ_msgs/msg/point.h
[0.633s] -- Up-to-date symlink: /home/kentaro/mid360-simulation/install/champ_msgs/include/champ_msgs/champ_msgs/msg/point_array.h
[0.633s] -- Up-to-date symlink: /home/kentaro/mid360-simulation/install/champ_msgs/include/champ_msgs/champ_msgs/msg/pose.h
[0.633s] -- Up-to-date symlink: /home/kentaro/mid360-simulation/install/champ_msgs/include/champ_msgs/champ_msgs/msg/rosidl_generator_c__visibility_control.h
[0.633s] -- Up-to-date symlink: /home/kentaro/mid360-simulation/install/champ_msgs/include/champ_msgs/champ_msgs/msg/velocities.h
[0.633s] -- Up-to-date symlink: /home/kentaro/mid360-simulation/install/champ_msgs/share/champ_msgs/environment/library_path.sh
[0.633s] -- Up-to-date symlink: /home/kentaro/mid360-simulation/install/champ_msgs/share/champ_msgs/environment/library_path.dsv
[0.633s] -- Up-to-date symlink: /home/kentaro/mid360-simulation/install/champ_msgs/include/champ_msgs/champ_msgs/msg/detail/contacts__rosidl_typesupport_fastrtps_c.h
[0.633s] -- Up-to-date symlink: /home/kentaro/mid360-simulation/install/champ_msgs/include/champ_msgs/champ_msgs/msg/detail/contacts_stamped__rosidl_typesupport_fastrtps_c.h
[0.633s] -- Up-to-date symlink: /home/kentaro/mid360-simulation/install/champ_msgs/include/champ_msgs/champ_msgs/msg/detail/imu__rosidl_typesupport_fastrtps_c.h
[0.634s] -- Up-to-date symlink: /home/kentaro/mid360-simulation/install/champ_msgs/include/champ_msgs/champ_msgs/msg/detail/joints__rosidl_typesupport_fastrtps_c.h
[0.634s] -- Up-to-date symlink: /home/kentaro/mid360-simulation/install/champ_msgs/include/champ_msgs/champ_msgs/msg/detail/pid__rosidl_typesupport_fastrtps_c.h
[0.634s] -- Up-to-date symlink: /home/kentaro/mid360-simulation/install/champ_msgs/include/champ_msgs/champ_msgs/msg/detail/point__rosidl_typesupport_fastrtps_c.h
[0.634s] -- Up-to-date symlink: /home/kentaro/mid360-simulation/install/champ_msgs/include/champ_msgs/champ_msgs/msg/detail/point_array__rosidl_typesupport_fastrtps_c.h
[0.634s] -- Up-to-date symlink: /home/kentaro/mid360-simulation/install/champ_msgs/include/champ_msgs/champ_msgs/msg/detail/pose__rosidl_typesupport_fastrtps_c.h
[0.634s] -- Up-to-date symlink: /home/kentaro/mid360-simulation/install/champ_msgs/include/champ_msgs/champ_msgs/msg/detail/velocities__rosidl_typesupport_fastrtps_c.h
[0.634s] -- Up-to-date symlink: /home/kentaro/mid360-simulation/install/champ_msgs/include/champ_msgs/champ_msgs/msg/rosidl_typesupport_fastrtps_c__visibility_control.h
[0.635s] -- Up-to-date symlink: /home/kentaro/mid360-simulation/install/champ_msgs/include/champ_msgs/champ_msgs/msg/detail/contacts__rosidl_typesupport_introspection_c.h
[0.635s] -- Up-to-date symlink: /home/kentaro/mid360-simulation/install/champ_msgs/include/champ_msgs/champ_msgs/msg/detail/contacts_stamped__rosidl_typesupport_introspection_c.h
[0.635s] -- Up-to-date symlink: /home/kentaro/mid360-simulation/install/champ_msgs/include/champ_msgs/champ_msgs/msg/detail/imu__rosidl_typesupport_introspection_c.h
[0.635s] -- Up-to-date symlink: /home/kentaro/mid360-simulation/install/champ_msgs/include/champ_msgs/champ_msgs/msg/detail/joints__rosidl_typesupport_introspection_c.h
[0.635s] -- Up-to-date symlink: /home/kentaro/mid360-simulation/install/champ_msgs/include/champ_msgs/champ_msgs/msg/detail/pid__rosidl_typesupport_introspection_c.h
[0.635s] -- Up-to-date symlink: /home/kentaro/mid360-simulation/install/champ_msgs/include/champ_msgs/champ_msgs/msg/detail/point__rosidl_typesupport_introspection_c.h
[0.636s] -- Up-to-date symlink: /home/kentaro/mid360-simulation/install/champ_msgs/include/champ_msgs/champ_msgs/msg/detail/point_array__rosidl_typesupport_introspection_c.h
[0.636s] -- Up-to-date symlink: /home/kentaro/mid360-simulation/install/champ_msgs/include/champ_msgs/champ_msgs/msg/detail/pose__rosidl_typesupport_introspection_c.h
[0.636s] -- Up-to-date symlink: /home/kentaro/mid360-simulation/install/champ_msgs/include/champ_msgs/champ_msgs/msg/detail/velocities__rosidl_typesupport_introspection_c.h
[0.636s] -- Up-to-date symlink: /home/kentaro/mid360-simulation/install/champ_msgs/include/champ_msgs/champ_msgs/msg/rosidl_typesupport_introspection_c__visibility_control.h
[0.636s] -- Up-to-date symlink: /home/kentaro/mid360-simulation/install/champ_msgs/include/champ_msgs/champ_msgs/msg/contacts.hpp
[0.636s] -- Up-to-date symlink: /home/kentaro/mid360-simulation/install/champ_msgs/include/champ_msgs/champ_msgs/msg/contacts_stamped.hpp
[0.637s] -- Up-to-date symlink: /home/kentaro/mid360-simulation/install/champ_msgs/include/champ_msgs/champ_msgs/msg/detail/contacts__builder.hpp
[0.637s] -- Up-to-date symlink: /home/kentaro/mid360-simulation/install/champ_msgs/include/champ_msgs/champ_msgs/msg/detail/contacts__struct.hpp
[0.637s] -- Up-to-date symlink: /home/kentaro/mid360-simulation/install/champ_msgs/include/champ_msgs/champ_msgs/msg/detail/contacts__traits.hpp
[0.637s] -- Up-to-date symlink: /home/kentaro/mid360-simulation/install/champ_msgs/include/champ_msgs/champ_msgs/msg/detail/contacts__type_support.hpp
[0.637s] -- Up-to-date symlink: /home/kentaro/mid360-simulation/install/champ_msgs/include/champ_msgs/champ_msgs/msg/detail/contacts_stamped__builder.hpp
[0.637s] -- Up-to-date symlink: /home/kentaro/mid360-simulation/install/champ_msgs/include/champ_msgs/champ_msgs/msg/detail/contacts_stamped__struct.hpp
[0.637s] -- Up-to-date symlink: /home/kentaro/mid360-simulation/install/champ_msgs/include/champ_msgs/champ_msgs/msg/detail/contacts_stamped__traits.hpp
[0.637s] -- Up-to-date symlink: /home/kentaro/mid360-simulation/install/champ_msgs/include/champ_msgs/champ_msgs/msg/detail/contacts_stamped__type_support.hpp
[0.638s] -- Up-to-date symlink: /home/kentaro/mid360-simulation/install/champ_msgs/include/champ_msgs/champ_msgs/msg/detail/imu__builder.hpp
[0.638s] -- Up-to-date symlink: /home/kentaro/mid360-simulation/install/champ_msgs/include/champ_msgs/champ_msgs/msg/detail/imu__struct.hpp
[0.638s] -- Up-to-date symlink: /home/kentaro/mid360-simulation/install/champ_msgs/include/champ_msgs/champ_msgs/msg/detail/imu__traits.hpp
[0.638s] -- Up-to-date symlink: /home/kentaro/mid360-simulation/install/champ_msgs/include/champ_msgs/champ_msgs/msg/detail/imu__type_support.hpp
[0.638s] -- Up-to-date symlink: /home/kentaro/mid360-simulation/install/champ_msgs/include/champ_msgs/champ_msgs/msg/detail/joints__builder.hpp
[0.638s] -- Up-to-date symlink: /home/kentaro/mid360-simulation/install/champ_msgs/include/champ_msgs/champ_msgs/msg/detail/joints__struct.hpp
[0.638s] -- Up-to-date symlink: /home/kentaro/mid360-simulation/install/champ_msgs/include/champ_msgs/champ_msgs/msg/detail/joints__traits.hpp
[0.638s] -- Up-to-date symlink: /home/kentaro/mid360-simulation/install/champ_msgs/include/champ_msgs/champ_msgs/msg/detail/joints__type_support.hpp
[0.638s] -- Up-to-date symlink: /home/kentaro/mid360-simulation/install/champ_msgs/include/champ_msgs/champ_msgs/msg/detail/pid__builder.hpp
[0.638s] -- Up-to-date symlink: /home/kentaro/mid360-simulation/install/champ_msgs/include/champ_msgs/champ_msgs/msg/detail/pid__struct.hpp
[0.638s] -- Up-to-date symlink: /home/kentaro/mid360-simulation/install/champ_msgs/include/champ_msgs/champ_msgs/msg/detail/pid__traits.hpp
[0.638s] -- Up-to-date symlink: /home/kentaro/mid360-simulation/install/champ_msgs/include/champ_msgs/champ_msgs/msg/detail/pid__type_support.hpp
[0.639s] -- Up-to-date symlink: /home/kentaro/mid360-simulation/install/champ_msgs/include/champ_msgs/champ_msgs/msg/detail/point__builder.hpp
[0.639s] -- Up-to-date symlink: /home/kentaro/mid360-simulation/install/champ_msgs/include/champ_msgs/champ_msgs/msg/detail/point__struct.hpp
[0.639s] -- Up-to-date symlink: /home/kentaro/mid360-simulation/install/champ_msgs/include/champ_msgs/champ_msgs/msg/detail/point__traits.hpp
[0.639s] -- Up-to-date symlink: /home/kentaro/mid360-simulation/install/champ_msgs/include/champ_msgs/champ_msgs/msg/detail/point__type_support.hpp
[0.639s] -- Up-to-date symlink: /home/kentaro/mid360-simulation/install/champ_msgs/include/champ_msgs/champ_msgs/msg/detail/point_array__builder.hpp
[0.639s] -- Up-to-date symlink: /home/kentaro/mid360-simulation/install/champ_msgs/include/champ_msgs/champ_msgs/msg/detail/point_array__struct.hpp
[0.639s] -- Up-to-date symlink: /home/kentaro/mid360-simulation/install/champ_msgs/include/champ_msgs/champ_msgs/msg/detail/point_array__traits.hpp
[0.639s] -- Up-to-date symlink: /home/kentaro/mid360-simulation/install/champ_msgs/include/champ_msgs/champ_msgs/msg/detail/point_array__type_support.hpp
[0.640s] -- Up-to-date symlink: /home/kentaro/mid360-simulation/install/champ_msgs/include/champ_msgs/champ_msgs/msg/detail/pose__builder.hpp
[0.640s] -- Up-to-date symlink: /home/kentaro/mid360-simulation/install/champ_msgs/include/champ_msgs/champ_msgs/msg/detail/pose__struct.hpp
[0.640s] -- Up-to-date symlink: /home/kentaro/mid360-simulation/install/champ_msgs/include/champ_msgs/champ_msgs/msg/detail/pose__traits.hpp
[0.640s] -- Up-to-date symlink: /home/kentaro/mid360-simulation/install/champ_msgs/include/champ_msgs/champ_msgs/msg/detail/pose__type_support.hpp
[0.640s] -- Up-to-date symlink: /home/kentaro/mid360-simulation/install/champ_msgs/include/champ_msgs/champ_msgs/msg/detail/velocities__builder.hpp
[0.640s] -- Up-to-date symlink: /home/kentaro/mid360-simulation/install/champ_msgs/include/champ_msgs/champ_msgs/msg/detail/velocities__struct.hpp
[0.640s] -- Up-to-date symlink: /home/kentaro/mid360-simulation/install/champ_msgs/include/champ_msgs/champ_msgs/msg/detail/velocities__traits.hpp
[0.640s] -- Up-to-date symlink: /home/kentaro/mid360-simulation/install/champ_msgs/include/champ_msgs/champ_msgs/msg/detail/velocities__type_support.hpp
[0.641s] -- Up-to-date symlink: /home/kentaro/mid360-simulation/install/champ_msgs/include/champ_msgs/champ_msgs/msg/imu.hpp
[0.641s] -- Up-to-date symlink: /home/kentaro/mid360-simulation/install/champ_msgs/include/champ_msgs/champ_msgs/msg/joints.hpp
[0.641s] -- Up-to-date symlink: /home/kentaro/mid360-simulation/install/champ_msgs/include/champ_msgs/champ_msgs/msg/pid.hpp
[0.641s] -- Up-to-date symlink: /home/kentaro/mid360-simulation/install/champ_msgs/include/champ_msgs/champ_msgs/msg/point.hpp
[0.641s] -- Up-to-date symlink: /home/kentaro/mid360-simulation/install/champ_msgs/include/champ_msgs/champ_msgs/msg/point_array.hpp
[0.641s] -- Up-to-date symlink: /home/kentaro/mid360-simulation/install/champ_msgs/include/champ_msgs/champ_msgs/msg/pose.hpp
[0.641s] -- Up-to-date symlink: /home/kentaro/mid360-simulation/install/champ_msgs/include/champ_msgs/champ_msgs/msg/rosidl_generator_cpp__visibility_control.hpp
[0.641s] -- Up-to-date symlink: /home/kentaro/mid360-simulation/install/champ_msgs/include/champ_msgs/champ_msgs/msg/velocities.hpp
[0.642s] -- Up-to-date symlink: /home/kentaro/mid360-simulation/install/champ_msgs/include/champ_msgs/champ_msgs/msg/detail/contacts__rosidl_typesupport_fastrtps_cpp.hpp
[0.642s] -- Up-to-date symlink: /home/kentaro/mid360-simulation/install/champ_msgs/include/champ_msgs/champ_msgs/msg/detail/contacts_stamped__rosidl_typesupport_fastrtps_cpp.hpp
[0.642s] -- Up-to-date symlink: /home/kentaro/mid360-simulation/install/champ_msgs/include/champ_msgs/champ_msgs/msg/detail/imu__rosidl_typesupport_fastrtps_cpp.hpp
[0.642s] -- Up-to-date symlink: /home/kentaro/mid360-simulation/install/champ_msgs/include/champ_msgs/champ_msgs/msg/detail/joints__rosidl_typesupport_fastrtps_cpp.hpp
[0.642s] -- Up-to-date symlink: /home/kentaro/mid360-simulation/install/champ_msgs/include/champ_msgs/champ_msgs/msg/detail/pid__rosidl_typesupport_fastrtps_cpp.hpp
[0.642s] -- Up-to-date symlink: /home/kentaro/mid360-simulation/install/champ_msgs/include/champ_msgs/champ_msgs/msg/detail/point__rosidl_typesupport_fastrtps_cpp.hpp
[0.642s] -- Up-to-date symlink: /home/kentaro/mid360-simulation/install/champ_msgs/include/champ_msgs/champ_msgs/msg/detail/point_array__rosidl_typesupport_fastrtps_cpp.hpp
[0.642s] -- Up-to-date symlink: /home/kentaro/mid360-simulation/install/champ_msgs/include/champ_msgs/champ_msgs/msg/detail/pose__rosidl_typesupport_fastrtps_cpp.hpp
[0.642s] -- Up-to-date symlink: /home/kentaro/mid360-simulation/install/champ_msgs/include/champ_msgs/champ_msgs/msg/detail/velocities__rosidl_typesupport_fastrtps_cpp.hpp
[0.642s] -- Up-to-date symlink: /home/kentaro/mid360-simulation/install/champ_msgs/include/champ_msgs/champ_msgs/msg/rosidl_typesupport_fastrtps_cpp__visibility_control.h
[0.643s] -- Up-to-date symlink: /home/kentaro/mid360-simulation/install/champ_msgs/include/champ_msgs/champ_msgs/msg/detail/contacts__rosidl_typesupport_introspection_cpp.hpp
[0.643s] -- Up-to-date symlink: /home/kentaro/mid360-simulation/install/champ_msgs/include/champ_msgs/champ_msgs/msg/detail/contacts_stamped__rosidl_typesupport_introspection_cpp.hpp
[0.643s] -- Up-to-date symlink: /home/kentaro/mid360-simulation/install/champ_msgs/include/champ_msgs/champ_msgs/msg/detail/imu__rosidl_typesupport_introspection_cpp.hpp
[0.643s] -- Up-to-date symlink: /home/kentaro/mid360-simulation/install/champ_msgs/include/champ_msgs/champ_msgs/msg/detail/joints__rosidl_typesupport_introspection_cpp.hpp
[0.643s] -- Up-to-date symlink: /home/kentaro/mid360-simulation/install/champ_msgs/include/champ_msgs/champ_msgs/msg/detail/pid__rosidl_typesupport_introspection_cpp.hpp
[0.643s] -- Up-to-date symlink: /home/kentaro/mid360-simulation/install/champ_msgs/include/champ_msgs/champ_msgs/msg/detail/point__rosidl_typesupport_introspection_cpp.hpp
[0.643s] -- Up-to-date symlink: /home/kentaro/mid360-simulation/install/champ_msgs/include/champ_msgs/champ_msgs/msg/detail/point_array__rosidl_typesupport_introspection_cpp.hpp
[0.643s] -- Up-to-date symlink: /home/kentaro/mid360-simulation/install/champ_msgs/include/champ_msgs/champ_msgs/msg/detail/pose__rosidl_typesupport_introspection_cpp.hpp
[0.643s] -- Up-to-date symlink: /home/kentaro/mid360-simulation/install/champ_msgs/include/champ_msgs/champ_msgs/msg/detail/velocities__rosidl_typesupport_introspection_cpp.hpp
[0.644s] -- Up-to-date symlink: /home/kentaro/mid360-simulation/install/champ_msgs/share/champ_msgs/environment/pythonpath.sh
[0.644s] -- Up-to-date symlink: /home/kentaro/mid360-simulation/install/champ_msgs/share/champ_msgs/environment/pythonpath.dsv
[0.644s] -- Up-to-date symlink: /home/kentaro/mid360-simulation/install/champ_msgs/local/lib/python3.10/dist-packages/champ_msgs-0.1.0-py3.10.egg-info/PKG-INFO
[0.644s] -- Up-to-date symlink: /home/kentaro/mid360-simulation/install/champ_msgs/local/lib/python3.10/dist-packages/champ_msgs-0.1.0-py3.10.egg-info/SOURCES.txt
[0.644s] -- Up-to-date symlink: /home/kentaro/mid360-simulation/install/champ_msgs/local/lib/python3.10/dist-packages/champ_msgs-0.1.0-py3.10.egg-info/dependency_links.txt
[0.644s] -- Up-to-date symlink: /home/kentaro/mid360-simulation/install/champ_msgs/local/lib/python3.10/dist-packages/champ_msgs-0.1.0-py3.10.egg-info/top_level.txt
[0.645s] -- Up-to-date symlink: /home/kentaro/mid360-simulation/install/champ_msgs/local/lib/python3.10/dist-packages/champ_msgs/__init__.py
[0.645s] -- Up-to-date symlink: /home/kentaro/mid360-simulation/install/champ_msgs/local/lib/python3.10/dist-packages/champ_msgs/_champ_msgs_s.ep.rosidl_typesupport_c.c
[0.645s] -- Up-to-date symlink: /home/kentaro/mid360-simulation/install/champ_msgs/local/lib/python3.10/dist-packages/champ_msgs/_champ_msgs_s.ep.rosidl_typesupport_fastrtps_c.c
[0.645s] -- Up-to-date symlink: /home/kentaro/mid360-simulation/install/champ_msgs/local/lib/python3.10/dist-packages/champ_msgs/_champ_msgs_s.ep.rosidl_typesupport_introspection_c.c
[0.645s] -- Up-to-date symlink: /home/kentaro/mid360-simulation/install/champ_msgs/local/lib/python3.10/dist-packages/champ_msgs/champ_msgs_s__rosidl_typesupport_c.cpython-310-x86_64-linux-gnu.so
[0.645s] -- Up-to-date symlink: /home/kentaro/mid360-simulation/install/champ_msgs/local/lib/python3.10/dist-packages/champ_msgs/champ_msgs_s__rosidl_typesupport_fastrtps_c.cpython-310-x86_64-linux-gnu.so
[0.646s] -- Up-to-date symlink: /home/kentaro/mid360-simulation/install/champ_msgs/local/lib/python3.10/dist-packages/champ_msgs/champ_msgs_s__rosidl_typesupport_introspection_c.cpython-310-x86_64-linux-gnu.so
[0.646s] -- Up-to-date symlink: /home/kentaro/mid360-simulation/install/champ_msgs/local/lib/python3.10/dist-packages/champ_msgs/libchamp_msgs__rosidl_generator_py.so
[0.646s] -- Up-to-date symlink: /home/kentaro/mid360-simulation/install/champ_msgs/local/lib/python3.10/dist-packages/champ_msgs/msg/__init__.py
[0.646s] -- Up-to-date symlink: /home/kentaro/mid360-simulation/install/champ_msgs/local/lib/python3.10/dist-packages/champ_msgs/msg/_contacts.py
[0.646s] -- Up-to-date symlink: /home/kentaro/mid360-simulation/install/champ_msgs/local/lib/python3.10/dist-packages/champ_msgs/msg/_contacts_s.c
[0.646s] -- Up-to-date symlink: /home/kentaro/mid360-simulation/install/champ_msgs/local/lib/python3.10/dist-packages/champ_msgs/msg/_contacts_stamped.py
[0.646s] -- Up-to-date symlink: /home/kentaro/mid360-simulation/install/champ_msgs/local/lib/python3.10/dist-packages/champ_msgs/msg/_contacts_stamped_s.c
[0.646s] -- Up-to-date symlink: /home/kentaro/mid360-simulation/install/champ_msgs/local/lib/python3.10/dist-packages/champ_msgs/msg/_imu.py
[0.646s] -- Up-to-date symlink: /home/kentaro/mid360-simulation/install/champ_msgs/local/lib/python3.10/dist-packages/champ_msgs/msg/_imu_s.c
[0.646s] -- Up-to-date symlink: /home/kentaro/mid360-simulation/install/champ_msgs/local/lib/python3.10/dist-packages/champ_msgs/msg/_joints.py
[0.646s] -- Up-to-date symlink: /home/kentaro/mid360-simulation/install/champ_msgs/local/lib/python3.10/dist-packages/champ_msgs/msg/_joints_s.c
[0.647s] -- Up-to-date symlink: /home/kentaro/mid360-simulation/install/champ_msgs/local/lib/python3.10/dist-packages/champ_msgs/msg/_pid.py
[0.647s] -- Up-to-date symlink: /home/kentaro/mid360-simulation/install/champ_msgs/local/lib/python3.10/dist-packages/champ_msgs/msg/_pid_s.c
[0.647s] -- Up-to-date symlink: /home/kentaro/mid360-simulation/install/champ_msgs/local/lib/python3.10/dist-packages/champ_msgs/msg/_point.py
[0.647s] -- Up-to-date symlink: /home/kentaro/mid360-simulation/install/champ_msgs/local/lib/python3.10/dist-packages/champ_msgs/msg/_point_array.py
[0.647s] -- Up-to-date symlink: /home/kentaro/mid360-simulation/install/champ_msgs/local/lib/python3.10/dist-packages/champ_msgs/msg/_point_array_s.c
[0.647s] -- Up-to-date symlink: /home/kentaro/mid360-simulation/install/champ_msgs/local/lib/python3.10/dist-packages/champ_msgs/msg/_point_s.c
[0.647s] -- Up-to-date symlink: /home/kentaro/mid360-simulation/install/champ_msgs/local/lib/python3.10/dist-packages/champ_msgs/msg/_pose.py
[0.647s] -- Up-to-date symlink: /home/kentaro/mid360-simulation/install/champ_msgs/local/lib/python3.10/dist-packages/champ_msgs/msg/_pose_s.c
[0.647s] -- Up-to-date symlink: /home/kentaro/mid360-simulation/install/champ_msgs/local/lib/python3.10/dist-packages/champ_msgs/msg/_velocities.py
[0.647s] -- Up-to-date symlink: /home/kentaro/mid360-simulation/install/champ_msgs/local/lib/python3.10/dist-packages/champ_msgs/msg/_velocities_s.c
[0.648s] -- Up-to-date symlink: /home/kentaro/mid360-simulation/install/champ_msgs/local/lib/python3.10/dist-packages/champ_msgs/champ_msgs_s__rosidl_typesupport_fastrtps_c.cpython-310-x86_64-linux-gnu.so
[0.648s] -- Up-to-date symlink: /home/kentaro/mid360-simulation/install/champ_msgs/local/lib/python3.10/dist-packages/champ_msgs/champ_msgs_s__rosidl_typesupport_introspection_c.cpython-310-x86_64-linux-gnu.so
[0.648s] -- Up-to-date symlink: /home/kentaro/mid360-simulation/install/champ_msgs/local/lib/python3.10/dist-packages/champ_msgs/champ_msgs_s__rosidl_typesupport_c.cpython-310-x86_64-linux-gnu.so
[0.649s] -- Up-to-date symlink: /home/kentaro/mid360-simulation/install/champ_msgs/share/champ_msgs/msg/Velocities.idl
[0.649s] -- Up-to-date symlink: /home/kentaro/mid360-simulation/install/champ_msgs/share/champ_msgs/msg/PID.idl
[0.649s] -- Up-to-date symlink: /home/kentaro/mid360-simulation/install/champ_msgs/share/champ_msgs/msg/Imu.idl
[0.649s] -- Up-to-date symlink: /home/kentaro/mid360-simulation/install/champ_msgs/share/champ_msgs/msg/Point.idl
[0.649s] -- Up-to-date symlink: /home/kentaro/mid360-simulation/install/champ_msgs/share/champ_msgs/msg/PointArray.idl
[0.649s] -- Up-to-date symlink: /home/kentaro/mid360-simulation/install/champ_msgs/share/champ_msgs/msg/Joints.idl
[0.649s] -- Up-to-date symlink: /home/kentaro/mid360-simulation/install/champ_msgs/share/champ_msgs/msg/Contacts.idl
[0.650s] -- Up-to-date symlink: /home/kentaro/mid360-simulation/install/champ_msgs/share/champ_msgs/msg/ContactsStamped.idl
[0.650s] -- Up-to-date symlink: /home/kentaro/mid360-simulation/install/champ_msgs/share/champ_msgs/msg/Pose.idl
[0.650s] -- Up-to-date symlink: /home/kentaro/mid360-simulation/install/champ_msgs/share/champ_msgs/msg/Velocities.msg
[0.650s] -- Up-to-date symlink: /home/kentaro/mid360-simulation/install/champ_msgs/share/champ_msgs/msg/PID.msg
[0.650s] -- Up-to-date symlink: /home/kentaro/mid360-simulation/install/champ_msgs/share/champ_msgs/msg/Imu.msg
[0.650s] -- Up-to-date symlink: /home/kentaro/mid360-simulation/install/champ_msgs/share/champ_msgs/msg/Point.msg
[0.650s] -- Up-to-date symlink: /home/kentaro/mid360-simulation/install/champ_msgs/share/champ_msgs/msg/PointArray.msg
[0.651s] -- Up-to-date symlink: /home/kentaro/mid360-simulation/install/champ_msgs/share/champ_msgs/msg/Joints.msg
[0.651s] -- Up-to-date symlink: /home/kentaro/mid360-simulation/install/champ_msgs/share/champ_msgs/msg/Contacts.msg
[0.651s] -- Up-to-date symlink: /home/kentaro/mid360-simulation/install/champ_msgs/share/champ_msgs/msg/ContactsStamped.msg
[0.651s] -- Up-to-date symlink: /home/kentaro/mid360-simulation/install/champ_msgs/share/champ_msgs/msg/Pose.msg
[0.651s] -- Up-to-date symlink: /home/kentaro/mid360-simulation/install/champ_msgs/share/ament_index/resource_index/package_run_dependencies/champ_msgs
[0.652s] -- Up-to-date symlink: /home/kentaro/mid360-simulation/install/champ_msgs/share/ament_index/resource_index/parent_prefix_path/champ_msgs
[0.652s] -- Up-to-date symlink: /home/kentaro/mid360-simulation/install/champ_msgs/share/champ_msgs/environment/ament_prefix_path.sh
[0.652s] -- Up-to-date symlink: /home/kentaro/mid360-simulation/install/champ_msgs/share/champ_msgs/environment/ament_prefix_path.dsv
[0.652s] -- Up-to-date symlink: /home/kentaro/mid360-simulation/install/champ_msgs/share/champ_msgs/environment/path.sh
[0.652s] -- Up-to-date symlink: /home/kentaro/mid360-simulation/install/champ_msgs/share/champ_msgs/environment/path.dsv
[0.652s] -- Up-to-date symlink: /home/kentaro/mid360-simulation/install/champ_msgs/share/champ_msgs/local_setup.bash
[0.652s] -- Up-to-date symlink: /home/kentaro/mid360-simulation/install/champ_msgs/share/champ_msgs/local_setup.sh
[0.653s] -- Up-to-date symlink: /home/kentaro/mid360-simulation/install/champ_msgs/share/champ_msgs/local_setup.zsh
[0.654s] -- Up-to-date symlink: /home/kentaro/mid360-simulation/install/champ_msgs/share/champ_msgs/local_setup.dsv
[0.655s] -- Symlinking: /home/kentaro/mid360-simulation/install/champ_msgs/share/champ_msgs/package.dsv
[0.663s] -- Up-to-date symlink: /home/kentaro/mid360-simulation/install/champ_msgs/share/ament_index/resource_index/packages/champ_msgs
[0.663s] -- Up-to-date symlink: /home/kentaro/mid360-simulation/install/champ_msgs/share/champ_msgs/cmake/rosidl_cmake-extras.cmake
[0.663s] -- Up-to-date symlink: /home/kentaro/mid360-simulation/install/champ_msgs/share/champ_msgs/cmake/ament_cmake_export_dependencies-extras.cmake
[0.663s] -- Up-to-date symlink: /home/kentaro/mid360-simulation/install/champ_msgs/share/champ_msgs/cmake/ament_cmake_export_include_directories-extras.cmake
[0.663s] -- Up-to-date symlink: /home/kentaro/mid360-simulation/install/champ_msgs/share/champ_msgs/cmake/ament_cmake_export_libraries-extras.cmake
[0.664s] -- Up-to-date symlink: /home/kentaro/mid360-simulation/install/champ_msgs/share/champ_msgs/cmake/ament_cmake_export_targets-extras.cmake
[0.664s] -- Up-to-date symlink: /home/kentaro/mid360-simulation/install/champ_msgs/share/champ_msgs/cmake/rosidl_cmake_export_typesupport_targets-extras.cmake
[0.664s] -- Up-to-date symlink: /home/kentaro/mid360-simulation/install/champ_msgs/share/champ_msgs/cmake/rosidl_cmake_export_typesupport_libraries-extras.cmake
[0.664s] -- Up-to-date symlink: /home/kentaro/mid360-simulation/install/champ_msgs/share/champ_msgs/cmake/champ_msgsConfig.cmake
[0.664s] -- Up-to-date symlink: /home/kentaro/mid360-simulation/install/champ_msgs/share/champ_msgs/cmake/champ_msgsConfig-version.cmake
[0.664s] -- Up-to-date symlink: /home/kentaro/mid360-simulation/install/champ_msgs/share/champ_msgs/package.xml
[0.664s] -- Up-to-date: /home/kentaro/mid360-simulation/install/champ_msgs/lib/libchamp_msgs__rosidl_generator_c.so
[0.665s] -- Up-to-date: /home/kentaro/mid360-simulation/install/champ_msgs/lib/libchamp_msgs__rosidl_typesupport_fastrtps_c.so
[0.665s] -- Up-to-date: /home/kentaro/mid360-simulation/install/champ_msgs/lib/libchamp_msgs__rosidl_typesupport_introspection_c.so
[0.665s] -- Up-to-date: /home/kentaro/mid360-simulation/install/champ_msgs/lib/libchamp_msgs__rosidl_typesupport_c.so
[0.665s] -- Up-to-date: /home/kentaro/mid360-simulation/install/champ_msgs/lib/libchamp_msgs__rosidl_typesupport_fastrtps_cpp.so
[0.665s] -- Up-to-date: /home/kentaro/mid360-simulation/install/champ_msgs/lib/libchamp_msgs__rosidl_typesupport_introspection_cpp.so
[0.666s] -- Up-to-date: /home/kentaro/mid360-simulation/install/champ_msgs/lib/libchamp_msgs__rosidl_typesupport_cpp.so
[0.702s] Listing '/home/kentaro/mid360-simulation/install/champ_msgs/local/lib/python3.10/dist-packages/champ_msgs'...
[0.702s] Listing '/home/kentaro/mid360-simulation/install/champ_msgs/local/lib/python3.10/dist-packages/champ_msgs/msg'...
[0.707s] -- Up-to-date: /home/kentaro/mid360-simulation/install/champ_msgs/lib/libchamp_msgs__rosidl_generator_py.so
[0.708s] -- Up-to-date: /home/kentaro/mid360-simulation/install/champ_msgs/share/champ_msgs/cmake/export_champ_msgs__rosidl_generator_cExport.cmake
[0.708s] -- Up-to-date: /home/kentaro/mid360-simulation/install/champ_msgs/share/champ_msgs/cmake/export_champ_msgs__rosidl_generator_cExport-noconfig.cmake
[0.708s] -- Up-to-date: /home/kentaro/mid360-simulation/install/champ_msgs/share/champ_msgs/cmake/export_champ_msgs__rosidl_typesupport_fastrtps_cExport.cmake
[0.709s] -- Up-to-date: /home/kentaro/mid360-simulation/install/champ_msgs/share/champ_msgs/cmake/export_champ_msgs__rosidl_typesupport_fastrtps_cExport-noconfig.cmake
[0.709s] -- Up-to-date: /home/kentaro/mid360-simulation/install/champ_msgs/share/champ_msgs/cmake/champ_msgs__rosidl_typesupport_introspection_cExport.cmake
[0.709s] -- Up-to-date: /home/kentaro/mid360-simulation/install/champ_msgs/share/champ_msgs/cmake/champ_msgs__rosidl_typesupport_introspection_cExport-noconfig.cmake
[0.709s] -- Up-to-date: /home/kentaro/mid360-simulation/install/champ_msgs/share/champ_msgs/cmake/champ_msgs__rosidl_typesupport_cExport.cmake
[0.709s] -- Up-to-date: /home/kentaro/mid360-simulation/install/champ_msgs/share/champ_msgs/cmake/champ_msgs__rosidl_typesupport_cExport-noconfig.cmake
[0.709s] -- Up-to-date: /home/kentaro/mid360-simulation/install/champ_msgs/share/champ_msgs/cmake/export_champ_msgs__rosidl_generator_cppExport.cmake
[0.709s] -- Up-to-date: /home/kentaro/mid360-simulation/install/champ_msgs/share/champ_msgs/cmake/export_champ_msgs__rosidl_typesupport_fastrtps_cppExport.cmake
[0.709s] -- Up-to-date: /home/kentaro/mid360-simulation/install/champ_msgs/share/champ_msgs/cmake/export_champ_msgs__rosidl_typesupport_fastrtps_cppExport-noconfig.cmake
[0.709s] -- Up-to-date: /home/kentaro/mid360-simulation/install/champ_msgs/share/champ_msgs/cmake/champ_msgs__rosidl_typesupport_introspection_cppExport.cmake
[0.710s] -- Up-to-date: /home/kentaro/mid360-simulation/install/champ_msgs/share/champ_msgs/cmake/champ_msgs__rosidl_typesupport_introspection_cppExport-noconfig.cmake
[0.710s] -- Up-to-date: /home/kentaro/mid360-simulation/install/champ_msgs/share/champ_msgs/cmake/champ_msgs__rosidl_typesupport_cppExport.cmake
[0.710s] -- Up-to-date: /home/kentaro/mid360-simulation/install/champ_msgs/share/champ_msgs/cmake/champ_msgs__rosidl_typesupport_cppExport-noconfig.cmake
[0.710s] -- Up-to-date: /home/kentaro/mid360-simulation/install/champ_msgs/share/champ_msgs/cmake/export_champ_msgs__rosidl_generator_pyExport.cmake
[0.710s] -- Up-to-date: /home/kentaro/mid360-simulation/install/champ_msgs/share/champ_msgs/cmake/export_champ_msgs__rosidl_generator_pyExport-noconfig.cmake
[0.729s] Invoked command in '/home/kentaro/mid360-simulation/build/champ_msgs' returned '0': CMAKE_PREFIX_PATH=${CMAKE_PREFIX_PATH}:/opt/ros/humble /usr/bin/cmake --install /home/kentaro/mid360-simulation/build/champ_msgs
