[0.046s] Invoking command in '/home/kentaro/mid360-simulation/build/champ': CMAKE_PREFIX_PATH=${CMAKE_PREFIX_PATH}:/opt/ros/humble /usr/bin/cmake /home/kentaro/mid360-simulation/src/unitree-go2-ros2/champ/champ -DAMENT_CMAKE_SYMLINK_INSTALL=1 -DCMAKE_INSTALL_PREFIX=/home/kentaro/mid360-simulation/install/champ
[0.149s] -- The C compiler identification is GNU 11.4.0
[0.249s] -- The CXX compiler identification is GNU 11.4.0
[0.265s] -- Detecting C compiler ABI info
[0.373s] -- Detecting C compiler ABI info - done
[0.390s] -- Check for working C compiler: /usr/bin/cc - skipped
[0.390s] -- Detecting C compile features
[0.391s] -- Detecting C compile features - done
[0.396s] -- Detecting CXX compiler ABI info
[0.521s] -- Detecting CXX compiler ABI info - done
[0.536s] -- Check for working CXX compiler: /usr/bin/c++ - skipped
[0.536s] -- Detecting CXX compile features
[0.537s] -- Detecting CXX compile features - done
[0.542s] -- Found ament_cmake: 1.3.12 (/opt/ros/humble/share/ament_cmake/cmake)
[0.822s] -- Found Python3: /usr/bin/python3 (found version "3.10.12") found components: Interpreter 
[0.952s] -- Override CMake install command with custom implementation using symlinks instead of copying resources
[1.022s] -- Found rclcpp: 16.0.15 (/opt/ros/humble/share/rclcpp/cmake)
[1.108s] -- Found rosidl_generator_c: 3.1.7 (/opt/ros/humble/share/rosidl_generator_c/cmake)
[1.122s] -- Found rosidl_adapter: 3.1.7 (/opt/ros/humble/share/rosidl_adapter/cmake)
[1.140s] -- Found rosidl_generator_cpp: 3.1.7 (/opt/ros/humble/share/rosidl_generator_cpp/cmake)
[1.164s] -- Using all available rosidl_typesupport_c: rosidl_typesupport_fastrtps_c;rosidl_typesupport_introspection_c
[1.199s] -- Using all available rosidl_typesupport_cpp: rosidl_typesupport_fastrtps_cpp;rosidl_typesupport_introspection_cpp
[1.290s] -- Found rmw_implementation_cmake: 6.1.2 (/opt/ros/humble/share/rmw_implementation_cmake/cmake)
[1.296s] -- Found rmw_fastrtps_cpp: 6.2.9 (/opt/ros/humble/share/rmw_fastrtps_cpp/cmake)
[1.462s] -- Found OpenSSL: /usr/lib/x86_64-linux-gnu/libcrypto.so (found version "3.0.2")  
[1.514s] -- Found FastRTPS: /opt/ros/humble/include  
[1.581s] -- Using RMW implementation 'rmw_fastrtps_cpp' as default
[1.596s] -- Looking for pthread.h
[1.707s] -- Looking for pthread.h - found
[1.709s] -- Performing Test CMAKE_HAVE_LIBC_PTHREAD
[1.802s] -- Performing Test CMAKE_HAVE_LIBC_PTHREAD - Success
[1.803s] -- Found Threads: TRUE  
[1.879s] -- Found ament_lint_auto: 0.12.14 (/opt/ros/humble/share/ament_lint_auto/cmake)
[1.954s] -- Configuring done
[1.958s] -- Generating done
[1.960s] -- Build files have been written to: /home/kentaro/mid360-simulation/build/champ
[1.969s] Invoked command in '/home/kentaro/mid360-simulation/build/champ' returned '0': CMAKE_PREFIX_PATH=${CMAKE_PREFIX_PATH}:/opt/ros/humble /usr/bin/cmake /home/kentaro/mid360-simulation/src/unitree-go2-ros2/champ/champ -DAMENT_CMAKE_SYMLINK_INSTALL=1 -DCMAKE_INSTALL_PREFIX=/home/kentaro/mid360-simulation/install/champ
[1.971s] Invoking command in '/home/kentaro/mid360-simulation/build/champ': CMAKE_PREFIX_PATH=${CMAKE_PREFIX_PATH}:/opt/ros/humble /usr/bin/cmake --build /home/kentaro/mid360-simulation/build/champ -- -j8 -l8
[2.007s] Invoked command in '/home/kentaro/mid360-simulation/build/champ' returned '0': CMAKE_PREFIX_PATH=${CMAKE_PREFIX_PATH}:/opt/ros/humble /usr/bin/cmake --build /home/kentaro/mid360-simulation/build/champ -- -j8 -l8
[2.009s] Invoking command in '/home/kentaro/mid360-simulation/build/champ': CMAKE_PREFIX_PATH=${CMAKE_PREFIX_PATH}:/opt/ros/humble /usr/bin/cmake --install /home/kentaro/mid360-simulation/build/champ
[2.016s] -- Install configuration: ""
[2.017s] -- Execute custom install script
[2.017s] -- Symlinking: /home/kentaro/mid360-simulation/install/champ/include/champ/LICENSE
[2.025s] -- Symlinking: /home/kentaro/mid360-simulation/install/champ/include/champ/README.md
[2.035s] -- Symlinking: /home/kentaro/mid360-simulation/install/champ/include/champ/bla/basic_linear_algebra.h
[2.043s] -- Symlinking: /home/kentaro/mid360-simulation/install/champ/include/champ/bla/memory_delegate.h
[2.051s] -- Symlinking: /home/kentaro/mid360-simulation/install/champ/include/champ/body_controller/body_controller.h
[2.059s] -- Symlinking: /home/kentaro/mid360-simulation/install/champ/include/champ/geometry/geometry.h
[2.067s] -- Symlinking: /home/kentaro/mid360-simulation/install/champ/include/champ/kinematics/kinematics.h
[2.075s] -- Symlinking: /home/kentaro/mid360-simulation/install/champ/include/champ/leg_controller/leg_controller.h
[2.084s] -- Symlinking: /home/kentaro/mid360-simulation/install/champ/include/champ/leg_controller/phase_generator.h
[2.092s] -- Symlinking: /home/kentaro/mid360-simulation/install/champ/include/champ/leg_controller/trajectory_planner.h
[2.100s] -- Symlinking: /home/kentaro/mid360-simulation/install/champ/include/champ/macros/macros.h
[2.110s] -- Symlinking: /home/kentaro/mid360-simulation/install/champ/include/champ/odometry/odometry.h
[2.120s] -- Symlinking: /home/kentaro/mid360-simulation/install/champ/include/champ/quadruped_base/quadruped_base.h
[2.128s] -- Symlinking: /home/kentaro/mid360-simulation/install/champ/include/champ/quadruped_base/quadruped_components.h
[2.139s] -- Symlinking: /home/kentaro/mid360-simulation/install/champ/include/champ/quadruped_base/quadruped_joint.h
[2.147s] -- Symlinking: /home/kentaro/mid360-simulation/install/champ/include/champ/quadruped_base/quadruped_leg.h
[2.155s] -- Symlinking: /home/kentaro/mid360-simulation/install/champ/include/champ/utils/urdf_loader.h
[2.164s] -- Symlinking: /home/kentaro/mid360-simulation/install/champ/include/champ/utils/xmlrpc_helpers.h
[2.173s] -- Symlinking: /home/kentaro/mid360-simulation/install/champ/share/ament_index/resource_index/package_run_dependencies/champ
[2.182s] -- Symlinking: /home/kentaro/mid360-simulation/install/champ/share/ament_index/resource_index/parent_prefix_path/champ
[2.190s] -- Symlinking: /home/kentaro/mid360-simulation/install/champ/share/champ/environment/ament_prefix_path.sh
[2.199s] -- Symlinking: /home/kentaro/mid360-simulation/install/champ/share/champ/environment/ament_prefix_path.dsv
[2.208s] -- Symlinking: /home/kentaro/mid360-simulation/install/champ/share/champ/environment/path.sh
[2.217s] -- Symlinking: /home/kentaro/mid360-simulation/install/champ/share/champ/environment/path.dsv
[2.225s] -- Symlinking: /home/kentaro/mid360-simulation/install/champ/share/champ/local_setup.bash
[2.234s] -- Symlinking: /home/kentaro/mid360-simulation/install/champ/share/champ/local_setup.sh
[2.242s] -- Symlinking: /home/kentaro/mid360-simulation/install/champ/share/champ/local_setup.zsh
[2.251s] -- Symlinking: /home/kentaro/mid360-simulation/install/champ/share/champ/local_setup.dsv
[2.259s] -- Symlinking: /home/kentaro/mid360-simulation/install/champ/share/champ/package.dsv
[2.267s] -- Symlinking: /home/kentaro/mid360-simulation/install/champ/share/ament_index/resource_index/packages/champ
[2.276s] -- Symlinking: /home/kentaro/mid360-simulation/install/champ/share/champ/cmake/ament_cmake_export_include_directories-extras.cmake
[2.284s] -- Symlinking: /home/kentaro/mid360-simulation/install/champ/share/champ/cmake/champConfig.cmake
[2.293s] -- Symlinking: /home/kentaro/mid360-simulation/install/champ/share/champ/cmake/champConfig-version.cmake
[2.301s] -- Symlinking: /home/kentaro/mid360-simulation/install/champ/share/champ/package.xml
[2.312s] Invoked command in '/home/kentaro/mid360-simulation/build/champ' returned '0': CMAKE_PREFIX_PATH=${CMAKE_PREFIX_PATH}:/opt/ros/humble /usr/bin/cmake --install /home/kentaro/mid360-simulation/build/champ
