[0.032s] Invoking command in '/home/kentaro/mid360-simulation/build/champ_config': CMAKE_PREFIX_PATH=${CMAKE_PREFIX_PATH}:/opt/ros/humble /usr/bin/cmake /home/kentaro/mid360-simulation/src/unitree-go2-ros2/champ/champ_config -DAMENT_CMAKE_SYMLINK_INSTALL=1 -DCMAKE_INSTALL_PREFIX=/home/kentaro/mid360-simulation/install/champ_config
[0.121s] -- The C compiler identification is GNU 11.4.0
[0.229s] -- The CXX compiler identification is GNU 11.4.0
[0.243s] -- Detecting C compiler ABI info
[0.350s] -- Detecting C compiler ABI info - done
[0.366s] -- Check for working C compiler: /usr/bin/cc - skipped
[0.368s] -- Detecting C compile features
[0.368s] -- Detecting C compile features - done
[0.377s] -- Detecting CXX compiler ABI info
[0.510s] -- Detecting CXX compiler ABI info - done
[0.528s] -- Check for working CXX compiler: /usr/bin/c++ - skipped
[0.529s] -- Detecting CXX compile features
[0.530s] -- Detecting CXX compile features - done
[0.534s] -- Found ament_cmake: 1.3.12 (/opt/ros/humble/share/ament_cmake/cmake)
[0.801s] -- Found Python3: /usr/bin/python3 (found version "3.10.12") found components: Interpreter 
[0.931s] -- Override CMake install command with custom implementation using symlinks instead of copying resources
[1.114s] -- Configuring done
[1.122s] -- Generating done
[1.122s] -- Build files have been written to: /home/kentaro/mid360-simulation/build/champ_config
[1.132s] Invoked command in '/home/kentaro/mid360-simulation/build/champ_config' returned '0': CMAKE_PREFIX_PATH=${CMAKE_PREFIX_PATH}:/opt/ros/humble /usr/bin/cmake /home/kentaro/mid360-simulation/src/unitree-go2-ros2/champ/champ_config -DAMENT_CMAKE_SYMLINK_INSTALL=1 -DCMAKE_INSTALL_PREFIX=/home/kentaro/mid360-simulation/install/champ_config
[1.138s] Invoking command in '/home/kentaro/mid360-simulation/build/champ_config': CMAKE_PREFIX_PATH=${CMAKE_PREFIX_PATH}:/opt/ros/humble /usr/bin/cmake --build /home/kentaro/mid360-simulation/build/champ_config -- -j8 -l8
[1.186s] Invoked command in '/home/kentaro/mid360-simulation/build/champ_config' returned '0': CMAKE_PREFIX_PATH=${CMAKE_PREFIX_PATH}:/opt/ros/humble /usr/bin/cmake --build /home/kentaro/mid360-simulation/build/champ_config -- -j8 -l8
[1.195s] Invoking command in '/home/kentaro/mid360-simulation/build/champ_config': CMAKE_PREFIX_PATH=${CMAKE_PREFIX_PATH}:/opt/ros/humble /usr/bin/cmake --install /home/kentaro/mid360-simulation/build/champ_config
[1.204s] -- Install configuration: ""
[1.204s] -- Execute custom install script
[1.205s] -- Symlinking: /home/kentaro/mid360-simulation/install/champ_config/share/champ_config/launch/bringup.launch.py
[1.220s] -- Symlinking: /home/kentaro/mid360-simulation/install/champ_config/share/champ_config/launch/gazebo.launch.py
[1.231s] -- Symlinking: /home/kentaro/mid360-simulation/install/champ_config/share/champ_config/launch/navigate.launch.py
[1.244s] -- Symlinking: /home/kentaro/mid360-simulation/install/champ_config/share/champ_config/launch/slam.launch.py
[1.258s] -- Symlinking: /home/kentaro/mid360-simulation/install/champ_config/share/champ_config/config/autonomy/navigation.yaml
[1.272s] -- Symlinking: /home/kentaro/mid360-simulation/install/champ_config/share/champ_config/config/autonomy/slam.yaml
[1.290s] -- Symlinking: /home/kentaro/mid360-simulation/install/champ_config/share/champ_config/config/gait/gait.yaml
[1.305s] -- Symlinking: /home/kentaro/mid360-simulation/install/champ_config/share/champ_config/config/joints/joints.yaml
[1.318s] -- Symlinking: /home/kentaro/mid360-simulation/install/champ_config/share/champ_config/config/links/links.yaml
[1.330s] -- Symlinking: /home/kentaro/mid360-simulation/install/champ_config/share/champ_config/maps/map.pgm
[1.341s] -- Symlinking: /home/kentaro/mid360-simulation/install/champ_config/share/champ_config/maps/map.yaml
[1.354s] -- Symlinking: /home/kentaro/mid360-simulation/install/champ_config/share/champ_config/maps/playground.pgm
[1.365s] -- Symlinking: /home/kentaro/mid360-simulation/install/champ_config/share/champ_config/maps/playground.yaml
[1.381s] -- Symlinking: /home/kentaro/mid360-simulation/install/champ_config/share/champ_config/worlds/default.world
[1.391s] -- Symlinking: /home/kentaro/mid360-simulation/install/champ_config/share/champ_config/worlds/outdoor.world
[1.402s] -- Symlinking: /home/kentaro/mid360-simulation/install/champ_config/share/champ_config/worlds/playground.world
[1.414s] -- Symlinking: /home/kentaro/mid360-simulation/install/champ_config/share/ament_index/resource_index/package_run_dependencies/champ_config
[1.428s] -- Symlinking: /home/kentaro/mid360-simulation/install/champ_config/share/ament_index/resource_index/parent_prefix_path/champ_config
[1.440s] -- Symlinking: /home/kentaro/mid360-simulation/install/champ_config/share/champ_config/environment/ament_prefix_path.sh
[1.451s] -- Symlinking: /home/kentaro/mid360-simulation/install/champ_config/share/champ_config/environment/ament_prefix_path.dsv
[1.469s] -- Symlinking: /home/kentaro/mid360-simulation/install/champ_config/share/champ_config/environment/path.sh
[1.477s] -- Symlinking: /home/kentaro/mid360-simulation/install/champ_config/share/champ_config/environment/path.dsv
[1.488s] -- Symlinking: /home/kentaro/mid360-simulation/install/champ_config/share/champ_config/local_setup.bash
[1.503s] -- Symlinking: /home/kentaro/mid360-simulation/install/champ_config/share/champ_config/local_setup.sh
[1.512s] -- Symlinking: /home/kentaro/mid360-simulation/install/champ_config/share/champ_config/local_setup.zsh
[1.525s] -- Symlinking: /home/kentaro/mid360-simulation/install/champ_config/share/champ_config/local_setup.dsv
[1.536s] -- Symlinking: /home/kentaro/mid360-simulation/install/champ_config/share/champ_config/package.dsv
[1.549s] -- Symlinking: /home/kentaro/mid360-simulation/install/champ_config/share/ament_index/resource_index/packages/champ_config
[1.562s] -- Symlinking: /home/kentaro/mid360-simulation/install/champ_config/share/champ_config/cmake/champ_configConfig.cmake
[1.574s] -- Symlinking: /home/kentaro/mid360-simulation/install/champ_config/share/champ_config/cmake/champ_configConfig-version.cmake
[1.588s] -- Symlinking: /home/kentaro/mid360-simulation/install/champ_config/share/champ_config/package.xml
[1.604s] Invoked command in '/home/kentaro/mid360-simulation/build/champ_config' returned '0': CMAKE_PREFIX_PATH=${CMAKE_PREFIX_PATH}:/opt/ros/humble /usr/bin/cmake --install /home/kentaro/mid360-simulation/build/champ_config
