[0.022s] Invoking command in '/home/kentaro/mid360-simulation/build/champ_bringup': AMENT_PREFIX_PATH=/home/kentaro/mid360-simulation/install/champ_base:/home/kentaro/mid360-simulation/install/champ_msgs:/home/kentaro/mid360-simulation/install/champ_description:/home/kentaro/mid360-simulation/install/champ:${AMENT_PREFIX_PATH} CMAKE_PREFIX_PATH=/home/kentaro/mid360-simulation/install/champ_base:/home/kentaro/mid360-simulation/install/champ_msgs:/home/kentaro/mid360-simulation/install/champ_description:/home/kentaro/mid360-simulation/install/champ:/home/kentaro/mid360-simulation/install/ros2_livox_simulation:/home/kentaro/mid360-simulation/install/livox_ros_driver2:/home/kentaro/unitree-go2-ros2/install/go2_description:/home/kentaro/unitree-go2-ros2/install/go2_config:/home/kentaro/unitree-go2-ros2/install/champ_teleop:/home/kentaro/unitree-go2-ros2/install/champ_navigation:/home/kentaro/unitree-go2-ros2/install/champ_gazebo:/home/kentaro/unitree-go2-ros2/install/champ_bringup:/home/kentaro/unitree-go2-ros2/install/champ_base:/home/kentaro/unitree-go2-ros2/install/champ_msgs:/home/kentaro/unitree-go2-ros2/install/champ_description:/home/kentaro/unitree-go2-ros2/install/champ_config:/home/kentaro/unitree-go2-ros2/install/champ:/opt/ros/humble LD_LIBRARY_PATH=/home/kentaro/mid360-simulation/install/champ_base/lib:/home/kentaro/mid360-simulation/install/champ_msgs/lib:${LD_LIBRARY_PATH} PATH=/home/kentaro/mid360-simulation/install/champ_base/bin:${PATH} PYTHONPATH=/home/kentaro/mid360-simulation/install/champ_msgs/local/lib/python3.10/dist-packages:${PYTHONPATH} /usr/bin/cmake /home/kentaro/mid360-simulation/src/unitree-go2-ros2/champ/champ_bringup -DROS_EDITION=ROS2 -DHUMBLE=ON -DHUMBLE_ROS=humble -DAMENT_CMAKE_SYMLINK_INSTALL=1 -DCMAKE_INSTALL_PREFIX=/home/kentaro/mid360-simulation/install/champ_bringup
[0.099s] -- The C compiler identification is GNU 11.4.0
[0.181s] -- The CXX compiler identification is GNU 11.4.0
[0.192s] -- Detecting C compiler ABI info
[0.288s] -- Detecting C compiler ABI info - done
[0.301s] -- Check for working C compiler: /usr/bin/cc - skipped
[0.301s] -- Detecting C compile features
[0.302s] -- Detecting C compile features - done
[0.306s] -- Detecting CXX compiler ABI info
[0.419s] -- Detecting CXX compiler ABI info - done
[0.432s] -- Check for working CXX compiler: /usr/bin/c++ - skipped
[0.433s] -- Detecting CXX compile features
[0.433s] -- Detecting CXX compile features - done
[0.439s] -- Found ament_cmake: 1.3.12 (/opt/ros/humble/share/ament_cmake/cmake)
[0.682s] -- Found Python3: /usr/bin/python3 (found version "3.10.12") found components: Interpreter 
[0.785s] -- Override CMake install command with custom implementation using symlinks instead of copying resources
[1.098s] -- Configuring done
[1.102s] -- Generating done
[1.103s] [33mCMake Warning:
[1.103s]   Manually-specified variables were not used by the project:
[1.104s] 
[1.104s]     HUMBLE
[1.104s]     HUMBLE_ROS
[1.104s]     ROS_EDITION
[1.104s] 
[1.104s] [0m
[1.105s] -- Build files have been written to: /home/kentaro/mid360-simulation/build/champ_bringup
[1.111s] Invoked command in '/home/kentaro/mid360-simulation/build/champ_bringup' returned '0': AMENT_PREFIX_PATH=/home/kentaro/mid360-simulation/install/champ_base:/home/kentaro/mid360-simulation/install/champ_msgs:/home/kentaro/mid360-simulation/install/champ_description:/home/kentaro/mid360-simulation/install/champ:${AMENT_PREFIX_PATH} CMAKE_PREFIX_PATH=/home/kentaro/mid360-simulation/install/champ_base:/home/kentaro/mid360-simulation/install/champ_msgs:/home/kentaro/mid360-simulation/install/champ_description:/home/kentaro/mid360-simulation/install/champ:/home/kentaro/mid360-simulation/install/ros2_livox_simulation:/home/kentaro/mid360-simulation/install/livox_ros_driver2:/home/kentaro/unitree-go2-ros2/install/go2_description:/home/kentaro/unitree-go2-ros2/install/go2_config:/home/kentaro/unitree-go2-ros2/install/champ_teleop:/home/kentaro/unitree-go2-ros2/install/champ_navigation:/home/kentaro/unitree-go2-ros2/install/champ_gazebo:/home/kentaro/unitree-go2-ros2/install/champ_bringup:/home/kentaro/unitree-go2-ros2/install/champ_base:/home/kentaro/unitree-go2-ros2/install/champ_msgs:/home/kentaro/unitree-go2-ros2/install/champ_description:/home/kentaro/unitree-go2-ros2/install/champ_config:/home/kentaro/unitree-go2-ros2/install/champ:/opt/ros/humble LD_LIBRARY_PATH=/home/kentaro/mid360-simulation/install/champ_base/lib:/home/kentaro/mid360-simulation/install/champ_msgs/lib:${LD_LIBRARY_PATH} PATH=/home/kentaro/mid360-simulation/install/champ_base/bin:${PATH} PYTHONPATH=/home/kentaro/mid360-simulation/install/champ_msgs/local/lib/python3.10/dist-packages:${PYTHONPATH} /usr/bin/cmake /home/kentaro/mid360-simulation/src/unitree-go2-ros2/champ/champ_bringup -DROS_EDITION=ROS2 -DHUMBLE=ON -DHUMBLE_ROS=humble -DAMENT_CMAKE_SYMLINK_INSTALL=1 -DCMAKE_INSTALL_PREFIX=/home/kentaro/mid360-simulation/install/champ_bringup
[1.114s] Invoking command in '/home/kentaro/mid360-simulation/build/champ_bringup': AMENT_PREFIX_PATH=/home/kentaro/mid360-simulation/install/champ_base:/home/kentaro/mid360-simulation/install/champ_msgs:/home/kentaro/mid360-simulation/install/champ_description:/home/kentaro/mid360-simulation/install/champ:${AMENT_PREFIX_PATH} CMAKE_PREFIX_PATH=/home/kentaro/mid360-simulation/install/champ_base:/home/kentaro/mid360-simulation/install/champ_msgs:/home/kentaro/mid360-simulation/install/champ_description:/home/kentaro/mid360-simulation/install/champ:/home/kentaro/mid360-simulation/install/ros2_livox_simulation:/home/kentaro/mid360-simulation/install/livox_ros_driver2:/home/kentaro/unitree-go2-ros2/install/go2_description:/home/kentaro/unitree-go2-ros2/install/go2_config:/home/kentaro/unitree-go2-ros2/install/champ_teleop:/home/kentaro/unitree-go2-ros2/install/champ_navigation:/home/kentaro/unitree-go2-ros2/install/champ_gazebo:/home/kentaro/unitree-go2-ros2/install/champ_bringup:/home/kentaro/unitree-go2-ros2/install/champ_base:/home/kentaro/unitree-go2-ros2/install/champ_msgs:/home/kentaro/unitree-go2-ros2/install/champ_description:/home/kentaro/unitree-go2-ros2/install/champ_config:/home/kentaro/unitree-go2-ros2/install/champ:/opt/ros/humble LD_LIBRARY_PATH=/home/kentaro/mid360-simulation/install/champ_base/lib:/home/kentaro/mid360-simulation/install/champ_msgs/lib:${LD_LIBRARY_PATH} PATH=/home/kentaro/mid360-simulation/install/champ_base/bin:${PATH} PYTHONPATH=/home/kentaro/mid360-simulation/install/champ_msgs/local/lib/python3.10/dist-packages:${PYTHONPATH} /usr/bin/cmake --build /home/kentaro/mid360-simulation/build/champ_bringup -- -j8 -l8
[1.191s] Built target ament_cmake_python_symlink_champ_bringup
[1.770s] running egg_info
[1.771s] creating champ_bringup.egg-info
[1.771s] writing champ_bringup.egg-info/PKG-INFO
[1.771s] writing dependency_links to champ_bringup.egg-info/dependency_links.txt
[1.772s] writing top-level names to champ_bringup.egg-info/top_level.txt
[1.772s] writing manifest file 'champ_bringup.egg-info/SOURCES.txt'
[1.776s] reading manifest file 'champ_bringup.egg-info/SOURCES.txt'
[1.777s] writing manifest file 'champ_bringup.egg-info/SOURCES.txt'
[1.817s] Built target ament_cmake_python_build_champ_bringup_egg
[1.833s] Invoked command in '/home/kentaro/mid360-simulation/build/champ_bringup' returned '0': AMENT_PREFIX_PATH=/home/kentaro/mid360-simulation/install/champ_base:/home/kentaro/mid360-simulation/install/champ_msgs:/home/kentaro/mid360-simulation/install/champ_description:/home/kentaro/mid360-simulation/install/champ:${AMENT_PREFIX_PATH} CMAKE_PREFIX_PATH=/home/kentaro/mid360-simulation/install/champ_base:/home/kentaro/mid360-simulation/install/champ_msgs:/home/kentaro/mid360-simulation/install/champ_description:/home/kentaro/mid360-simulation/install/champ:/home/kentaro/mid360-simulation/install/ros2_livox_simulation:/home/kentaro/mid360-simulation/install/livox_ros_driver2:/home/kentaro/unitree-go2-ros2/install/go2_description:/home/kentaro/unitree-go2-ros2/install/go2_config:/home/kentaro/unitree-go2-ros2/install/champ_teleop:/home/kentaro/unitree-go2-ros2/install/champ_navigation:/home/kentaro/unitree-go2-ros2/install/champ_gazebo:/home/kentaro/unitree-go2-ros2/install/champ_bringup:/home/kentaro/unitree-go2-ros2/install/champ_base:/home/kentaro/unitree-go2-ros2/install/champ_msgs:/home/kentaro/unitree-go2-ros2/install/champ_description:/home/kentaro/unitree-go2-ros2/install/champ_config:/home/kentaro/unitree-go2-ros2/install/champ:/opt/ros/humble LD_LIBRARY_PATH=/home/kentaro/mid360-simulation/install/champ_base/lib:/home/kentaro/mid360-simulation/install/champ_msgs/lib:${LD_LIBRARY_PATH} PATH=/home/kentaro/mid360-simulation/install/champ_base/bin:${PATH} PYTHONPATH=/home/kentaro/mid360-simulation/install/champ_msgs/local/lib/python3.10/dist-packages:${PYTHONPATH} /usr/bin/cmake --build /home/kentaro/mid360-simulation/build/champ_bringup -- -j8 -l8
[1.835s] Invoking command in '/home/kentaro/mid360-simulation/build/champ_bringup': AMENT_PREFIX_PATH=/home/kentaro/mid360-simulation/install/champ_base:/home/kentaro/mid360-simulation/install/champ_msgs:/home/kentaro/mid360-simulation/install/champ_description:/home/kentaro/mid360-simulation/install/champ:${AMENT_PREFIX_PATH} CMAKE_PREFIX_PATH=/home/kentaro/mid360-simulation/install/champ_base:/home/kentaro/mid360-simulation/install/champ_msgs:/home/kentaro/mid360-simulation/install/champ_description:/home/kentaro/mid360-simulation/install/champ:/home/kentaro/mid360-simulation/install/ros2_livox_simulation:/home/kentaro/mid360-simulation/install/livox_ros_driver2:/home/kentaro/unitree-go2-ros2/install/go2_description:/home/kentaro/unitree-go2-ros2/install/go2_config:/home/kentaro/unitree-go2-ros2/install/champ_teleop:/home/kentaro/unitree-go2-ros2/install/champ_navigation:/home/kentaro/unitree-go2-ros2/install/champ_gazebo:/home/kentaro/unitree-go2-ros2/install/champ_bringup:/home/kentaro/unitree-go2-ros2/install/champ_base:/home/kentaro/unitree-go2-ros2/install/champ_msgs:/home/kentaro/unitree-go2-ros2/install/champ_description:/home/kentaro/unitree-go2-ros2/install/champ_config:/home/kentaro/unitree-go2-ros2/install/champ:/opt/ros/humble LD_LIBRARY_PATH=/home/kentaro/mid360-simulation/install/champ_base/lib:/home/kentaro/mid360-simulation/install/champ_msgs/lib:${LD_LIBRARY_PATH} PATH=/home/kentaro/mid360-simulation/install/champ_base/bin:${PATH} PYTHONPATH=/home/kentaro/mid360-simulation/install/champ_msgs/local/lib/python3.10/dist-packages:${PYTHONPATH} /usr/bin/cmake --install /home/kentaro/mid360-simulation/build/champ_bringup
[1.845s] -- Install configuration: ""
[1.846s] -- Execute custom install script
[1.847s] -- Symlinking: /home/kentaro/mid360-simulation/install/champ_bringup/share/champ_bringup/launch/bringup.launch
[1.860s] -- Symlinking: /home/kentaro/mid360-simulation/install/champ_bringup/share/champ_bringup/launch/bringup.launch.py
[1.873s] -- Symlinking: /home/kentaro/mid360-simulation/install/champ_bringup/share/champ_bringup/launch/include/laser/d435.launch
[1.885s] -- Symlinking: /home/kentaro/mid360-simulation/install/champ_bringup/share/champ_bringup/launch/include/laser/hokuyo.launch
[1.898s] -- Symlinking: /home/kentaro/mid360-simulation/install/champ_bringup/share/champ_bringup/launch/include/laser/kinect.launch
[1.911s] -- Symlinking: /home/kentaro/mid360-simulation/install/champ_bringup/share/champ_bringup/launch/include/laser/lms1xx.launch
[1.924s] -- Symlinking: /home/kentaro/mid360-simulation/install/champ_bringup/share/champ_bringup/launch/include/laser/realsense.launch
[1.936s] -- Symlinking: /home/kentaro/mid360-simulation/install/champ_bringup/share/champ_bringup/launch/include/laser/rplidar.launch
[1.949s] -- Symlinking: /home/kentaro/mid360-simulation/install/champ_bringup/share/champ_bringup/launch/include/laser/sim.launch
[1.962s] -- Symlinking: /home/kentaro/mid360-simulation/install/champ_bringup/share/champ_bringup/launch/include/laser/sweep.launch
[1.975s] -- Symlinking: /home/kentaro/mid360-simulation/install/champ_bringup/share/champ_bringup/launch/include/laser/xv11.launch
[1.987s] -- Symlinking: /home/kentaro/mid360-simulation/install/champ_bringup/share/champ_bringup/launch/include/laser/ydlidar.launch
[2.000s] -- Symlinking: /home/kentaro/mid360-simulation/install/champ_bringup/share/champ_bringup/launch/include/velocity_smoother.launch
[2.013s] -- Symlinking: /home/kentaro/mid360-simulation/install/champ_bringup/share/champ_bringup/launch/joints_gui.launch
[2.026s] -- Symlinking: /home/kentaro/mid360-simulation/install/champ_bringup/share/champ_bringup/launch/joints_gui.launch.py
[2.039s] -- Symlinking: /home/kentaro/mid360-simulation/install/champ_bringup/share/champ_bringup/environment/pythonpath.sh
[2.052s] -- Symlinking: /home/kentaro/mid360-simulation/install/champ_bringup/share/champ_bringup/environment/pythonpath.dsv
[2.065s] -- Symlinking: /home/kentaro/mid360-simulation/install/champ_bringup/local/lib/python3.10/dist-packages/champ_bringup-0.1.0-py3.10.egg-info/PKG-INFO
[2.078s] -- Symlinking: /home/kentaro/mid360-simulation/install/champ_bringup/local/lib/python3.10/dist-packages/champ_bringup-0.1.0-py3.10.egg-info/SOURCES.txt
[2.091s] -- Symlinking: /home/kentaro/mid360-simulation/install/champ_bringup/local/lib/python3.10/dist-packages/champ_bringup-0.1.0-py3.10.egg-info/dependency_links.txt
[2.103s] -- Symlinking: /home/kentaro/mid360-simulation/install/champ_bringup/local/lib/python3.10/dist-packages/champ_bringup-0.1.0-py3.10.egg-info/top_level.txt
[2.117s] -- Symlinking: /home/kentaro/mid360-simulation/install/champ_bringup/local/lib/python3.10/dist-packages/champ_bringup/__init__.py
[2.129s] -- Symlinking: /home/kentaro/mid360-simulation/install/champ_bringup/local/lib/python3.10/dist-packages/champ_bringup/joint_calibrator_relay.py
[2.142s] -- Symlinking: /home/kentaro/mid360-simulation/install/champ_bringup/lib/champ_bringup/joint_calibrator_relay.py
[2.154s] -- Symlinking: /home/kentaro/mid360-simulation/install/champ_bringup/share/ament_index/resource_index/package_run_dependencies/champ_bringup
[2.166s] -- Symlinking: /home/kentaro/mid360-simulation/install/champ_bringup/share/ament_index/resource_index/parent_prefix_path/champ_bringup
[2.178s] -- Symlinking: /home/kentaro/mid360-simulation/install/champ_bringup/share/champ_bringup/environment/ament_prefix_path.sh
[2.190s] -- Symlinking: /home/kentaro/mid360-simulation/install/champ_bringup/share/champ_bringup/environment/ament_prefix_path.dsv
[2.203s] -- Symlinking: /home/kentaro/mid360-simulation/install/champ_bringup/share/champ_bringup/environment/path.sh
[2.215s] -- Symlinking: /home/kentaro/mid360-simulation/install/champ_bringup/share/champ_bringup/environment/path.dsv
[2.228s] -- Symlinking: /home/kentaro/mid360-simulation/install/champ_bringup/share/champ_bringup/local_setup.bash
[2.241s] -- Symlinking: /home/kentaro/mid360-simulation/install/champ_bringup/share/champ_bringup/local_setup.sh
[2.253s] -- Symlinking: /home/kentaro/mid360-simulation/install/champ_bringup/share/champ_bringup/local_setup.zsh
[2.265s] -- Symlinking: /home/kentaro/mid360-simulation/install/champ_bringup/share/champ_bringup/local_setup.dsv
[2.277s] -- Symlinking: /home/kentaro/mid360-simulation/install/champ_bringup/share/champ_bringup/package.dsv
[2.289s] -- Symlinking: /home/kentaro/mid360-simulation/install/champ_bringup/share/ament_index/resource_index/packages/champ_bringup
[2.302s] -- Symlinking: /home/kentaro/mid360-simulation/install/champ_bringup/share/champ_bringup/cmake/champ_bringupConfig.cmake
[2.315s] -- Symlinking: /home/kentaro/mid360-simulation/install/champ_bringup/share/champ_bringup/cmake/champ_bringupConfig-version.cmake
[2.327s] -- Symlinking: /home/kentaro/mid360-simulation/install/champ_bringup/share/champ_bringup/package.xml
[2.400s] Listing '/home/kentaro/mid360-simulation/install/champ_bringup/local/lib/python3.10/dist-packages/champ_bringup'...
[2.401s] Compiling '/home/kentaro/mid360-simulation/install/champ_bringup/local/lib/python3.10/dist-packages/champ_bringup/__init__.py'...
[2.401s] Compiling '/home/kentaro/mid360-simulation/install/champ_bringup/local/lib/python3.10/dist-packages/champ_bringup/joint_calibrator_relay.py'...
[2.411s] Invoked command in '/home/kentaro/mid360-simulation/build/champ_bringup' returned '0': AMENT_PREFIX_PATH=/home/kentaro/mid360-simulation/install/champ_base:/home/kentaro/mid360-simulation/install/champ_msgs:/home/kentaro/mid360-simulation/install/champ_description:/home/kentaro/mid360-simulation/install/champ:${AMENT_PREFIX_PATH} CMAKE_PREFIX_PATH=/home/kentaro/mid360-simulation/install/champ_base:/home/kentaro/mid360-simulation/install/champ_msgs:/home/kentaro/mid360-simulation/install/champ_description:/home/kentaro/mid360-simulation/install/champ:/home/kentaro/mid360-simulation/install/ros2_livox_simulation:/home/kentaro/mid360-simulation/install/livox_ros_driver2:/home/kentaro/unitree-go2-ros2/install/go2_description:/home/kentaro/unitree-go2-ros2/install/go2_config:/home/kentaro/unitree-go2-ros2/install/champ_teleop:/home/kentaro/unitree-go2-ros2/install/champ_navigation:/home/kentaro/unitree-go2-ros2/install/champ_gazebo:/home/kentaro/unitree-go2-ros2/install/champ_bringup:/home/kentaro/unitree-go2-ros2/install/champ_base:/home/kentaro/unitree-go2-ros2/install/champ_msgs:/home/kentaro/unitree-go2-ros2/install/champ_description:/home/kentaro/unitree-go2-ros2/install/champ_config:/home/kentaro/unitree-go2-ros2/install/champ:/opt/ros/humble LD_LIBRARY_PATH=/home/kentaro/mid360-simulation/install/champ_base/lib:/home/kentaro/mid360-simulation/install/champ_msgs/lib:${LD_LIBRARY_PATH} PATH=/home/kentaro/mid360-simulation/install/champ_base/bin:${PATH} PYTHONPATH=/home/kentaro/mid360-simulation/install/champ_msgs/local/lib/python3.10/dist-packages:${PYTHONPATH} /usr/bin/cmake --install /home/kentaro/mid360-simulation/build/champ_bringup
