[0.043s] Invoking command in '/home/kentaro/mid360-simulation/build/champ_teleop': CMAKE_PREFIX_PATH=${CMAKE_PREFIX_PATH}:/opt/ros/humble /usr/bin/cmake --build /home/kentaro/mid360-simulation/build/champ_teleop -- -j8 -l8
[0.123s] Invoked command in '/home/kentaro/mid360-simulation/build/champ_teleop' returned '0': CMAKE_PREFIX_PATH=${CMAKE_PREFIX_PATH}:/opt/ros/humble /usr/bin/cmake --build /home/kentaro/mid360-simulation/build/champ_teleop -- -j8 -l8
[0.124s] Invoking command in '/home/kentaro/mid360-simulation/build/champ_teleop': CMAKE_PREFIX_PATH=${CMAKE_PREFIX_PATH}:/opt/ros/humble /usr/bin/cmake --install /home/kentaro/mid360-simulation/build/champ_teleop
[0.152s] -- Install configuration: ""
[0.152s] -- Execute custom install script
[0.152s] -- Up-to-date symlink: /home/kentaro/mid360-simulation/install/champ_teleop/share/champ_teleop/launch/teleop.launch.py
[0.152s] -- Up-to-date symlink: /home/kentaro/mid360-simulation/install/champ_teleop/lib/champ_teleop/champ_teleop.py
[0.153s] -- Up-to-date symlink: /home/kentaro/mid360-simulation/install/champ_teleop/share/ament_index/resource_index/package_run_dependencies/champ_teleop
[0.153s] -- Up-to-date symlink: /home/kentaro/mid360-simulation/install/champ_teleop/share/ament_index/resource_index/parent_prefix_path/champ_teleop
[0.153s] -- Up-to-date symlink: /home/kentaro/mid360-simulation/install/champ_teleop/share/champ_teleop/environment/ament_prefix_path.sh
[0.162s] -- Up-to-date symlink: /home/kentaro/mid360-simulation/install/champ_teleop/share/champ_teleop/environment/ament_prefix_path.dsv
[0.163s] -- Up-to-date symlink: /home/kentaro/mid360-simulation/install/champ_teleop/share/champ_teleop/environment/path.sh
[0.163s] -- Up-to-date symlink: /home/kentaro/mid360-simulation/install/champ_teleop/share/champ_teleop/environment/path.dsv
[0.163s] -- Up-to-date symlink: /home/kentaro/mid360-simulation/install/champ_teleop/share/champ_teleop/local_setup.bash
[0.163s] -- Up-to-date symlink: /home/kentaro/mid360-simulation/install/champ_teleop/share/champ_teleop/local_setup.sh
[0.163s] -- Up-to-date symlink: /home/kentaro/mid360-simulation/install/champ_teleop/share/champ_teleop/local_setup.zsh
[0.165s] -- Up-to-date symlink: /home/kentaro/mid360-simulation/install/champ_teleop/share/champ_teleop/local_setup.dsv
[0.166s] -- Symlinking: /home/kentaro/mid360-simulation/install/champ_teleop/share/champ_teleop/package.dsv
[0.181s] -- Up-to-date symlink: /home/kentaro/mid360-simulation/install/champ_teleop/share/ament_index/resource_index/packages/champ_teleop
[0.181s] -- Up-to-date symlink: /home/kentaro/mid360-simulation/install/champ_teleop/share/champ_teleop/cmake/champ_teleopConfig.cmake
[0.181s] -- Up-to-date symlink: /home/kentaro/mid360-simulation/install/champ_teleop/share/champ_teleop/cmake/champ_teleopConfig-version.cmake
[0.181s] -- Up-to-date symlink: /home/kentaro/mid360-simulation/install/champ_teleop/share/champ_teleop/package.xml
[0.278s] Invoked command in '/home/kentaro/mid360-simulation/build/champ_teleop' returned '0': CMAKE_PREFIX_PATH=${CMAKE_PREFIX_PATH}:/opt/ros/humble /usr/bin/cmake --install /home/kentaro/mid360-simulation/build/champ_teleop
