[0.014s] Invoking command in '/home/kentaro/mid360-simulation/build/champ_base': CMAKE_PREFIX_PATH=/home/kentaro/mid360-simulation/install/champ_msgs:/home/kentaro/mid360-simulation/install/champ:/home/kentaro/mid360-simulation/install/ros2_livox_simulation:/home/kentaro/mid360-simulation/install/livox_ros_driver2:/home/kentaro/mid360-simulation/install/go2_description:/home/kentaro/mid360-simulation/install/go2_config:/home/kentaro/mid360-simulation/install/champ_teleop:/home/kentaro/mid360-simulation/install/champ_navigation:/home/kentaro/mid360-simulation/install/champ_gazebo:/home/kentaro/mid360-simulation/install/champ_bringup:/home/kentaro/mid360-simulation/install/champ_base:/home/kentaro/mid360-simulation/install/champ_description:/home/kentaro/mid360-simulation/install/champ_config:/opt/ros/humble LD_LIBRARY_PATH=/home/kentaro/mid360-simulation/install/champ_msgs/lib:/home/kentaro/mid360-simulation/install/ros2_livox_simulation/lib:/home/kentaro/mid360-simulation/install/livox_ros_driver2/lib:/home/kentaro/mid360-simulation/install/champ_base/lib:/usr/lib/x86_64-linux-gnu/gazebo-11/plugins:/opt/ros/humble/opt/rviz_ogre_vendor/lib:/opt/ros/humble/lib/x86_64-linux-gnu:/opt/ros/humble/lib /usr/bin/cmake --build /home/kentaro/mid360-simulation/build/champ_base -- -j8 -l8
[0.067s] [ 16%] Built target quadruped_controller
[0.067s] [ 33%] Built target message_relay
[0.071s] [ 50%] Built target state_estimation
[0.093s] [ 66%] Built target quadruped_controller_node
[0.094s] [ 83%] Built target message_relay_node
[0.102s] [100%] Built target state_estimation_node
[0.114s] Invoked command in '/home/kentaro/mid360-simulation/build/champ_base' returned '0': CMAKE_PREFIX_PATH=/home/kentaro/mid360-simulation/install/champ_msgs:/home/kentaro/mid360-simulation/install/champ:/home/kentaro/mid360-simulation/install/ros2_livox_simulation:/home/kentaro/mid360-simulation/install/livox_ros_driver2:/home/kentaro/mid360-simulation/install/go2_description:/home/kentaro/mid360-simulation/install/go2_config:/home/kentaro/mid360-simulation/install/champ_teleop:/home/kentaro/mid360-simulation/install/champ_navigation:/home/kentaro/mid360-simulation/install/champ_gazebo:/home/kentaro/mid360-simulation/install/champ_bringup:/home/kentaro/mid360-simulation/install/champ_base:/home/kentaro/mid360-simulation/install/champ_description:/home/kentaro/mid360-simulation/install/champ_config:/opt/ros/humble LD_LIBRARY_PATH=/home/kentaro/mid360-simulation/install/champ_msgs/lib:/home/kentaro/mid360-simulation/install/ros2_livox_simulation/lib:/home/kentaro/mid360-simulation/install/livox_ros_driver2/lib:/home/kentaro/mid360-simulation/install/champ_base/lib:/usr/lib/x86_64-linux-gnu/gazebo-11/plugins:/opt/ros/humble/opt/rviz_ogre_vendor/lib:/opt/ros/humble/lib/x86_64-linux-gnu:/opt/ros/humble/lib /usr/bin/cmake --build /home/kentaro/mid360-simulation/build/champ_base -- -j8 -l8
[0.116s] Invoking command in '/home/kentaro/mid360-simulation/build/champ_base': CMAKE_PREFIX_PATH=/home/kentaro/mid360-simulation/install/champ_msgs:/home/kentaro/mid360-simulation/install/champ:/home/kentaro/mid360-simulation/install/ros2_livox_simulation:/home/kentaro/mid360-simulation/install/livox_ros_driver2:/home/kentaro/mid360-simulation/install/go2_description:/home/kentaro/mid360-simulation/install/go2_config:/home/kentaro/mid360-simulation/install/champ_teleop:/home/kentaro/mid360-simulation/install/champ_navigation:/home/kentaro/mid360-simulation/install/champ_gazebo:/home/kentaro/mid360-simulation/install/champ_bringup:/home/kentaro/mid360-simulation/install/champ_base:/home/kentaro/mid360-simulation/install/champ_description:/home/kentaro/mid360-simulation/install/champ_config:/opt/ros/humble LD_LIBRARY_PATH=/home/kentaro/mid360-simulation/install/champ_msgs/lib:/home/kentaro/mid360-simulation/install/ros2_livox_simulation/lib:/home/kentaro/mid360-simulation/install/livox_ros_driver2/lib:/home/kentaro/mid360-simulation/install/champ_base/lib:/usr/lib/x86_64-linux-gnu/gazebo-11/plugins:/opt/ros/humble/opt/rviz_ogre_vendor/lib:/opt/ros/humble/lib/x86_64-linux-gnu:/opt/ros/humble/lib /usr/bin/cmake --install /home/kentaro/mid360-simulation/build/champ_base
[0.124s] -- Install configuration: ""
[0.125s] -- Execute custom install script
[0.125s] -- Up-to-date symlink: /home/kentaro/mid360-simulation/install/champ_base/share/champ_base/config/ekf/base_to_footprint.yaml
[0.125s] -- Up-to-date symlink: /home/kentaro/mid360-simulation/install/champ_base/share/champ_base/config/ekf/footprint_to_odom.yaml
[0.125s] -- Up-to-date symlink: /home/kentaro/mid360-simulation/install/champ_base/share/champ_base/config/velocity_smoother/velocity_smoother.yaml
[0.125s] -- Up-to-date symlink: /home/kentaro/mid360-simulation/install/champ_base/lib/libquadruped_controller.so
[0.125s] -- Up-to-date symlink: /home/kentaro/mid360-simulation/install/champ_base/bin/quadruped_controller_node
[0.126s] -- Up-to-date symlink: /home/kentaro/mid360-simulation/install/champ_base/lib/libmessage_relay.so
[0.126s] -- Up-to-date symlink: /home/kentaro/mid360-simulation/install/champ_base/bin/message_relay_node
[0.126s] -- Up-to-date symlink: /home/kentaro/mid360-simulation/install/champ_base/lib/libstate_estimation.so
[0.126s] -- Up-to-date symlink: /home/kentaro/mid360-simulation/install/champ_base/bin/state_estimation_node
[0.126s] -- Up-to-date symlink: /home/kentaro/mid360-simulation/install/champ_base/lib/champ_base/quadruped_controller_node
[0.127s] -- Up-to-date symlink: /home/kentaro/mid360-simulation/install/champ_base/lib/champ_base/message_relay_node
[0.127s] -- Up-to-date symlink: /home/kentaro/mid360-simulation/install/champ_base/lib/champ_base/state_estimation_node
[0.127s] -- Up-to-date symlink: /home/kentaro/mid360-simulation/install/champ_base/share/ament_index/resource_index/package_run_dependencies/champ_base
[0.127s] -- Up-to-date symlink: /home/kentaro/mid360-simulation/install/champ_base/share/ament_index/resource_index/parent_prefix_path/champ_base
[0.127s] -- Up-to-date symlink: /home/kentaro/mid360-simulation/install/champ_base/share/champ_base/environment/ament_prefix_path.sh
[0.128s] -- Up-to-date symlink: /home/kentaro/mid360-simulation/install/champ_base/share/champ_base/environment/ament_prefix_path.dsv
[0.128s] -- Up-to-date symlink: /home/kentaro/mid360-simulation/install/champ_base/share/champ_base/environment/path.sh
[0.128s] -- Up-to-date symlink: /home/kentaro/mid360-simulation/install/champ_base/share/champ_base/environment/path.dsv
[0.128s] -- Up-to-date symlink: /home/kentaro/mid360-simulation/install/champ_base/share/champ_base/local_setup.bash
[0.128s] -- Up-to-date symlink: /home/kentaro/mid360-simulation/install/champ_base/share/champ_base/local_setup.sh
[0.129s] -- Up-to-date symlink: /home/kentaro/mid360-simulation/install/champ_base/share/champ_base/local_setup.zsh
[0.129s] -- Up-to-date symlink: /home/kentaro/mid360-simulation/install/champ_base/share/champ_base/local_setup.dsv
[0.129s] -- Symlinking: /home/kentaro/mid360-simulation/install/champ_base/share/champ_base/package.dsv
[0.139s] -- Up-to-date symlink: /home/kentaro/mid360-simulation/install/champ_base/share/ament_index/resource_index/packages/champ_base
[0.139s] -- Up-to-date symlink: /home/kentaro/mid360-simulation/install/champ_base/share/champ_base/cmake/ament_cmake_export_include_directories-extras.cmake
[0.139s] -- Up-to-date symlink: /home/kentaro/mid360-simulation/install/champ_base/share/champ_base/cmake/ament_cmake_export_dependencies-extras.cmake
[0.139s] -- Up-to-date symlink: /home/kentaro/mid360-simulation/install/champ_base/share/champ_base/cmake/champ_baseConfig.cmake
[0.139s] -- Up-to-date symlink: /home/kentaro/mid360-simulation/install/champ_base/share/champ_base/cmake/champ_baseConfig-version.cmake
[0.140s] -- Up-to-date symlink: /home/kentaro/mid360-simulation/install/champ_base/share/champ_base/package.xml
[0.156s] Invoked command in '/home/kentaro/mid360-simulation/build/champ_base' returned '0': CMAKE_PREFIX_PATH=/home/kentaro/mid360-simulation/install/champ_msgs:/home/kentaro/mid360-simulation/install/champ:/home/kentaro/mid360-simulation/install/ros2_livox_simulation:/home/kentaro/mid360-simulation/install/livox_ros_driver2:/home/kentaro/mid360-simulation/install/go2_description:/home/kentaro/mid360-simulation/install/go2_config:/home/kentaro/mid360-simulation/install/champ_teleop:/home/kentaro/mid360-simulation/install/champ_navigation:/home/kentaro/mid360-simulation/install/champ_gazebo:/home/kentaro/mid360-simulation/install/champ_bringup:/home/kentaro/mid360-simulation/install/champ_base:/home/kentaro/mid360-simulation/install/champ_description:/home/kentaro/mid360-simulation/install/champ_config:/opt/ros/humble LD_LIBRARY_PATH=/home/kentaro/mid360-simulation/install/champ_msgs/lib:/home/kentaro/mid360-simulation/install/ros2_livox_simulation/lib:/home/kentaro/mid360-simulation/install/livox_ros_driver2/lib:/home/kentaro/mid360-simulation/install/champ_base/lib:/usr/lib/x86_64-linux-gnu/gazebo-11/plugins:/opt/ros/humble/opt/rviz_ogre_vendor/lib:/opt/ros/humble/lib/x86_64-linux-gnu:/opt/ros/humble/lib /usr/bin/cmake --install /home/kentaro/mid360-simulation/build/champ_base
