[0.035s] Invoking command in '/home/kentaro/mid360-simulation/build/champ_teleop': CMAKE_PREFIX_PATH=/opt/ros/humble /usr/bin/cmake /home/kentaro/mid360-simulation/src/unitree-go2-ros2/champ_teleop -DAMENT_CMAKE_SYMLINK_INSTALL=1 -DCMAKE_INSTALL_PREFIX=/home/kentaro/mid360-simulation/install/champ_teleop
[0.438s] -- Found ament_cmake: 1.3.12 (/opt/ros/humble/share/ament_cmake/cmake)
[0.438s] -- Override CMake install command with custom implementation using symlinks instead of copying resources
[0.438s] -- Configuring done
[0.438s] -- Generating done
[0.440s] -- Build files have been written to: /home/kentaro/mid360-simulation/build/champ_teleop
[0.445s] Invoked command in '/home/kentaro/mid360-simulation/build/champ_teleop' returned '0': CMAKE_PREFIX_PATH=/opt/ros/humble /usr/bin/cmake /home/kentaro/mid360-simulation/src/unitree-go2-ros2/champ_teleop -DAMENT_CMAKE_SYMLINK_INSTALL=1 -DCMAKE_INSTALL_PREFIX=/home/kentaro/mid360-simulation/install/champ_teleop
[0.445s] Invoking command in '/home/kentaro/mid360-simulation/build/champ_teleop': CMAKE_PREFIX_PATH=/opt/ros/humble /usr/bin/cmake --build /home/kentaro/mid360-simulation/build/champ_teleop -- -j8 -l8
[0.504s] Invoked command in '/home/kentaro/mid360-simulation/build/champ_teleop' returned '0': CMAKE_PREFIX_PATH=/opt/ros/humble /usr/bin/cmake --build /home/kentaro/mid360-simulation/build/champ_teleop -- -j8 -l8
[0.507s] Invoking command in '/home/kentaro/mid360-simulation/build/champ_teleop': CMAKE_PREFIX_PATH=/opt/ros/humble /usr/bin/cmake --install /home/kentaro/mid360-simulation/build/champ_teleop
[0.517s] -- Install configuration: ""
[0.517s] -- Execute custom install script
[0.519s] -- Up-to-date symlink: /home/kentaro/mid360-simulation/install/champ_teleop/share/champ_teleop/launch/teleop.launch.py
[0.519s] -- Up-to-date symlink: /home/kentaro/mid360-simulation/install/champ_teleop/lib/champ_teleop/champ_teleop.py
[0.520s] -- Up-to-date symlink: /home/kentaro/mid360-simulation/install/champ_teleop/share/ament_index/resource_index/package_run_dependencies/champ_teleop
[0.520s] -- Up-to-date symlink: /home/kentaro/mid360-simulation/install/champ_teleop/share/ament_index/resource_index/parent_prefix_path/champ_teleop
[0.520s] -- Up-to-date symlink: /home/kentaro/mid360-simulation/install/champ_teleop/share/champ_teleop/environment/ament_prefix_path.sh
[0.524s] -- Up-to-date symlink: /home/kentaro/mid360-simulation/install/champ_teleop/share/champ_teleop/environment/ament_prefix_path.dsv
[0.524s] -- Up-to-date symlink: /home/kentaro/mid360-simulation/install/champ_teleop/share/champ_teleop/environment/path.sh
[0.524s] -- Up-to-date symlink: /home/kentaro/mid360-simulation/install/champ_teleop/share/champ_teleop/environment/path.dsv
[0.524s] -- Up-to-date symlink: /home/kentaro/mid360-simulation/install/champ_teleop/share/champ_teleop/local_setup.bash
[0.524s] -- Up-to-date symlink: /home/kentaro/mid360-simulation/install/champ_teleop/share/champ_teleop/local_setup.sh
[0.524s] -- Up-to-date symlink: /home/kentaro/mid360-simulation/install/champ_teleop/share/champ_teleop/local_setup.zsh
[0.524s] -- Up-to-date symlink: /home/kentaro/mid360-simulation/install/champ_teleop/share/champ_teleop/local_setup.dsv
[0.524s] -- Symlinking: /home/kentaro/mid360-simulation/install/champ_teleop/share/champ_teleop/package.dsv
[0.536s] -- Up-to-date symlink: /home/kentaro/mid360-simulation/install/champ_teleop/share/ament_index/resource_index/packages/champ_teleop
[0.537s] -- Up-to-date symlink: /home/kentaro/mid360-simulation/install/champ_teleop/share/champ_teleop/cmake/champ_teleopConfig.cmake
[0.541s] -- Up-to-date symlink: /home/kentaro/mid360-simulation/install/champ_teleop/share/champ_teleop/cmake/champ_teleopConfig-version.cmake
[0.542s] -- Up-to-date symlink: /home/kentaro/mid360-simulation/install/champ_teleop/share/champ_teleop/package.xml
[0.578s] Invoked command in '/home/kentaro/mid360-simulation/build/champ_teleop' returned '0': CMAKE_PREFIX_PATH=/opt/ros/humble /usr/bin/cmake --install /home/kentaro/mid360-simulation/build/champ_teleop
