[0.020s] Invoking command in '/home/kentaro/mid360-simulation/build/champ_base': CMAKE_PREFIX_PATH=/home/kentaro/mid360-simulation/install/champ_msgs:/home/kentaro/mid360-simulation/install/champ:/home/kentaro/mid360-simulation/install/go2_description:/home/kentaro/mid360-simulation/install/go2_config:/home/kentaro/mid360-simulation/install/champ_teleop:/home/kentaro/mid360-simulation/install/champ_navigation:/home/kentaro/mid360-simulation/install/champ_gazebo:/home/kentaro/mid360-simulation/install/champ_bringup:/home/kentaro/mid360-simulation/install/champ_base:/home/kentaro/mid360-simulation/install/champ_description:/home/kentaro/mid360-simulation/install/champ_config:/home/kentaro/mid360-simulation/install/ros2_livox_simulation:/home/kentaro/mid360-simulation/install/livox_ros_driver2:/home/kentaro/unitree-go2-ros2/install/go2_description:/home/kentaro/unitree-go2-ros2/install/go2_config:/home/kentaro/unitree-go2-ros2/install/champ_teleop:/home/kentaro/unitree-go2-ros2/install/champ_navigation:/home/kentaro/unitree-go2-ros2/install/champ_gazebo:/home/kentaro/unitree-go2-ros2/install/champ_bringup:/home/kentaro/unitree-go2-ros2/install/champ_base:/home/kentaro/unitree-go2-ros2/install/champ_msgs:/home/kentaro/unitree-go2-ros2/install/champ_description:/home/kentaro/unitree-go2-ros2/install/champ_config:/home/kentaro/unitree-go2-ros2/install/champ:/opt/ros/humble LD_LIBRARY_PATH=/home/kentaro/mid360-simulation/install/champ_msgs/lib:/home/kentaro/mid360-simulation/install/champ_base/lib:/home/kentaro/mid360-simulation/install/ros2_livox_simulation/lib:/home/kentaro/mid360-simulation/install/livox_ros_driver2/lib:/home/kentaro/unitree-go2-ros2/install/champ_base/lib:/home/kentaro/unitree-go2-ros2/install/champ_msgs/lib:/usr/lib/x86_64-linux-gnu/gazebo-11/plugins:/opt/ros/humble/opt/rviz_ogre_vendor/lib:/opt/ros/humble/lib/x86_64-linux-gnu:/opt/ros/humble/lib /usr/bin/cmake --build /home/kentaro/mid360-simulation/build/champ_base -- -j8 -l8
[0.061s] [35m[1mConsolidate compiler generated dependencies of target quadruped_controller[0m
[0.061s] [35m[1mConsolidate compiler generated dependencies of target state_estimation[0m
[0.062s] [35m[1mConsolidate compiler generated dependencies of target message_relay[0m
[0.079s] [ 16%] Built target state_estimation
[0.081s] [ 33%] Built target quadruped_controller
[0.084s] [ 50%] Built target message_relay
[0.089s] [35m[1mConsolidate compiler generated dependencies of target state_estimation_node[0m
[0.092s] [35m[1mConsolidate compiler generated dependencies of target quadruped_controller_node[0m
[0.100s] [35m[1mConsolidate compiler generated dependencies of target message_relay_node[0m
[0.107s] [ 66%] Built target state_estimation_node
[0.110s] [ 83%] Built target quadruped_controller_node
[0.123s] [100%] Built target message_relay_node
[0.135s] Invoked command in '/home/kentaro/mid360-simulation/build/champ_base' returned '0': CMAKE_PREFIX_PATH=/home/kentaro/mid360-simulation/install/champ_msgs:/home/kentaro/mid360-simulation/install/champ:/home/kentaro/mid360-simulation/install/go2_description:/home/kentaro/mid360-simulation/install/go2_config:/home/kentaro/mid360-simulation/install/champ_teleop:/home/kentaro/mid360-simulation/install/champ_navigation:/home/kentaro/mid360-simulation/install/champ_gazebo:/home/kentaro/mid360-simulation/install/champ_bringup:/home/kentaro/mid360-simulation/install/champ_base:/home/kentaro/mid360-simulation/install/champ_description:/home/kentaro/mid360-simulation/install/champ_config:/home/kentaro/mid360-simulation/install/ros2_livox_simulation:/home/kentaro/mid360-simulation/install/livox_ros_driver2:/home/kentaro/unitree-go2-ros2/install/go2_description:/home/kentaro/unitree-go2-ros2/install/go2_config:/home/kentaro/unitree-go2-ros2/install/champ_teleop:/home/kentaro/unitree-go2-ros2/install/champ_navigation:/home/kentaro/unitree-go2-ros2/install/champ_gazebo:/home/kentaro/unitree-go2-ros2/install/champ_bringup:/home/kentaro/unitree-go2-ros2/install/champ_base:/home/kentaro/unitree-go2-ros2/install/champ_msgs:/home/kentaro/unitree-go2-ros2/install/champ_description:/home/kentaro/unitree-go2-ros2/install/champ_config:/home/kentaro/unitree-go2-ros2/install/champ:/opt/ros/humble LD_LIBRARY_PATH=/home/kentaro/mid360-simulation/install/champ_msgs/lib:/home/kentaro/mid360-simulation/install/champ_base/lib:/home/kentaro/mid360-simulation/install/ros2_livox_simulation/lib:/home/kentaro/mid360-simulation/install/livox_ros_driver2/lib:/home/kentaro/unitree-go2-ros2/install/champ_base/lib:/home/kentaro/unitree-go2-ros2/install/champ_msgs/lib:/usr/lib/x86_64-linux-gnu/gazebo-11/plugins:/opt/ros/humble/opt/rviz_ogre_vendor/lib:/opt/ros/humble/lib/x86_64-linux-gnu:/opt/ros/humble/lib /usr/bin/cmake --build /home/kentaro/mid360-simulation/build/champ_base -- -j8 -l8
[0.138s] Invoking command in '/home/kentaro/mid360-simulation/build/champ_base': CMAKE_PREFIX_PATH=/home/kentaro/mid360-simulation/install/champ_msgs:/home/kentaro/mid360-simulation/install/champ:/home/kentaro/mid360-simulation/install/go2_description:/home/kentaro/mid360-simulation/install/go2_config:/home/kentaro/mid360-simulation/install/champ_teleop:/home/kentaro/mid360-simulation/install/champ_navigation:/home/kentaro/mid360-simulation/install/champ_gazebo:/home/kentaro/mid360-simulation/install/champ_bringup:/home/kentaro/mid360-simulation/install/champ_base:/home/kentaro/mid360-simulation/install/champ_description:/home/kentaro/mid360-simulation/install/champ_config:/home/kentaro/mid360-simulation/install/ros2_livox_simulation:/home/kentaro/mid360-simulation/install/livox_ros_driver2:/home/kentaro/unitree-go2-ros2/install/go2_description:/home/kentaro/unitree-go2-ros2/install/go2_config:/home/kentaro/unitree-go2-ros2/install/champ_teleop:/home/kentaro/unitree-go2-ros2/install/champ_navigation:/home/kentaro/unitree-go2-ros2/install/champ_gazebo:/home/kentaro/unitree-go2-ros2/install/champ_bringup:/home/kentaro/unitree-go2-ros2/install/champ_base:/home/kentaro/unitree-go2-ros2/install/champ_msgs:/home/kentaro/unitree-go2-ros2/install/champ_description:/home/kentaro/unitree-go2-ros2/install/champ_config:/home/kentaro/unitree-go2-ros2/install/champ:/opt/ros/humble LD_LIBRARY_PATH=/home/kentaro/mid360-simulation/install/champ_msgs/lib:/home/kentaro/mid360-simulation/install/champ_base/lib:/home/kentaro/mid360-simulation/install/ros2_livox_simulation/lib:/home/kentaro/mid360-simulation/install/livox_ros_driver2/lib:/home/kentaro/unitree-go2-ros2/install/champ_base/lib:/home/kentaro/unitree-go2-ros2/install/champ_msgs/lib:/usr/lib/x86_64-linux-gnu/gazebo-11/plugins:/opt/ros/humble/opt/rviz_ogre_vendor/lib:/opt/ros/humble/lib/x86_64-linux-gnu:/opt/ros/humble/lib /usr/bin/cmake --install /home/kentaro/mid360-simulation/build/champ_base
[0.145s] -- Install configuration: ""
[0.146s] -- Execute custom install script
[0.146s] -- Up-to-date symlink: /home/kentaro/mid360-simulation/install/champ_base/share/champ_base/config/ekf/base_to_footprint.yaml
[0.147s] -- Up-to-date symlink: /home/kentaro/mid360-simulation/install/champ_base/share/champ_base/config/ekf/footprint_to_odom.yaml
[0.147s] -- Up-to-date symlink: /home/kentaro/mid360-simulation/install/champ_base/share/champ_base/config/velocity_smoother/velocity_smoother.yaml
[0.147s] -- Up-to-date symlink: /home/kentaro/mid360-simulation/install/champ_base/lib/libquadruped_controller.so
[0.148s] -- Up-to-date symlink: /home/kentaro/mid360-simulation/install/champ_base/bin/quadruped_controller_node
[0.148s] -- Up-to-date symlink: /home/kentaro/mid360-simulation/install/champ_base/lib/libmessage_relay.so
[0.148s] -- Up-to-date symlink: /home/kentaro/mid360-simulation/install/champ_base/bin/message_relay_node
[0.148s] -- Up-to-date symlink: /home/kentaro/mid360-simulation/install/champ_base/lib/libstate_estimation.so
[0.148s] -- Up-to-date symlink: /home/kentaro/mid360-simulation/install/champ_base/bin/state_estimation_node
[0.149s] -- Up-to-date symlink: /home/kentaro/mid360-simulation/install/champ_base/lib/champ_base/quadruped_controller_node
[0.149s] -- Up-to-date symlink: /home/kentaro/mid360-simulation/install/champ_base/lib/champ_base/message_relay_node
[0.149s] -- Up-to-date symlink: /home/kentaro/mid360-simulation/install/champ_base/lib/champ_base/state_estimation_node
[0.150s] -- Up-to-date symlink: /home/kentaro/mid360-simulation/install/champ_base/share/ament_index/resource_index/package_run_dependencies/champ_base
[0.150s] -- Up-to-date symlink: /home/kentaro/mid360-simulation/install/champ_base/share/ament_index/resource_index/parent_prefix_path/champ_base
[0.151s] -- Up-to-date symlink: /home/kentaro/mid360-simulation/install/champ_base/share/champ_base/environment/ament_prefix_path.sh
[0.152s] -- Up-to-date symlink: /home/kentaro/mid360-simulation/install/champ_base/share/champ_base/environment/ament_prefix_path.dsv
[0.152s] -- Up-to-date symlink: /home/kentaro/mid360-simulation/install/champ_base/share/champ_base/environment/path.sh
[0.152s] -- Up-to-date symlink: /home/kentaro/mid360-simulation/install/champ_base/share/champ_base/environment/path.dsv
[0.152s] -- Up-to-date symlink: /home/kentaro/mid360-simulation/install/champ_base/share/champ_base/local_setup.bash
[0.152s] -- Up-to-date symlink: /home/kentaro/mid360-simulation/install/champ_base/share/champ_base/local_setup.sh
[0.152s] -- Up-to-date symlink: /home/kentaro/mid360-simulation/install/champ_base/share/champ_base/local_setup.zsh
[0.153s] -- Up-to-date symlink: /home/kentaro/mid360-simulation/install/champ_base/share/champ_base/local_setup.dsv
[0.153s] -- Symlinking: /home/kentaro/mid360-simulation/install/champ_base/share/champ_base/package.dsv
[0.164s] -- Up-to-date symlink: /home/kentaro/mid360-simulation/install/champ_base/share/ament_index/resource_index/packages/champ_base
[0.165s] -- Up-to-date symlink: /home/kentaro/mid360-simulation/install/champ_base/share/champ_base/cmake/ament_cmake_export_include_directories-extras.cmake
[0.165s] -- Up-to-date symlink: /home/kentaro/mid360-simulation/install/champ_base/share/champ_base/cmake/ament_cmake_export_dependencies-extras.cmake
[0.165s] -- Up-to-date symlink: /home/kentaro/mid360-simulation/install/champ_base/share/champ_base/cmake/champ_baseConfig.cmake
[0.165s] -- Up-to-date symlink: /home/kentaro/mid360-simulation/install/champ_base/share/champ_base/cmake/champ_baseConfig-version.cmake
[0.165s] -- Up-to-date symlink: /home/kentaro/mid360-simulation/install/champ_base/share/champ_base/package.xml
[0.195s] Invoked command in '/home/kentaro/mid360-simulation/build/champ_base' returned '0': CMAKE_PREFIX_PATH=/home/kentaro/mid360-simulation/install/champ_msgs:/home/kentaro/mid360-simulation/install/champ:/home/kentaro/mid360-simulation/install/go2_description:/home/kentaro/mid360-simulation/install/go2_config:/home/kentaro/mid360-simulation/install/champ_teleop:/home/kentaro/mid360-simulation/install/champ_navigation:/home/kentaro/mid360-simulation/install/champ_gazebo:/home/kentaro/mid360-simulation/install/champ_bringup:/home/kentaro/mid360-simulation/install/champ_base:/home/kentaro/mid360-simulation/install/champ_description:/home/kentaro/mid360-simulation/install/champ_config:/home/kentaro/mid360-simulation/install/ros2_livox_simulation:/home/kentaro/mid360-simulation/install/livox_ros_driver2:/home/kentaro/unitree-go2-ros2/install/go2_description:/home/kentaro/unitree-go2-ros2/install/go2_config:/home/kentaro/unitree-go2-ros2/install/champ_teleop:/home/kentaro/unitree-go2-ros2/install/champ_navigation:/home/kentaro/unitree-go2-ros2/install/champ_gazebo:/home/kentaro/unitree-go2-ros2/install/champ_bringup:/home/kentaro/unitree-go2-ros2/install/champ_base:/home/kentaro/unitree-go2-ros2/install/champ_msgs:/home/kentaro/unitree-go2-ros2/install/champ_description:/home/kentaro/unitree-go2-ros2/install/champ_config:/home/kentaro/unitree-go2-ros2/install/champ:/opt/ros/humble LD_LIBRARY_PATH=/home/kentaro/mid360-simulation/install/champ_msgs/lib:/home/kentaro/mid360-simulation/install/champ_base/lib:/home/kentaro/mid360-simulation/install/ros2_livox_simulation/lib:/home/kentaro/mid360-simulation/install/livox_ros_driver2/lib:/home/kentaro/unitree-go2-ros2/install/champ_base/lib:/home/kentaro/unitree-go2-ros2/install/champ_msgs/lib:/usr/lib/x86_64-linux-gnu/gazebo-11/plugins:/opt/ros/humble/opt/rviz_ogre_vendor/lib:/opt/ros/humble/lib/x86_64-linux-gnu:/opt/ros/humble/lib /usr/bin/cmake --install /home/kentaro/mid360-simulation/build/champ_base
