[0.032s] Invoking command in '/home/kentaro/mid360-simulation/build/champ_navigation': CMAKE_PREFIX_PATH=${CMAKE_PREFIX_PATH}:/opt/ros/humble /usr/bin/cmake --build /home/kentaro/mid360-simulation/build/champ_navigation -- -j8 -l8
[0.139s] Invoked command in '/home/kentaro/mid360-simulation/build/champ_navigation' returned '0': CMAKE_PREFIX_PATH=${CMAKE_PREFIX_PATH}:/opt/ros/humble /usr/bin/cmake --build /home/kentaro/mid360-simulation/build/champ_navigation -- -j8 -l8
[0.140s] Invoking command in '/home/kentaro/mid360-simulation/build/champ_navigation': CMAKE_PREFIX_PATH=${CMAKE_PREFIX_PATH}:/opt/ros/humble /usr/bin/cmake --install /home/kentaro/mid360-simulation/build/champ_navigation
[0.159s] -- Install configuration: ""
[0.160s] -- Execute custom install script
[0.160s] -- Up-to-date symlink: /home/kentaro/mid360-simulation/install/champ_navigation/share/champ_navigation/launch/navigate.launch.py
[0.160s] -- Up-to-date symlink: /home/kentaro/mid360-simulation/install/champ_navigation/share/champ_navigation/launch/slam.launch.py
[0.160s] -- Up-to-date symlink: /home/kentaro/mid360-simulation/install/champ_navigation/share/champ_navigation/rviz/navigation.rviz
[0.160s] -- Up-to-date symlink: /home/kentaro/mid360-simulation/install/champ_navigation/share/champ_navigation/rviz/navigation_minimal.rviz
[0.160s] -- Up-to-date symlink: /home/kentaro/mid360-simulation/install/champ_navigation/share/champ_navigation/rviz/slam.rviz
[0.160s] -- Up-to-date symlink: /home/kentaro/mid360-simulation/install/champ_navigation/share/ament_index/resource_index/package_run_dependencies/champ_navigation
[0.160s] -- Up-to-date symlink: /home/kentaro/mid360-simulation/install/champ_navigation/share/ament_index/resource_index/parent_prefix_path/champ_navigation
[0.160s] -- Up-to-date symlink: /home/kentaro/mid360-simulation/install/champ_navigation/share/champ_navigation/environment/ament_prefix_path.sh
[0.160s] -- Up-to-date symlink: /home/kentaro/mid360-simulation/install/champ_navigation/share/champ_navigation/environment/ament_prefix_path.dsv
[0.161s] -- Up-to-date symlink: /home/kentaro/mid360-simulation/install/champ_navigation/share/champ_navigation/environment/path.sh
[0.161s] -- Up-to-date symlink: /home/kentaro/mid360-simulation/install/champ_navigation/share/champ_navigation/environment/path.dsv
[0.161s] -- Up-to-date symlink: /home/kentaro/mid360-simulation/install/champ_navigation/share/champ_navigation/local_setup.bash
[0.161s] -- Up-to-date symlink: /home/kentaro/mid360-simulation/install/champ_navigation/share/champ_navigation/local_setup.sh
[0.161s] -- Up-to-date symlink: /home/kentaro/mid360-simulation/install/champ_navigation/share/champ_navigation/local_setup.zsh
[0.161s] -- Up-to-date symlink: /home/kentaro/mid360-simulation/install/champ_navigation/share/champ_navigation/local_setup.dsv
[0.175s] -- Symlinking: /home/kentaro/mid360-simulation/install/champ_navigation/share/champ_navigation/package.dsv
[0.187s] -- Up-to-date symlink: /home/kentaro/mid360-simulation/install/champ_navigation/share/ament_index/resource_index/packages/champ_navigation
[0.187s] -- Up-to-date symlink: /home/kentaro/mid360-simulation/install/champ_navigation/share/champ_navigation/cmake/champ_navigationConfig.cmake
[0.187s] -- Up-to-date symlink: /home/kentaro/mid360-simulation/install/champ_navigation/share/champ_navigation/cmake/champ_navigationConfig-version.cmake
[0.187s] -- Up-to-date symlink: /home/kentaro/mid360-simulation/install/champ_navigation/share/champ_navigation/package.xml
[0.292s] Invoked command in '/home/kentaro/mid360-simulation/build/champ_navigation' returned '0': CMAKE_PREFIX_PATH=${CMAKE_PREFIX_PATH}:/opt/ros/humble /usr/bin/cmake --install /home/kentaro/mid360-simulation/build/champ_navigation
