[0.192s] Invoking command in '/home/kentaro/mid360-simulation/build/champ_bringup': CMAKE_PREFIX_PATH=/home/kentaro/mid360-simulation/install/champ_base:/home/kentaro/mid360-simulation/install/champ_msgs:/home/kentaro/mid360-simulation/install/champ_description:/home/kentaro/mid360-simulation/install/champ:/home/kentaro/mid360-simulation/install/ros2_livox_simulation:/home/kentaro/mid360-simulation/install/livox_ros_driver2:/home/kentaro/mid360-simulation/install/go2_description:/home/kentaro/mid360-simulation/install/go2_config:/home/kentaro/mid360-simulation/install/champ_teleop:/home/kentaro/mid360-simulation/install/champ_navigation:/home/kentaro/mid360-simulation/install/champ_gazebo:/home/kentaro/mid360-simulation/install/champ_bringup:/home/kentaro/mid360-simulation/install/champ_config:/opt/ros/humble LD_LIBRARY_PATH=/home/kentaro/mid360-simulation/install/champ_base/lib:/home/kentaro/mid360-simulation/install/champ_msgs/lib:/home/kentaro/mid360-simulation/install/ros2_livox_simulation/lib:/home/kentaro/mid360-simulation/install/livox_ros_driver2/lib:/usr/lib/x86_64-linux-gnu/gazebo-11/plugins:/opt/ros/humble/opt/rviz_ogre_vendor/lib:/opt/ros/humble/lib/x86_64-linux-gnu:/opt/ros/humble/lib PATH=/home/kentaro/mid360-simulation/install/champ_base/bin:/home/kentaro/mid360-simulation/install/champ_gazebo/bin:/opt/ros/humble/bin:/home/kentaro/.local/bin:/usr/local/sbin:/usr/local/bin:/usr/sbin:/usr/bin:/sbin:/bin:/usr/games:/usr/local/games:/snap/bin:/snap/bin /usr/bin/cmake --build /home/kentaro/mid360-simulation/build/champ_bringup -- -j8 -l8
[0.384s] Built target ament_cmake_python_symlink_champ_bringup
[1.295s] running egg_info
[1.296s] writing champ_bringup.egg-info/PKG-INFO
[1.297s] writing dependency_links to champ_bringup.egg-info/dependency_links.txt
[1.297s] writing top-level names to champ_bringup.egg-info/top_level.txt
[1.303s] reading manifest file 'champ_bringup.egg-info/SOURCES.txt'
[1.305s] writing manifest file 'champ_bringup.egg-info/SOURCES.txt'
[1.377s] Built target ament_cmake_python_build_champ_bringup_egg
[1.407s] Invoked command in '/home/kentaro/mid360-simulation/build/champ_bringup' returned '0': CMAKE_PREFIX_PATH=/home/kentaro/mid360-simulation/install/champ_base:/home/kentaro/mid360-simulation/install/champ_msgs:/home/kentaro/mid360-simulation/install/champ_description:/home/kentaro/mid360-simulation/install/champ:/home/kentaro/mid360-simulation/install/ros2_livox_simulation:/home/kentaro/mid360-simulation/install/livox_ros_driver2:/home/kentaro/mid360-simulation/install/go2_description:/home/kentaro/mid360-simulation/install/go2_config:/home/kentaro/mid360-simulation/install/champ_teleop:/home/kentaro/mid360-simulation/install/champ_navigation:/home/kentaro/mid360-simulation/install/champ_gazebo:/home/kentaro/mid360-simulation/install/champ_bringup:/home/kentaro/mid360-simulation/install/champ_config:/opt/ros/humble LD_LIBRARY_PATH=/home/kentaro/mid360-simulation/install/champ_base/lib:/home/kentaro/mid360-simulation/install/champ_msgs/lib:/home/kentaro/mid360-simulation/install/ros2_livox_simulation/lib:/home/kentaro/mid360-simulation/install/livox_ros_driver2/lib:/usr/lib/x86_64-linux-gnu/gazebo-11/plugins:/opt/ros/humble/opt/rviz_ogre_vendor/lib:/opt/ros/humble/lib/x86_64-linux-gnu:/opt/ros/humble/lib PATH=/home/kentaro/mid360-simulation/install/champ_base/bin:/home/kentaro/mid360-simulation/install/champ_gazebo/bin:/opt/ros/humble/bin:/home/kentaro/.local/bin:/usr/local/sbin:/usr/local/bin:/usr/sbin:/usr/bin:/sbin:/bin:/usr/games:/usr/local/games:/snap/bin:/snap/bin /usr/bin/cmake --build /home/kentaro/mid360-simulation/build/champ_bringup -- -j8 -l8
[1.418s] Invoking command in '/home/kentaro/mid360-simulation/build/champ_bringup': CMAKE_PREFIX_PATH=/home/kentaro/mid360-simulation/install/champ_base:/home/kentaro/mid360-simulation/install/champ_msgs:/home/kentaro/mid360-simulation/install/champ_description:/home/kentaro/mid360-simulation/install/champ:/home/kentaro/mid360-simulation/install/ros2_livox_simulation:/home/kentaro/mid360-simulation/install/livox_ros_driver2:/home/kentaro/mid360-simulation/install/go2_description:/home/kentaro/mid360-simulation/install/go2_config:/home/kentaro/mid360-simulation/install/champ_teleop:/home/kentaro/mid360-simulation/install/champ_navigation:/home/kentaro/mid360-simulation/install/champ_gazebo:/home/kentaro/mid360-simulation/install/champ_bringup:/home/kentaro/mid360-simulation/install/champ_config:/opt/ros/humble LD_LIBRARY_PATH=/home/kentaro/mid360-simulation/install/champ_base/lib:/home/kentaro/mid360-simulation/install/champ_msgs/lib:/home/kentaro/mid360-simulation/install/ros2_livox_simulation/lib:/home/kentaro/mid360-simulation/install/livox_ros_driver2/lib:/usr/lib/x86_64-linux-gnu/gazebo-11/plugins:/opt/ros/humble/opt/rviz_ogre_vendor/lib:/opt/ros/humble/lib/x86_64-linux-gnu:/opt/ros/humble/lib PATH=/home/kentaro/mid360-simulation/install/champ_base/bin:/home/kentaro/mid360-simulation/install/champ_gazebo/bin:/opt/ros/humble/bin:/home/kentaro/.local/bin:/usr/local/sbin:/usr/local/bin:/usr/sbin:/usr/bin:/sbin:/bin:/usr/games:/usr/local/games:/snap/bin:/snap/bin /usr/bin/cmake --install /home/kentaro/mid360-simulation/build/champ_bringup
[1.433s] -- Install configuration: ""
[1.434s] -- Execute custom install script
[1.435s] -- Up-to-date symlink: /home/kentaro/mid360-simulation/install/champ_bringup/share/champ_bringup/launch/bringup.launch
[1.435s] -- Up-to-date symlink: /home/kentaro/mid360-simulation/install/champ_bringup/share/champ_bringup/launch/bringup.launch.py
[1.436s] -- Up-to-date symlink: /home/kentaro/mid360-simulation/install/champ_bringup/share/champ_bringup/launch/include/laser/d435.launch
[1.436s] -- Up-to-date symlink: /home/kentaro/mid360-simulation/install/champ_bringup/share/champ_bringup/launch/include/laser/hokuyo.launch
[1.436s] -- Up-to-date symlink: /home/kentaro/mid360-simulation/install/champ_bringup/share/champ_bringup/launch/include/laser/kinect.launch
[1.437s] -- Up-to-date symlink: /home/kentaro/mid360-simulation/install/champ_bringup/share/champ_bringup/launch/include/laser/lms1xx.launch
[1.437s] -- Up-to-date symlink: /home/kentaro/mid360-simulation/install/champ_bringup/share/champ_bringup/launch/include/laser/realsense.launch
[1.437s] -- Up-to-date symlink: /home/kentaro/mid360-simulation/install/champ_bringup/share/champ_bringup/launch/include/laser/rplidar.launch
[1.437s] -- Up-to-date symlink: /home/kentaro/mid360-simulation/install/champ_bringup/share/champ_bringup/launch/include/laser/sim.launch
[1.438s] -- Up-to-date symlink: /home/kentaro/mid360-simulation/install/champ_bringup/share/champ_bringup/launch/include/laser/sweep.launch
[1.438s] -- Up-to-date symlink: /home/kentaro/mid360-simulation/install/champ_bringup/share/champ_bringup/launch/include/laser/xv11.launch
[1.438s] -- Up-to-date symlink: /home/kentaro/mid360-simulation/install/champ_bringup/share/champ_bringup/launch/include/laser/ydlidar.launch
[1.438s] -- Up-to-date symlink: /home/kentaro/mid360-simulation/install/champ_bringup/share/champ_bringup/launch/include/velocity_smoother.launch
[1.439s] -- Up-to-date symlink: /home/kentaro/mid360-simulation/install/champ_bringup/share/champ_bringup/launch/joints_gui.launch
[1.439s] -- Up-to-date symlink: /home/kentaro/mid360-simulation/install/champ_bringup/share/champ_bringup/launch/joints_gui.launch.py
[1.439s] -- Up-to-date symlink: /home/kentaro/mid360-simulation/install/champ_bringup/share/champ_bringup/environment/pythonpath.sh
[1.439s] -- Up-to-date symlink: /home/kentaro/mid360-simulation/install/champ_bringup/share/champ_bringup/environment/pythonpath.dsv
[1.440s] -- Up-to-date symlink: /home/kentaro/mid360-simulation/install/champ_bringup/local/lib/python3.10/dist-packages/champ_bringup-0.1.0-py3.10.egg-info/PKG-INFO
[1.440s] -- Up-to-date symlink: /home/kentaro/mid360-simulation/install/champ_bringup/local/lib/python3.10/dist-packages/champ_bringup-0.1.0-py3.10.egg-info/SOURCES.txt
[1.440s] -- Up-to-date symlink: /home/kentaro/mid360-simulation/install/champ_bringup/local/lib/python3.10/dist-packages/champ_bringup-0.1.0-py3.10.egg-info/dependency_links.txt
[1.441s] -- Up-to-date symlink: /home/kentaro/mid360-simulation/install/champ_bringup/local/lib/python3.10/dist-packages/champ_bringup-0.1.0-py3.10.egg-info/top_level.txt
[1.441s] -- Up-to-date symlink: /home/kentaro/mid360-simulation/install/champ_bringup/local/lib/python3.10/dist-packages/champ_bringup/__init__.py
[1.442s] -- Up-to-date symlink: /home/kentaro/mid360-simulation/install/champ_bringup/local/lib/python3.10/dist-packages/champ_bringup/joint_calibrator_relay.py
[1.442s] -- Up-to-date symlink: /home/kentaro/mid360-simulation/install/champ_bringup/lib/champ_bringup/joint_calibrator_relay.py
[1.442s] -- Up-to-date symlink: /home/kentaro/mid360-simulation/install/champ_bringup/share/ament_index/resource_index/package_run_dependencies/champ_bringup
[1.443s] -- Up-to-date symlink: /home/kentaro/mid360-simulation/install/champ_bringup/share/ament_index/resource_index/parent_prefix_path/champ_bringup
[1.443s] -- Up-to-date symlink: /home/kentaro/mid360-simulation/install/champ_bringup/share/champ_bringup/environment/ament_prefix_path.sh
[1.443s] -- Up-to-date symlink: /home/kentaro/mid360-simulation/install/champ_bringup/share/champ_bringup/environment/ament_prefix_path.dsv
[1.444s] -- Up-to-date symlink: /home/kentaro/mid360-simulation/install/champ_bringup/share/champ_bringup/environment/path.sh
[1.444s] -- Up-to-date symlink: /home/kentaro/mid360-simulation/install/champ_bringup/share/champ_bringup/environment/path.dsv
[1.444s] -- Up-to-date symlink: /home/kentaro/mid360-simulation/install/champ_bringup/share/champ_bringup/local_setup.bash
[1.445s] -- Up-to-date symlink: /home/kentaro/mid360-simulation/install/champ_bringup/share/champ_bringup/local_setup.sh
[1.445s] -- Up-to-date symlink: /home/kentaro/mid360-simulation/install/champ_bringup/share/champ_bringup/local_setup.zsh
[1.445s] -- Up-to-date symlink: /home/kentaro/mid360-simulation/install/champ_bringup/share/champ_bringup/local_setup.dsv
[1.446s] -- Symlinking: /home/kentaro/mid360-simulation/install/champ_bringup/share/champ_bringup/package.dsv
[1.463s] -- Up-to-date symlink: /home/kentaro/mid360-simulation/install/champ_bringup/share/ament_index/resource_index/packages/champ_bringup
[1.463s] -- Up-to-date symlink: /home/kentaro/mid360-simulation/install/champ_bringup/share/champ_bringup/cmake/champ_bringupConfig.cmake
[1.464s] -- Up-to-date symlink: /home/kentaro/mid360-simulation/install/champ_bringup/share/champ_bringup/cmake/champ_bringupConfig-version.cmake
[1.464s] -- Up-to-date symlink: /home/kentaro/mid360-simulation/install/champ_bringup/share/champ_bringup/package.xml
[1.564s] Listing '/home/kentaro/mid360-simulation/install/champ_bringup/local/lib/python3.10/dist-packages/champ_bringup'...
[1.580s] Invoked command in '/home/kentaro/mid360-simulation/build/champ_bringup' returned '0': CMAKE_PREFIX_PATH=/home/kentaro/mid360-simulation/install/champ_base:/home/kentaro/mid360-simulation/install/champ_msgs:/home/kentaro/mid360-simulation/install/champ_description:/home/kentaro/mid360-simulation/install/champ:/home/kentaro/mid360-simulation/install/ros2_livox_simulation:/home/kentaro/mid360-simulation/install/livox_ros_driver2:/home/kentaro/mid360-simulation/install/go2_description:/home/kentaro/mid360-simulation/install/go2_config:/home/kentaro/mid360-simulation/install/champ_teleop:/home/kentaro/mid360-simulation/install/champ_navigation:/home/kentaro/mid360-simulation/install/champ_gazebo:/home/kentaro/mid360-simulation/install/champ_bringup:/home/kentaro/mid360-simulation/install/champ_config:/opt/ros/humble LD_LIBRARY_PATH=/home/kentaro/mid360-simulation/install/champ_base/lib:/home/kentaro/mid360-simulation/install/champ_msgs/lib:/home/kentaro/mid360-simulation/install/ros2_livox_simulation/lib:/home/kentaro/mid360-simulation/install/livox_ros_driver2/lib:/usr/lib/x86_64-linux-gnu/gazebo-11/plugins:/opt/ros/humble/opt/rviz_ogre_vendor/lib:/opt/ros/humble/lib/x86_64-linux-gnu:/opt/ros/humble/lib PATH=/home/kentaro/mid360-simulation/install/champ_base/bin:/home/kentaro/mid360-simulation/install/champ_gazebo/bin:/opt/ros/humble/bin:/home/kentaro/.local/bin:/usr/local/sbin:/usr/local/bin:/usr/sbin:/usr/bin:/sbin:/bin:/usr/games:/usr/local/games:/snap/bin:/snap/bin /usr/bin/cmake --install /home/kentaro/mid360-simulation/build/champ_bringup
