[0.016s] Invoking command in '/home/kentaro/mid360-simulation/build/champ_base': CMAKE_PREFIX_PATH=/home/kentaro/mid360-simulation/install/champ_msgs:/home/kentaro/mid360-simulation/install/champ:/home/kentaro/mid360-simulation/install/ros2_livox_simulation:/home/kentaro/mid360-simulation/install/livox_ros_driver2:/home/kentaro/mid360-simulation/install/go2_description:/home/kentaro/mid360-simulation/install/go2_config:/home/kentaro/mid360-simulation/install/champ_teleop:/home/kentaro/mid360-simulation/install/champ_navigation:/home/kentaro/mid360-simulation/install/champ_gazebo:/home/kentaro/mid360-simulation/install/champ_bringup:/home/kentaro/mid360-simulation/install/champ_base:/home/kentaro/mid360-simulation/install/champ_description:/home/kentaro/mid360-simulation/install/champ_config:/opt/ros/humble LD_LIBRARY_PATH=/home/kentaro/mid360-simulation/install/champ_msgs/lib:/home/kentaro/mid360-simulation/install/ros2_livox_simulation/lib:/home/kentaro/mid360-simulation/install/livox_ros_driver2/lib:/home/kentaro/mid360-simulation/install/champ_base/lib:/usr/lib/x86_64-linux-gnu/gazebo-11/plugins:/opt/ros/humble/opt/rviz_ogre_vendor/lib:/opt/ros/humble/lib/x86_64-linux-gnu:/opt/ros/humble/lib /usr/bin/cmake --build /home/kentaro/mid360-simulation/build/champ_base -- -j8 -l8
[0.068s] [ 33%] Built target state_estimation
[0.068s] [ 33%] Built target message_relay
[0.077s] [ 50%] Built target quadruped_controller
[0.094s] [ 66%] Built target message_relay_node
[0.096s] [ 83%] Built target state_estimation_node
[0.109s] [100%] Built target quadruped_controller_node
[0.122s] Invoked command in '/home/kentaro/mid360-simulation/build/champ_base' returned '0': CMAKE_PREFIX_PATH=/home/kentaro/mid360-simulation/install/champ_msgs:/home/kentaro/mid360-simulation/install/champ:/home/kentaro/mid360-simulation/install/ros2_livox_simulation:/home/kentaro/mid360-simulation/install/livox_ros_driver2:/home/kentaro/mid360-simulation/install/go2_description:/home/kentaro/mid360-simulation/install/go2_config:/home/kentaro/mid360-simulation/install/champ_teleop:/home/kentaro/mid360-simulation/install/champ_navigation:/home/kentaro/mid360-simulation/install/champ_gazebo:/home/kentaro/mid360-simulation/install/champ_bringup:/home/kentaro/mid360-simulation/install/champ_base:/home/kentaro/mid360-simulation/install/champ_description:/home/kentaro/mid360-simulation/install/champ_config:/opt/ros/humble LD_LIBRARY_PATH=/home/kentaro/mid360-simulation/install/champ_msgs/lib:/home/kentaro/mid360-simulation/install/ros2_livox_simulation/lib:/home/kentaro/mid360-simulation/install/livox_ros_driver2/lib:/home/kentaro/mid360-simulation/install/champ_base/lib:/usr/lib/x86_64-linux-gnu/gazebo-11/plugins:/opt/ros/humble/opt/rviz_ogre_vendor/lib:/opt/ros/humble/lib/x86_64-linux-gnu:/opt/ros/humble/lib /usr/bin/cmake --build /home/kentaro/mid360-simulation/build/champ_base -- -j8 -l8
[0.123s] Invoking command in '/home/kentaro/mid360-simulation/build/champ_base': CMAKE_PREFIX_PATH=/home/kentaro/mid360-simulation/install/champ_msgs:/home/kentaro/mid360-simulation/install/champ:/home/kentaro/mid360-simulation/install/ros2_livox_simulation:/home/kentaro/mid360-simulation/install/livox_ros_driver2:/home/kentaro/mid360-simulation/install/go2_description:/home/kentaro/mid360-simulation/install/go2_config:/home/kentaro/mid360-simulation/install/champ_teleop:/home/kentaro/mid360-simulation/install/champ_navigation:/home/kentaro/mid360-simulation/install/champ_gazebo:/home/kentaro/mid360-simulation/install/champ_bringup:/home/kentaro/mid360-simulation/install/champ_base:/home/kentaro/mid360-simulation/install/champ_description:/home/kentaro/mid360-simulation/install/champ_config:/opt/ros/humble LD_LIBRARY_PATH=/home/kentaro/mid360-simulation/install/champ_msgs/lib:/home/kentaro/mid360-simulation/install/ros2_livox_simulation/lib:/home/kentaro/mid360-simulation/install/livox_ros_driver2/lib:/home/kentaro/mid360-simulation/install/champ_base/lib:/usr/lib/x86_64-linux-gnu/gazebo-11/plugins:/opt/ros/humble/opt/rviz_ogre_vendor/lib:/opt/ros/humble/lib/x86_64-linux-gnu:/opt/ros/humble/lib /usr/bin/cmake --install /home/kentaro/mid360-simulation/build/champ_base
[0.130s] -- Install configuration: ""
[0.131s] -- Execute custom install script
[0.131s] -- Up-to-date symlink: /home/kentaro/mid360-simulation/install/champ_base/share/champ_base/config/ekf/base_to_footprint.yaml
[0.133s] -- Up-to-date symlink: /home/kentaro/mid360-simulation/install/champ_base/share/champ_base/config/ekf/footprint_to_odom.yaml
[0.133s] -- Up-to-date symlink: /home/kentaro/mid360-simulation/install/champ_base/share/champ_base/config/velocity_smoother/velocity_smoother.yaml
[0.134s] -- Up-to-date symlink: /home/kentaro/mid360-simulation/install/champ_base/lib/libquadruped_controller.so
[0.134s] -- Up-to-date symlink: /home/kentaro/mid360-simulation/install/champ_base/bin/quadruped_controller_node
[0.134s] -- Up-to-date symlink: /home/kentaro/mid360-simulation/install/champ_base/lib/libmessage_relay.so
[0.134s] -- Up-to-date symlink: /home/kentaro/mid360-simulation/install/champ_base/bin/message_relay_node
[0.134s] -- Up-to-date symlink: /home/kentaro/mid360-simulation/install/champ_base/lib/libstate_estimation.so
[0.134s] -- Up-to-date symlink: /home/kentaro/mid360-simulation/install/champ_base/bin/state_estimation_node
[0.134s] -- Up-to-date symlink: /home/kentaro/mid360-simulation/install/champ_base/lib/champ_base/quadruped_controller_node
[0.134s] -- Up-to-date symlink: /home/kentaro/mid360-simulation/install/champ_base/lib/champ_base/message_relay_node
[0.135s] -- Up-to-date symlink: /home/kentaro/mid360-simulation/install/champ_base/lib/champ_base/state_estimation_node
[0.135s] -- Up-to-date symlink: /home/kentaro/mid360-simulation/install/champ_base/share/ament_index/resource_index/package_run_dependencies/champ_base
[0.135s] -- Up-to-date symlink: /home/kentaro/mid360-simulation/install/champ_base/share/ament_index/resource_index/parent_prefix_path/champ_base
[0.135s] -- Up-to-date symlink: /home/kentaro/mid360-simulation/install/champ_base/share/champ_base/environment/ament_prefix_path.sh
[0.135s] -- Up-to-date symlink: /home/kentaro/mid360-simulation/install/champ_base/share/champ_base/environment/ament_prefix_path.dsv
[0.135s] -- Up-to-date symlink: /home/kentaro/mid360-simulation/install/champ_base/share/champ_base/environment/path.sh
[0.135s] -- Up-to-date symlink: /home/kentaro/mid360-simulation/install/champ_base/share/champ_base/environment/path.dsv
[0.136s] -- Up-to-date symlink: /home/kentaro/mid360-simulation/install/champ_base/share/champ_base/local_setup.bash
[0.136s] -- Up-to-date symlink: /home/kentaro/mid360-simulation/install/champ_base/share/champ_base/local_setup.sh
[0.136s] -- Up-to-date symlink: /home/kentaro/mid360-simulation/install/champ_base/share/champ_base/local_setup.zsh
[0.136s] -- Up-to-date symlink: /home/kentaro/mid360-simulation/install/champ_base/share/champ_base/local_setup.dsv
[0.136s] -- Symlinking: /home/kentaro/mid360-simulation/install/champ_base/share/champ_base/package.dsv
[0.144s] -- Up-to-date symlink: /home/kentaro/mid360-simulation/install/champ_base/share/ament_index/resource_index/packages/champ_base
[0.145s] -- Up-to-date symlink: /home/kentaro/mid360-simulation/install/champ_base/share/champ_base/cmake/ament_cmake_export_include_directories-extras.cmake
[0.145s] -- Up-to-date symlink: /home/kentaro/mid360-simulation/install/champ_base/share/champ_base/cmake/ament_cmake_export_dependencies-extras.cmake
[0.145s] -- Up-to-date symlink: /home/kentaro/mid360-simulation/install/champ_base/share/champ_base/cmake/champ_baseConfig.cmake
[0.145s] -- Up-to-date symlink: /home/kentaro/mid360-simulation/install/champ_base/share/champ_base/cmake/champ_baseConfig-version.cmake
[0.145s] -- Up-to-date symlink: /home/kentaro/mid360-simulation/install/champ_base/share/champ_base/package.xml
[0.171s] Invoked command in '/home/kentaro/mid360-simulation/build/champ_base' returned '0': CMAKE_PREFIX_PATH=/home/kentaro/mid360-simulation/install/champ_msgs:/home/kentaro/mid360-simulation/install/champ:/home/kentaro/mid360-simulation/install/ros2_livox_simulation:/home/kentaro/mid360-simulation/install/livox_ros_driver2:/home/kentaro/mid360-simulation/install/go2_description:/home/kentaro/mid360-simulation/install/go2_config:/home/kentaro/mid360-simulation/install/champ_teleop:/home/kentaro/mid360-simulation/install/champ_navigation:/home/kentaro/mid360-simulation/install/champ_gazebo:/home/kentaro/mid360-simulation/install/champ_bringup:/home/kentaro/mid360-simulation/install/champ_base:/home/kentaro/mid360-simulation/install/champ_description:/home/kentaro/mid360-simulation/install/champ_config:/opt/ros/humble LD_LIBRARY_PATH=/home/kentaro/mid360-simulation/install/champ_msgs/lib:/home/kentaro/mid360-simulation/install/ros2_livox_simulation/lib:/home/kentaro/mid360-simulation/install/livox_ros_driver2/lib:/home/kentaro/mid360-simulation/install/champ_base/lib:/usr/lib/x86_64-linux-gnu/gazebo-11/plugins:/opt/ros/humble/opt/rviz_ogre_vendor/lib:/opt/ros/humble/lib/x86_64-linux-gnu:/opt/ros/humble/lib /usr/bin/cmake --install /home/kentaro/mid360-simulation/build/champ_base
